[1.159s] Invoking command in '/home/rats/turtlebot3_ws/src/multicontrol': PYTHONPATH=/home/rats/turtlebot3_ws/build/multicontrol/prefix_override:/usr/lib/python3/dist-packages/colcon_core/task/python/colcon_distutils_commands:/home/rats/turtlebot3_ws/install/multicontrol/lib/python3.10/site-packages:${PYTHONPATH} /usr/bin/python3 -W ignore:setup.py install is deprecated -W ignore:easy_install command is deprecated setup.py egg_info --egg-base ../../build/multicontrol build --build-base /home/rats/turtlebot3_ws/build/multicontrol/build install --record /home/rats/turtlebot3_ws/build/multicontrol/install.log --single-version-externally-managed install_data
[1.406s] running egg_info
[1.406s] writing ../../build/multicontrol/multicontrol.egg-info/PKG-INFO
[1.406s] writing dependency_links to ../../build/multicontrol/multicontrol.egg-info/dependency_links.txt
[1.406s] writing entry points to ../../build/multicontrol/multicontrol.egg-info/entry_points.txt
[1.406s] writing requirements to ../../build/multicontrol/multicontrol.egg-info/requires.txt
[1.407s] writing top-level names to ../../build/multicontrol/multicontrol.egg-info/top_level.txt
[1.408s] reading manifest file '../../build/multicontrol/multicontrol.egg-info/SOURCES.txt'
[1.408s] adding license file 'LICENSE'
[1.409s] writing manifest file '../../build/multicontrol/multicontrol.egg-info/SOURCES.txt'
[1.409s] running build
[1.409s] running build_py
[1.409s] running install
[1.409s] running install_lib
[1.410s] running install_data
[1.410s] running install_egg_info
[1.412s] removing '/home/rats/turtlebot3_ws/install/multicontrol/lib/python3.10/site-packages/multicontrol-0.0.0-py3.10.egg-info' (and everything under it)
[1.412s] Copying ../../build/multicontrol/multicontrol.egg-info to /home/rats/turtlebot3_ws/install/multicontrol/lib/python3.10/site-packages/multicontrol-0.0.0-py3.10.egg-info
[1.413s] running install_scripts
[1.431s] Installing mynode script to /home/rats/turtlebot3_ws/install/multicontrol/lib/multicontrol
[1.431s] writing list of installed files to '/home/rats/turtlebot3_ws/build/multicontrol/install.log'
[1.451s] Invoked command in '/home/rats/turtlebot3_ws/src/multicontrol' returned '0': PYTHONPATH=/home/rats/turtlebot3_ws/build/multicontrol/prefix_override:/usr/lib/python3/dist-packages/colcon_core/task/python/colcon_distutils_commands:/home/rats/turtlebot3_ws/install/multicontrol/lib/python3.10/site-packages:${PYTHONPATH} /usr/bin/python3 -W ignore:setup.py install is deprecated -W ignore:easy_install command is deprecated setup.py egg_info --egg-base ../../build/multicontrol build --build-base /home/rats/turtlebot3_ws/build/multicontrol/build install --record /home/rats/turtlebot3_ws/build/multicontrol/install.log --single-version-externally-managed install_data
