[0.585s] Invoking command in '/home/rats/turtlebot3_ws/build/turtlebot3_example': CMAKE_PREFIX_PATH=/home/rats/turtlebot3_ws/install/turtlebot3_msgs:/home/rats/turtlebot3_ws/install/turtlebot3:/home/rats/turtlebot3_ws/install/turtlebot3_bringup:/home/rats/turtlebot3_ws/install/turtlebot3_node:/home/rats/turtlebot3_ws/install/turtlebot3_navigation2:/home/rats/turtlebot3_ws/install/turtlebot3_description:/home/rats/turtlebot3_ws/install/turtlebot3_cartographer:/home/rats/turtlebot3_ws/install/dynamixel_sdk_examples:/home/rats/turtlebot3_ws/install/dynamixel_sdk_custom_interfaces:/home/rats/turtlebot3_ws/install/dynamixel_sdk LD_LIBRARY_PATH=/home/rats/turtlebot3_ws/install/turtlebot3_msgs/lib:/home/rats/turtlebot3_ws/install/dynamixel_sdk_custom_interfaces/lib:/home/rats/turtlebot3_ws/install/dynamixel_sdk/lib:/usr/lib/x86_64-linux-gnu/gazebo-11/plugins:/opt/ros/humble/opt/rviz_ogre_vendor/lib:/opt/ros/humble/lib/x86_64-linux-gnu:/opt/ros/humble/lib:/usr/lib/x86_64-linux-gnu/gazebo-11/plugins PYTHONPATH=/home/rats/turtlebot3_ws/build/turtlebot3_example/prefix_override:/usr/lib/python3/dist-packages/colcon_core/task/python/colcon_distutils_commands:/home/rats/turtlebot3_ws/install/turtlebot3_example/lib/python3.10/site-packages:${PYTHONPATH} /usr/bin/python3 -W ignore:setup.py install is deprecated -W ignore:easy_install command is deprecated setup.py develop --uninstall --editable --build-directory /home/rats/turtlebot3_ws/build/turtlebot3_example/build
[0.955s] running develop
[1.272s] Removing /home/rats/turtlebot3_ws/install/turtlebot3_example/lib/python3.10/site-packages/turtlebot3-example.egg-link (link to .)
[1.323s] Invoked command in '/home/rats/turtlebot3_ws/build/turtlebot3_example' returned '0': CMAKE_PREFIX_PATH=/home/rats/turtlebot3_ws/install/turtlebot3_msgs:/home/rats/turtlebot3_ws/install/turtlebot3:/home/rats/turtlebot3_ws/install/turtlebot3_bringup:/home/rats/turtlebot3_ws/install/turtlebot3_node:/home/rats/turtlebot3_ws/install/turtlebot3_navigation2:/home/rats/turtlebot3_ws/install/turtlebot3_description:/home/rats/turtlebot3_ws/install/turtlebot3_cartographer:/home/rats/turtlebot3_ws/install/dynamixel_sdk_examples:/home/rats/turtlebot3_ws/install/dynamixel_sdk_custom_interfaces:/home/rats/turtlebot3_ws/install/dynamixel_sdk LD_LIBRARY_PATH=/home/rats/turtlebot3_ws/install/turtlebot3_msgs/lib:/home/rats/turtlebot3_ws/install/dynamixel_sdk_custom_interfaces/lib:/home/rats/turtlebot3_ws/install/dynamixel_sdk/lib:/usr/lib/x86_64-linux-gnu/gazebo-11/plugins:/opt/ros/humble/opt/rviz_ogre_vendor/lib:/opt/ros/humble/lib/x86_64-linux-gnu:/opt/ros/humble/lib:/usr/lib/x86_64-linux-gnu/gazebo-11/plugins PYTHONPATH=/home/rats/turtlebot3_ws/build/turtlebot3_example/prefix_override:/usr/lib/python3/dist-packages/colcon_core/task/python/colcon_distutils_commands:/home/rats/turtlebot3_ws/install/turtlebot3_example/lib/python3.10/site-packages:${PYTHONPATH} /usr/bin/python3 -W ignore:setup.py install is deprecated -W ignore:easy_install command is deprecated setup.py develop --uninstall --editable --build-directory /home/rats/turtlebot3_ws/build/turtlebot3_example/build
[1.323s] Invoking command in '/home/rats/turtlebot3_ws/src/turtlebot3/turtlebot3_example': CMAKE_PREFIX_PATH=/home/rats/turtlebot3_ws/install/turtlebot3_msgs:/home/rats/turtlebot3_ws/install/turtlebot3:/home/rats/turtlebot3_ws/install/turtlebot3_bringup:/home/rats/turtlebot3_ws/install/turtlebot3_node:/home/rats/turtlebot3_ws/install/turtlebot3_navigation2:/home/rats/turtlebot3_ws/install/turtlebot3_description:/home/rats/turtlebot3_ws/install/turtlebot3_cartographer:/home/rats/turtlebot3_ws/install/dynamixel_sdk_examples:/home/rats/turtlebot3_ws/install/dynamixel_sdk_custom_interfaces:/home/rats/turtlebot3_ws/install/dynamixel_sdk LD_LIBRARY_PATH=/home/rats/turtlebot3_ws/install/turtlebot3_msgs/lib:/home/rats/turtlebot3_ws/install/dynamixel_sdk_custom_interfaces/lib:/home/rats/turtlebot3_ws/install/dynamixel_sdk/lib:/usr/lib/x86_64-linux-gnu/gazebo-11/plugins:/opt/ros/humble/opt/rviz_ogre_vendor/lib:/opt/ros/humble/lib/x86_64-linux-gnu:/opt/ros/humble/lib:/usr/lib/x86_64-linux-gnu/gazebo-11/plugins PYTHONPATH=/home/rats/turtlebot3_ws/build/turtlebot3_example/prefix_override:/usr/lib/python3/dist-packages/colcon_core/task/python/colcon_distutils_commands:/home/rats/turtlebot3_ws/install/turtlebot3_example/lib/python3.10/site-packages:${PYTHONPATH} /usr/bin/python3 -W ignore:setup.py install is deprecated -W ignore:easy_install command is deprecated setup.py egg_info --egg-base ../../../build/turtlebot3_example build --build-base /home/rats/turtlebot3_ws/build/turtlebot3_example/build install --record /home/rats/turtlebot3_ws/build/turtlebot3_example/install.log --single-version-externally-managed install_data --force
[1.748s] running egg_info
[1.749s] writing ../../../build/turtlebot3_example/turtlebot3_example.egg-info/PKG-INFO
[1.750s] writing dependency_links to ../../../build/turtlebot3_example/turtlebot3_example.egg-info/dependency_links.txt
[1.750s] writing entry points to ../../../build/turtlebot3_example/turtlebot3_example.egg-info/entry_points.txt
[1.751s] writing requirements to ../../../build/turtlebot3_example/turtlebot3_example.egg-info/requires.txt
[1.751s] writing top-level names to ../../../build/turtlebot3_example/turtlebot3_example.egg-info/top_level.txt
[1.757s] reading manifest file '../../../build/turtlebot3_example/turtlebot3_example.egg-info/SOURCES.txt'
[1.760s] writing manifest file '../../../build/turtlebot3_example/turtlebot3_example.egg-info/SOURCES.txt'
[1.760s] running build
[1.760s] running build_py
[1.762s] creating /home/rats/turtlebot3_ws/build/turtlebot3_example/build
[1.762s] creating /home/rats/turtlebot3_ws/build/turtlebot3_example/build/lib
[1.762s] creating /home/rats/turtlebot3_ws/build/turtlebot3_example/build/lib/turtlebot3_example
[1.762s] copying turtlebot3_example/__init__.py -> /home/rats/turtlebot3_ws/build/turtlebot3_example/build/lib/turtlebot3_example
[1.762s] creating /home/rats/turtlebot3_ws/build/turtlebot3_example/build/lib/turtlebot3_example/turtlebot3_relative_move
[1.762s] copying turtlebot3_example/turtlebot3_relative_move/__init__.py -> /home/rats/turtlebot3_ws/build/turtlebot3_example/build/lib/turtlebot3_example/turtlebot3_relative_move
[1.763s] copying turtlebot3_example/turtlebot3_relative_move/turtlebot3_relative_move.py -> /home/rats/turtlebot3_ws/build/turtlebot3_example/build/lib/turtlebot3_example/turtlebot3_relative_move
[1.763s] creating /home/rats/turtlebot3_ws/build/turtlebot3_example/build/lib/turtlebot3_example/turtlebot3_patrol
[1.764s] copying turtlebot3_example/turtlebot3_patrol/__init__.py -> /home/rats/turtlebot3_ws/build/turtlebot3_example/build/lib/turtlebot3_example/turtlebot3_patrol
[1.764s] copying turtlebot3_example/turtlebot3_patrol/turtlebot3_patrol_server.py -> /home/rats/turtlebot3_ws/build/turtlebot3_example/build/lib/turtlebot3_example/turtlebot3_patrol
[1.765s] copying turtlebot3_example/turtlebot3_patrol/turtlebot3_patrol_client.py -> /home/rats/turtlebot3_ws/build/turtlebot3_example/build/lib/turtlebot3_example/turtlebot3_patrol
[1.766s] creating /home/rats/turtlebot3_ws/build/turtlebot3_example/build/lib/turtlebot3_example/turtlebot3_absolute_move
[1.766s] copying turtlebot3_example/turtlebot3_absolute_move/__init__.py -> /home/rats/turtlebot3_ws/build/turtlebot3_example/build/lib/turtlebot3_example/turtlebot3_absolute_move
[1.766s] copying turtlebot3_example/turtlebot3_absolute_move/turtlebot3_absolute_move.py -> /home/rats/turtlebot3_ws/build/turtlebot3_example/build/lib/turtlebot3_example/turtlebot3_absolute_move
[1.767s] creating /home/rats/turtlebot3_ws/build/turtlebot3_example/build/lib/turtlebot3_example/turtlebot3_obstacle_detection
[1.767s] copying turtlebot3_example/turtlebot3_obstacle_detection/__init__.py -> /home/rats/turtlebot3_ws/build/turtlebot3_example/build/lib/turtlebot3_example/turtlebot3_obstacle_detection
[1.767s] copying turtlebot3_example/turtlebot3_obstacle_detection/turtlebot3_obstacle_detection.py -> /home/rats/turtlebot3_ws/build/turtlebot3_example/build/lib/turtlebot3_example/turtlebot3_obstacle_detection
[1.768s] creating /home/rats/turtlebot3_ws/build/turtlebot3_example/build/lib/turtlebot3_example/turtlebot3_interactive_marker
[1.769s] copying turtlebot3_example/turtlebot3_interactive_marker/turtlebot3_interactive_marker.py -> /home/rats/turtlebot3_ws/build/turtlebot3_example/build/lib/turtlebot3_example/turtlebot3_interactive_marker
[1.769s] copying turtlebot3_example/turtlebot3_interactive_marker/__init__.py -> /home/rats/turtlebot3_ws/build/turtlebot3_example/build/lib/turtlebot3_example/turtlebot3_interactive_marker
[1.771s] running install
[1.771s] running install_lib
[1.772s] creating /home/rats/turtlebot3_ws/install/turtlebot3_example/lib/python3.10/site-packages/turtlebot3_example
[1.773s] creating /home/rats/turtlebot3_ws/install/turtlebot3_example/lib/python3.10/site-packages/turtlebot3_example/turtlebot3_relative_move
[1.773s] copying /home/rats/turtlebot3_ws/build/turtlebot3_example/build/lib/turtlebot3_example/turtlebot3_relative_move/__init__.py -> /home/rats/turtlebot3_ws/install/turtlebot3_example/lib/python3.10/site-packages/turtlebot3_example/turtlebot3_relative_move
[1.774s] copying /home/rats/turtlebot3_ws/build/turtlebot3_example/build/lib/turtlebot3_example/turtlebot3_relative_move/turtlebot3_relative_move.py -> /home/rats/turtlebot3_ws/install/turtlebot3_example/lib/python3.10/site-packages/turtlebot3_example/turtlebot3_relative_move
[1.774s] copying /home/rats/turtlebot3_ws/build/turtlebot3_example/build/lib/turtlebot3_example/__init__.py -> /home/rats/turtlebot3_ws/install/turtlebot3_example/lib/python3.10/site-packages/turtlebot3_example
[1.777s] creating /home/rats/turtlebot3_ws/install/turtlebot3_example/lib/python3.10/site-packages/turtlebot3_example/turtlebot3_patrol
[1.777s] copying /home/rats/turtlebot3_ws/build/turtlebot3_example/build/lib/turtlebot3_example/turtlebot3_patrol/__init__.py -> /home/rats/turtlebot3_ws/install/turtlebot3_example/lib/python3.10/site-packages/turtlebot3_example/turtlebot3_patrol
[1.777s] copying /home/rats/turtlebot3_ws/build/turtlebot3_example/build/lib/turtlebot3_example/turtlebot3_patrol/turtlebot3_patrol_server.py -> /home/rats/turtlebot3_ws/install/turtlebot3_example/lib/python3.10/site-packages/turtlebot3_example/turtlebot3_patrol
[1.777s] copying /home/rats/turtlebot3_ws/build/turtlebot3_example/build/lib/turtlebot3_example/turtlebot3_patrol/turtlebot3_patrol_client.py -> /home/rats/turtlebot3_ws/install/turtlebot3_example/lib/python3.10/site-packages/turtlebot3_example/turtlebot3_patrol
[1.777s] creating /home/rats/turtlebot3_ws/install/turtlebot3_example/lib/python3.10/site-packages/turtlebot3_example/turtlebot3_absolute_move
[1.777s] copying /home/rats/turtlebot3_ws/build/turtlebot3_example/build/lib/turtlebot3_example/turtlebot3_absolute_move/__init__.py -> /home/rats/turtlebot3_ws/install/turtlebot3_example/lib/python3.10/site-packages/turtlebot3_example/turtlebot3_absolute_move
[1.777s] copying /home/rats/turtlebot3_ws/build/turtlebot3_example/build/lib/turtlebot3_example/turtlebot3_absolute_move/turtlebot3_absolute_move.py -> /home/rats/turtlebot3_ws/install/turtlebot3_example/lib/python3.10/site-packages/turtlebot3_example/turtlebot3_absolute_move
[1.778s] creating /home/rats/turtlebot3_ws/install/turtlebot3_example/lib/python3.10/site-packages/turtlebot3_example/turtlebot3_obstacle_detection
[1.778s] copying /home/rats/turtlebot3_ws/build/turtlebot3_example/build/lib/turtlebot3_example/turtlebot3_obstacle_detection/__init__.py -> /home/rats/turtlebot3_ws/install/turtlebot3_example/lib/python3.10/site-packages/turtlebot3_example/turtlebot3_obstacle_detection
[1.778s] copying /home/rats/turtlebot3_ws/build/turtlebot3_example/build/lib/turtlebot3_example/turtlebot3_obstacle_detection/turtlebot3_obstacle_detection.py -> /home/rats/turtlebot3_ws/install/turtlebot3_example/lib/python3.10/site-packages/turtlebot3_example/turtlebot3_obstacle_detection
[1.778s] creating /home/rats/turtlebot3_ws/install/turtlebot3_example/lib/python3.10/site-packages/turtlebot3_example/turtlebot3_interactive_marker
[1.778s] copying /home/rats/turtlebot3_ws/build/turtlebot3_example/build/lib/turtlebot3_example/turtlebot3_interactive_marker/turtlebot3_interactive_marker.py -> /home/rats/turtlebot3_ws/install/turtlebot3_example/lib/python3.10/site-packages/turtlebot3_example/turtlebot3_interactive_marker
[1.778s] copying /home/rats/turtlebot3_ws/build/turtlebot3_example/build/lib/turtlebot3_example/turtlebot3_interactive_marker/__init__.py -> /home/rats/turtlebot3_ws/install/turtlebot3_example/lib/python3.10/site-packages/turtlebot3_example/turtlebot3_interactive_marker
[1.778s] byte-compiling /home/rats/turtlebot3_ws/install/turtlebot3_example/lib/python3.10/site-packages/turtlebot3_example/turtlebot3_relative_move/__init__.py to __init__.cpython-310.pyc
[1.779s] byte-compiling /home/rats/turtlebot3_ws/install/turtlebot3_example/lib/python3.10/site-packages/turtlebot3_example/turtlebot3_relative_move/turtlebot3_relative_move.py to turtlebot3_relative_move.cpython-310.pyc
[1.783s] byte-compiling /home/rats/turtlebot3_ws/install/turtlebot3_example/lib/python3.10/site-packages/turtlebot3_example/__init__.py to __init__.cpython-310.pyc
[1.783s] byte-compiling /home/rats/turtlebot3_ws/install/turtlebot3_example/lib/python3.10/site-packages/turtlebot3_example/turtlebot3_patrol/__init__.py to __init__.cpython-310.pyc
[1.783s] byte-compiling /home/rats/turtlebot3_ws/install/turtlebot3_example/lib/python3.10/site-packages/turtlebot3_example/turtlebot3_patrol/turtlebot3_patrol_server.py to turtlebot3_patrol_server.cpython-310.pyc
[1.783s] byte-compiling /home/rats/turtlebot3_ws/install/turtlebot3_example/lib/python3.10/site-packages/turtlebot3_example/turtlebot3_patrol/turtlebot3_patrol_client.py to turtlebot3_patrol_client.cpython-310.pyc
[1.784s] byte-compiling /home/rats/turtlebot3_ws/install/turtlebot3_example/lib/python3.10/site-packages/turtlebot3_example/turtlebot3_absolute_move/__init__.py to __init__.cpython-310.pyc
[1.785s] byte-compiling /home/rats/turtlebot3_ws/install/turtlebot3_example/lib/python3.10/site-packages/turtlebot3_example/turtlebot3_absolute_move/turtlebot3_absolute_move.py to turtlebot3_absolute_move.cpython-310.pyc
[1.787s] byte-compiling /home/rats/turtlebot3_ws/install/turtlebot3_example/lib/python3.10/site-packages/turtlebot3_example/turtlebot3_obstacle_detection/__init__.py to __init__.cpython-310.pyc
[1.787s] byte-compiling /home/rats/turtlebot3_ws/install/turtlebot3_example/lib/python3.10/site-packages/turtlebot3_example/turtlebot3_obstacle_detection/turtlebot3_obstacle_detection.py to turtlebot3_obstacle_detection.cpython-310.pyc
[1.788s] byte-compiling /home/rats/turtlebot3_ws/install/turtlebot3_example/lib/python3.10/site-packages/turtlebot3_example/turtlebot3_interactive_marker/turtlebot3_interactive_marker.py to turtlebot3_interactive_marker.cpython-310.pyc
[1.791s] byte-compiling /home/rats/turtlebot3_ws/install/turtlebot3_example/lib/python3.10/site-packages/turtlebot3_example/turtlebot3_interactive_marker/__init__.py to __init__.cpython-310.pyc
[1.791s] running install_data
[1.791s] copying resource/turtlebot3_example -> /home/rats/turtlebot3_ws/install/turtlebot3_example/share/ament_index/resource_index/packages
[1.793s] copying package.xml -> /home/rats/turtlebot3_ws/install/turtlebot3_example/share/turtlebot3_example
[1.793s] running install_egg_info
[1.797s] Copying ../../../build/turtlebot3_example/turtlebot3_example.egg-info to /home/rats/turtlebot3_ws/install/turtlebot3_example/lib/python3.10/site-packages/turtlebot3_example-2.3.3-py3.10.egg-info
[1.798s] running install_scripts
[1.840s] Installing turtlebot3_absolute_move script to /home/rats/turtlebot3_ws/install/turtlebot3_example/lib/turtlebot3_example
[1.840s] Installing turtlebot3_interactive_marker script to /home/rats/turtlebot3_ws/install/turtlebot3_example/lib/turtlebot3_example
[1.840s] Installing turtlebot3_obstacle_detection script to /home/rats/turtlebot3_ws/install/turtlebot3_example/lib/turtlebot3_example
[1.840s] Installing turtlebot3_patrol_client script to /home/rats/turtlebot3_ws/install/turtlebot3_example/lib/turtlebot3_example
[1.840s] Installing turtlebot3_patrol_server script to /home/rats/turtlebot3_ws/install/turtlebot3_example/lib/turtlebot3_example
[1.840s] Installing turtlebot3_relative_move script to /home/rats/turtlebot3_ws/install/turtlebot3_example/lib/turtlebot3_example
[1.840s] writing list of installed files to '/home/rats/turtlebot3_ws/build/turtlebot3_example/install.log'
[1.893s] Invoked command in '/home/rats/turtlebot3_ws/src/turtlebot3/turtlebot3_example' returned '0': CMAKE_PREFIX_PATH=/home/rats/turtlebot3_ws/install/turtlebot3_msgs:/home/rats/turtlebot3_ws/install/turtlebot3:/home/rats/turtlebot3_ws/install/turtlebot3_bringup:/home/rats/turtlebot3_ws/install/turtlebot3_node:/home/rats/turtlebot3_ws/install/turtlebot3_navigation2:/home/rats/turtlebot3_ws/install/turtlebot3_description:/home/rats/turtlebot3_ws/install/turtlebot3_cartographer:/home/rats/turtlebot3_ws/install/dynamixel_sdk_examples:/home/rats/turtlebot3_ws/install/dynamixel_sdk_custom_interfaces:/home/rats/turtlebot3_ws/install/dynamixel_sdk LD_LIBRARY_PATH=/home/rats/turtlebot3_ws/install/turtlebot3_msgs/lib:/home/rats/turtlebot3_ws/install/dynamixel_sdk_custom_interfaces/lib:/home/rats/turtlebot3_ws/install/dynamixel_sdk/lib:/usr/lib/x86_64-linux-gnu/gazebo-11/plugins:/opt/ros/humble/opt/rviz_ogre_vendor/lib:/opt/ros/humble/lib/x86_64-linux-gnu:/opt/ros/humble/lib:/usr/lib/x86_64-linux-gnu/gazebo-11/plugins PYTHONPATH=/home/rats/turtlebot3_ws/build/turtlebot3_example/prefix_override:/usr/lib/python3/dist-packages/colcon_core/task/python/colcon_distutils_commands:/home/rats/turtlebot3_ws/install/turtlebot3_example/lib/python3.10/site-packages:${PYTHONPATH} /usr/bin/python3 -W ignore:setup.py install is deprecated -W ignore:easy_install command is deprecated setup.py egg_info --egg-base ../../../build/turtlebot3_example build --build-base /home/rats/turtlebot3_ws/build/turtlebot3_example/build install --record /home/rats/turtlebot3_ws/build/turtlebot3_example/install.log --single-version-externally-managed install_data --force
