running egg_info
writing ../../../build/multicontrol/multicontrol.egg-info/PKG-INFO
writing dependency_links to ../../../build/multicontrol/multicontrol.egg-info/dependency_links.txt
writing entry points to ../../../build/multicontrol/multicontrol.egg-info/entry_points.txt
writing requirements to ../../../build/multicontrol/multicontrol.egg-info/requires.txt
writing top-level names to ../../../build/multicontrol/multicontrol.egg-info/top_level.txt
reading manifest file '../../../build/multicontrol/multicontrol.egg-info/SOURCES.txt'
adding license file 'LICENSE'
writing manifest file '../../../build/multicontrol/multicontrol.egg-info/SOURCES.txt'
running build
running build_py
copying multicontrol/__init__.py -> /home/robotics/desktop_ws/build/multicontrol/build/lib/multicontrol
copying multicontrol/mynode.py -> /home/robotics/desktop_ws/build/multicontrol/build/lib/multicontrol
running install
running install_lib
copying /home/robotics/desktop_ws/build/multicontrol/build/lib/multicontrol/__init__.py -> /home/robotics/desktop_ws/install/multicontrol/lib/python3.10/site-packages/multicontrol
copying /home/robotics/desktop_ws/build/multicontrol/build/lib/multicontrol/mynode.py -> /home/robotics/desktop_ws/install/multicontrol/lib/python3.10/site-packages/multicontrol
byte-compiling /home/robotics/desktop_ws/install/multicontrol/lib/python3.10/site-packages/multicontrol/__init__.py to __init__.cpython-310.pyc
byte-compiling /home/robotics/desktop_ws/install/multicontrol/lib/python3.10/site-packages/multicontrol/mynode.py to mynode.cpython-310.pyc
running install_data
copying resource/multicontrol -> /home/robotics/desktop_ws/install/multicontrol/share/ament_index/resource_index/packages
copying package.xml -> /home/robotics/desktop_ws/install/multicontrol/share/multicontrol
running install_egg_info
removing '/home/robotics/desktop_ws/install/multicontrol/lib/python3.10/site-packages/multicontrol-0.0.0-py3.10.egg-info' (and everything under it)
Copying ../../../build/multicontrol/multicontrol.egg-info to /home/robotics/desktop_ws/install/multicontrol/lib/python3.10/site-packages/multicontrol-0.0.0-py3.10.egg-info
running install_scripts
Installing mynode script to /home/robotics/desktop_ws/install/multicontrol/lib/multicontrol
writing list of installed files to '/home/robotics/desktop_ws/build/multicontrol/install.log'
