[0.133s] Invoking command in '/home/robotics/desktop_ws/build/turtlebot3_cartographer': CMAKE_PREFIX_PATH=${CMAKE_PREFIX_PATH}:/home/robotics/pi_ws/install/turtlebot3_teleop:/home/robotics/pi_ws/install/turtlebot3_example:/home/robotics/pi_ws/install/piSub:/home/robotics/desktop_ws/install/turtlebot3_teleop:/home/robotics/desktop_ws/install/turtlebot3_example:/home/robotics/desktop_ws/install/test_auto:/home/robotics/desktop_ws/install/multicontrol:/opt/ros/humble /usr/bin/cmake /home/robotics/desktop_ws/src/turtlebot3/turtlebot3_cartographer -DCMAKE_INSTALL_PREFIX=/home/robotics/desktop_ws/install/turtlebot3_cartographer
[0.954s] -- The C compiler identification is GNU 11.4.0
[1.546s] -- The CXX compiler identification is GNU 11.4.0
[1.675s] -- Detecting C compiler ABI info
[2.543s] -- Detecting C compiler ABI info - done
[2.575s] -- Check for working C compiler: /usr/bin/cc - skipped
[2.578s] -- Detecting C compile features
[2.581s] -- Detecting C compile features - done
[2.599s] -- Detecting CXX compiler ABI info
[3.447s] -- Detecting CXX compiler ABI info - done
[3.508s] -- Check for working CXX compiler: /usr/bin/c++ - skipped
[3.520s] -- Detecting CXX compile features
[3.524s] -- Detecting CXX compile features - done
[3.576s] -- Found ament_cmake: 1.3.12 (/opt/ros/humble/share/ament_cmake/cmake)
[5.603s] -- Found Python3: /usr/bin/python3 (found version "3.10.12") found components: Interpreter 
[7.597s] -- Configuring done
[7.616s] -- Generating done
[7.738s] -- Build files have been written to: /home/robotics/desktop_ws/build/turtlebot3_cartographer
[7.766s] Invoked command in '/home/robotics/desktop_ws/build/turtlebot3_cartographer' returned '0': CMAKE_PREFIX_PATH=${CMAKE_PREFIX_PATH}:/home/robotics/pi_ws/install/turtlebot3_teleop:/home/robotics/pi_ws/install/turtlebot3_example:/home/robotics/pi_ws/install/piSub:/home/robotics/desktop_ws/install/turtlebot3_teleop:/home/robotics/desktop_ws/install/turtlebot3_example:/home/robotics/desktop_ws/install/test_auto:/home/robotics/desktop_ws/install/multicontrol:/opt/ros/humble /usr/bin/cmake /home/robotics/desktop_ws/src/turtlebot3/turtlebot3_cartographer -DCMAKE_INSTALL_PREFIX=/home/robotics/desktop_ws/install/turtlebot3_cartographer
[7.768s] Invoking command in '/home/robotics/desktop_ws/build/turtlebot3_cartographer': CMAKE_PREFIX_PATH=${CMAKE_PREFIX_PATH}:/home/robotics/pi_ws/install/turtlebot3_teleop:/home/robotics/pi_ws/install/turtlebot3_example:/home/robotics/pi_ws/install/piSub:/home/robotics/desktop_ws/install/turtlebot3_teleop:/home/robotics/desktop_ws/install/turtlebot3_example:/home/robotics/desktop_ws/install/test_auto:/home/robotics/desktop_ws/install/multicontrol:/opt/ros/humble /usr/bin/cmake --build /home/robotics/desktop_ws/build/turtlebot3_cartographer -- -j4 -l4
[8.011s] Invoked command in '/home/robotics/desktop_ws/build/turtlebot3_cartographer' returned '0': CMAKE_PREFIX_PATH=${CMAKE_PREFIX_PATH}:/home/robotics/pi_ws/install/turtlebot3_teleop:/home/robotics/pi_ws/install/turtlebot3_example:/home/robotics/pi_ws/install/piSub:/home/robotics/desktop_ws/install/turtlebot3_teleop:/home/robotics/desktop_ws/install/turtlebot3_example:/home/robotics/desktop_ws/install/test_auto:/home/robotics/desktop_ws/install/multicontrol:/opt/ros/humble /usr/bin/cmake --build /home/robotics/desktop_ws/build/turtlebot3_cartographer -- -j4 -l4
[8.042s] Invoking command in '/home/robotics/desktop_ws/build/turtlebot3_cartographer': CMAKE_PREFIX_PATH=${CMAKE_PREFIX_PATH}:/home/robotics/pi_ws/install/turtlebot3_teleop:/home/robotics/pi_ws/install/turtlebot3_example:/home/robotics/pi_ws/install/piSub:/home/robotics/desktop_ws/install/turtlebot3_teleop:/home/robotics/desktop_ws/install/turtlebot3_example:/home/robotics/desktop_ws/install/test_auto:/home/robotics/desktop_ws/install/multicontrol:/opt/ros/humble /usr/bin/cmake --install /home/robotics/desktop_ws/build/turtlebot3_cartographer
[8.122s] -- Install configuration: ""
[8.122s] -- Installing: /home/robotics/desktop_ws/install/turtlebot3_cartographer/share/turtlebot3_cartographer/config
[8.134s] -- Installing: /home/robotics/desktop_ws/install/turtlebot3_cartographer/share/turtlebot3_cartographer/config/turtlebot3_lds_2d.lua
[8.139s] -- Installing: /home/robotics/desktop_ws/install/turtlebot3_cartographer/share/turtlebot3_cartographer/launch
[8.143s] -- Installing: /home/robotics/desktop_ws/install/turtlebot3_cartographer/share/turtlebot3_cartographer/launch/cartographer.launch.py
[8.145s] -- Installing: /home/robotics/desktop_ws/install/turtlebot3_cartographer/share/turtlebot3_cartographer/launch/occupancy_grid.launch.py
[8.147s] -- Installing: /home/robotics/desktop_ws/install/turtlebot3_cartographer/share/turtlebot3_cartographer/rviz
[8.150s] -- Installing: /home/robotics/desktop_ws/install/turtlebot3_cartographer/share/turtlebot3_cartographer/rviz/tb3_cartographer.rviz
[8.160s] -- Installing: /home/robotics/desktop_ws/install/turtlebot3_cartographer/share/ament_index/resource_index/package_run_dependencies/turtlebot3_cartographer
[8.169s] -- Installing: /home/robotics/desktop_ws/install/turtlebot3_cartographer/share/ament_index/resource_index/parent_prefix_path/turtlebot3_cartographer
[8.171s] -- Installing: /home/robotics/desktop_ws/install/turtlebot3_cartographer/share/turtlebot3_cartographer/environment/ament_prefix_path.sh
[8.174s] -- Installing: /home/robotics/desktop_ws/install/turtlebot3_cartographer/share/turtlebot3_cartographer/environment/ament_prefix_path.dsv
[8.177s] -- Installing: /home/robotics/desktop_ws/install/turtlebot3_cartographer/share/turtlebot3_cartographer/environment/path.sh
[8.190s] -- Installing: /home/robotics/desktop_ws/install/turtlebot3_cartographer/share/turtlebot3_cartographer/environment/path.dsv
[8.192s] -- Installing: /home/robotics/desktop_ws/install/turtlebot3_cartographer/share/turtlebot3_cartographer/local_setup.bash
[8.194s] -- Installing: /home/robotics/desktop_ws/install/turtlebot3_cartographer/share/turtlebot3_cartographer/local_setup.sh
[8.195s] -- Installing: /home/robotics/desktop_ws/install/turtlebot3_cartographer/share/turtlebot3_cartographer/local_setup.zsh
[8.197s] -- Installing: /home/robotics/desktop_ws/install/turtlebot3_cartographer/share/turtlebot3_cartographer/local_setup.dsv
[8.198s] -- Installing: /home/robotics/desktop_ws/install/turtlebot3_cartographer/share/turtlebot3_cartographer/package.dsv
[8.211s] -- Installing: /home/robotics/desktop_ws/install/turtlebot3_cartographer/share/ament_index/resource_index/packages/turtlebot3_cartographer
[8.214s] -- Installing: /home/robotics/desktop_ws/install/turtlebot3_cartographer/share/turtlebot3_cartographer/cmake/turtlebot3_cartographerConfig.cmake
[8.215s] -- Installing: /home/robotics/desktop_ws/install/turtlebot3_cartographer/share/turtlebot3_cartographer/cmake/turtlebot3_cartographerConfig-version.cmake
[8.232s] -- Installing: /home/robotics/desktop_ws/install/turtlebot3_cartographer/share/turtlebot3_cartographer/package.xml
[8.255s] Invoked command in '/home/robotics/desktop_ws/build/turtlebot3_cartographer' returned '0': CMAKE_PREFIX_PATH=${CMAKE_PREFIX_PATH}:/home/robotics/pi_ws/install/turtlebot3_teleop:/home/robotics/pi_ws/install/turtlebot3_example:/home/robotics/pi_ws/install/piSub:/home/robotics/desktop_ws/install/turtlebot3_teleop:/home/robotics/desktop_ws/install/turtlebot3_example:/home/robotics/desktop_ws/install/test_auto:/home/robotics/desktop_ws/install/multicontrol:/opt/ros/humble /usr/bin/cmake --install /home/robotics/desktop_ws/build/turtlebot3_cartographer
