running egg_info
writing ../../build/multicontrol/multicontrol.egg-info/PKG-INFO
writing dependency_links to ../../build/multicontrol/multicontrol.egg-info/dependency_links.txt
writing entry points to ../../build/multicontrol/multicontrol.egg-info/entry_points.txt
writing requirements to ../../build/multicontrol/multicontrol.egg-info/requires.txt
writing top-level names to ../../build/multicontrol/multicontrol.egg-info/top_level.txt
reading manifest file '../../build/multicontrol/multicontrol.egg-info/SOURCES.txt'
adding license file 'LICENSE'
writing manifest file '../../build/multicontrol/multicontrol.egg-info/SOURCES.txt'
running build
running build_py
running install
running install_lib
running install_data
running install_egg_info
removing '/home/rats/turtlebot3_ws/install/multicontrol/lib/python3.10/site-packages/multicontrol-0.0.0-py3.10.egg-info' (and everything under it)
Copying ../../build/multicontrol/multicontrol.egg-info to /home/rats/turtlebot3_ws/install/multicontrol/lib/python3.10/site-packages/multicontrol-0.0.0-py3.10.egg-info
running install_scripts
Installing mynode script to /home/rats/turtlebot3_ws/install/multicontrol/lib/multicontrol
writing list of installed files to '/home/rats/turtlebot3_ws/build/multicontrol/install.log'
