[1.524s] Invoking command in '/home/rats/turtlebot3_ws/build/turtlebot3_teleop': PYTHONPATH=/home/rats/turtlebot3_ws/build/turtlebot3_teleop/prefix_override:/usr/lib/python3/dist-packages/colcon_core/task/python/colcon_distutils_commands:/home/rats/turtlebot3_ws/install/turtlebot3_teleop/lib/python3.10/site-packages:${PYTHONPATH} /usr/bin/python3 -W ignore:setup.py install is deprecated -W ignore:easy_install command is deprecated setup.py develop --uninstall --editable --build-directory /home/rats/turtlebot3_ws/build/turtlebot3_teleop/build
[1.906s] running develop
[2.096s] Removing /home/rats/turtlebot3_ws/install/turtlebot3_teleop/lib/python3.10/site-packages/turtlebot3-teleop.egg-link (link to .)
[2.124s] Invoked command in '/home/rats/turtlebot3_ws/build/turtlebot3_teleop' returned '0': PYTHONPATH=/home/rats/turtlebot3_ws/build/turtlebot3_teleop/prefix_override:/usr/lib/python3/dist-packages/colcon_core/task/python/colcon_distutils_commands:/home/rats/turtlebot3_ws/install/turtlebot3_teleop/lib/python3.10/site-packages:${PYTHONPATH} /usr/bin/python3 -W ignore:setup.py install is deprecated -W ignore:easy_install command is deprecated setup.py develop --uninstall --editable --build-directory /home/rats/turtlebot3_ws/build/turtlebot3_teleop/build
[2.126s] Invoking command in '/home/rats/turtlebot3_ws/src/turtlebot3/turtlebot3_teleop': PYTHONPATH=/home/rats/turtlebot3_ws/build/turtlebot3_teleop/prefix_override:/usr/lib/python3/dist-packages/colcon_core/task/python/colcon_distutils_commands:/home/rats/turtlebot3_ws/install/turtlebot3_teleop/lib/python3.10/site-packages:${PYTHONPATH} /usr/bin/python3 -W ignore:setup.py install is deprecated -W ignore:easy_install command is deprecated setup.py egg_info --egg-base ../../../build/turtlebot3_teleop build --build-base /home/rats/turtlebot3_ws/build/turtlebot3_teleop/build install --record /home/rats/turtlebot3_ws/build/turtlebot3_teleop/install.log --single-version-externally-managed install_data --force
[2.384s] running egg_info
[2.385s] writing ../../../build/turtlebot3_teleop/turtlebot3_teleop.egg-info/PKG-INFO
[2.385s] writing dependency_links to ../../../build/turtlebot3_teleop/turtlebot3_teleop.egg-info/dependency_links.txt
[2.385s] writing entry points to ../../../build/turtlebot3_teleop/turtlebot3_teleop.egg-info/entry_points.txt
[2.385s] writing requirements to ../../../build/turtlebot3_teleop/turtlebot3_teleop.egg-info/requires.txt
[2.386s] writing top-level names to ../../../build/turtlebot3_teleop/turtlebot3_teleop.egg-info/top_level.txt
[2.388s] reading manifest file '../../../build/turtlebot3_teleop/turtlebot3_teleop.egg-info/SOURCES.txt'
[2.389s] writing manifest file '../../../build/turtlebot3_teleop/turtlebot3_teleop.egg-info/SOURCES.txt'
[2.389s] running build
[2.390s] running build_py
[2.391s] running install
[2.391s] running install_lib
[2.392s] creating /home/rats/turtlebot3_ws/install/turtlebot3_teleop/lib/python3.10/site-packages/turtlebot3_teleop
[2.392s] copying /home/rats/turtlebot3_ws/build/turtlebot3_teleop/build/lib/turtlebot3_teleop/__init__.py -> /home/rats/turtlebot3_ws/install/turtlebot3_teleop/lib/python3.10/site-packages/turtlebot3_teleop
[2.392s] copying /home/rats/turtlebot3_ws/build/turtlebot3_teleop/build/lib/turtlebot3_teleop/teleop_keyboard-old.py -> /home/rats/turtlebot3_ws/install/turtlebot3_teleop/lib/python3.10/site-packages/turtlebot3_teleop
[2.392s] copying /home/rats/turtlebot3_ws/build/turtlebot3_teleop/build/lib/turtlebot3_teleop/teleop_keyboard.py -> /home/rats/turtlebot3_ws/install/turtlebot3_teleop/lib/python3.10/site-packages/turtlebot3_teleop
[2.393s] creating /home/rats/turtlebot3_ws/install/turtlebot3_teleop/lib/python3.10/site-packages/turtlebot3_teleop/script
[2.393s] copying /home/rats/turtlebot3_ws/build/turtlebot3_teleop/build/lib/turtlebot3_teleop/script/__init__.py -> /home/rats/turtlebot3_ws/install/turtlebot3_teleop/lib/python3.10/site-packages/turtlebot3_teleop/script
[2.393s] copying /home/rats/turtlebot3_ws/build/turtlebot3_teleop/build/lib/turtlebot3_teleop/script/teleop_keyboard.py -> /home/rats/turtlebot3_ws/install/turtlebot3_teleop/lib/python3.10/site-packages/turtlebot3_teleop/script
[2.393s] copying /home/rats/turtlebot3_ws/build/turtlebot3_teleop/build/lib/turtlebot3_teleop/script/teleop_keyboard (copy).py -> /home/rats/turtlebot3_ws/install/turtlebot3_teleop/lib/python3.10/site-packages/turtlebot3_teleop/script
[2.394s] byte-compiling /home/rats/turtlebot3_ws/install/turtlebot3_teleop/lib/python3.10/site-packages/turtlebot3_teleop/__init__.py to __init__.cpython-310.pyc
[2.394s] byte-compiling /home/rats/turtlebot3_ws/install/turtlebot3_teleop/lib/python3.10/site-packages/turtlebot3_teleop/teleop_keyboard-old.py to teleop_keyboard-old.cpython-310.pyc
[2.395s] byte-compiling /home/rats/turtlebot3_ws/install/turtlebot3_teleop/lib/python3.10/site-packages/turtlebot3_teleop/teleop_keyboard.py to teleop_keyboard.cpython-310.pyc
[2.396s] byte-compiling /home/rats/turtlebot3_ws/install/turtlebot3_teleop/lib/python3.10/site-packages/turtlebot3_teleop/script/__init__.py to __init__.cpython-310.pyc
[2.396s] byte-compiling /home/rats/turtlebot3_ws/install/turtlebot3_teleop/lib/python3.10/site-packages/turtlebot3_teleop/script/teleop_keyboard.py to teleop_keyboard.cpython-310.pyc
[2.397s] byte-compiling /home/rats/turtlebot3_ws/install/turtlebot3_teleop/lib/python3.10/site-packages/turtlebot3_teleop/script/teleop_keyboard (copy).py to teleop_keyboard (copy).cpython-310.pyc
[2.399s] running install_data
[2.399s] copying resource/turtlebot3_teleop -> /home/rats/turtlebot3_ws/install/turtlebot3_teleop/share/ament_index/resource_index/packages
[2.399s] copying package.xml -> /home/rats/turtlebot3_ws/install/turtlebot3_teleop/share/turtlebot3_teleop
[2.399s] running install_egg_info
[2.402s] Copying ../../../build/turtlebot3_teleop/turtlebot3_teleop.egg-info to /home/rats/turtlebot3_ws/install/turtlebot3_teleop/lib/python3.10/site-packages/turtlebot3_teleop-2.3.3-py3.10.egg-info
[2.403s] running install_scripts
[2.423s] Installing teleop_keyboard script to /home/rats/turtlebot3_ws/install/turtlebot3_teleop/lib/turtlebot3_teleop
[2.423s] writing list of installed files to '/home/rats/turtlebot3_ws/build/turtlebot3_teleop/install.log'
[2.469s] Invoked command in '/home/rats/turtlebot3_ws/src/turtlebot3/turtlebot3_teleop' returned '0': PYTHONPATH=/home/rats/turtlebot3_ws/build/turtlebot3_teleop/prefix_override:/usr/lib/python3/dist-packages/colcon_core/task/python/colcon_distutils_commands:/home/rats/turtlebot3_ws/install/turtlebot3_teleop/lib/python3.10/site-packages:${PYTHONPATH} /usr/bin/python3 -W ignore:setup.py install is deprecated -W ignore:easy_install command is deprecated setup.py egg_info --egg-base ../../../build/turtlebot3_teleop build --build-base /home/rats/turtlebot3_ws/build/turtlebot3_teleop/build install --record /home/rats/turtlebot3_ws/build/turtlebot3_teleop/install.log --single-version-externally-managed install_data --force
