[1.451s] Invoking command in '/home/rats/turtlebot3_ws/build/turtlebot3_teleop': PYTHONPATH=/home/rats/turtlebot3_ws/build/turtlebot3_teleop/prefix_override:/usr/lib/python3/dist-packages/colcon_core/task/python/colcon_distutils_commands:/home/rats/turtlebot3_ws/install/turtlebot3_teleop/lib/python3.10/site-packages:${PYTHONPATH} /usr/bin/python3 -W ignore:setup.py install is deprecated -W ignore:easy_install command is deprecated setup.py develop --uninstall --editable --build-directory /home/rats/turtlebot3_ws/build/turtlebot3_teleop/build
[1.991s] running develop
[2.360s] Removing /home/rats/turtlebot3_ws/install/turtlebot3_teleop/lib/python3.10/site-packages/turtlebot3-teleop.egg-link (link to .)
[2.419s] Invoked command in '/home/rats/turtlebot3_ws/build/turtlebot3_teleop' returned '0': PYTHONPATH=/home/rats/turtlebot3_ws/build/turtlebot3_teleop/prefix_override:/usr/lib/python3/dist-packages/colcon_core/task/python/colcon_distutils_commands:/home/rats/turtlebot3_ws/install/turtlebot3_teleop/lib/python3.10/site-packages:${PYTHONPATH} /usr/bin/python3 -W ignore:setup.py install is deprecated -W ignore:easy_install command is deprecated setup.py develop --uninstall --editable --build-directory /home/rats/turtlebot3_ws/build/turtlebot3_teleop/build
[2.420s] Invoking command in '/home/rats/turtlebot3_ws/src/turtlebot3/turtlebot3_teleop': PYTHONPATH=/home/rats/turtlebot3_ws/build/turtlebot3_teleop/prefix_override:/usr/lib/python3/dist-packages/colcon_core/task/python/colcon_distutils_commands:/home/rats/turtlebot3_ws/install/turtlebot3_teleop/lib/python3.10/site-packages:${PYTHONPATH} /usr/bin/python3 -W ignore:setup.py install is deprecated -W ignore:easy_install command is deprecated setup.py egg_info --egg-base ../../../build/turtlebot3_teleop build --build-base /home/rats/turtlebot3_ws/build/turtlebot3_teleop/build install --record /home/rats/turtlebot3_ws/build/turtlebot3_teleop/install.log --single-version-externally-managed install_data --force
[2.893s] running egg_info
[2.894s] writing ../../../build/turtlebot3_teleop/turtlebot3_teleop.egg-info/PKG-INFO
[2.895s] writing dependency_links to ../../../build/turtlebot3_teleop/turtlebot3_teleop.egg-info/dependency_links.txt
[2.895s] writing entry points to ../../../build/turtlebot3_teleop/turtlebot3_teleop.egg-info/entry_points.txt
[2.896s] writing requirements to ../../../build/turtlebot3_teleop/turtlebot3_teleop.egg-info/requires.txt
[2.896s] writing top-level names to ../../../build/turtlebot3_teleop/turtlebot3_teleop.egg-info/top_level.txt
[2.902s] reading manifest file '../../../build/turtlebot3_teleop/turtlebot3_teleop.egg-info/SOURCES.txt'
[2.902s] writing manifest file '../../../build/turtlebot3_teleop/turtlebot3_teleop.egg-info/SOURCES.txt'
[2.902s] running build
[2.902s] running build_py
[2.904s] running install
[2.904s] running install_lib
[2.910s] creating /home/rats/turtlebot3_ws/install/turtlebot3_teleop/lib/python3.10/site-packages/turtlebot3_teleop
[2.910s] copying /home/rats/turtlebot3_ws/build/turtlebot3_teleop/build/lib/turtlebot3_teleop/__init__.py -> /home/rats/turtlebot3_ws/install/turtlebot3_teleop/lib/python3.10/site-packages/turtlebot3_teleop
[2.910s] copying /home/rats/turtlebot3_ws/build/turtlebot3_teleop/build/lib/turtlebot3_teleop/teleop_keyboard-old.py -> /home/rats/turtlebot3_ws/install/turtlebot3_teleop/lib/python3.10/site-packages/turtlebot3_teleop
[2.910s] copying /home/rats/turtlebot3_ws/build/turtlebot3_teleop/build/lib/turtlebot3_teleop/teleop_keyboard.py -> /home/rats/turtlebot3_ws/install/turtlebot3_teleop/lib/python3.10/site-packages/turtlebot3_teleop
[2.912s] creating /home/rats/turtlebot3_ws/install/turtlebot3_teleop/lib/python3.10/site-packages/turtlebot3_teleop/script
[2.912s] copying /home/rats/turtlebot3_ws/build/turtlebot3_teleop/build/lib/turtlebot3_teleop/script/__init__.py -> /home/rats/turtlebot3_ws/install/turtlebot3_teleop/lib/python3.10/site-packages/turtlebot3_teleop/script
[2.913s] copying /home/rats/turtlebot3_ws/build/turtlebot3_teleop/build/lib/turtlebot3_teleop/script/teleop_keyboard.py -> /home/rats/turtlebot3_ws/install/turtlebot3_teleop/lib/python3.10/site-packages/turtlebot3_teleop/script
[2.913s] copying /home/rats/turtlebot3_ws/build/turtlebot3_teleop/build/lib/turtlebot3_teleop/script/teleop_keyboard (copy).py -> /home/rats/turtlebot3_ws/install/turtlebot3_teleop/lib/python3.10/site-packages/turtlebot3_teleop/script
[2.913s] byte-compiling /home/rats/turtlebot3_ws/install/turtlebot3_teleop/lib/python3.10/site-packages/turtlebot3_teleop/__init__.py to __init__.cpython-310.pyc
[2.921s] byte-compiling /home/rats/turtlebot3_ws/install/turtlebot3_teleop/lib/python3.10/site-packages/turtlebot3_teleop/teleop_keyboard-old.py to teleop_keyboard-old.cpython-310.pyc
[2.921s] byte-compiling /home/rats/turtlebot3_ws/install/turtlebot3_teleop/lib/python3.10/site-packages/turtlebot3_teleop/teleop_keyboard.py to teleop_keyboard.cpython-310.pyc
[2.921s] byte-compiling /home/rats/turtlebot3_ws/install/turtlebot3_teleop/lib/python3.10/site-packages/turtlebot3_teleop/script/__init__.py to __init__.cpython-310.pyc
[2.928s] byte-compiling /home/rats/turtlebot3_ws/install/turtlebot3_teleop/lib/python3.10/site-packages/turtlebot3_teleop/script/teleop_keyboard.py to teleop_keyboard.cpython-310.pyc
[2.928s] byte-compiling /home/rats/turtlebot3_ws/install/turtlebot3_teleop/lib/python3.10/site-packages/turtlebot3_teleop/script/teleop_keyboard (copy).py to teleop_keyboard (copy).cpython-310.pyc
[2.928s] running install_data
[2.929s] copying resource/turtlebot3_teleop -> /home/rats/turtlebot3_ws/install/turtlebot3_teleop/share/ament_index/resource_index/packages
[2.933s] copying package.xml -> /home/rats/turtlebot3_ws/install/turtlebot3_teleop/share/turtlebot3_teleop
[2.934s] running install_egg_info
[2.940s] Copying ../../../build/turtlebot3_teleop/turtlebot3_teleop.egg-info to /home/rats/turtlebot3_ws/install/turtlebot3_teleop/lib/python3.10/site-packages/turtlebot3_teleop-2.3.3-py3.10.egg-info
[2.946s] running install_scripts
[3.012s] Installing teleop_keyboard script to /home/rats/turtlebot3_ws/install/turtlebot3_teleop/lib/turtlebot3_teleop
[3.015s] writing list of installed files to '/home/rats/turtlebot3_ws/build/turtlebot3_teleop/install.log'
[3.115s] Invoked command in '/home/rats/turtlebot3_ws/src/turtlebot3/turtlebot3_teleop' returned '0': PYTHONPATH=/home/rats/turtlebot3_ws/build/turtlebot3_teleop/prefix_override:/usr/lib/python3/dist-packages/colcon_core/task/python/colcon_distutils_commands:/home/rats/turtlebot3_ws/install/turtlebot3_teleop/lib/python3.10/site-packages:${PYTHONPATH} /usr/bin/python3 -W ignore:setup.py install is deprecated -W ignore:easy_install command is deprecated setup.py egg_info --egg-base ../../../build/turtlebot3_teleop build --build-base /home/rats/turtlebot3_ws/build/turtlebot3_teleop/build install --record /home/rats/turtlebot3_ws/build/turtlebot3_teleop/install.log --single-version-externally-managed install_data --force
