[0.679s] Invoking command in '/home/rats/turtlebot3_ws/src/multicontrol': PYTHONPATH=/home/rats/turtlebot3_ws/build/multicontrol/prefix_override:/usr/lib/python3/dist-packages/colcon_core/task/python/colcon_distutils_commands:/home/rats/turtlebot3_ws/install/multicontrol/lib/python3.10/site-packages:${PYTHONPATH} /usr/bin/python3 -W ignore:setup.py install is deprecated -W ignore:easy_install command is deprecated setup.py egg_info --egg-base ../../build/multicontrol build --build-base /home/rats/turtlebot3_ws/build/multicontrol/build install --record /home/rats/turtlebot3_ws/build/multicontrol/install.log --single-version-externally-managed install_data
[0.894s] running egg_info
[0.894s] writing ../../build/multicontrol/multicontrol.egg-info/PKG-INFO
[0.895s] writing dependency_links to ../../build/multicontrol/multicontrol.egg-info/dependency_links.txt
[0.895s] writing entry points to ../../build/multicontrol/multicontrol.egg-info/entry_points.txt
[0.895s] writing requirements to ../../build/multicontrol/multicontrol.egg-info/requires.txt
[0.895s] writing top-level names to ../../build/multicontrol/multicontrol.egg-info/top_level.txt
[0.897s] reading manifest file '../../build/multicontrol/multicontrol.egg-info/SOURCES.txt'
[0.897s] adding license file 'LICENSE'
[0.898s] writing manifest file '../../build/multicontrol/multicontrol.egg-info/SOURCES.txt'
[0.898s] running build
[0.898s] running build_py
[0.899s] copying multicontrol/mynode.py -> /home/rats/turtlebot3_ws/build/multicontrol/build/lib/multicontrol
[0.899s] running install
[0.899s] running install_lib
[0.901s] copying /home/rats/turtlebot3_ws/build/multicontrol/build/lib/multicontrol/mynode.py -> /home/rats/turtlebot3_ws/install/multicontrol/lib/python3.10/site-packages/multicontrol
[0.901s] byte-compiling /home/rats/turtlebot3_ws/install/multicontrol/lib/python3.10/site-packages/multicontrol/mynode.py to mynode.cpython-310.pyc
[0.902s] running install_data
[0.903s] running install_egg_info
[0.904s] removing '/home/rats/turtlebot3_ws/install/multicontrol/lib/python3.10/site-packages/multicontrol-0.0.0-py3.10.egg-info' (and everything under it)
[0.904s] Copying ../../build/multicontrol/multicontrol.egg-info to /home/rats/turtlebot3_ws/install/multicontrol/lib/python3.10/site-packages/multicontrol-0.0.0-py3.10.egg-info
[0.905s] running install_scripts
[0.922s] Installing mynode script to /home/rats/turtlebot3_ws/install/multicontrol/lib/multicontrol
[0.922s] writing list of installed files to '/home/rats/turtlebot3_ws/build/multicontrol/install.log'
[0.940s] Invoked command in '/home/rats/turtlebot3_ws/src/multicontrol' returned '0': PYTHONPATH=/home/rats/turtlebot3_ws/build/multicontrol/prefix_override:/usr/lib/python3/dist-packages/colcon_core/task/python/colcon_distutils_commands:/home/rats/turtlebot3_ws/install/multicontrol/lib/python3.10/site-packages:${PYTHONPATH} /usr/bin/python3 -W ignore:setup.py install is deprecated -W ignore:easy_install command is deprecated setup.py egg_info --egg-base ../../build/multicontrol build --build-base /home/rats/turtlebot3_ws/build/multicontrol/build install --record /home/rats/turtlebot3_ws/build/multicontrol/install.log --single-version-externally-managed install_data
