[0.050s] Invoking command in '/home/rats/turtlebot3_ws/build/turtlebot3_gazebo': CMAKE_PREFIX_PATH=${CMAKE_PREFIX_PATH}:/home/rats/turtlebot3_ws/install/turtlebot3_teleop:/home/rats/turtlebot3_ws/install/turtlebot3_example:/home/rats/turtlebot3_ws/install/test_auto:/home/rats/turtlebot3_ws/install/multicontrol:/opt/ros/humble /usr/bin/cmake /home/rats/turtlebot3_ws/src/turtlebot3_simulations/turtlebot3_gazebo -DCMAKE_INSTALL_PREFIX=/home/rats/turtlebot3_ws/install/turtlebot3_gazebo
[0.689s] -- Found ament_cmake: 1.3.12 (/opt/ros/humble/share/ament_cmake/cmake)
[0.689s] -- Override CMake install command with custom implementation using symlinks instead of copying resources
[0.689s] -- Found DART: /usr/include (Required is at least version "6.6") found components: dart 
[0.689s] -- Found Protobuf: /usr/lib/x86_64-linux-gnu/libprotobuf.so (found version "3.12.4") 
[0.689s] -- Looking for ignition-math6 -- found version 6.15.1
[0.690s] -- Searching for dependencies of ignition-math6
[0.690s] -- Looking for OGRE...
[0.690s] -- Found Ogre Ghadamon (1.9.0)
[0.690s] -- Found OGRE: optimized;/usr/lib/x86_64-linux-gnu/libOgreMain.so;debug;/usr/lib/x86_64-linux-gnu/libOgreMain.so
[0.691s] -- Looking for OGRE_Paging...
[0.691s] -- Found OGRE_Paging: optimized;/usr/lib/x86_64-linux-gnu/libOgrePaging.so;debug;/usr/lib/x86_64-linux-gnu/libOgrePaging.so
[0.691s] -- Looking for OGRE_Terrain...
[0.691s] -- Found OGRE_Terrain: optimized;/usr/lib/x86_64-linux-gnu/libOgreTerrain.so;debug;/usr/lib/x86_64-linux-gnu/libOgreTerrain.so
[0.691s] -- Looking for OGRE_Property...
[0.691s] -- Found OGRE_Property: optimized;/usr/lib/x86_64-linux-gnu/libOgreProperty.so;debug;/usr/lib/x86_64-linux-gnu/libOgreProperty.so
[0.691s] -- Looking for OGRE_RTShaderSystem...
[0.691s] -- Found OGRE_RTShaderSystem: optimized;/usr/lib/x86_64-linux-gnu/libOgreRTShaderSystem.so;debug;/usr/lib/x86_64-linux-gnu/libOgreRTShaderSystem.so
[0.691s] -- Looking for OGRE_Volume...
[0.691s] -- Found OGRE_Volume: optimized;/usr/lib/x86_64-linux-gnu/libOgreVolume.so;debug;/usr/lib/x86_64-linux-gnu/libOgreVolume.so
[0.691s] -- Looking for OGRE_Overlay...
[0.691s] -- Found OGRE_Overlay: optimized;/usr/lib/x86_64-linux-gnu/libOgreOverlay.so;debug;/usr/lib/x86_64-linux-gnu/libOgreOverlay.so
[0.691s] -- Looking for ignition-math6 -- found version 6.15.1
[0.691s] -- Looking for ignition-transport8 -- found version 8.2.1
[0.692s] -- Searching for dependencies of ignition-transport8
[0.692s] -- Found Protobuf: /usr/lib/x86_64-linux-gnu/libprotobuf.so (found suitable version "3.12.4", minimum required is "3") 
[0.692s] -- Config-file not installed for ZeroMQ -- checking for pkg-config
[0.692s] -- Checking for module 'libzmq >= 4'
[0.692s] --   Found libzmq , version 4.3.4
[0.692s] -- Checking for module 'uuid'
[0.692s] --   Found uuid, version 2.37.2
[0.692s] -- Looking for ignition-msgs5 -- found version 5.8.1
[0.692s] -- Searching for dependencies of ignition-msgs5
[0.692s] -- Looking for ignition-math6 -- found version 6.15.1
[0.692s] -- Checking for module 'tinyxml2'
[0.693s] [33mCMake Warning (dev) at /usr/share/cmake-3.22/Modules/FindPackageHandleStandardArgs.cmake:438 (message):
[0.693s]   The package name passed to `find_package_handle_standard_args` (PkgConfig)
[0.693s]   does not match the name of the calling package (gazebo).  This can lead to
[0.693s]   problems in calling code that expects `find_package` result variables
[0.693s]   (e.g., `_FOUND`) to follow a certain pattern.
[0.693s] Call Stack (most recent call first):
[0.693s]   /usr/share/cmake-3.22/Modules/FindPkgConfig.cmake:99 (find_package_handle_standard_args)
[0.693s]   /usr/lib/x86_64-linux-gnu/cmake/gazebo/gazebo-config.cmake:72 (include)
[0.693s]   CMakeLists.txt:23 (find_package)
[0.693s] This warning is for project developers.  Use -Wno-dev to suppress it.
[0.693s] [0m
[0.693s] --   Found tinyxml2, version 9.0.0
[0.722s] -- Looking for ignition-msgs5 -- found version 5.8.1
[0.723s] -- Looking for ignition-common3 -- found version 3.14.0
[0.724s] -- Searching for dependencies of ignition-common3
[0.724s] -- Looking for dlfcn.h - found
[0.724s] -- Looking for libdl - found
[0.739s] -- Searching for <ignition-common3> component [graphics]
[0.739s] -- Looking for ignition-common3-graphics -- found version 3.14.0
[0.740s] -- Searching for dependencies of ignition-common3-graphics
[0.741s] -- Looking for ignition-math6 -- found version 6.15.1
[0.742s] -- Looking for ignition-fuel_tools4 -- found version 4.4.0
[0.743s] -- Searching for dependencies of ignition-fuel_tools4
[0.791s] -- Checking for module 'jsoncpp'
[0.804s] --   Found jsoncpp, version 1.9.5
[0.845s] -- Checking for module 'libzip'
[0.860s] --   Found libzip, version 1.7.3
[0.892s] -- Looking for ignition-common3 -- found version 3.14.0
[0.892s] -- Looking for ignition-math6 -- found version 6.15.1
[0.893s] -- Looking for ignition-msgs5 -- found version 5.8.1
[0.894s] -- Found gazebo_ros_pkgs: 3.9.0 (/opt/ros/humble/share/gazebo_ros_pkgs/cmake)
[0.895s] -- Found geometry_msgs: 4.9.0 (/opt/ros/humble/share/geometry_msgs/cmake)
[0.913s] -- Found rosidl_generator_c: 3.1.7 (/opt/ros/humble/share/rosidl_generator_c/cmake)
[0.916s] -- Found rosidl_adapter: 3.1.7 (/opt/ros/humble/share/rosidl_adapter/cmake)
[0.924s] -- Found rosidl_generator_cpp: 3.1.7 (/opt/ros/humble/share/rosidl_generator_cpp/cmake)
[0.934s] -- Using all available rosidl_typesupport_c: rosidl_typesupport_fastrtps_c;rosidl_typesupport_introspection_c
[0.952s] -- Using all available rosidl_typesupport_cpp: rosidl_typesupport_fastrtps_cpp;rosidl_typesupport_introspection_cpp
[1.026s] -- Found nav_msgs: 4.9.0 (/opt/ros/humble/share/nav_msgs/cmake)
[1.054s] -- Found rclcpp: 16.0.14 (/opt/ros/humble/share/rclcpp/cmake)
[1.104s] -- Found rmw_implementation_cmake: 6.1.2 (/opt/ros/humble/share/rmw_implementation_cmake/cmake)
[1.110s] -- Found rmw_fastrtps_cpp: 6.2.8 (/opt/ros/humble/share/rmw_fastrtps_cpp/cmake)
[1.268s] -- Using RMW implementation 'rmw_fastrtps_cpp' as default
[1.332s] -- Found sensor_msgs: 4.9.0 (/opt/ros/humble/share/sensor_msgs/cmake)
[1.349s] -- Found tf2: 0.25.16 (/opt/ros/humble/share/tf2/cmake)
[1.497s] -- Configuring done
[1.631s] -- Generating done
[1.661s] -- Build files have been written to: /home/rats/turtlebot3_ws/build/turtlebot3_gazebo
[1.696s] Invoked command in '/home/rats/turtlebot3_ws/build/turtlebot3_gazebo' returned '0': CMAKE_PREFIX_PATH=${CMAKE_PREFIX_PATH}:/home/rats/turtlebot3_ws/install/turtlebot3_teleop:/home/rats/turtlebot3_ws/install/turtlebot3_example:/home/rats/turtlebot3_ws/install/test_auto:/home/rats/turtlebot3_ws/install/multicontrol:/opt/ros/humble /usr/bin/cmake /home/rats/turtlebot3_ws/src/turtlebot3_simulations/turtlebot3_gazebo -DCMAKE_INSTALL_PREFIX=/home/rats/turtlebot3_ws/install/turtlebot3_gazebo
[1.697s] Invoking command in '/home/rats/turtlebot3_ws/build/turtlebot3_gazebo': CMAKE_PREFIX_PATH=${CMAKE_PREFIX_PATH}:/home/rats/turtlebot3_ws/install/turtlebot3_teleop:/home/rats/turtlebot3_ws/install/turtlebot3_example:/home/rats/turtlebot3_ws/install/test_auto:/home/rats/turtlebot3_ws/install/multicontrol:/opt/ros/humble /usr/bin/cmake --build /home/rats/turtlebot3_ws/build/turtlebot3_gazebo -- -j12 -l12
[1.830s] [35m[1mConsolidate compiler generated dependencies of target turtlebot3_drive[0m
[1.831s] [35m[1mConsolidate compiler generated dependencies of target traffic_light_plugin[0m
[1.834s] [35m[1mConsolidate compiler generated dependencies of target obstacle1[0m
[1.835s] [35m[1mConsolidate compiler generated dependencies of target traffic_bar_plugin[0m
[1.835s] [35m[1mConsolidate compiler generated dependencies of target obstacle2[0m
[1.838s] [35m[1mConsolidate compiler generated dependencies of target obstacles[0m
[1.902s] [  8%] [32mBuilding CXX object CMakeFiles/turtlebot3_drive.dir/src/turtlebot3_drive.cpp.o[0m
[1.935s] [ 16%] [32mBuilding CXX object CMakeFiles/obstacle1.dir/src/obstacle1.cpp.o[0m
[1.948s] [ 33%] [32mBuilding CXX object CMakeFiles/traffic_light_plugin.dir/src/traffic_light_plugin.cpp.o[0m
[1.948s] [ 33%] [32mBuilding CXX object CMakeFiles/obstacles.dir/src/obstacles.cpp.o[0m
[1.948s] [ 41%] [32mBuilding CXX object CMakeFiles/traffic_bar_plugin.dir/src/traffic_bar_plugin.cpp.o[0m
[1.948s] [ 50%] [32mBuilding CXX object CMakeFiles/obstacle2.dir/src/obstacle2.cpp.o[0m
[27.425s] [ 58%] [32m[1mLinking CXX shared library libtraffic_light_plugin.so[0m
[28.065s] [ 58%] Built target traffic_light_plugin
[28.156s] [ 66%] [32m[1mLinking CXX executable turtlebot3_drive[0m
[28.213s] [ 75%] [32m[1mLinking CXX shared library libtraffic_bar_plugin.so[0m
[28.275s] [ 83%] [32m[1mLinking CXX shared library libobstacle2.so[0m
[28.517s] [ 91%] [32m[1mLinking CXX shared library libobstacle1.so[0m
[28.593s] [ 91%] Built target traffic_bar_plugin
[28.719s] [ 91%] Built target obstacle2
[28.818s] [100%] [32m[1mLinking CXX shared library libobstacles.so[0m
[28.869s] [100%] Built target obstacle1
[29.013s] [100%] Built target turtlebot3_drive
[29.096s] [100%] Built target obstacles
[29.109s] Invoked command in '/home/rats/turtlebot3_ws/build/turtlebot3_gazebo' returned '0': CMAKE_PREFIX_PATH=${CMAKE_PREFIX_PATH}:/home/rats/turtlebot3_ws/install/turtlebot3_teleop:/home/rats/turtlebot3_ws/install/turtlebot3_example:/home/rats/turtlebot3_ws/install/test_auto:/home/rats/turtlebot3_ws/install/multicontrol:/opt/ros/humble /usr/bin/cmake --build /home/rats/turtlebot3_ws/build/turtlebot3_gazebo -- -j12 -l12
[29.111s] Invoking command in '/home/rats/turtlebot3_ws/build/turtlebot3_gazebo': CMAKE_PREFIX_PATH=${CMAKE_PREFIX_PATH}:/home/rats/turtlebot3_ws/install/turtlebot3_teleop:/home/rats/turtlebot3_ws/install/turtlebot3_example:/home/rats/turtlebot3_ws/install/test_auto:/home/rats/turtlebot3_ws/install/multicontrol:/opt/ros/humble /usr/bin/cmake --install /home/rats/turtlebot3_ws/build/turtlebot3_gazebo
[29.119s] -- Install configuration: ""
[29.120s] -- Execute custom install script
[29.120s] -- Up-to-date symlink: /home/rats/turtlebot3_ws/install/turtlebot3_gazebo/lib/turtlebot3_gazebo/turtlebot3_drive
[29.121s] -- Up-to-date symlink: /home/rats/turtlebot3_ws/install/turtlebot3_gazebo/share/turtlebot3_gazebo//launch/empty_world.launch.py
[29.121s] -- Up-to-date symlink: /home/rats/turtlebot3_ws/install/turtlebot3_gazebo/share/turtlebot3_gazebo//launch/multi_robot.launch.py
[29.122s] -- Up-to-date symlink: /home/rats/turtlebot3_ws/install/turtlebot3_gazebo/share/turtlebot3_gazebo//launch/multi_spawn_turtlebot3.launch.py
[29.122s] -- Up-to-date symlink: /home/rats/turtlebot3_ws/install/turtlebot3_gazebo/share/turtlebot3_gazebo//launch/robot_state_publisher.launch.py
[29.122s] -- Up-to-date symlink: /home/rats/turtlebot3_ws/install/turtlebot3_gazebo/share/turtlebot3_gazebo//launch/spawn_turtlebot3.launch.py
[29.122s] -- Up-to-date symlink: /home/rats/turtlebot3_ws/install/turtlebot3_gazebo/share/turtlebot3_gazebo//launch/turtlebot3_autorace_2020.launch.py
[29.123s] -- Up-to-date symlink: /home/rats/turtlebot3_ws/install/turtlebot3_gazebo/share/turtlebot3_gazebo//launch/turtlebot3_dqn_stage1.launch.py
[29.123s] -- Up-to-date symlink: /home/rats/turtlebot3_ws/install/turtlebot3_gazebo/share/turtlebot3_gazebo//launch/turtlebot3_dqn_stage2.launch.py
[29.123s] -- Up-to-date symlink: /home/rats/turtlebot3_ws/install/turtlebot3_gazebo/share/turtlebot3_gazebo//launch/turtlebot3_dqn_stage3.launch.py
[29.123s] -- Up-to-date symlink: /home/rats/turtlebot3_ws/install/turtlebot3_gazebo/share/turtlebot3_gazebo//launch/turtlebot3_dqn_stage4.launch.py
[29.123s] -- Up-to-date symlink: /home/rats/turtlebot3_ws/install/turtlebot3_gazebo/share/turtlebot3_gazebo//launch/turtlebot3_house.launch.py
[29.124s] -- Up-to-date symlink: /home/rats/turtlebot3_ws/install/turtlebot3_gazebo/share/turtlebot3_gazebo//launch/turtlebot3_world.launch.py
[29.136s] -- Up-to-date symlink: /home/rats/turtlebot3_ws/install/turtlebot3_gazebo/share/turtlebot3_gazebo//models/turtlebot3_autorace_2020/checker/materials/checker.png
[29.136s] -- Up-to-date symlink: /home/rats/turtlebot3_ws/install/turtlebot3_gazebo/share/turtlebot3_gazebo//models/turtlebot3_autorace_2020/checker/materials/scripts/checker.material
[29.136s] -- Up-to-date symlink: /home/rats/turtlebot3_ws/install/turtlebot3_gazebo/share/turtlebot3_gazebo//models/turtlebot3_autorace_2020/checker/materials/textures/checker.png
[29.137s] -- Up-to-date symlink: /home/rats/turtlebot3_ws/install/turtlebot3_gazebo/share/turtlebot3_gazebo//models/turtlebot3_autorace_2020/checker/model.config
[29.137s] -- Up-to-date symlink: /home/rats/turtlebot3_ws/install/turtlebot3_gazebo/share/turtlebot3_gazebo//models/turtlebot3_autorace_2020/checker/model.sdf
[29.137s] -- Up-to-date symlink: /home/rats/turtlebot3_ws/install/turtlebot3_gazebo/share/turtlebot3_gazebo//models/turtlebot3_autorace_2020/course/materials/scripts/course.material
[29.137s] -- Up-to-date symlink: /home/rats/turtlebot3_ws/install/turtlebot3_gazebo/share/turtlebot3_gazebo//models/turtlebot3_autorace_2020/course/materials/textures/course.png
[29.138s] -- Up-to-date symlink: /home/rats/turtlebot3_ws/install/turtlebot3_gazebo/share/turtlebot3_gazebo//models/turtlebot3_autorace_2020/course/model.config
[29.138s] -- Up-to-date symlink: /home/rats/turtlebot3_ws/install/turtlebot3_gazebo/share/turtlebot3_gazebo//models/turtlebot3_autorace_2020/course/model.sdf
[29.138s] -- Up-to-date symlink: /home/rats/turtlebot3_ws/install/turtlebot3_gazebo/share/turtlebot3_gazebo//models/turtlebot3_autorace_2020/traffic_bar/materials/scripts/traffic_bar.material
[29.138s] -- Up-to-date symlink: /home/rats/turtlebot3_ws/install/turtlebot3_gazebo/share/turtlebot3_gazebo//models/turtlebot3_autorace_2020/traffic_bar/materials/textures/traffic_bar.png
[29.139s] -- Up-to-date symlink: /home/rats/turtlebot3_ws/install/turtlebot3_gazebo/share/turtlebot3_gazebo//models/turtlebot3_autorace_2020/traffic_bar/model.config
[29.139s] -- Up-to-date symlink: /home/rats/turtlebot3_ws/install/turtlebot3_gazebo/share/turtlebot3_gazebo//models/turtlebot3_autorace_2020/traffic_bar/model.sdf
[29.139s] -- Up-to-date symlink: /home/rats/turtlebot3_ws/install/turtlebot3_gazebo/share/turtlebot3_gazebo//models/turtlebot3_autorace_2020/traffic_construction/materials/scripts/traffic_construction.material
[29.140s] -- Up-to-date symlink: /home/rats/turtlebot3_ws/install/turtlebot3_gazebo/share/turtlebot3_gazebo//models/turtlebot3_autorace_2020/traffic_construction/materials/textures/traffic_construction.png
[29.140s] -- Up-to-date symlink: /home/rats/turtlebot3_ws/install/turtlebot3_gazebo/share/turtlebot3_gazebo//models/turtlebot3_autorace_2020/traffic_construction/model.config
[29.140s] -- Up-to-date symlink: /home/rats/turtlebot3_ws/install/turtlebot3_gazebo/share/turtlebot3_gazebo//models/turtlebot3_autorace_2020/traffic_construction/model.sdf
[29.140s] -- Up-to-date symlink: /home/rats/turtlebot3_ws/install/turtlebot3_gazebo/share/turtlebot3_gazebo//models/turtlebot3_autorace_2020/traffic_intersection/materials/scripts/traffic_intersection.material
[29.141s] -- Up-to-date symlink: /home/rats/turtlebot3_ws/install/turtlebot3_gazebo/share/turtlebot3_gazebo//models/turtlebot3_autorace_2020/traffic_intersection/materials/textures/traffic_intersection.png
[29.141s] -- Up-to-date symlink: /home/rats/turtlebot3_ws/install/turtlebot3_gazebo/share/turtlebot3_gazebo//models/turtlebot3_autorace_2020/traffic_intersection/model.config
[29.141s] -- Up-to-date symlink: /home/rats/turtlebot3_ws/install/turtlebot3_gazebo/share/turtlebot3_gazebo//models/turtlebot3_autorace_2020/traffic_intersection/model.sdf
[29.141s] -- Up-to-date symlink: /home/rats/turtlebot3_ws/install/turtlebot3_gazebo/share/turtlebot3_gazebo//models/turtlebot3_autorace_2020/traffic_left/materials/scripts/traffic_is_left.material
[29.142s] -- Up-to-date symlink: /home/rats/turtlebot3_ws/install/turtlebot3_gazebo/share/turtlebot3_gazebo//models/turtlebot3_autorace_2020/traffic_left/materials/textures/traffic_left.png
[29.142s] -- Up-to-date symlink: /home/rats/turtlebot3_ws/install/turtlebot3_gazebo/share/turtlebot3_gazebo//models/turtlebot3_autorace_2020/traffic_left/model.config
[29.142s] -- Up-to-date symlink: /home/rats/turtlebot3_ws/install/turtlebot3_gazebo/share/turtlebot3_gazebo//models/turtlebot3_autorace_2020/traffic_left/model.sdf
[29.142s] -- Up-to-date symlink: /home/rats/turtlebot3_ws/install/turtlebot3_gazebo/share/turtlebot3_gazebo//models/turtlebot3_autorace_2020/traffic_light/materials/scripts/traffic_light.material
[29.143s] -- Up-to-date symlink: /home/rats/turtlebot3_ws/install/turtlebot3_gazebo/share/turtlebot3_gazebo//models/turtlebot3_autorace_2020/traffic_light/materials/textures/traffic_light.png
[29.143s] -- Up-to-date symlink: /home/rats/turtlebot3_ws/install/turtlebot3_gazebo/share/turtlebot3_gazebo//models/turtlebot3_autorace_2020/traffic_light/materials/textures/traffic_light_green.png
[29.143s] -- Up-to-date symlink: /home/rats/turtlebot3_ws/install/turtlebot3_gazebo/share/turtlebot3_gazebo//models/turtlebot3_autorace_2020/traffic_light/materials/textures/traffic_light_red.png
[29.143s] -- Up-to-date symlink: /home/rats/turtlebot3_ws/install/turtlebot3_gazebo/share/turtlebot3_gazebo//models/turtlebot3_autorace_2020/traffic_light/materials/textures/traffic_light_yellow.png
[29.144s] -- Up-to-date symlink: /home/rats/turtlebot3_ws/install/turtlebot3_gazebo/share/turtlebot3_gazebo//models/turtlebot3_autorace_2020/traffic_light/model.config
[29.144s] -- Up-to-date symlink: /home/rats/turtlebot3_ws/install/turtlebot3_gazebo/share/turtlebot3_gazebo//models/turtlebot3_autorace_2020/traffic_light/model.sdf
[29.144s] -- Up-to-date symlink: /home/rats/turtlebot3_ws/install/turtlebot3_gazebo/share/turtlebot3_gazebo//models/turtlebot3_autorace_2020/traffic_noentry/materials/scripts/traffic_noentry.material
[29.144s] -- Up-to-date symlink: /home/rats/turtlebot3_ws/install/turtlebot3_gazebo/share/turtlebot3_gazebo//models/turtlebot3_autorace_2020/traffic_noentry/materials/textures/traffic_noentry.png
[29.145s] -- Up-to-date symlink: /home/rats/turtlebot3_ws/install/turtlebot3_gazebo/share/turtlebot3_gazebo//models/turtlebot3_autorace_2020/traffic_noentry/model.config
[29.145s] -- Up-to-date symlink: /home/rats/turtlebot3_ws/install/turtlebot3_gazebo/share/turtlebot3_gazebo//models/turtlebot3_autorace_2020/traffic_noentry/model.sdf
[29.145s] -- Up-to-date symlink: /home/rats/turtlebot3_ws/install/turtlebot3_gazebo/share/turtlebot3_gazebo//models/turtlebot3_autorace_2020/traffic_parking/materials/scripts/traffic_parking.material
[29.146s] -- Up-to-date symlink: /home/rats/turtlebot3_ws/install/turtlebot3_gazebo/share/turtlebot3_gazebo//models/turtlebot3_autorace_2020/traffic_parking/materials/textures/traffic_parking.png
[29.146s] -- Up-to-date symlink: /home/rats/turtlebot3_ws/install/turtlebot3_gazebo/share/turtlebot3_gazebo//models/turtlebot3_autorace_2020/traffic_parking/model.config
[29.146s] -- Up-to-date symlink: /home/rats/turtlebot3_ws/install/turtlebot3_gazebo/share/turtlebot3_gazebo//models/turtlebot3_autorace_2020/traffic_parking/model.sdf
[29.146s] -- Up-to-date symlink: /home/rats/turtlebot3_ws/install/turtlebot3_gazebo/share/turtlebot3_gazebo//models/turtlebot3_autorace_2020/traffic_pl_left/materials/scripts/traffic_pl_left.material
[29.147s] -- Up-to-date symlink: /home/rats/turtlebot3_ws/install/turtlebot3_gazebo/share/turtlebot3_gazebo//models/turtlebot3_autorace_2020/traffic_pl_left/materials/textures/traffic_pl_left.png
[29.147s] -- Up-to-date symlink: /home/rats/turtlebot3_ws/install/turtlebot3_gazebo/share/turtlebot3_gazebo//models/turtlebot3_autorace_2020/traffic_pl_left/model.config
[29.147s] -- Up-to-date symlink: /home/rats/turtlebot3_ws/install/turtlebot3_gazebo/share/turtlebot3_gazebo//models/turtlebot3_autorace_2020/traffic_pl_left/model.sdf
[29.147s] -- Up-to-date symlink: /home/rats/turtlebot3_ws/install/turtlebot3_gazebo/share/turtlebot3_gazebo//models/turtlebot3_autorace_2020/traffic_right/materials/scripts/traffic_right.material
[29.148s] -- Up-to-date symlink: /home/rats/turtlebot3_ws/install/turtlebot3_gazebo/share/turtlebot3_gazebo//models/turtlebot3_autorace_2020/traffic_right/materials/textures/traffic_right.png
[29.148s] -- Up-to-date symlink: /home/rats/turtlebot3_ws/install/turtlebot3_gazebo/share/turtlebot3_gazebo//models/turtlebot3_autorace_2020/traffic_right/model.config
[29.149s] -- Up-to-date symlink: /home/rats/turtlebot3_ws/install/turtlebot3_gazebo/share/turtlebot3_gazebo//models/turtlebot3_autorace_2020/traffic_right/model.sdf
[29.149s] -- Up-to-date symlink: /home/rats/turtlebot3_ws/install/turtlebot3_gazebo/share/turtlebot3_gazebo//models/turtlebot3_autorace_2020/traffic_stop/materials/scripts/traffic_stop.material
[29.149s] -- Up-to-date symlink: /home/rats/turtlebot3_ws/install/turtlebot3_gazebo/share/turtlebot3_gazebo//models/turtlebot3_autorace_2020/traffic_stop/materials/textures/traffic_stop.png
[29.150s] -- Up-to-date symlink: /home/rats/turtlebot3_ws/install/turtlebot3_gazebo/share/turtlebot3_gazebo//models/turtlebot3_autorace_2020/traffic_stop/model.config
[29.150s] -- Up-to-date symlink: /home/rats/turtlebot3_ws/install/turtlebot3_gazebo/share/turtlebot3_gazebo//models/turtlebot3_autorace_2020/traffic_stop/model.sdf
[29.150s] -- Up-to-date symlink: /home/rats/turtlebot3_ws/install/turtlebot3_gazebo/share/turtlebot3_gazebo//models/turtlebot3_autorace_2020/traffic_tunnel/materials/scripts/tunnel.material
[29.151s] -- Up-to-date symlink: /home/rats/turtlebot3_ws/install/turtlebot3_gazebo/share/turtlebot3_gazebo//models/turtlebot3_autorace_2020/traffic_tunnel/materials/textures/tunnel.png
[29.151s] -- Up-to-date symlink: /home/rats/turtlebot3_ws/install/turtlebot3_gazebo/share/turtlebot3_gazebo//models/turtlebot3_autorace_2020/traffic_tunnel/model.config
[29.151s] -- Up-to-date symlink: /home/rats/turtlebot3_ws/install/turtlebot3_gazebo/share/turtlebot3_gazebo//models/turtlebot3_autorace_2020/traffic_tunnel/model.sdf
[29.152s] -- Up-to-date symlink: /home/rats/turtlebot3_ws/install/turtlebot3_gazebo/share/turtlebot3_gazebo//models/turtlebot3_burger/model-1_4.sdf
[29.152s] -- Up-to-date symlink: /home/rats/turtlebot3_ws/install/turtlebot3_gazebo/share/turtlebot3_gazebo//models/turtlebot3_burger/model.config
[29.152s] -- Up-to-date symlink: /home/rats/turtlebot3_ws/install/turtlebot3_gazebo/share/turtlebot3_gazebo//models/turtlebot3_burger/model.sdf
[29.153s] -- Up-to-date symlink: /home/rats/turtlebot3_ws/install/turtlebot3_gazebo/share/turtlebot3_gazebo//models/turtlebot3_burger_cam/model-1_4.sdf
[29.153s] -- Up-to-date symlink: /home/rats/turtlebot3_ws/install/turtlebot3_gazebo/share/turtlebot3_gazebo//models/turtlebot3_burger_cam/model.config
[29.153s] -- Up-to-date symlink: /home/rats/turtlebot3_ws/install/turtlebot3_gazebo/share/turtlebot3_gazebo//models/turtlebot3_burger_cam/model.sdf
[29.154s] -- Up-to-date symlink: /home/rats/turtlebot3_ws/install/turtlebot3_gazebo/share/turtlebot3_gazebo//models/turtlebot3_common/meshes/bases/burger_base.stl
[29.154s] -- Up-to-date symlink: /home/rats/turtlebot3_ws/install/turtlebot3_gazebo/share/turtlebot3_gazebo//models/turtlebot3_common/meshes/bases/waffle_base.stl
[29.154s] -- Up-to-date symlink: /home/rats/turtlebot3_ws/install/turtlebot3_gazebo/share/turtlebot3_gazebo//models/turtlebot3_common/meshes/bases/waffle_pi_base.stl
[29.155s] -- Up-to-date symlink: /home/rats/turtlebot3_ws/install/turtlebot3_gazebo/share/turtlebot3_gazebo//models/turtlebot3_common/meshes/burger_base.dae
[29.155s] -- Up-to-date symlink: /home/rats/turtlebot3_ws/install/turtlebot3_gazebo/share/turtlebot3_gazebo//models/turtlebot3_common/meshes/lds.dae
[29.155s] -- Up-to-date symlink: /home/rats/turtlebot3_ws/install/turtlebot3_gazebo/share/turtlebot3_gazebo//models/turtlebot3_common/meshes/r200.dae
[29.156s] -- Up-to-date symlink: /home/rats/turtlebot3_ws/install/turtlebot3_gazebo/share/turtlebot3_gazebo//models/turtlebot3_common/meshes/sensors/astra.dae
[29.156s] -- Up-to-date symlink: /home/rats/turtlebot3_ws/install/turtlebot3_gazebo/share/turtlebot3_gazebo//models/turtlebot3_common/meshes/sensors/astra.jpg
[29.156s] -- Up-to-date symlink: /home/rats/turtlebot3_ws/install/turtlebot3_gazebo/share/turtlebot3_gazebo//models/turtlebot3_common/meshes/sensors/lds.stl
[29.156s] -- Up-to-date symlink: /home/rats/turtlebot3_ws/install/turtlebot3_gazebo/share/turtlebot3_gazebo//models/turtlebot3_common/meshes/sensors/r200.dae
[29.157s] -- Up-to-date symlink: /home/rats/turtlebot3_ws/install/turtlebot3_gazebo/share/turtlebot3_gazebo//models/turtlebot3_common/meshes/sensors/r200.jpg
[29.157s] -- Up-to-date symlink: /home/rats/turtlebot3_ws/install/turtlebot3_gazebo/share/turtlebot3_gazebo//models/turtlebot3_common/meshes/tire.dae
[29.158s] -- Up-to-date symlink: /home/rats/turtlebot3_ws/install/turtlebot3_gazebo/share/turtlebot3_gazebo//models/turtlebot3_common/meshes/waffle_base.dae
[29.158s] -- Up-to-date symlink: /home/rats/turtlebot3_ws/install/turtlebot3_gazebo/share/turtlebot3_gazebo//models/turtlebot3_common/meshes/waffle_pi_base.dae
[29.158s] -- Up-to-date symlink: /home/rats/turtlebot3_ws/install/turtlebot3_gazebo/share/turtlebot3_gazebo//models/turtlebot3_common/meshes/wheels/left_tire.stl
[29.159s] -- Up-to-date symlink: /home/rats/turtlebot3_ws/install/turtlebot3_gazebo/share/turtlebot3_gazebo//models/turtlebot3_common/meshes/wheels/right_tire.stl
[29.159s] -- Up-to-date symlink: /home/rats/turtlebot3_ws/install/turtlebot3_gazebo/share/turtlebot3_gazebo//models/turtlebot3_common/model.config
[29.159s] -- Up-to-date symlink: /home/rats/turtlebot3_ws/install/turtlebot3_gazebo/share/turtlebot3_gazebo//models/turtlebot3_dqn_world/goal_box/model.config
[29.159s] -- Up-to-date symlink: /home/rats/turtlebot3_ws/install/turtlebot3_gazebo/share/turtlebot3_gazebo//models/turtlebot3_dqn_world/goal_box/model.sdf
[29.160s] -- Up-to-date symlink: /home/rats/turtlebot3_ws/install/turtlebot3_gazebo/share/turtlebot3_gazebo//models/turtlebot3_dqn_world/inner_walls/model.config
[29.160s] -- Up-to-date symlink: /home/rats/turtlebot3_ws/install/turtlebot3_gazebo/share/turtlebot3_gazebo//models/turtlebot3_dqn_world/inner_walls/model.sdf
[29.160s] -- Up-to-date symlink: /home/rats/turtlebot3_ws/install/turtlebot3_gazebo/share/turtlebot3_gazebo//models/turtlebot3_dqn_world/model.config
[29.161s] -- Up-to-date symlink: /home/rats/turtlebot3_ws/install/turtlebot3_gazebo/share/turtlebot3_gazebo//models/turtlebot3_dqn_world/model.sdf
[29.161s] -- Up-to-date symlink: /home/rats/turtlebot3_ws/install/turtlebot3_gazebo/share/turtlebot3_gazebo//models/turtlebot3_dqn_world/obstacle1/model.config
[29.161s] -- Up-to-date symlink: /home/rats/turtlebot3_ws/install/turtlebot3_gazebo/share/turtlebot3_gazebo//models/turtlebot3_dqn_world/obstacle1/model.sdf
[29.161s] -- Up-to-date symlink: /home/rats/turtlebot3_ws/install/turtlebot3_gazebo/share/turtlebot3_gazebo//models/turtlebot3_dqn_world/obstacle2/model.config
[29.162s] -- Up-to-date symlink: /home/rats/turtlebot3_ws/install/turtlebot3_gazebo/share/turtlebot3_gazebo//models/turtlebot3_dqn_world/obstacle2/model.sdf
[29.162s] -- Up-to-date symlink: /home/rats/turtlebot3_ws/install/turtlebot3_gazebo/share/turtlebot3_gazebo//models/turtlebot3_dqn_world/obstacles/model.config
[29.162s] -- Up-to-date symlink: /home/rats/turtlebot3_ws/install/turtlebot3_gazebo/share/turtlebot3_gazebo//models/turtlebot3_dqn_world/obstacles/model.sdf
[29.163s] -- Up-to-date symlink: /home/rats/turtlebot3_ws/install/turtlebot3_gazebo/share/turtlebot3_gazebo//models/turtlebot3_house/model.config
[29.163s] -- Up-to-date symlink: /home/rats/turtlebot3_ws/install/turtlebot3_gazebo/share/turtlebot3_gazebo//models/turtlebot3_house/model.sdf
[29.163s] -- Up-to-date symlink: /home/rats/turtlebot3_ws/install/turtlebot3_gazebo/share/turtlebot3_gazebo//models/turtlebot3_waffle/model-1_4.sdf
[29.163s] -- Up-to-date symlink: /home/rats/turtlebot3_ws/install/turtlebot3_gazebo/share/turtlebot3_gazebo//models/turtlebot3_waffle/model.config
[29.164s] -- Up-to-date symlink: /home/rats/turtlebot3_ws/install/turtlebot3_gazebo/share/turtlebot3_gazebo//models/turtlebot3_waffle/model.sdf
[29.164s] -- Up-to-date symlink: /home/rats/turtlebot3_ws/install/turtlebot3_gazebo/share/turtlebot3_gazebo//models/turtlebot3_waffle_pi/model-1_4_.sdf
[29.164s] -- Up-to-date symlink: /home/rats/turtlebot3_ws/install/turtlebot3_gazebo/share/turtlebot3_gazebo//models/turtlebot3_waffle_pi/model.config
[29.164s] -- Up-to-date symlink: /home/rats/turtlebot3_ws/install/turtlebot3_gazebo/share/turtlebot3_gazebo//models/turtlebot3_waffle_pi/model.sdf
[29.165s] -- Up-to-date symlink: /home/rats/turtlebot3_ws/install/turtlebot3_gazebo/share/turtlebot3_gazebo//models/turtlebot3_world/meshes/hexagon.dae
[29.165s] -- Up-to-date symlink: /home/rats/turtlebot3_ws/install/turtlebot3_gazebo/share/turtlebot3_gazebo//models/turtlebot3_world/meshes/wall.dae
[29.165s] -- Up-to-date symlink: /home/rats/turtlebot3_ws/install/turtlebot3_gazebo/share/turtlebot3_gazebo//models/turtlebot3_world/model-1_4.sdf
[29.166s] -- Up-to-date symlink: /home/rats/turtlebot3_ws/install/turtlebot3_gazebo/share/turtlebot3_gazebo//models/turtlebot3_world/model.config
[29.166s] -- Up-to-date symlink: /home/rats/turtlebot3_ws/install/turtlebot3_gazebo/share/turtlebot3_gazebo//models/turtlebot3_world/model.sdf
[29.166s] -- Up-to-date symlink: /home/rats/turtlebot3_ws/install/turtlebot3_gazebo/share/turtlebot3_gazebo//rviz/tb3_gazebo.rviz
[29.167s] -- Up-to-date symlink: /home/rats/turtlebot3_ws/install/turtlebot3_gazebo/share/turtlebot3_gazebo//urdf/common_properties.urdf
[29.167s] -- Up-to-date symlink: /home/rats/turtlebot3_ws/install/turtlebot3_gazebo/share/turtlebot3_gazebo//urdf/turtlebot3_burger.urdf
[29.167s] -- Up-to-date symlink: /home/rats/turtlebot3_ws/install/turtlebot3_gazebo/share/turtlebot3_gazebo//urdf/turtlebot3_burger_cam.urdf
[29.168s] -- Up-to-date symlink: /home/rats/turtlebot3_ws/install/turtlebot3_gazebo/share/turtlebot3_gazebo//urdf/turtlebot3_waffle.urdf
[29.168s] -- Up-to-date symlink: /home/rats/turtlebot3_ws/install/turtlebot3_gazebo/share/turtlebot3_gazebo//urdf/turtlebot3_waffle_pi.urdf
[29.168s] -- Up-to-date symlink: /home/rats/turtlebot3_ws/install/turtlebot3_gazebo/share/turtlebot3_gazebo//worlds/empty_world.world
[29.169s] -- Up-to-date symlink: /home/rats/turtlebot3_ws/install/turtlebot3_gazebo/share/turtlebot3_gazebo//worlds/turtlebot3_autorace_2020.world
[29.169s] -- Up-to-date symlink: /home/rats/turtlebot3_ws/install/turtlebot3_gazebo/share/turtlebot3_gazebo//worlds/turtlebot3_dqn_stage1.world
[29.169s] -- Up-to-date symlink: /home/rats/turtlebot3_ws/install/turtlebot3_gazebo/share/turtlebot3_gazebo//worlds/turtlebot3_dqn_stage2.world
[29.169s] -- Up-to-date symlink: /home/rats/turtlebot3_ws/install/turtlebot3_gazebo/share/turtlebot3_gazebo//worlds/turtlebot3_dqn_stage3.world
[29.170s] -- Up-to-date symlink: /home/rats/turtlebot3_ws/install/turtlebot3_gazebo/share/turtlebot3_gazebo//worlds/turtlebot3_dqn_stage4.world
[29.170s] -- Up-to-date symlink: /home/rats/turtlebot3_ws/install/turtlebot3_gazebo/share/turtlebot3_gazebo//worlds/turtlebot3_house.world
[29.170s] -- Up-to-date symlink: /home/rats/turtlebot3_ws/install/turtlebot3_gazebo/share/turtlebot3_gazebo//worlds/turtlebot3_world.world
[29.171s] -- Up-to-date symlink: /home/rats/turtlebot3_ws/install/turtlebot3_gazebo/include//turtlebot3_gazebo/obstacle1.hpp
[29.171s] -- Up-to-date symlink: /home/rats/turtlebot3_ws/install/turtlebot3_gazebo/include//turtlebot3_gazebo/obstacle2.hpp
[29.171s] -- Up-to-date symlink: /home/rats/turtlebot3_ws/install/turtlebot3_gazebo/include//turtlebot3_gazebo/obstacles.hpp
[29.171s] -- Up-to-date symlink: /home/rats/turtlebot3_ws/install/turtlebot3_gazebo/include//turtlebot3_gazebo/traffic_bar_plugin.hpp
[29.172s] -- Up-to-date symlink: /home/rats/turtlebot3_ws/install/turtlebot3_gazebo/include//turtlebot3_gazebo/traffic_light_plugin.hpp
[29.172s] -- Up-to-date symlink: /home/rats/turtlebot3_ws/install/turtlebot3_gazebo/include//turtlebot3_gazebo/turtlebot3_drive.hpp
[29.172s] -- Up-to-date symlink: /home/rats/turtlebot3_ws/install/turtlebot3_gazebo/share/ament_index/resource_index/package_run_dependencies/turtlebot3_gazebo
[29.172s] -- Up-to-date symlink: /home/rats/turtlebot3_ws/install/turtlebot3_gazebo/share/ament_index/resource_index/parent_prefix_path/turtlebot3_gazebo
[29.173s] -- Up-to-date symlink: /home/rats/turtlebot3_ws/install/turtlebot3_gazebo/share/turtlebot3_gazebo/environment/ament_prefix_path.sh
[29.173s] -- Up-to-date symlink: /home/rats/turtlebot3_ws/install/turtlebot3_gazebo/share/turtlebot3_gazebo/environment/ament_prefix_path.dsv
[29.173s] -- Up-to-date symlink: /home/rats/turtlebot3_ws/install/turtlebot3_gazebo/share/turtlebot3_gazebo/environment/path.sh
[29.173s] -- Up-to-date symlink: /home/rats/turtlebot3_ws/install/turtlebot3_gazebo/share/turtlebot3_gazebo/environment/path.dsv
[29.174s] -- Up-to-date symlink: /home/rats/turtlebot3_ws/install/turtlebot3_gazebo/share/turtlebot3_gazebo/local_setup.bash
[29.174s] -- Up-to-date symlink: /home/rats/turtlebot3_ws/install/turtlebot3_gazebo/share/turtlebot3_gazebo/local_setup.sh
[29.174s] -- Up-to-date symlink: /home/rats/turtlebot3_ws/install/turtlebot3_gazebo/share/turtlebot3_gazebo/local_setup.zsh
[29.175s] -- Up-to-date symlink: /home/rats/turtlebot3_ws/install/turtlebot3_gazebo/share/turtlebot3_gazebo/local_setup.dsv
[29.175s] -- Symlinking: /home/rats/turtlebot3_ws/install/turtlebot3_gazebo/share/turtlebot3_gazebo/package.dsv
[29.185s] -- Up-to-date symlink: /home/rats/turtlebot3_ws/install/turtlebot3_gazebo/share/ament_index/resource_index/packages/turtlebot3_gazebo
[29.185s] -- Up-to-date symlink: /home/rats/turtlebot3_ws/install/turtlebot3_gazebo/share/turtlebot3_gazebo/cmake/ament_cmake_export_include_directories-extras.cmake
[29.186s] -- Up-to-date symlink: /home/rats/turtlebot3_ws/install/turtlebot3_gazebo/share/turtlebot3_gazebo/cmake/ament_cmake_export_dependencies-extras.cmake
[29.186s] -- Up-to-date symlink: /home/rats/turtlebot3_ws/install/turtlebot3_gazebo/share/turtlebot3_gazebo/cmake/turtlebot3_gazeboConfig.cmake
[29.186s] -- Up-to-date symlink: /home/rats/turtlebot3_ws/install/turtlebot3_gazebo/share/turtlebot3_gazebo/cmake/turtlebot3_gazeboConfig-version.cmake
[29.186s] -- Up-to-date symlink: /home/rats/turtlebot3_ws/install/turtlebot3_gazebo/share/turtlebot3_gazebo/package.xml
[29.189s] Invoked command in '/home/rats/turtlebot3_ws/build/turtlebot3_gazebo' returned '0': CMAKE_PREFIX_PATH=${CMAKE_PREFIX_PATH}:/home/rats/turtlebot3_ws/install/turtlebot3_teleop:/home/rats/turtlebot3_ws/install/turtlebot3_example:/home/rats/turtlebot3_ws/install/test_auto:/home/rats/turtlebot3_ws/install/multicontrol:/opt/ros/humble /usr/bin/cmake --install /home/rats/turtlebot3_ws/build/turtlebot3_gazebo
