[0.076s] Invoking command in '/home/robotics/desktop_ws/build/turtlebot3_cartographer': CMAKE_PREFIX_PATH=${CMAKE_PREFIX_PATH}:/home/robotics/desktop_ws/install/turtlebot3_teleop:/home/robotics/desktop_ws/install/turtlebot3_example:/home/robotics/desktop_ws/install/test_auto:/home/robotics/desktop_ws/install/multicontrol:/home/robotics/pi_ws/install/turtlebot3_teleop:/home/robotics/pi_ws/install/turtlebot3_example:/home/robotics/pi_ws/install/piSub:/opt/ros/humble /usr/bin/cmake --build /home/robotics/desktop_ws/build/turtlebot3_cartographer -- -j4 -l4
[0.637s] Invoked command in '/home/robotics/desktop_ws/build/turtlebot3_cartographer' returned '0': CMAKE_PREFIX_PATH=${CMAKE_PREFIX_PATH}:/home/robotics/desktop_ws/install/turtlebot3_teleop:/home/robotics/desktop_ws/install/turtlebot3_example:/home/robotics/desktop_ws/install/test_auto:/home/robotics/desktop_ws/install/multicontrol:/home/robotics/pi_ws/install/turtlebot3_teleop:/home/robotics/pi_ws/install/turtlebot3_example:/home/robotics/pi_ws/install/piSub:/opt/ros/humble /usr/bin/cmake --build /home/robotics/desktop_ws/build/turtlebot3_cartographer -- -j4 -l4
[0.656s] Invoking command in '/home/robotics/desktop_ws/build/turtlebot3_cartographer': CMAKE_PREFIX_PATH=${CMAKE_PREFIX_PATH}:/home/robotics/desktop_ws/install/turtlebot3_teleop:/home/robotics/desktop_ws/install/turtlebot3_example:/home/robotics/desktop_ws/install/test_auto:/home/robotics/desktop_ws/install/multicontrol:/home/robotics/pi_ws/install/turtlebot3_teleop:/home/robotics/pi_ws/install/turtlebot3_example:/home/robotics/pi_ws/install/piSub:/opt/ros/humble /usr/bin/cmake --install /home/robotics/desktop_ws/build/turtlebot3_cartographer
[0.753s] -- Install configuration: ""
[0.754s] -- Up-to-date: /home/robotics/desktop_ws/install/turtlebot3_cartographer/share/turtlebot3_cartographer/config
[0.766s] -- Up-to-date: /home/robotics/desktop_ws/install/turtlebot3_cartographer/share/turtlebot3_cartographer/config/turtlebot3_lds_2d.lua
[0.767s] -- Up-to-date: /home/robotics/desktop_ws/install/turtlebot3_cartographer/share/turtlebot3_cartographer/launch
[0.769s] -- Up-to-date: /home/robotics/desktop_ws/install/turtlebot3_cartographer/share/turtlebot3_cartographer/launch/cartographer.launch.py
[0.770s] -- Up-to-date: /home/robotics/desktop_ws/install/turtlebot3_cartographer/share/turtlebot3_cartographer/launch/occupancy_grid.launch.py
[0.771s] -- Up-to-date: /home/robotics/desktop_ws/install/turtlebot3_cartographer/share/turtlebot3_cartographer/rviz
[0.773s] -- Up-to-date: /home/robotics/desktop_ws/install/turtlebot3_cartographer/share/turtlebot3_cartographer/rviz/tb3_cartographer.rviz
[0.773s] -- Up-to-date: /home/robotics/desktop_ws/install/turtlebot3_cartographer/share/ament_index/resource_index/package_run_dependencies/turtlebot3_cartographer
[0.774s] -- Up-to-date: /home/robotics/desktop_ws/install/turtlebot3_cartographer/share/ament_index/resource_index/parent_prefix_path/turtlebot3_cartographer
[0.775s] -- Up-to-date: /home/robotics/desktop_ws/install/turtlebot3_cartographer/share/turtlebot3_cartographer/environment/ament_prefix_path.sh
[0.776s] -- Up-to-date: /home/robotics/desktop_ws/install/turtlebot3_cartographer/share/turtlebot3_cartographer/environment/ament_prefix_path.dsv
[0.777s] -- Up-to-date: /home/robotics/desktop_ws/install/turtlebot3_cartographer/share/turtlebot3_cartographer/environment/path.sh
[0.778s] -- Up-to-date: /home/robotics/desktop_ws/install/turtlebot3_cartographer/share/turtlebot3_cartographer/environment/path.dsv
[0.778s] -- Up-to-date: /home/robotics/desktop_ws/install/turtlebot3_cartographer/share/turtlebot3_cartographer/local_setup.bash
[0.779s] -- Up-to-date: /home/robotics/desktop_ws/install/turtlebot3_cartographer/share/turtlebot3_cartographer/local_setup.sh
[0.779s] -- Up-to-date: /home/robotics/desktop_ws/install/turtlebot3_cartographer/share/turtlebot3_cartographer/local_setup.zsh
[0.783s] -- Up-to-date: /home/robotics/desktop_ws/install/turtlebot3_cartographer/share/turtlebot3_cartographer/local_setup.dsv
[0.783s] -- Installing: /home/robotics/desktop_ws/install/turtlebot3_cartographer/share/turtlebot3_cartographer/package.dsv
[0.795s] -- Up-to-date: /home/robotics/desktop_ws/install/turtlebot3_cartographer/share/ament_index/resource_index/packages/turtlebot3_cartographer
[0.798s] -- Up-to-date: /home/robotics/desktop_ws/install/turtlebot3_cartographer/share/turtlebot3_cartographer/cmake/turtlebot3_cartographerConfig.cmake
[0.799s] -- Up-to-date: /home/robotics/desktop_ws/install/turtlebot3_cartographer/share/turtlebot3_cartographer/cmake/turtlebot3_cartographerConfig-version.cmake
[0.799s] -- Up-to-date: /home/robotics/desktop_ws/install/turtlebot3_cartographer/share/turtlebot3_cartographer/package.xml
[0.814s] Invoked command in '/home/robotics/desktop_ws/build/turtlebot3_cartographer' returned '0': CMAKE_PREFIX_PATH=${CMAKE_PREFIX_PATH}:/home/robotics/desktop_ws/install/turtlebot3_teleop:/home/robotics/desktop_ws/install/turtlebot3_example:/home/robotics/desktop_ws/install/test_auto:/home/robotics/desktop_ws/install/multicontrol:/home/robotics/pi_ws/install/turtlebot3_teleop:/home/robotics/pi_ws/install/turtlebot3_example:/home/robotics/pi_ws/install/piSub:/opt/ros/humble /usr/bin/cmake --install /home/robotics/desktop_ws/build/turtlebot3_cartographer
