[0.155s] Invoking command in '/home/robotics/desktop_ws/build/dynamixel_sdk': CMAKE_PREFIX_PATH=${CMAKE_PREFIX_PATH}:/home/robotics/desktop_ws/install/turtlebot3_teleop:/home/robotics/desktop_ws/install/turtlebot3_example:/home/robotics/desktop_ws/install/test_auto:/home/robotics/desktop_ws/install/multicontrol:/home/robotics/pi_ws/install/turtlebot3_teleop:/home/robotics/pi_ws/install/turtlebot3_example:/home/robotics/pi_ws/install/piSub:/opt/ros/humble /usr/bin/cmake --build /home/robotics/desktop_ws/build/dynamixel_sdk -- -j4 -l4
[0.517s] [35m[1mConsolidate compiler generated dependencies of target dynamixel_sdk[0m
[0.804s] [  0%] Built target ament_cmake_python_copy_dynamixel_sdk
[0.804s] [100%] Built target dynamixel_sdk
[3.186s] running egg_info
[3.193s] writing dynamixel_sdk.egg-info/PKG-INFO
[3.201s] writing dependency_links to dynamixel_sdk.egg-info/dependency_links.txt
[3.204s] writing top-level names to dynamixel_sdk.egg-info/top_level.txt
[3.234s] reading manifest file 'dynamixel_sdk.egg-info/SOURCES.txt'
[3.256s] writing manifest file 'dynamixel_sdk.egg-info/SOURCES.txt'
[3.543s] [100%] Built target ament_cmake_python_build_dynamixel_sdk_egg
[4.567s] Invoked command in '/home/robotics/desktop_ws/build/dynamixel_sdk' returned '0': CMAKE_PREFIX_PATH=${CMAKE_PREFIX_PATH}:/home/robotics/desktop_ws/install/turtlebot3_teleop:/home/robotics/desktop_ws/install/turtlebot3_example:/home/robotics/desktop_ws/install/test_auto:/home/robotics/desktop_ws/install/multicontrol:/home/robotics/pi_ws/install/turtlebot3_teleop:/home/robotics/pi_ws/install/turtlebot3_example:/home/robotics/pi_ws/install/piSub:/opt/ros/humble /usr/bin/cmake --build /home/robotics/desktop_ws/build/dynamixel_sdk -- -j4 -l4
[4.582s] Invoking command in '/home/robotics/desktop_ws/build/dynamixel_sdk': CMAKE_PREFIX_PATH=${CMAKE_PREFIX_PATH}:/home/robotics/desktop_ws/install/turtlebot3_teleop:/home/robotics/desktop_ws/install/turtlebot3_example:/home/robotics/desktop_ws/install/test_auto:/home/robotics/desktop_ws/install/multicontrol:/home/robotics/pi_ws/install/turtlebot3_teleop:/home/robotics/pi_ws/install/turtlebot3_example:/home/robotics/pi_ws/install/piSub:/opt/ros/humble /usr/bin/cmake --install /home/robotics/desktop_ws/build/dynamixel_sdk
[4.621s] -- Install configuration: ""
[4.622s] -- Up-to-date: /home/robotics/desktop_ws/install/dynamixel_sdk/include/
[4.635s] -- Up-to-date: /home/robotics/desktop_ws/install/dynamixel_sdk/include//dynamixel_sdk
[4.642s] -- Up-to-date: /home/robotics/desktop_ws/install/dynamixel_sdk/include//dynamixel_sdk/packet_handler.h
[4.643s] -- Up-to-date: /home/robotics/desktop_ws/install/dynamixel_sdk/include//dynamixel_sdk/group_sync_write.h
[4.644s] -- Up-to-date: /home/robotics/desktop_ws/install/dynamixel_sdk/include//dynamixel_sdk/protocol1_packet_handler.h
[4.647s] -- Up-to-date: /home/robotics/desktop_ws/install/dynamixel_sdk/include//dynamixel_sdk/group_sync_read.h
[4.647s] -- Up-to-date: /home/robotics/desktop_ws/install/dynamixel_sdk/include//dynamixel_sdk/port_handler_mac.h
[4.648s] -- Up-to-date: /home/robotics/desktop_ws/install/dynamixel_sdk/include//dynamixel_sdk/port_handler_arduino.h
[4.648s] -- Up-to-date: /home/robotics/desktop_ws/install/dynamixel_sdk/include//dynamixel_sdk/group_bulk_read.h
[4.649s] -- Up-to-date: /home/robotics/desktop_ws/install/dynamixel_sdk/include//dynamixel_sdk/port_handler.h
[4.649s] -- Up-to-date: /home/robotics/desktop_ws/install/dynamixel_sdk/include//dynamixel_sdk/protocol2_packet_handler.h
[4.650s] -- Up-to-date: /home/robotics/desktop_ws/install/dynamixel_sdk/include//dynamixel_sdk/group_fast_bulk_read.h
[4.650s] -- Up-to-date: /home/robotics/desktop_ws/install/dynamixel_sdk/include//dynamixel_sdk/group_handler.h
[4.651s] -- Up-to-date: /home/robotics/desktop_ws/install/dynamixel_sdk/include//dynamixel_sdk/port_handler_windows.h
[4.651s] -- Up-to-date: /home/robotics/desktop_ws/install/dynamixel_sdk/include//dynamixel_sdk/port_handler_linux.h
[4.651s] -- Up-to-date: /home/robotics/desktop_ws/install/dynamixel_sdk/include//dynamixel_sdk/dynamixel_sdk.h
[4.652s] -- Up-to-date: /home/robotics/desktop_ws/install/dynamixel_sdk/include//dynamixel_sdk/group_bulk_write.h
[4.652s] -- Up-to-date: /home/robotics/desktop_ws/install/dynamixel_sdk/include//dynamixel_sdk/group_fast_sync_read.h
[4.652s] -- Up-to-date: /home/robotics/desktop_ws/install/dynamixel_sdk/lib/libdynamixel_sdk.so
[4.653s] -- Up-to-date: /home/robotics/desktop_ws/install/dynamixel_sdk/share/dynamixel_sdk/environment/pythonpath.sh
[4.673s] -- Up-to-date: /home/robotics/desktop_ws/install/dynamixel_sdk/share/dynamixel_sdk/environment/pythonpath.dsv
[4.674s] -- Up-to-date: /home/robotics/desktop_ws/install/dynamixel_sdk/local/lib/python3.10/dist-packages/dynamixel_sdk-3.8.4-py3.10.egg-info
[4.676s] -- Installing: /home/robotics/desktop_ws/install/dynamixel_sdk/local/lib/python3.10/dist-packages/dynamixel_sdk-3.8.4-py3.10.egg-info/PKG-INFO
[4.676s] -- Installing: /home/robotics/desktop_ws/install/dynamixel_sdk/local/lib/python3.10/dist-packages/dynamixel_sdk-3.8.4-py3.10.egg-info/top_level.txt
[4.692s] -- Installing: /home/robotics/desktop_ws/install/dynamixel_sdk/local/lib/python3.10/dist-packages/dynamixel_sdk-3.8.4-py3.10.egg-info/SOURCES.txt
[4.693s] -- Installing: /home/robotics/desktop_ws/install/dynamixel_sdk/local/lib/python3.10/dist-packages/dynamixel_sdk-3.8.4-py3.10.egg-info/dependency_links.txt
[4.695s] -- Up-to-date: /home/robotics/desktop_ws/install/dynamixel_sdk/local/lib/python3.10/dist-packages/dynamixel_sdk
[4.698s] -- Up-to-date: /home/robotics/desktop_ws/install/dynamixel_sdk/local/lib/python3.10/dist-packages/dynamixel_sdk/group_bulk_read.py
[4.701s] -- Up-to-date: /home/robotics/desktop_ws/install/dynamixel_sdk/local/lib/python3.10/dist-packages/dynamixel_sdk/port_handler_linux.cpp
[4.702s] -- Up-to-date: /home/robotics/desktop_ws/install/dynamixel_sdk/local/lib/python3.10/dist-packages/dynamixel_sdk/group_bulk_write.py
[4.704s] -- Up-to-date: /home/robotics/desktop_ws/install/dynamixel_sdk/local/lib/python3.10/dist-packages/dynamixel_sdk/group_sync_read.py
[4.707s] -- Up-to-date: /home/robotics/desktop_ws/install/dynamixel_sdk/local/lib/python3.10/dist-packages/dynamixel_sdk/__init__.py
[4.710s] -- Up-to-date: /home/robotics/desktop_ws/install/dynamixel_sdk/local/lib/python3.10/dist-packages/dynamixel_sdk/protocol1_packet_handler.cpp
[4.710s] -- Up-to-date: /home/robotics/desktop_ws/install/dynamixel_sdk/local/lib/python3.10/dist-packages/dynamixel_sdk/group_bulk_write.cpp
[4.712s] -- Up-to-date: /home/robotics/desktop_ws/install/dynamixel_sdk/local/lib/python3.10/dist-packages/dynamixel_sdk/packet_handler.cpp
[4.712s] -- Up-to-date: /home/robotics/desktop_ws/install/dynamixel_sdk/local/lib/python3.10/dist-packages/dynamixel_sdk/port_handler_arduino.cpp
[4.715s] -- Up-to-date: /home/robotics/desktop_ws/install/dynamixel_sdk/local/lib/python3.10/dist-packages/dynamixel_sdk/group_sync_write.py
[4.718s] -- Up-to-date: /home/robotics/desktop_ws/install/dynamixel_sdk/local/lib/python3.10/dist-packages/dynamixel_sdk/packet_handler.py
[4.721s] -- Up-to-date: /home/robotics/desktop_ws/install/dynamixel_sdk/local/lib/python3.10/dist-packages/dynamixel_sdk/protocol2_packet_handler.cpp
[4.723s] -- Up-to-date: /home/robotics/desktop_ws/install/dynamixel_sdk/local/lib/python3.10/dist-packages/dynamixel_sdk/port_handler.cpp
[4.724s] -- Up-to-date: /home/robotics/desktop_ws/install/dynamixel_sdk/local/lib/python3.10/dist-packages/dynamixel_sdk/group_bulk_read.cpp
[4.725s] -- Up-to-date: /home/robotics/desktop_ws/install/dynamixel_sdk/local/lib/python3.10/dist-packages/dynamixel_sdk/group_handler.cpp
[4.727s] -- Up-to-date: /home/robotics/desktop_ws/install/dynamixel_sdk/local/lib/python3.10/dist-packages/dynamixel_sdk/port_handler_mac.cpp
[4.739s] -- Up-to-date: /home/robotics/desktop_ws/install/dynamixel_sdk/local/lib/python3.10/dist-packages/dynamixel_sdk/protocol1_packet_handler.py
[4.739s] -- Up-to-date: /home/robotics/desktop_ws/install/dynamixel_sdk/local/lib/python3.10/dist-packages/dynamixel_sdk/port_handler.py
[4.739s] -- Up-to-date: /home/robotics/desktop_ws/install/dynamixel_sdk/local/lib/python3.10/dist-packages/dynamixel_sdk/group_sync_write.cpp
[4.740s] -- Up-to-date: /home/robotics/desktop_ws/install/dynamixel_sdk/local/lib/python3.10/dist-packages/dynamixel_sdk/robotis_def.py
[4.741s] -- Up-to-date: /home/robotics/desktop_ws/install/dynamixel_sdk/local/lib/python3.10/dist-packages/dynamixel_sdk/group_sync_read.cpp
[4.747s] -- Up-to-date: /home/robotics/desktop_ws/install/dynamixel_sdk/local/lib/python3.10/dist-packages/dynamixel_sdk/protocol2_packet_handler.py
[4.749s] -- Up-to-date: /home/robotics/desktop_ws/install/dynamixel_sdk/local/lib/python3.10/dist-packages/dynamixel_sdk/port_handler_windows.cpp
[4.749s] -- Up-to-date: /home/robotics/desktop_ws/install/dynamixel_sdk/local/lib/python3.10/dist-packages/dynamixel_sdk/group_fast_sync_read.cpp
[4.750s] -- Up-to-date: /home/robotics/desktop_ws/install/dynamixel_sdk/local/lib/python3.10/dist-packages/dynamixel_sdk/group_fast_bulk_read.cpp
[4.977s] Listing '/home/robotics/desktop_ws/install/dynamixel_sdk/local/lib/python3.10/dist-packages/dynamixel_sdk'...
[4.979s] -- Up-to-date: /home/robotics/desktop_ws/install/dynamixel_sdk/share/dynamixel_sdk/environment/library_path.sh
[4.980s] -- Up-to-date: /home/robotics/desktop_ws/install/dynamixel_sdk/share/dynamixel_sdk/environment/library_path.dsv
[4.981s] -- Up-to-date: /home/robotics/desktop_ws/install/dynamixel_sdk/share/ament_index/resource_index/package_run_dependencies/dynamixel_sdk
[4.982s] -- Up-to-date: /home/robotics/desktop_ws/install/dynamixel_sdk/share/ament_index/resource_index/parent_prefix_path/dynamixel_sdk
[4.983s] -- Up-to-date: /home/robotics/desktop_ws/install/dynamixel_sdk/share/dynamixel_sdk/environment/ament_prefix_path.sh
[4.984s] -- Up-to-date: /home/robotics/desktop_ws/install/dynamixel_sdk/share/dynamixel_sdk/environment/ament_prefix_path.dsv
[4.985s] -- Up-to-date: /home/robotics/desktop_ws/install/dynamixel_sdk/share/dynamixel_sdk/environment/path.sh
[4.985s] -- Up-to-date: /home/robotics/desktop_ws/install/dynamixel_sdk/share/dynamixel_sdk/environment/path.dsv
[4.986s] -- Up-to-date: /home/robotics/desktop_ws/install/dynamixel_sdk/share/dynamixel_sdk/local_setup.bash
[4.987s] -- Up-to-date: /home/robotics/desktop_ws/install/dynamixel_sdk/share/dynamixel_sdk/local_setup.sh
[4.988s] -- Up-to-date: /home/robotics/desktop_ws/install/dynamixel_sdk/share/dynamixel_sdk/local_setup.zsh
[4.988s] -- Up-to-date: /home/robotics/desktop_ws/install/dynamixel_sdk/share/dynamixel_sdk/local_setup.dsv
[4.989s] -- Installing: /home/robotics/desktop_ws/install/dynamixel_sdk/share/dynamixel_sdk/package.dsv
[4.991s] -- Up-to-date: /home/robotics/desktop_ws/install/dynamixel_sdk/share/ament_index/resource_index/packages/dynamixel_sdk
[5.001s] -- Up-to-date: /home/robotics/desktop_ws/install/dynamixel_sdk/share/dynamixel_sdk/cmake/dynamixel_sdkExport.cmake
[5.002s] -- Up-to-date: /home/robotics/desktop_ws/install/dynamixel_sdk/share/dynamixel_sdk/cmake/dynamixel_sdkExport-noconfig.cmake
[5.003s] -- Up-to-date: /home/robotics/desktop_ws/install/dynamixel_sdk/share/dynamixel_sdk/cmake/ament_cmake_export_targets-extras.cmake
[5.003s] -- Up-to-date: /home/robotics/desktop_ws/install/dynamixel_sdk/share/dynamixel_sdk/cmake/ament_cmake_export_include_directories-extras.cmake
[5.004s] -- Up-to-date: /home/robotics/desktop_ws/install/dynamixel_sdk/share/dynamixel_sdk/cmake/ament_cmake_export_libraries-extras.cmake
[5.005s] -- Up-to-date: /home/robotics/desktop_ws/install/dynamixel_sdk/share/dynamixel_sdk/cmake/dynamixel_sdkConfig.cmake
[5.116s] -- Up-to-date: /home/robotics/desktop_ws/install/dynamixel_sdk/share/dynamixel_sdk/cmake/dynamixel_sdkConfig-version.cmake
[5.117s] -- Up-to-date: /home/robotics/desktop_ws/install/dynamixel_sdk/share/dynamixel_sdk/package.xml
[5.188s] Invoked command in '/home/robotics/desktop_ws/build/dynamixel_sdk' returned '0': CMAKE_PREFIX_PATH=${CMAKE_PREFIX_PATH}:/home/robotics/desktop_ws/install/turtlebot3_teleop:/home/robotics/desktop_ws/install/turtlebot3_example:/home/robotics/desktop_ws/install/test_auto:/home/robotics/desktop_ws/install/multicontrol:/home/robotics/pi_ws/install/turtlebot3_teleop:/home/robotics/pi_ws/install/turtlebot3_example:/home/robotics/pi_ws/install/piSub:/opt/ros/humble /usr/bin/cmake --install /home/robotics/desktop_ws/build/dynamixel_sdk
