[0.248s] Invoking command in '/home/robotics/desktop_ws/build/dynamixel_sdk_examples': CMAKE_PREFIX_PATH=/home/robotics/desktop_ws/install/dynamixel_sdk_custom_interfaces:/home/robotics/desktop_ws/install/dynamixel_sdk:/home/robotics/pi_ws/install/turtlebot3:/home/robotics/pi_ws/install/turtlebot3_bringup:/home/robotics/pi_ws/install/turtlebot3_node:/home/robotics/pi_ws/install/turtlebot3_description:/home/robotics/pi_ws/install/ld08_driver:/home/robotics/pi_ws/install/coin_d4_driver:/home/robotics/desktop_ws/install/turtlebot3:/home/robotics/desktop_ws/install/turtlebot3_simulations:/home/robotics/desktop_ws/install/turtlebot3_bringup:/home/robotics/desktop_ws/install/turtlebot3_node:/home/robotics/desktop_ws/install/turtlebot3_navigation2:/home/robotics/desktop_ws/install/turtlebot3_fake_node:/home/robotics/desktop_ws/install/turtlebot3_msgs:/home/robotics/desktop_ws/install/turtlebot3_manipulation_gazebo:/home/robotics/desktop_ws/install/turtlebot3_gazebo:/home/robotics/desktop_ws/install/turtlebot3_description:/home/robotics/desktop_ws/install/turtlebot3_cartographer:/home/robotics/desktop_ws/install/dynamixel_sdk_examples:/home/robotics/pi_ws/install/turtlebot3_teleop:/home/robotics/pi_ws/install/turtlebot3_example:/home/robotics/pi_ws/install/piSub:/home/robotics/desktop_ws/install/turtlebot3_teleop:/home/robotics/desktop_ws/install/turtlebot3_example:/home/robotics/desktop_ws/install/test_auto:/home/robotics/desktop_ws/install/multicontrol:/opt/ros/humble LD_LIBRARY_PATH=/home/robotics/desktop_ws/install/dynamixel_sdk_custom_interfaces/lib:/home/robotics/desktop_ws/install/dynamixel_sdk/lib:/home/robotics/pi_ws/install/coin_d4_driver/lib:/home/robotics/desktop_ws/install/turtlebot3_msgs/lib:/opt/ros/humble/lib/aarch64-linux-gnu:/opt/ros/humble/lib /usr/bin/cmake /home/robotics/desktop_ws/src/DynamixelSDK/ros/dynamixel_sdk_examples -DCMAKE_INSTALL_PREFIX=/home/robotics/desktop_ws/install/dynamixel_sdk_examples
[0.795s] -- The C compiler identification is GNU 11.4.0
[1.279s] -- The CXX compiler identification is GNU 11.4.0
[1.361s] -- Detecting C compiler ABI info
[1.970s] -- Detecting C compiler ABI info - done
[2.005s] -- Check for working C compiler: /usr/bin/cc - skipped
[2.008s] -- Detecting C compile features
[2.011s] -- Detecting C compile features - done
[2.032s] -- Detecting CXX compiler ABI info
[2.503s] -- Detecting CXX compiler ABI info - done
[2.536s] -- Check for working CXX compiler: /usr/bin/c++ - skipped
[2.539s] -- Detecting CXX compile features
[2.542s] -- Detecting CXX compile features - done
[2.576s] -- Found ament_cmake: 1.3.12 (/opt/ros/humble/share/ament_cmake/cmake)
[3.783s] -- Found Python3: /usr/bin/python3 (found version "3.10.12") found components: Interpreter 
[4.664s] -- Found dynamixel_sdk: 3.8.4 (/home/robotics/desktop_ws/install/dynamixel_sdk/share/dynamixel_sdk/cmake)
[4.679s] -- Found dynamixel_sdk_custom_interfaces: 3.8.4 (/home/robotics/desktop_ws/install/dynamixel_sdk_custom_interfaces/share/dynamixel_sdk_custom_interfaces/cmake)
[5.062s] -- Found rosidl_generator_c: 3.1.7 (/opt/ros/humble/share/rosidl_generator_c/cmake)
[5.127s] -- Found rosidl_adapter: 3.1.7 (/opt/ros/humble/share/rosidl_adapter/cmake)
[5.214s] -- Found rosidl_generator_cpp: 3.1.7 (/opt/ros/humble/share/rosidl_generator_cpp/cmake)
[5.333s] -- Using all available rosidl_typesupport_c: rosidl_typesupport_fastrtps_c;rosidl_typesupport_introspection_c
[5.499s] -- Using all available rosidl_typesupport_cpp: rosidl_typesupport_fastrtps_cpp;rosidl_typesupport_introspection_cpp
[5.751s] -- Found rclcpp: 16.0.14 (/opt/ros/humble/share/rclcpp/cmake)
[6.273s] -- Found rmw_implementation_cmake: 6.1.2 (/opt/ros/humble/share/rmw_implementation_cmake/cmake)
[6.326s] -- Found rmw_fastrtps_cpp: 6.2.8 (/opt/ros/humble/share/rmw_fastrtps_cpp/cmake)
[7.068s] -- Found OpenSSL: /usr/lib/aarch64-linux-gnu/libcrypto.so (found version "3.0.2")  
[7.262s] -- Found FastRTPS: /opt/ros/humble/include  
[7.562s] -- Using RMW implementation 'rmw_fastrtps_cpp' as default
[7.679s] -- Looking for pthread.h
[8.041s] -- Looking for pthread.h - found
[8.042s] -- Performing Test CMAKE_HAVE_LIBC_PTHREAD
[8.395s] -- Performing Test CMAKE_HAVE_LIBC_PTHREAD - Success
[8.400s] -- Found Threads: TRUE  
[8.992s] -- Found rclpy: 3.3.17 (/opt/ros/humble/share/rclpy/cmake)
[9.020s] -- Found ament_lint_auto: 0.12.14 (/opt/ros/humble/share/ament_lint_auto/cmake)
[9.565s] -- Added test 'copyright' to check source files copyright and LICENSE
[9.580s] -- Added test 'cppcheck' to perform static code analysis on C / C++ code
[9.580s] -- Configured cppcheck include dirs: /home/robotics/desktop_ws/src/DynamixelSDK/ros/dynamixel_sdk_examples/include
[9.581s] -- Configured cppcheck exclude dirs and/or files: 
[9.594s] -- Added test 'cpplint' to check C / C++ code against the Google style
[9.594s] -- Configured cpplint exclude dirs and/or files: 
[9.601s] -- Added test 'flake8' to check Python code syntax and style conventions
[9.609s] -- Added test 'lint_cmake' to check CMake code style
[9.617s] -- Added test 'pep257' to check Python code against some of the docstring style conventions in PEP 257
[9.629s] -- Added test 'uncrustify' to check C / C++ code style
[9.629s] -- Configured uncrustify additional arguments: 
[9.637s] -- Added test 'xmllint' to check XML markup files
[9.653s] -- Configuring done
[9.715s] -- Generating done
[9.731s] -- Build files have been written to: /home/robotics/desktop_ws/build/dynamixel_sdk_examples
[9.769s] Invoked command in '/home/robotics/desktop_ws/build/dynamixel_sdk_examples' returned '0': CMAKE_PREFIX_PATH=/home/robotics/desktop_ws/install/dynamixel_sdk_custom_interfaces:/home/robotics/desktop_ws/install/dynamixel_sdk:/home/robotics/pi_ws/install/turtlebot3:/home/robotics/pi_ws/install/turtlebot3_bringup:/home/robotics/pi_ws/install/turtlebot3_node:/home/robotics/pi_ws/install/turtlebot3_description:/home/robotics/pi_ws/install/ld08_driver:/home/robotics/pi_ws/install/coin_d4_driver:/home/robotics/desktop_ws/install/turtlebot3:/home/robotics/desktop_ws/install/turtlebot3_simulations:/home/robotics/desktop_ws/install/turtlebot3_bringup:/home/robotics/desktop_ws/install/turtlebot3_node:/home/robotics/desktop_ws/install/turtlebot3_navigation2:/home/robotics/desktop_ws/install/turtlebot3_fake_node:/home/robotics/desktop_ws/install/turtlebot3_msgs:/home/robotics/desktop_ws/install/turtlebot3_manipulation_gazebo:/home/robotics/desktop_ws/install/turtlebot3_gazebo:/home/robotics/desktop_ws/install/turtlebot3_description:/home/robotics/desktop_ws/install/turtlebot3_cartographer:/home/robotics/desktop_ws/install/dynamixel_sdk_examples:/home/robotics/pi_ws/install/turtlebot3_teleop:/home/robotics/pi_ws/install/turtlebot3_example:/home/robotics/pi_ws/install/piSub:/home/robotics/desktop_ws/install/turtlebot3_teleop:/home/robotics/desktop_ws/install/turtlebot3_example:/home/robotics/desktop_ws/install/test_auto:/home/robotics/desktop_ws/install/multicontrol:/opt/ros/humble LD_LIBRARY_PATH=/home/robotics/desktop_ws/install/dynamixel_sdk_custom_interfaces/lib:/home/robotics/desktop_ws/install/dynamixel_sdk/lib:/home/robotics/pi_ws/install/coin_d4_driver/lib:/home/robotics/desktop_ws/install/turtlebot3_msgs/lib:/opt/ros/humble/lib/aarch64-linux-gnu:/opt/ros/humble/lib /usr/bin/cmake /home/robotics/desktop_ws/src/DynamixelSDK/ros/dynamixel_sdk_examples -DCMAKE_INSTALL_PREFIX=/home/robotics/desktop_ws/install/dynamixel_sdk_examples
[9.777s] Invoking command in '/home/robotics/desktop_ws/build/dynamixel_sdk_examples': CMAKE_PREFIX_PATH=/home/robotics/desktop_ws/install/dynamixel_sdk_custom_interfaces:/home/robotics/desktop_ws/install/dynamixel_sdk:/home/robotics/pi_ws/install/turtlebot3:/home/robotics/pi_ws/install/turtlebot3_bringup:/home/robotics/pi_ws/install/turtlebot3_node:/home/robotics/pi_ws/install/turtlebot3_description:/home/robotics/pi_ws/install/ld08_driver:/home/robotics/pi_ws/install/coin_d4_driver:/home/robotics/desktop_ws/install/turtlebot3:/home/robotics/desktop_ws/install/turtlebot3_simulations:/home/robotics/desktop_ws/install/turtlebot3_bringup:/home/robotics/desktop_ws/install/turtlebot3_node:/home/robotics/desktop_ws/install/turtlebot3_navigation2:/home/robotics/desktop_ws/install/turtlebot3_fake_node:/home/robotics/desktop_ws/install/turtlebot3_msgs:/home/robotics/desktop_ws/install/turtlebot3_manipulation_gazebo:/home/robotics/desktop_ws/install/turtlebot3_gazebo:/home/robotics/desktop_ws/install/turtlebot3_description:/home/robotics/desktop_ws/install/turtlebot3_cartographer:/home/robotics/desktop_ws/install/dynamixel_sdk_examples:/home/robotics/pi_ws/install/turtlebot3_teleop:/home/robotics/pi_ws/install/turtlebot3_example:/home/robotics/pi_ws/install/piSub:/home/robotics/desktop_ws/install/turtlebot3_teleop:/home/robotics/desktop_ws/install/turtlebot3_example:/home/robotics/desktop_ws/install/test_auto:/home/robotics/desktop_ws/install/multicontrol:/opt/ros/humble LD_LIBRARY_PATH=/home/robotics/desktop_ws/install/dynamixel_sdk_custom_interfaces/lib:/home/robotics/desktop_ws/install/dynamixel_sdk/lib:/home/robotics/pi_ws/install/coin_d4_driver/lib:/home/robotics/desktop_ws/install/turtlebot3_msgs/lib:/opt/ros/humble/lib/aarch64-linux-gnu:/opt/ros/humble/lib /usr/bin/cmake --build /home/robotics/desktop_ws/build/dynamixel_sdk_examples -- -j4 -l4
[9.993s] [ 50%] [32mBuilding CXX object CMakeFiles/read_write_node.dir/src/read_write_node.cpp.o[0m
[50.902s] [100%] [32m[1mLinking CXX executable read_write_node[0m
[54.499s] [100%] Built target read_write_node
[54.659s] Invoked command in '/home/robotics/desktop_ws/build/dynamixel_sdk_examples' returned '0': CMAKE_PREFIX_PATH=/home/robotics/desktop_ws/install/dynamixel_sdk_custom_interfaces:/home/robotics/desktop_ws/install/dynamixel_sdk:/home/robotics/pi_ws/install/turtlebot3:/home/robotics/pi_ws/install/turtlebot3_bringup:/home/robotics/pi_ws/install/turtlebot3_node:/home/robotics/pi_ws/install/turtlebot3_description:/home/robotics/pi_ws/install/ld08_driver:/home/robotics/pi_ws/install/coin_d4_driver:/home/robotics/desktop_ws/install/turtlebot3:/home/robotics/desktop_ws/install/turtlebot3_simulations:/home/robotics/desktop_ws/install/turtlebot3_bringup:/home/robotics/desktop_ws/install/turtlebot3_node:/home/robotics/desktop_ws/install/turtlebot3_navigation2:/home/robotics/desktop_ws/install/turtlebot3_fake_node:/home/robotics/desktop_ws/install/turtlebot3_msgs:/home/robotics/desktop_ws/install/turtlebot3_manipulation_gazebo:/home/robotics/desktop_ws/install/turtlebot3_gazebo:/home/robotics/desktop_ws/install/turtlebot3_description:/home/robotics/desktop_ws/install/turtlebot3_cartographer:/home/robotics/desktop_ws/install/dynamixel_sdk_examples:/home/robotics/pi_ws/install/turtlebot3_teleop:/home/robotics/pi_ws/install/turtlebot3_example:/home/robotics/pi_ws/install/piSub:/home/robotics/desktop_ws/install/turtlebot3_teleop:/home/robotics/desktop_ws/install/turtlebot3_example:/home/robotics/desktop_ws/install/test_auto:/home/robotics/desktop_ws/install/multicontrol:/opt/ros/humble LD_LIBRARY_PATH=/home/robotics/desktop_ws/install/dynamixel_sdk_custom_interfaces/lib:/home/robotics/desktop_ws/install/dynamixel_sdk/lib:/home/robotics/pi_ws/install/coin_d4_driver/lib:/home/robotics/desktop_ws/install/turtlebot3_msgs/lib:/opt/ros/humble/lib/aarch64-linux-gnu:/opt/ros/humble/lib /usr/bin/cmake --build /home/robotics/desktop_ws/build/dynamixel_sdk_examples -- -j4 -l4
[54.662s] Invoking command in '/home/robotics/desktop_ws/build/dynamixel_sdk_examples': CMAKE_PREFIX_PATH=/home/robotics/desktop_ws/install/dynamixel_sdk_custom_interfaces:/home/robotics/desktop_ws/install/dynamixel_sdk:/home/robotics/pi_ws/install/turtlebot3:/home/robotics/pi_ws/install/turtlebot3_bringup:/home/robotics/pi_ws/install/turtlebot3_node:/home/robotics/pi_ws/install/turtlebot3_description:/home/robotics/pi_ws/install/ld08_driver:/home/robotics/pi_ws/install/coin_d4_driver:/home/robotics/desktop_ws/install/turtlebot3:/home/robotics/desktop_ws/install/turtlebot3_simulations:/home/robotics/desktop_ws/install/turtlebot3_bringup:/home/robotics/desktop_ws/install/turtlebot3_node:/home/robotics/desktop_ws/install/turtlebot3_navigation2:/home/robotics/desktop_ws/install/turtlebot3_fake_node:/home/robotics/desktop_ws/install/turtlebot3_msgs:/home/robotics/desktop_ws/install/turtlebot3_manipulation_gazebo:/home/robotics/desktop_ws/install/turtlebot3_gazebo:/home/robotics/desktop_ws/install/turtlebot3_description:/home/robotics/desktop_ws/install/turtlebot3_cartographer:/home/robotics/desktop_ws/install/dynamixel_sdk_examples:/home/robotics/pi_ws/install/turtlebot3_teleop:/home/robotics/pi_ws/install/turtlebot3_example:/home/robotics/pi_ws/install/piSub:/home/robotics/desktop_ws/install/turtlebot3_teleop:/home/robotics/desktop_ws/install/turtlebot3_example:/home/robotics/desktop_ws/install/test_auto:/home/robotics/desktop_ws/install/multicontrol:/opt/ros/humble LD_LIBRARY_PATH=/home/robotics/desktop_ws/install/dynamixel_sdk_custom_interfaces/lib:/home/robotics/desktop_ws/install/dynamixel_sdk/lib:/home/robotics/pi_ws/install/coin_d4_driver/lib:/home/robotics/desktop_ws/install/turtlebot3_msgs/lib:/opt/ros/humble/lib/aarch64-linux-gnu:/opt/ros/humble/lib /usr/bin/cmake --install /home/robotics/desktop_ws/build/dynamixel_sdk_examples
[54.750s] -- Install configuration: ""
[54.751s] -- Installing: /home/robotics/desktop_ws/install/dynamixel_sdk_examples/lib/dynamixel_sdk_examples/read_write_node
[54.825s] -- Set runtime path of "/home/robotics/desktop_ws/install/dynamixel_sdk_examples/lib/dynamixel_sdk_examples/read_write_node" to ""
[54.826s] -- Installing: /home/robotics/desktop_ws/install/dynamixel_sdk_examples/lib/dynamixel_sdk_examples/read_write_node.py
[54.830s] -- Installing: /home/robotics/desktop_ws/install/dynamixel_sdk_examples/share/ament_index/resource_index/package_run_dependencies/dynamixel_sdk_examples
[54.832s] -- Installing: /home/robotics/desktop_ws/install/dynamixel_sdk_examples/share/ament_index/resource_index/parent_prefix_path/dynamixel_sdk_examples
[54.847s] -- Installing: /home/robotics/desktop_ws/install/dynamixel_sdk_examples/share/dynamixel_sdk_examples/environment/ament_prefix_path.sh
[54.848s] -- Installing: /home/robotics/desktop_ws/install/dynamixel_sdk_examples/share/dynamixel_sdk_examples/environment/ament_prefix_path.dsv
[54.850s] -- Installing: /home/robotics/desktop_ws/install/dynamixel_sdk_examples/share/dynamixel_sdk_examples/environment/path.sh
[54.851s] -- Installing: /home/robotics/desktop_ws/install/dynamixel_sdk_examples/share/dynamixel_sdk_examples/environment/path.dsv
[54.853s] -- Installing: /home/robotics/desktop_ws/install/dynamixel_sdk_examples/share/dynamixel_sdk_examples/local_setup.bash
[54.855s] -- Installing: /home/robotics/desktop_ws/install/dynamixel_sdk_examples/share/dynamixel_sdk_examples/local_setup.sh
[54.856s] -- Installing: /home/robotics/desktop_ws/install/dynamixel_sdk_examples/share/dynamixel_sdk_examples/local_setup.zsh
[54.866s] -- Installing: /home/robotics/desktop_ws/install/dynamixel_sdk_examples/share/dynamixel_sdk_examples/local_setup.dsv
[54.868s] -- Installing: /home/robotics/desktop_ws/install/dynamixel_sdk_examples/share/dynamixel_sdk_examples/package.dsv
[54.870s] -- Installing: /home/robotics/desktop_ws/install/dynamixel_sdk_examples/share/ament_index/resource_index/packages/dynamixel_sdk_examples
[54.872s] -- Installing: /home/robotics/desktop_ws/install/dynamixel_sdk_examples/share/dynamixel_sdk_examples/cmake/dynamixel_sdk_examplesConfig.cmake
[54.882s] -- Installing: /home/robotics/desktop_ws/install/dynamixel_sdk_examples/share/dynamixel_sdk_examples/cmake/dynamixel_sdk_examplesConfig-version.cmake
[54.884s] -- Installing: /home/robotics/desktop_ws/install/dynamixel_sdk_examples/share/dynamixel_sdk_examples/package.xml
[54.906s] Invoked command in '/home/robotics/desktop_ws/build/dynamixel_sdk_examples' returned '0': CMAKE_PREFIX_PATH=/home/robotics/desktop_ws/install/dynamixel_sdk_custom_interfaces:/home/robotics/desktop_ws/install/dynamixel_sdk:/home/robotics/pi_ws/install/turtlebot3:/home/robotics/pi_ws/install/turtlebot3_bringup:/home/robotics/pi_ws/install/turtlebot3_node:/home/robotics/pi_ws/install/turtlebot3_description:/home/robotics/pi_ws/install/ld08_driver:/home/robotics/pi_ws/install/coin_d4_driver:/home/robotics/desktop_ws/install/turtlebot3:/home/robotics/desktop_ws/install/turtlebot3_simulations:/home/robotics/desktop_ws/install/turtlebot3_bringup:/home/robotics/desktop_ws/install/turtlebot3_node:/home/robotics/desktop_ws/install/turtlebot3_navigation2:/home/robotics/desktop_ws/install/turtlebot3_fake_node:/home/robotics/desktop_ws/install/turtlebot3_msgs:/home/robotics/desktop_ws/install/turtlebot3_manipulation_gazebo:/home/robotics/desktop_ws/install/turtlebot3_gazebo:/home/robotics/desktop_ws/install/turtlebot3_description:/home/robotics/desktop_ws/install/turtlebot3_cartographer:/home/robotics/desktop_ws/install/dynamixel_sdk_examples:/home/robotics/pi_ws/install/turtlebot3_teleop:/home/robotics/pi_ws/install/turtlebot3_example:/home/robotics/pi_ws/install/piSub:/home/robotics/desktop_ws/install/turtlebot3_teleop:/home/robotics/desktop_ws/install/turtlebot3_example:/home/robotics/desktop_ws/install/test_auto:/home/robotics/desktop_ws/install/multicontrol:/opt/ros/humble LD_LIBRARY_PATH=/home/robotics/desktop_ws/install/dynamixel_sdk_custom_interfaces/lib:/home/robotics/desktop_ws/install/dynamixel_sdk/lib:/home/robotics/pi_ws/install/coin_d4_driver/lib:/home/robotics/desktop_ws/install/turtlebot3_msgs/lib:/opt/ros/humble/lib/aarch64-linux-gnu:/opt/ros/humble/lib /usr/bin/cmake --install /home/robotics/desktop_ws/build/dynamixel_sdk_examples
