[1.323s] Invoking command in '/home/rats/turtlebot3_ws/build/multicontrol': PYTHONPATH=/home/rats/turtlebot3_ws/build/multicontrol/prefix_override:/usr/lib/python3/dist-packages/colcon_core/task/python/colcon_distutils_commands:/home/rats/turtlebot3_ws/install/multicontrol/lib/python3.10/site-packages:${PYTHONPATH} /usr/bin/python3 -W ignore:setup.py install is deprecated -W ignore:easy_install command is deprecated setup.py develop --uninstall --editable --build-directory /home/rats/turtlebot3_ws/build/multicontrol/build
[1.734s] running develop
[2.070s] Removing /home/rats/turtlebot3_ws/install/multicontrol/lib/python3.10/site-packages/multicontrol.egg-link (link to .)
[2.109s] Invoked command in '/home/rats/turtlebot3_ws/build/multicontrol' returned '0': PYTHONPATH=/home/rats/turtlebot3_ws/build/multicontrol/prefix_override:/usr/lib/python3/dist-packages/colcon_core/task/python/colcon_distutils_commands:/home/rats/turtlebot3_ws/install/multicontrol/lib/python3.10/site-packages:${PYTHONPATH} /usr/bin/python3 -W ignore:setup.py install is deprecated -W ignore:easy_install command is deprecated setup.py develop --uninstall --editable --build-directory /home/rats/turtlebot3_ws/build/multicontrol/build
[2.110s] Invoking command in '/home/rats/turtlebot3_ws/src/multicontrol': PYTHONPATH=/home/rats/turtlebot3_ws/build/multicontrol/prefix_override:/usr/lib/python3/dist-packages/colcon_core/task/python/colcon_distutils_commands:/home/rats/turtlebot3_ws/install/multicontrol/lib/python3.10/site-packages:${PYTHONPATH} /usr/bin/python3 -W ignore:setup.py install is deprecated -W ignore:easy_install command is deprecated setup.py egg_info --egg-base ../../build/multicontrol build --build-base /home/rats/turtlebot3_ws/build/multicontrol/build install --record /home/rats/turtlebot3_ws/build/multicontrol/install.log --single-version-externally-managed install_data --force
[2.524s] running egg_info
[2.529s] writing ../../build/multicontrol/multicontrol.egg-info/PKG-INFO
[2.529s] writing dependency_links to ../../build/multicontrol/multicontrol.egg-info/dependency_links.txt
[2.529s] writing entry points to ../../build/multicontrol/multicontrol.egg-info/entry_points.txt
[2.529s] writing requirements to ../../build/multicontrol/multicontrol.egg-info/requires.txt
[2.529s] writing top-level names to ../../build/multicontrol/multicontrol.egg-info/top_level.txt
[2.529s] reading manifest file '../../build/multicontrol/multicontrol.egg-info/SOURCES.txt'
[2.531s] adding license file 'LICENSE'
[2.531s] writing manifest file '../../build/multicontrol/multicontrol.egg-info/SOURCES.txt'
[2.532s] running build
[2.532s] running build_py
[2.539s] copying multicontrol/mynode.py -> /home/rats/turtlebot3_ws/build/multicontrol/build/lib/multicontrol
[2.539s] running install
[2.539s] running install_lib
[2.539s] creating /home/rats/turtlebot3_ws/install/multicontrol/lib/python3.10/site-packages/multicontrol
[2.539s] copying /home/rats/turtlebot3_ws/build/multicontrol/build/lib/multicontrol/mynode.py -> /home/rats/turtlebot3_ws/install/multicontrol/lib/python3.10/site-packages/multicontrol
[2.539s] copying /home/rats/turtlebot3_ws/build/multicontrol/build/lib/multicontrol/__init__.py -> /home/rats/turtlebot3_ws/install/multicontrol/lib/python3.10/site-packages/multicontrol
[2.546s] byte-compiling /home/rats/turtlebot3_ws/install/multicontrol/lib/python3.10/site-packages/multicontrol/mynode.py to mynode.cpython-310.pyc
[2.547s] byte-compiling /home/rats/turtlebot3_ws/install/multicontrol/lib/python3.10/site-packages/multicontrol/__init__.py to __init__.cpython-310.pyc
[2.547s] running install_data
[2.547s] copying resource/multicontrol -> /home/rats/turtlebot3_ws/install/multicontrol/share/ament_index/resource_index/packages
[2.547s] copying package.xml -> /home/rats/turtlebot3_ws/install/multicontrol/share/multicontrol
[2.551s] running install_egg_info
[2.554s] Copying ../../build/multicontrol/multicontrol.egg-info to /home/rats/turtlebot3_ws/install/multicontrol/lib/python3.10/site-packages/multicontrol-0.0.0-py3.10.egg-info
[2.556s] running install_scripts
[2.600s] Installing mynode script to /home/rats/turtlebot3_ws/install/multicontrol/lib/multicontrol
[2.601s] writing list of installed files to '/home/rats/turtlebot3_ws/build/multicontrol/install.log'
[2.654s] Invoked command in '/home/rats/turtlebot3_ws/src/multicontrol' returned '0': PYTHONPATH=/home/rats/turtlebot3_ws/build/multicontrol/prefix_override:/usr/lib/python3/dist-packages/colcon_core/task/python/colcon_distutils_commands:/home/rats/turtlebot3_ws/install/multicontrol/lib/python3.10/site-packages:${PYTHONPATH} /usr/bin/python3 -W ignore:setup.py install is deprecated -W ignore:easy_install command is deprecated setup.py egg_info --egg-base ../../build/multicontrol build --build-base /home/rats/turtlebot3_ws/build/multicontrol/build install --record /home/rats/turtlebot3_ws/build/multicontrol/install.log --single-version-externally-managed install_data --force
