[0.131s] Invoking command in '/home/robotics/desktop_ws/build/turtlebot3_navigation2': CMAKE_PREFIX_PATH=${CMAKE_PREFIX_PATH}:/home/robotics/desktop_ws/install/turtlebot3_teleop:/home/robotics/desktop_ws/install/turtlebot3_example:/home/robotics/desktop_ws/install/test_auto:/home/robotics/desktop_ws/install/multicontrol:/home/robotics/pi_ws/install/turtlebot3_teleop:/home/robotics/pi_ws/install/turtlebot3_example:/home/robotics/pi_ws/install/piSub:/opt/ros/humble /usr/bin/cmake --build /home/robotics/desktop_ws/build/turtlebot3_navigation2 -- -j4 -l4
[0.552s] Invoked command in '/home/robotics/desktop_ws/build/turtlebot3_navigation2' returned '0': CMAKE_PREFIX_PATH=${CMAKE_PREFIX_PATH}:/home/robotics/desktop_ws/install/turtlebot3_teleop:/home/robotics/desktop_ws/install/turtlebot3_example:/home/robotics/desktop_ws/install/test_auto:/home/robotics/desktop_ws/install/multicontrol:/home/robotics/pi_ws/install/turtlebot3_teleop:/home/robotics/pi_ws/install/turtlebot3_example:/home/robotics/pi_ws/install/piSub:/opt/ros/humble /usr/bin/cmake --build /home/robotics/desktop_ws/build/turtlebot3_navigation2 -- -j4 -l4
[0.566s] Invoking command in '/home/robotics/desktop_ws/build/turtlebot3_navigation2': CMAKE_PREFIX_PATH=${CMAKE_PREFIX_PATH}:/home/robotics/desktop_ws/install/turtlebot3_teleop:/home/robotics/desktop_ws/install/turtlebot3_example:/home/robotics/desktop_ws/install/test_auto:/home/robotics/desktop_ws/install/multicontrol:/home/robotics/pi_ws/install/turtlebot3_teleop:/home/robotics/pi_ws/install/turtlebot3_example:/home/robotics/pi_ws/install/piSub:/opt/ros/humble /usr/bin/cmake --install /home/robotics/desktop_ws/build/turtlebot3_navigation2
[0.615s] -- Install configuration: ""
[0.615s] -- Up-to-date: /home/robotics/desktop_ws/install/turtlebot3_navigation2/share/turtlebot3_navigation2/launch
[0.622s] -- Up-to-date: /home/robotics/desktop_ws/install/turtlebot3_navigation2/share/turtlebot3_navigation2/launch/navigation2.launch.py
[0.623s] -- Up-to-date: /home/robotics/desktop_ws/install/turtlebot3_navigation2/share/turtlebot3_navigation2/map
[0.624s] -- Up-to-date: /home/robotics/desktop_ws/install/turtlebot3_navigation2/share/turtlebot3_navigation2/map/map.yaml
[0.625s] -- Up-to-date: /home/robotics/desktop_ws/install/turtlebot3_navigation2/share/turtlebot3_navigation2/map/map.pgm
[0.625s] -- Up-to-date: /home/robotics/desktop_ws/install/turtlebot3_navigation2/share/turtlebot3_navigation2/param
[0.627s] -- Up-to-date: /home/robotics/desktop_ws/install/turtlebot3_navigation2/share/turtlebot3_navigation2/param/burger_cam.yaml
[0.627s] -- Up-to-date: /home/robotics/desktop_ws/install/turtlebot3_navigation2/share/turtlebot3_navigation2/param/waffle_pi.yaml
[0.628s] -- Up-to-date: /home/robotics/desktop_ws/install/turtlebot3_navigation2/share/turtlebot3_navigation2/param/waffle.yaml
[0.630s] -- Up-to-date: /home/robotics/desktop_ws/install/turtlebot3_navigation2/share/turtlebot3_navigation2/param/burger.yaml
[0.631s] -- Up-to-date: /home/robotics/desktop_ws/install/turtlebot3_navigation2/share/turtlebot3_navigation2/param/humble
[0.631s] -- Up-to-date: /home/robotics/desktop_ws/install/turtlebot3_navigation2/share/turtlebot3_navigation2/param/humble/burger_cam.yaml
[0.632s] -- Up-to-date: /home/robotics/desktop_ws/install/turtlebot3_navigation2/share/turtlebot3_navigation2/param/humble/waffle_pi.yaml
[0.638s] -- Up-to-date: /home/robotics/desktop_ws/install/turtlebot3_navigation2/share/turtlebot3_navigation2/param/humble/waffle.yaml
[0.639s] -- Up-to-date: /home/robotics/desktop_ws/install/turtlebot3_navigation2/share/turtlebot3_navigation2/param/humble/burger.yaml
[0.640s] -- Up-to-date: /home/robotics/desktop_ws/install/turtlebot3_navigation2/share/turtlebot3_navigation2/rviz
[0.641s] -- Up-to-date: /home/robotics/desktop_ws/install/turtlebot3_navigation2/share/turtlebot3_navigation2/rviz/tb3_navigation2.rviz
[0.642s] -- Up-to-date: /home/robotics/desktop_ws/install/turtlebot3_navigation2/share/ament_index/resource_index/package_run_dependencies/turtlebot3_navigation2
[0.642s] -- Up-to-date: /home/robotics/desktop_ws/install/turtlebot3_navigation2/share/ament_index/resource_index/parent_prefix_path/turtlebot3_navigation2
[0.652s] -- Up-to-date: /home/robotics/desktop_ws/install/turtlebot3_navigation2/share/turtlebot3_navigation2/environment/ament_prefix_path.sh
[0.653s] -- Up-to-date: /home/robotics/desktop_ws/install/turtlebot3_navigation2/share/turtlebot3_navigation2/environment/ament_prefix_path.dsv
[0.653s] -- Up-to-date: /home/robotics/desktop_ws/install/turtlebot3_navigation2/share/turtlebot3_navigation2/environment/path.sh
[0.654s] -- Up-to-date: /home/robotics/desktop_ws/install/turtlebot3_navigation2/share/turtlebot3_navigation2/environment/path.dsv
[0.655s] -- Up-to-date: /home/robotics/desktop_ws/install/turtlebot3_navigation2/share/turtlebot3_navigation2/local_setup.bash
[0.655s] -- Up-to-date: /home/robotics/desktop_ws/install/turtlebot3_navigation2/share/turtlebot3_navigation2/local_setup.sh
[0.656s] -- Up-to-date: /home/robotics/desktop_ws/install/turtlebot3_navigation2/share/turtlebot3_navigation2/local_setup.zsh
[0.656s] -- Up-to-date: /home/robotics/desktop_ws/install/turtlebot3_navigation2/share/turtlebot3_navigation2/local_setup.dsv
[0.662s] -- Up-to-date: /home/robotics/desktop_ws/install/turtlebot3_navigation2/share/turtlebot3_navigation2/package.dsv
[0.670s] -- Up-to-date: /home/robotics/desktop_ws/install/turtlebot3_navigation2/share/ament_index/resource_index/packages/turtlebot3_navigation2
[0.671s] -- Up-to-date: /home/robotics/desktop_ws/install/turtlebot3_navigation2/share/turtlebot3_navigation2/cmake/turtlebot3_navigation2Config.cmake
[0.671s] -- Up-to-date: /home/robotics/desktop_ws/install/turtlebot3_navigation2/share/turtlebot3_navigation2/cmake/turtlebot3_navigation2Config-version.cmake
[0.672s] -- Up-to-date: /home/robotics/desktop_ws/install/turtlebot3_navigation2/share/turtlebot3_navigation2/package.xml
[0.676s] Invoked command in '/home/robotics/desktop_ws/build/turtlebot3_navigation2' returned '0': CMAKE_PREFIX_PATH=${CMAKE_PREFIX_PATH}:/home/robotics/desktop_ws/install/turtlebot3_teleop:/home/robotics/desktop_ws/install/turtlebot3_example:/home/robotics/desktop_ws/install/test_auto:/home/robotics/desktop_ws/install/multicontrol:/home/robotics/pi_ws/install/turtlebot3_teleop:/home/robotics/pi_ws/install/turtlebot3_example:/home/robotics/pi_ws/install/piSub:/opt/ros/humble /usr/bin/cmake --install /home/robotics/desktop_ws/build/turtlebot3_navigation2
