[0.034s] Invoking command in '/home/rats/turtlebot3_ws/build/turtlebot3_cartographer': CMAKE_PREFIX_PATH=${CMAKE_PREFIX_PATH}:/home/rats/turtlebot3_ws/install/multicontrol:/home/rats/turtlebot3_ws/install/turtlebot3_teleop:/home/rats/turtlebot3_ws/install/turtlebot3_example:/opt/ros/humble /usr/bin/cmake --build /home/rats/turtlebot3_ws/build/turtlebot3_cartographer -- -j12 -l12
[0.655s] Invoked command in '/home/rats/turtlebot3_ws/build/turtlebot3_cartographer' returned '0': CMAKE_PREFIX_PATH=${CMAKE_PREFIX_PATH}:/home/rats/turtlebot3_ws/install/multicontrol:/home/rats/turtlebot3_ws/install/turtlebot3_teleop:/home/rats/turtlebot3_ws/install/turtlebot3_example:/opt/ros/humble /usr/bin/cmake --build /home/rats/turtlebot3_ws/build/turtlebot3_cartographer -- -j12 -l12
[0.657s] Invoking command in '/home/rats/turtlebot3_ws/build/turtlebot3_cartographer': CMAKE_PREFIX_PATH=${CMAKE_PREFIX_PATH}:/home/rats/turtlebot3_ws/install/multicontrol:/home/rats/turtlebot3_ws/install/turtlebot3_teleop:/home/rats/turtlebot3_ws/install/turtlebot3_example:/opt/ros/humble /usr/bin/cmake --install /home/rats/turtlebot3_ws/build/turtlebot3_cartographer
[0.665s] -- Install configuration: ""
[0.667s] -- Execute custom install script
[0.667s] -- Up-to-date symlink: /home/rats/turtlebot3_ws/install/turtlebot3_cartographer/share/turtlebot3_cartographer/config/turtlebot3_lds_2d.lua
[0.669s] -- Up-to-date symlink: /home/rats/turtlebot3_ws/install/turtlebot3_cartographer/share/turtlebot3_cartographer/launch/cartographer.launch.py
[0.669s] -- Up-to-date symlink: /home/rats/turtlebot3_ws/install/turtlebot3_cartographer/share/turtlebot3_cartographer/launch/occupancy_grid.launch.py
[0.669s] -- Up-to-date symlink: /home/rats/turtlebot3_ws/install/turtlebot3_cartographer/share/turtlebot3_cartographer/rviz/tb3_cartographer.rviz
[0.670s] -- Up-to-date symlink: /home/rats/turtlebot3_ws/install/turtlebot3_cartographer/share/ament_index/resource_index/package_run_dependencies/turtlebot3_cartographer
[0.670s] -- Up-to-date symlink: /home/rats/turtlebot3_ws/install/turtlebot3_cartographer/share/ament_index/resource_index/parent_prefix_path/turtlebot3_cartographer
[0.670s] -- Up-to-date symlink: /home/rats/turtlebot3_ws/install/turtlebot3_cartographer/share/turtlebot3_cartographer/environment/ament_prefix_path.sh
[0.670s] -- Up-to-date symlink: /home/rats/turtlebot3_ws/install/turtlebot3_cartographer/share/turtlebot3_cartographer/environment/ament_prefix_path.dsv
[0.670s] -- Up-to-date symlink: /home/rats/turtlebot3_ws/install/turtlebot3_cartographer/share/turtlebot3_cartographer/environment/path.sh
[0.670s] -- Up-to-date symlink: /home/rats/turtlebot3_ws/install/turtlebot3_cartographer/share/turtlebot3_cartographer/environment/path.dsv
[0.670s] -- Up-to-date symlink: /home/rats/turtlebot3_ws/install/turtlebot3_cartographer/share/turtlebot3_cartographer/local_setup.bash
[0.670s] -- Up-to-date symlink: /home/rats/turtlebot3_ws/install/turtlebot3_cartographer/share/turtlebot3_cartographer/local_setup.sh
[0.670s] -- Up-to-date symlink: /home/rats/turtlebot3_ws/install/turtlebot3_cartographer/share/turtlebot3_cartographer/local_setup.zsh
[0.670s] -- Up-to-date symlink: /home/rats/turtlebot3_ws/install/turtlebot3_cartographer/share/turtlebot3_cartographer/local_setup.dsv
[0.670s] -- Symlinking: /home/rats/turtlebot3_ws/install/turtlebot3_cartographer/share/turtlebot3_cartographer/package.dsv
[0.678s] -- Up-to-date symlink: /home/rats/turtlebot3_ws/install/turtlebot3_cartographer/share/ament_index/resource_index/packages/turtlebot3_cartographer
[0.678s] -- Up-to-date symlink: /home/rats/turtlebot3_ws/install/turtlebot3_cartographer/share/turtlebot3_cartographer/cmake/turtlebot3_cartographerConfig.cmake
[0.678s] -- Up-to-date symlink: /home/rats/turtlebot3_ws/install/turtlebot3_cartographer/share/turtlebot3_cartographer/cmake/turtlebot3_cartographerConfig-version.cmake
[0.678s] -- Up-to-date symlink: /home/rats/turtlebot3_ws/install/turtlebot3_cartographer/share/turtlebot3_cartographer/package.xml
[0.701s] Invoked command in '/home/rats/turtlebot3_ws/build/turtlebot3_cartographer' returned '0': CMAKE_PREFIX_PATH=${CMAKE_PREFIX_PATH}:/home/rats/turtlebot3_ws/install/multicontrol:/home/rats/turtlebot3_ws/install/turtlebot3_teleop:/home/rats/turtlebot3_ws/install/turtlebot3_example:/opt/ros/humble /usr/bin/cmake --install /home/rats/turtlebot3_ws/build/turtlebot3_cartographer
