[0.088s] Invoking command in '/home/robotics/desktop_ws/build/turtlebot3_description': CMAKE_PREFIX_PATH=${CMAKE_PREFIX_PATH}:/home/robotics/pi_ws/install/turtlebot3_teleop:/home/robotics/pi_ws/install/turtlebot3_example:/home/robotics/pi_ws/install/piSub:/home/robotics/desktop_ws/install/turtlebot3_teleop:/home/robotics/desktop_ws/install/turtlebot3_example:/home/robotics/desktop_ws/install/test_auto:/home/robotics/desktop_ws/install/multicontrol:/opt/ros/humble /usr/bin/cmake /home/robotics/desktop_ws/src/turtlebot3/turtlebot3_description -DCMAKE_INSTALL_PREFIX=/home/robotics/desktop_ws/install/turtlebot3_description
[1.476s] -- The C compiler identification is GNU 11.4.0
[2.491s] -- The CXX compiler identification is GNU 11.4.0
[2.592s] -- Detecting C compiler ABI info
[3.437s] -- Detecting C compiler ABI info - done
[3.469s] -- Check for working C compiler: /usr/bin/cc - skipped
[3.470s] -- Detecting C compile features
[3.472s] -- Detecting C compile features - done
[3.489s] -- Detecting CXX compiler ABI info
[4.170s] -- Detecting CXX compiler ABI info - done
[4.201s] -- Check for working CXX compiler: /usr/bin/c++ - skipped
[4.205s] -- Detecting CXX compile features
[4.210s] -- Detecting CXX compile features - done
[4.238s] -- Found ament_cmake: 1.3.12 (/opt/ros/humble/share/ament_cmake/cmake)
[6.769s] -- Found Python3: /usr/bin/python3 (found version "3.10.12") found components: Interpreter 
[7.552s] -- Found urdf: 2.6.1 (/opt/ros/humble/share/urdf/cmake)
[8.366s] -- Configuring done
[8.386s] -- Generating done
[8.396s] -- Build files have been written to: /home/robotics/desktop_ws/build/turtlebot3_description
[8.416s] Invoked command in '/home/robotics/desktop_ws/build/turtlebot3_description' returned '0': CMAKE_PREFIX_PATH=${CMAKE_PREFIX_PATH}:/home/robotics/pi_ws/install/turtlebot3_teleop:/home/robotics/pi_ws/install/turtlebot3_example:/home/robotics/pi_ws/install/piSub:/home/robotics/desktop_ws/install/turtlebot3_teleop:/home/robotics/desktop_ws/install/turtlebot3_example:/home/robotics/desktop_ws/install/test_auto:/home/robotics/desktop_ws/install/multicontrol:/opt/ros/humble /usr/bin/cmake /home/robotics/desktop_ws/src/turtlebot3/turtlebot3_description -DCMAKE_INSTALL_PREFIX=/home/robotics/desktop_ws/install/turtlebot3_description
[8.426s] Invoking command in '/home/robotics/desktop_ws/build/turtlebot3_description': CMAKE_PREFIX_PATH=${CMAKE_PREFIX_PATH}:/home/robotics/pi_ws/install/turtlebot3_teleop:/home/robotics/pi_ws/install/turtlebot3_example:/home/robotics/pi_ws/install/piSub:/home/robotics/desktop_ws/install/turtlebot3_teleop:/home/robotics/desktop_ws/install/turtlebot3_example:/home/robotics/desktop_ws/install/test_auto:/home/robotics/desktop_ws/install/multicontrol:/opt/ros/humble /usr/bin/cmake --build /home/robotics/desktop_ws/build/turtlebot3_description -- -j4 -l4
[8.612s] Invoked command in '/home/robotics/desktop_ws/build/turtlebot3_description' returned '0': CMAKE_PREFIX_PATH=${CMAKE_PREFIX_PATH}:/home/robotics/pi_ws/install/turtlebot3_teleop:/home/robotics/pi_ws/install/turtlebot3_example:/home/robotics/pi_ws/install/piSub:/home/robotics/desktop_ws/install/turtlebot3_teleop:/home/robotics/desktop_ws/install/turtlebot3_example:/home/robotics/desktop_ws/install/test_auto:/home/robotics/desktop_ws/install/multicontrol:/opt/ros/humble /usr/bin/cmake --build /home/robotics/desktop_ws/build/turtlebot3_description -- -j4 -l4
[8.663s] Invoking command in '/home/robotics/desktop_ws/build/turtlebot3_description': CMAKE_PREFIX_PATH=${CMAKE_PREFIX_PATH}:/home/robotics/pi_ws/install/turtlebot3_teleop:/home/robotics/pi_ws/install/turtlebot3_example:/home/robotics/pi_ws/install/piSub:/home/robotics/desktop_ws/install/turtlebot3_teleop:/home/robotics/desktop_ws/install/turtlebot3_example:/home/robotics/desktop_ws/install/test_auto:/home/robotics/desktop_ws/install/multicontrol:/opt/ros/humble /usr/bin/cmake --install /home/robotics/desktop_ws/build/turtlebot3_description
[8.721s] -- Install configuration: ""
[8.721s] -- Installing: /home/robotics/desktop_ws/install/turtlebot3_description/share/turtlebot3_description/meshes
[8.730s] -- Installing: /home/robotics/desktop_ws/install/turtlebot3_description/share/turtlebot3_description/meshes/bases
[8.734s] -- Installing: /home/robotics/desktop_ws/install/turtlebot3_description/share/turtlebot3_description/meshes/bases/waffle_base.stl
[12.495s] -- Installing: /home/robotics/desktop_ws/install/turtlebot3_description/share/turtlebot3_description/meshes/bases/waffle_pi_base.stl
[12.812s] -- Installing: /home/robotics/desktop_ws/install/turtlebot3_description/share/turtlebot3_description/meshes/bases/burger_base.stl
[12.974s] -- Installing: /home/robotics/desktop_ws/install/turtlebot3_description/share/turtlebot3_description/meshes/sensors
[12.975s] -- Installing: /home/robotics/desktop_ws/install/turtlebot3_description/share/turtlebot3_description/meshes/sensors/lds.stl
[13.005s] -- Installing: /home/robotics/desktop_ws/install/turtlebot3_description/share/turtlebot3_description/meshes/sensors/r200.dae
[13.029s] -- Installing: /home/robotics/desktop_ws/install/turtlebot3_description/share/turtlebot3_description/meshes/sensors/astra.dae
[13.273s] -- Installing: /home/robotics/desktop_ws/install/turtlebot3_description/share/turtlebot3_description/meshes/sensors/r200.jpg
[13.277s] -- Installing: /home/robotics/desktop_ws/install/turtlebot3_description/share/turtlebot3_description/meshes/sensors/astra.jpg
[13.282s] -- Installing: /home/robotics/desktop_ws/install/turtlebot3_description/share/turtlebot3_description/meshes/wheels
[13.285s] -- Installing: /home/robotics/desktop_ws/install/turtlebot3_description/share/turtlebot3_description/meshes/wheels/right_tire.stl
[13.320s] -- Installing: /home/robotics/desktop_ws/install/turtlebot3_description/share/turtlebot3_description/meshes/wheels/left_tire.stl
[13.359s] -- Installing: /home/robotics/desktop_ws/install/turtlebot3_description/share/turtlebot3_description/rviz
[13.364s] -- Installing: /home/robotics/desktop_ws/install/turtlebot3_description/share/turtlebot3_description/rviz/model.rviz
[13.369s] -- Installing: /home/robotics/desktop_ws/install/turtlebot3_description/share/turtlebot3_description/urdf
[13.373s] -- Installing: /home/robotics/desktop_ws/install/turtlebot3_description/share/turtlebot3_description/urdf/common_properties.urdf
[13.378s] -- Installing: /home/robotics/desktop_ws/install/turtlebot3_description/share/turtlebot3_description/urdf/turtlebot3_waffle_pi.urdf
[13.392s] -- Installing: /home/robotics/desktop_ws/install/turtlebot3_description/share/turtlebot3_description/urdf/turtlebot3_burger.urdf
[13.397s] -- Installing: /home/robotics/desktop_ws/install/turtlebot3_description/share/turtlebot3_description/urdf/turtlebot3_waffle.urdf
[13.405s] -- Installing: /home/robotics/desktop_ws/install/turtlebot3_description/share/ament_index/resource_index/package_run_dependencies/turtlebot3_description
[13.409s] -- Installing: /home/robotics/desktop_ws/install/turtlebot3_description/share/ament_index/resource_index/parent_prefix_path/turtlebot3_description
[13.420s] -- Installing: /home/robotics/desktop_ws/install/turtlebot3_description/share/turtlebot3_description/environment/ament_prefix_path.sh
[13.423s] -- Installing: /home/robotics/desktop_ws/install/turtlebot3_description/share/turtlebot3_description/environment/ament_prefix_path.dsv
[13.432s] -- Installing: /home/robotics/desktop_ws/install/turtlebot3_description/share/turtlebot3_description/environment/path.sh
[13.434s] -- Installing: /home/robotics/desktop_ws/install/turtlebot3_description/share/turtlebot3_description/environment/path.dsv
[13.439s] -- Installing: /home/robotics/desktop_ws/install/turtlebot3_description/share/turtlebot3_description/local_setup.bash
[13.452s] -- Installing: /home/robotics/desktop_ws/install/turtlebot3_description/share/turtlebot3_description/local_setup.sh
[13.455s] -- Installing: /home/robotics/desktop_ws/install/turtlebot3_description/share/turtlebot3_description/local_setup.zsh
[13.459s] -- Installing: /home/robotics/desktop_ws/install/turtlebot3_description/share/turtlebot3_description/local_setup.dsv
[13.462s] -- Installing: /home/robotics/desktop_ws/install/turtlebot3_description/share/turtlebot3_description/package.dsv
[13.465s] -- Installing: /home/robotics/desktop_ws/install/turtlebot3_description/share/ament_index/resource_index/packages/turtlebot3_description
[13.468s] -- Installing: /home/robotics/desktop_ws/install/turtlebot3_description/share/turtlebot3_description/cmake/turtlebot3_descriptionConfig.cmake
[13.480s] -- Installing: /home/robotics/desktop_ws/install/turtlebot3_description/share/turtlebot3_description/cmake/turtlebot3_descriptionConfig-version.cmake
[13.482s] -- Installing: /home/robotics/desktop_ws/install/turtlebot3_description/share/turtlebot3_description/package.xml
[13.503s] Invoked command in '/home/robotics/desktop_ws/build/turtlebot3_description' returned '0': CMAKE_PREFIX_PATH=${CMAKE_PREFIX_PATH}:/home/robotics/pi_ws/install/turtlebot3_teleop:/home/robotics/pi_ws/install/turtlebot3_example:/home/robotics/pi_ws/install/piSub:/home/robotics/desktop_ws/install/turtlebot3_teleop:/home/robotics/desktop_ws/install/turtlebot3_example:/home/robotics/desktop_ws/install/test_auto:/home/robotics/desktop_ws/install/multicontrol:/opt/ros/humble /usr/bin/cmake --install /home/robotics/desktop_ws/build/turtlebot3_description
