[0.155s] Invoking command in '/home/robotics/desktop_ws/build/turtlebot3_msgs': CMAKE_PREFIX_PATH=${CMAKE_PREFIX_PATH}:/home/robotics/desktop_ws/install/turtlebot3_teleop:/home/robotics/desktop_ws/install/turtlebot3_example:/home/robotics/desktop_ws/install/test_auto:/home/robotics/desktop_ws/install/multicontrol:/home/robotics/pi_ws/install/turtlebot3_teleop:/home/robotics/pi_ws/install/turtlebot3_example:/home/robotics/pi_ws/install/piSub:/opt/ros/humble /usr/bin/cmake --build /home/robotics/desktop_ws/build/turtlebot3_msgs -- -j4 -l4
[0.717s] [  1%] Built target turtlebot3_msgs__cpp
[0.765s] [35m[1mConsolidate compiler generated dependencies of target turtlebot3_msgs__rosidl_generator_c[0m
[0.873s] [  1%] Built target ament_cmake_python_copy_turtlebot3_msgs
[1.047s] [35m[1mConsolidate compiler generated dependencies of target turtlebot3_msgs__rosidl_typesupport_cpp[0m
[1.056s] [35m[1mConsolidate compiler generated dependencies of target turtlebot3_msgs__rosidl_typesupport_fastrtps_cpp[0m
[1.140s] [ 12%] Built target turtlebot3_msgs__rosidl_generator_c
[1.311s] [35m[1mConsolidate compiler generated dependencies of target turtlebot3_msgs__rosidl_typesupport_introspection_cpp[0m
[1.426s] [ 24%] Built target turtlebot3_msgs__rosidl_typesupport_fastrtps_cpp
[1.444s] [ 35%] Built target turtlebot3_msgs__rosidl_typesupport_cpp
[1.582s] [ 46%] Built target turtlebot3_msgs__rosidl_typesupport_introspection_cpp
[1.609s] [35m[1mConsolidate compiler generated dependencies of target turtlebot3_msgs__rosidl_typesupport_fastrtps_c[0m
[1.686s] [35m[1mConsolidate compiler generated dependencies of target turtlebot3_msgs__rosidl_typesupport_introspection_c[0m
[1.796s] [35m[1mConsolidate compiler generated dependencies of target turtlebot3_msgs__rosidl_typesupport_c[0m
[1.855s] [ 58%] Built target turtlebot3_msgs__rosidl_typesupport_fastrtps_c
[1.897s] [ 69%] Built target turtlebot3_msgs__rosidl_typesupport_introspection_c
[2.000s] [ 81%] Built target turtlebot3_msgs__rosidl_typesupport_c
[2.246s] [ 81%] Built target turtlebot3_msgs
[2.594s] [ 82%] Built target turtlebot3_msgs__py
[2.809s] [35m[1mConsolidate compiler generated dependencies of target turtlebot3_msgs__rosidl_generator_py[0m
[3.024s] [ 92%] Built target turtlebot3_msgs__rosidl_generator_py
[3.146s] [35m[1mConsolidate compiler generated dependencies of target turtlebot3_msgs__rosidl_typesupport_fastrtps_c__pyext[0m
[3.223s] [35m[1mConsolidate compiler generated dependencies of target turtlebot3_msgs__rosidl_typesupport_c__pyext[0m
[3.226s] [35m[1mConsolidate compiler generated dependencies of target turtlebot3_msgs__rosidl_typesupport_introspection_c__pyext[0m
[3.271s] [ 94%] Built target turtlebot3_msgs__rosidl_typesupport_fastrtps_c__pyext
[3.374s] [ 97%] Built target turtlebot3_msgs__rosidl_typesupport_c__pyext
[3.403s] running egg_info
[3.406s] [100%] Built target turtlebot3_msgs__rosidl_typesupport_introspection_c__pyext
[3.408s] writing turtlebot3_msgs.egg-info/PKG-INFO
[3.411s] writing dependency_links to turtlebot3_msgs.egg-info/dependency_links.txt
[3.414s] writing top-level names to turtlebot3_msgs.egg-info/top_level.txt
[3.440s] reading manifest file 'turtlebot3_msgs.egg-info/SOURCES.txt'
[3.446s] writing manifest file 'turtlebot3_msgs.egg-info/SOURCES.txt'
[3.644s] [100%] Built target ament_cmake_python_build_turtlebot3_msgs_egg
[4.512s] Invoked command in '/home/robotics/desktop_ws/build/turtlebot3_msgs' returned '0': CMAKE_PREFIX_PATH=${CMAKE_PREFIX_PATH}:/home/robotics/desktop_ws/install/turtlebot3_teleop:/home/robotics/desktop_ws/install/turtlebot3_example:/home/robotics/desktop_ws/install/test_auto:/home/robotics/desktop_ws/install/multicontrol:/home/robotics/pi_ws/install/turtlebot3_teleop:/home/robotics/pi_ws/install/turtlebot3_example:/home/robotics/pi_ws/install/piSub:/opt/ros/humble /usr/bin/cmake --build /home/robotics/desktop_ws/build/turtlebot3_msgs -- -j4 -l4
[4.526s] Invoking command in '/home/robotics/desktop_ws/build/turtlebot3_msgs': CMAKE_PREFIX_PATH=${CMAKE_PREFIX_PATH}:/home/robotics/desktop_ws/install/turtlebot3_teleop:/home/robotics/desktop_ws/install/turtlebot3_example:/home/robotics/desktop_ws/install/test_auto:/home/robotics/desktop_ws/install/multicontrol:/home/robotics/pi_ws/install/turtlebot3_teleop:/home/robotics/pi_ws/install/turtlebot3_example:/home/robotics/pi_ws/install/piSub:/opt/ros/humble /usr/bin/cmake --install /home/robotics/desktop_ws/build/turtlebot3_msgs
[4.570s] -- Install configuration: ""
[4.572s] -- Up-to-date: /home/robotics/desktop_ws/install/turtlebot3_msgs/share/ament_index/resource_index/rosidl_interfaces/turtlebot3_msgs
[4.573s] -- Up-to-date: /home/robotics/desktop_ws/install/turtlebot3_msgs/include/turtlebot3_msgs/turtlebot3_msgs
[4.578s] -- Up-to-date: /home/robotics/desktop_ws/install/turtlebot3_msgs/include/turtlebot3_msgs/turtlebot3_msgs/action
[4.584s] -- Up-to-date: /home/robotics/desktop_ws/install/turtlebot3_msgs/include/turtlebot3_msgs/turtlebot3_msgs/action/patrol.h
[4.584s] -- Up-to-date: /home/robotics/desktop_ws/install/turtlebot3_msgs/include/turtlebot3_msgs/turtlebot3_msgs/action/detail
[4.588s] -- Up-to-date: /home/robotics/desktop_ws/install/turtlebot3_msgs/include/turtlebot3_msgs/turtlebot3_msgs/action/detail/patrol__functions.h
[4.599s] -- Up-to-date: /home/robotics/desktop_ws/install/turtlebot3_msgs/include/turtlebot3_msgs/turtlebot3_msgs/action/detail/patrol__struct.h
[4.600s] -- Up-to-date: /home/robotics/desktop_ws/install/turtlebot3_msgs/include/turtlebot3_msgs/turtlebot3_msgs/action/detail/patrol__type_support.h
[4.601s] -- Up-to-date: /home/robotics/desktop_ws/install/turtlebot3_msgs/include/turtlebot3_msgs/turtlebot3_msgs/action/detail/patrol__functions.c
[4.601s] -- Up-to-date: /home/robotics/desktop_ws/install/turtlebot3_msgs/include/turtlebot3_msgs/turtlebot3_msgs/msg
[4.602s] -- Up-to-date: /home/robotics/desktop_ws/install/turtlebot3_msgs/include/turtlebot3_msgs/turtlebot3_msgs/msg/sound.h
[4.602s] -- Up-to-date: /home/robotics/desktop_ws/install/turtlebot3_msgs/include/turtlebot3_msgs/turtlebot3_msgs/msg/sensor_state.h
[4.603s] -- Up-to-date: /home/robotics/desktop_ws/install/turtlebot3_msgs/include/turtlebot3_msgs/turtlebot3_msgs/msg/version_info.h
[4.615s] -- Up-to-date: /home/robotics/desktop_ws/install/turtlebot3_msgs/include/turtlebot3_msgs/turtlebot3_msgs/msg/rosidl_generator_c__visibility_control.h
[4.615s] -- Up-to-date: /home/robotics/desktop_ws/install/turtlebot3_msgs/include/turtlebot3_msgs/turtlebot3_msgs/msg/detail
[4.616s] -- Up-to-date: /home/robotics/desktop_ws/install/turtlebot3_msgs/include/turtlebot3_msgs/turtlebot3_msgs/msg/detail/version_info__type_support.h
[4.616s] -- Up-to-date: /home/robotics/desktop_ws/install/turtlebot3_msgs/include/turtlebot3_msgs/turtlebot3_msgs/msg/detail/sound__functions.c
[4.618s] -- Up-to-date: /home/robotics/desktop_ws/install/turtlebot3_msgs/include/turtlebot3_msgs/turtlebot3_msgs/msg/detail/sensor_state__struct.h
[4.619s] -- Up-to-date: /home/robotics/desktop_ws/install/turtlebot3_msgs/include/turtlebot3_msgs/turtlebot3_msgs/msg/detail/version_info__functions.h
[4.620s] -- Up-to-date: /home/robotics/desktop_ws/install/turtlebot3_msgs/include/turtlebot3_msgs/turtlebot3_msgs/msg/detail/sound__functions.h
[4.621s] -- Up-to-date: /home/robotics/desktop_ws/install/turtlebot3_msgs/include/turtlebot3_msgs/turtlebot3_msgs/msg/detail/sound__type_support.h
[4.621s] -- Up-to-date: /home/robotics/desktop_ws/install/turtlebot3_msgs/include/turtlebot3_msgs/turtlebot3_msgs/msg/detail/sensor_state__functions.c
[4.622s] -- Up-to-date: /home/robotics/desktop_ws/install/turtlebot3_msgs/include/turtlebot3_msgs/turtlebot3_msgs/msg/detail/sound__struct.h
[4.623s] -- Up-to-date: /home/robotics/desktop_ws/install/turtlebot3_msgs/include/turtlebot3_msgs/turtlebot3_msgs/msg/detail/sensor_state__functions.h
[4.624s] -- Up-to-date: /home/robotics/desktop_ws/install/turtlebot3_msgs/include/turtlebot3_msgs/turtlebot3_msgs/msg/detail/version_info__struct.h
[4.625s] -- Up-to-date: /home/robotics/desktop_ws/install/turtlebot3_msgs/include/turtlebot3_msgs/turtlebot3_msgs/msg/detail/sensor_state__type_support.h
[4.626s] -- Up-to-date: /home/robotics/desktop_ws/install/turtlebot3_msgs/include/turtlebot3_msgs/turtlebot3_msgs/msg/detail/version_info__functions.c
[4.626s] -- Up-to-date: /home/robotics/desktop_ws/install/turtlebot3_msgs/include/turtlebot3_msgs/turtlebot3_msgs/srv
[4.628s] -- Up-to-date: /home/robotics/desktop_ws/install/turtlebot3_msgs/include/turtlebot3_msgs/turtlebot3_msgs/srv/sound.h
[4.636s] -- Up-to-date: /home/robotics/desktop_ws/install/turtlebot3_msgs/include/turtlebot3_msgs/turtlebot3_msgs/srv/dqn.h
[4.637s] -- Up-to-date: /home/robotics/desktop_ws/install/turtlebot3_msgs/include/turtlebot3_msgs/turtlebot3_msgs/srv/goal.h
[4.637s] -- Up-to-date: /home/robotics/desktop_ws/install/turtlebot3_msgs/include/turtlebot3_msgs/turtlebot3_msgs/srv/detail
[4.638s] -- Up-to-date: /home/robotics/desktop_ws/install/turtlebot3_msgs/include/turtlebot3_msgs/turtlebot3_msgs/srv/detail/dqn__functions.c
[4.639s] -- Up-to-date: /home/robotics/desktop_ws/install/turtlebot3_msgs/include/turtlebot3_msgs/turtlebot3_msgs/srv/detail/sound__functions.c
[4.639s] -- Up-to-date: /home/robotics/desktop_ws/install/turtlebot3_msgs/include/turtlebot3_msgs/turtlebot3_msgs/srv/detail/dqn__type_support.h
[4.639s] -- Up-to-date: /home/robotics/desktop_ws/install/turtlebot3_msgs/include/turtlebot3_msgs/turtlebot3_msgs/srv/detail/goal__struct.h
[4.640s] -- Up-to-date: /home/robotics/desktop_ws/install/turtlebot3_msgs/include/turtlebot3_msgs/turtlebot3_msgs/srv/detail/goal__functions.h
[4.641s] -- Up-to-date: /home/robotics/desktop_ws/install/turtlebot3_msgs/include/turtlebot3_msgs/turtlebot3_msgs/srv/detail/sound__functions.h
[4.641s] -- Up-to-date: /home/robotics/desktop_ws/install/turtlebot3_msgs/include/turtlebot3_msgs/turtlebot3_msgs/srv/detail/dqn__functions.h
[4.642s] -- Up-to-date: /home/robotics/desktop_ws/install/turtlebot3_msgs/include/turtlebot3_msgs/turtlebot3_msgs/srv/detail/sound__type_support.h
[4.642s] -- Up-to-date: /home/robotics/desktop_ws/install/turtlebot3_msgs/include/turtlebot3_msgs/turtlebot3_msgs/srv/detail/goal__functions.c
[4.643s] -- Up-to-date: /home/robotics/desktop_ws/install/turtlebot3_msgs/include/turtlebot3_msgs/turtlebot3_msgs/srv/detail/dqn__struct.h
[4.647s] -- Up-to-date: /home/robotics/desktop_ws/install/turtlebot3_msgs/include/turtlebot3_msgs/turtlebot3_msgs/srv/detail/sound__struct.h
[4.648s] -- Up-to-date: /home/robotics/desktop_ws/install/turtlebot3_msgs/include/turtlebot3_msgs/turtlebot3_msgs/srv/detail/goal__type_support.h
[4.649s] -- Up-to-date: /home/robotics/desktop_ws/install/turtlebot3_msgs/share/turtlebot3_msgs/environment/library_path.sh
[4.651s] -- Up-to-date: /home/robotics/desktop_ws/install/turtlebot3_msgs/share/turtlebot3_msgs/environment/library_path.dsv
[4.659s] -- Up-to-date: /home/robotics/desktop_ws/install/turtlebot3_msgs/lib/libturtlebot3_msgs__rosidl_generator_c.so
[4.675s] -- Up-to-date: /home/robotics/desktop_ws/install/turtlebot3_msgs/include/turtlebot3_msgs/turtlebot3_msgs
[4.686s] -- Up-to-date: /home/robotics/desktop_ws/install/turtlebot3_msgs/include/turtlebot3_msgs/turtlebot3_msgs/action
[4.688s] -- Up-to-date: /home/robotics/desktop_ws/install/turtlebot3_msgs/include/turtlebot3_msgs/turtlebot3_msgs/action/detail
[4.690s] -- Up-to-date: /home/robotics/desktop_ws/install/turtlebot3_msgs/include/turtlebot3_msgs/turtlebot3_msgs/action/detail/patrol__rosidl_typesupport_fastrtps_c.h
[4.691s] -- Up-to-date: /home/robotics/desktop_ws/install/turtlebot3_msgs/include/turtlebot3_msgs/turtlebot3_msgs/msg
[4.692s] -- Up-to-date: /home/robotics/desktop_ws/install/turtlebot3_msgs/include/turtlebot3_msgs/turtlebot3_msgs/msg/rosidl_typesupport_fastrtps_c__visibility_control.h
[4.694s] -- Up-to-date: /home/robotics/desktop_ws/install/turtlebot3_msgs/include/turtlebot3_msgs/turtlebot3_msgs/msg/detail
[4.695s] -- Up-to-date: /home/robotics/desktop_ws/install/turtlebot3_msgs/include/turtlebot3_msgs/turtlebot3_msgs/msg/detail/sensor_state__rosidl_typesupport_fastrtps_c.h
[4.696s] -- Up-to-date: /home/robotics/desktop_ws/install/turtlebot3_msgs/include/turtlebot3_msgs/turtlebot3_msgs/msg/detail/sound__rosidl_typesupport_fastrtps_c.h
[4.697s] -- Up-to-date: /home/robotics/desktop_ws/install/turtlebot3_msgs/include/turtlebot3_msgs/turtlebot3_msgs/msg/detail/version_info__rosidl_typesupport_fastrtps_c.h
[4.698s] -- Up-to-date: /home/robotics/desktop_ws/install/turtlebot3_msgs/include/turtlebot3_msgs/turtlebot3_msgs/srv
[4.699s] -- Up-to-date: /home/robotics/desktop_ws/install/turtlebot3_msgs/include/turtlebot3_msgs/turtlebot3_msgs/srv/detail
[4.699s] -- Up-to-date: /home/robotics/desktop_ws/install/turtlebot3_msgs/include/turtlebot3_msgs/turtlebot3_msgs/srv/detail/goal__rosidl_typesupport_fastrtps_c.h
[4.700s] -- Up-to-date: /home/robotics/desktop_ws/install/turtlebot3_msgs/include/turtlebot3_msgs/turtlebot3_msgs/srv/detail/dqn__rosidl_typesupport_fastrtps_c.h
[4.700s] -- Up-to-date: /home/robotics/desktop_ws/install/turtlebot3_msgs/include/turtlebot3_msgs/turtlebot3_msgs/srv/detail/sound__rosidl_typesupport_fastrtps_c.h
[4.712s] -- Up-to-date: /home/robotics/desktop_ws/install/turtlebot3_msgs/lib/libturtlebot3_msgs__rosidl_typesupport_fastrtps_c.so
[4.714s] -- Up-to-date: /home/robotics/desktop_ws/install/turtlebot3_msgs/include/turtlebot3_msgs/turtlebot3_msgs
[4.716s] -- Up-to-date: /home/robotics/desktop_ws/install/turtlebot3_msgs/include/turtlebot3_msgs/turtlebot3_msgs/action
[4.719s] -- Up-to-date: /home/robotics/desktop_ws/install/turtlebot3_msgs/include/turtlebot3_msgs/turtlebot3_msgs/action/patrol.hpp
[4.720s] -- Up-to-date: /home/robotics/desktop_ws/install/turtlebot3_msgs/include/turtlebot3_msgs/turtlebot3_msgs/action/detail
[4.725s] -- Up-to-date: /home/robotics/desktop_ws/install/turtlebot3_msgs/include/turtlebot3_msgs/turtlebot3_msgs/action/detail/patrol__type_support.hpp
[4.726s] -- Up-to-date: /home/robotics/desktop_ws/install/turtlebot3_msgs/include/turtlebot3_msgs/turtlebot3_msgs/action/detail/patrol__traits.hpp
[4.727s] -- Up-to-date: /home/robotics/desktop_ws/install/turtlebot3_msgs/include/turtlebot3_msgs/turtlebot3_msgs/action/detail/patrol__struct.hpp
[4.728s] -- Up-to-date: /home/robotics/desktop_ws/install/turtlebot3_msgs/include/turtlebot3_msgs/turtlebot3_msgs/action/detail/patrol__builder.hpp
[4.730s] -- Up-to-date: /home/robotics/desktop_ws/install/turtlebot3_msgs/include/turtlebot3_msgs/turtlebot3_msgs/msg
[4.734s] -- Up-to-date: /home/robotics/desktop_ws/install/turtlebot3_msgs/include/turtlebot3_msgs/turtlebot3_msgs/msg/sound.hpp
[4.734s] -- Up-to-date: /home/robotics/desktop_ws/install/turtlebot3_msgs/include/turtlebot3_msgs/turtlebot3_msgs/msg/detail
[4.736s] -- Up-to-date: /home/robotics/desktop_ws/install/turtlebot3_msgs/include/turtlebot3_msgs/turtlebot3_msgs/msg/detail/sound__traits.hpp
[4.736s] -- Up-to-date: /home/robotics/desktop_ws/install/turtlebot3_msgs/include/turtlebot3_msgs/turtlebot3_msgs/msg/detail/sensor_state__traits.hpp
[4.737s] -- Up-to-date: /home/robotics/desktop_ws/install/turtlebot3_msgs/include/turtlebot3_msgs/turtlebot3_msgs/msg/detail/version_info__struct.hpp
[4.738s] -- Up-to-date: /home/robotics/desktop_ws/install/turtlebot3_msgs/include/turtlebot3_msgs/turtlebot3_msgs/msg/detail/sound__type_support.hpp
[4.740s] -- Up-to-date: /home/robotics/desktop_ws/install/turtlebot3_msgs/include/turtlebot3_msgs/turtlebot3_msgs/msg/detail/sound__builder.hpp
[4.742s] -- Up-to-date: /home/robotics/desktop_ws/install/turtlebot3_msgs/include/turtlebot3_msgs/turtlebot3_msgs/msg/detail/sensor_state__type_support.hpp
[4.743s] -- Up-to-date: /home/robotics/desktop_ws/install/turtlebot3_msgs/include/turtlebot3_msgs/turtlebot3_msgs/msg/detail/sensor_state__builder.hpp
[4.744s] -- Up-to-date: /home/robotics/desktop_ws/install/turtlebot3_msgs/include/turtlebot3_msgs/turtlebot3_msgs/msg/detail/sound__struct.hpp
[4.746s] -- Up-to-date: /home/robotics/desktop_ws/install/turtlebot3_msgs/include/turtlebot3_msgs/turtlebot3_msgs/msg/detail/version_info__builder.hpp
[4.747s] -- Up-to-date: /home/robotics/desktop_ws/install/turtlebot3_msgs/include/turtlebot3_msgs/turtlebot3_msgs/msg/detail/version_info__type_support.hpp
[4.747s] -- Up-to-date: /home/robotics/desktop_ws/install/turtlebot3_msgs/include/turtlebot3_msgs/turtlebot3_msgs/msg/detail/version_info__traits.hpp
[4.748s] -- Up-to-date: /home/robotics/desktop_ws/install/turtlebot3_msgs/include/turtlebot3_msgs/turtlebot3_msgs/msg/detail/sensor_state__struct.hpp
[4.749s] -- Up-to-date: /home/robotics/desktop_ws/install/turtlebot3_msgs/include/turtlebot3_msgs/turtlebot3_msgs/msg/rosidl_generator_cpp__visibility_control.hpp
[4.750s] -- Up-to-date: /home/robotics/desktop_ws/install/turtlebot3_msgs/include/turtlebot3_msgs/turtlebot3_msgs/msg/version_info.hpp
[4.750s] -- Up-to-date: /home/robotics/desktop_ws/install/turtlebot3_msgs/include/turtlebot3_msgs/turtlebot3_msgs/msg/sensor_state.hpp
[4.750s] -- Up-to-date: /home/robotics/desktop_ws/install/turtlebot3_msgs/include/turtlebot3_msgs/turtlebot3_msgs/srv
[4.751s] -- Up-to-date: /home/robotics/desktop_ws/install/turtlebot3_msgs/include/turtlebot3_msgs/turtlebot3_msgs/srv/goal.hpp
[4.752s] -- Up-to-date: /home/robotics/desktop_ws/install/turtlebot3_msgs/include/turtlebot3_msgs/turtlebot3_msgs/srv/sound.hpp
[4.752s] -- Up-to-date: /home/robotics/desktop_ws/install/turtlebot3_msgs/include/turtlebot3_msgs/turtlebot3_msgs/srv/dqn.hpp
[4.754s] -- Up-to-date: /home/robotics/desktop_ws/install/turtlebot3_msgs/include/turtlebot3_msgs/turtlebot3_msgs/srv/detail
[4.755s] -- Up-to-date: /home/robotics/desktop_ws/install/turtlebot3_msgs/include/turtlebot3_msgs/turtlebot3_msgs/srv/detail/sound__traits.hpp
[4.756s] -- Up-to-date: /home/robotics/desktop_ws/install/turtlebot3_msgs/include/turtlebot3_msgs/turtlebot3_msgs/srv/detail/goal__builder.hpp
[4.758s] -- Up-to-date: /home/robotics/desktop_ws/install/turtlebot3_msgs/include/turtlebot3_msgs/turtlebot3_msgs/srv/detail/dqn__struct.hpp
[4.759s] -- Up-to-date: /home/robotics/desktop_ws/install/turtlebot3_msgs/include/turtlebot3_msgs/turtlebot3_msgs/srv/detail/goal__struct.hpp
[4.760s] -- Up-to-date: /home/robotics/desktop_ws/install/turtlebot3_msgs/include/turtlebot3_msgs/turtlebot3_msgs/srv/detail/sound__type_support.hpp
[4.761s] -- Up-to-date: /home/robotics/desktop_ws/install/turtlebot3_msgs/include/turtlebot3_msgs/turtlebot3_msgs/srv/detail/goal__type_support.hpp
[4.761s] -- Up-to-date: /home/robotics/desktop_ws/install/turtlebot3_msgs/include/turtlebot3_msgs/turtlebot3_msgs/srv/detail/dqn__traits.hpp
[4.762s] -- Up-to-date: /home/robotics/desktop_ws/install/turtlebot3_msgs/include/turtlebot3_msgs/turtlebot3_msgs/srv/detail/sound__builder.hpp
[4.765s] -- Up-to-date: /home/robotics/desktop_ws/install/turtlebot3_msgs/include/turtlebot3_msgs/turtlebot3_msgs/srv/detail/sound__struct.hpp
[4.767s] -- Up-to-date: /home/robotics/desktop_ws/install/turtlebot3_msgs/include/turtlebot3_msgs/turtlebot3_msgs/srv/detail/dqn__builder.hpp
[4.768s] -- Up-to-date: /home/robotics/desktop_ws/install/turtlebot3_msgs/include/turtlebot3_msgs/turtlebot3_msgs/srv/detail/goal__traits.hpp
[4.769s] -- Up-to-date: /home/robotics/desktop_ws/install/turtlebot3_msgs/include/turtlebot3_msgs/turtlebot3_msgs/srv/detail/dqn__type_support.hpp
[4.771s] -- Up-to-date: /home/robotics/desktop_ws/install/turtlebot3_msgs/include/turtlebot3_msgs/turtlebot3_msgs
[4.772s] -- Up-to-date: /home/robotics/desktop_ws/install/turtlebot3_msgs/include/turtlebot3_msgs/turtlebot3_msgs/action
[4.773s] -- Up-to-date: /home/robotics/desktop_ws/install/turtlebot3_msgs/include/turtlebot3_msgs/turtlebot3_msgs/action/detail
[4.774s] -- Up-to-date: /home/robotics/desktop_ws/install/turtlebot3_msgs/include/turtlebot3_msgs/turtlebot3_msgs/action/detail/dds_fastrtps
[4.774s] -- Up-to-date: /home/robotics/desktop_ws/install/turtlebot3_msgs/include/turtlebot3_msgs/turtlebot3_msgs/action/detail/patrol__rosidl_typesupport_fastrtps_cpp.hpp
[4.775s] -- Up-to-date: /home/robotics/desktop_ws/install/turtlebot3_msgs/include/turtlebot3_msgs/turtlebot3_msgs/msg
[4.776s] -- Up-to-date: /home/robotics/desktop_ws/install/turtlebot3_msgs/include/turtlebot3_msgs/turtlebot3_msgs/msg/rosidl_typesupport_fastrtps_cpp__visibility_control.h
[4.777s] -- Up-to-date: /home/robotics/desktop_ws/install/turtlebot3_msgs/include/turtlebot3_msgs/turtlebot3_msgs/msg/detail
[4.777s] -- Up-to-date: /home/robotics/desktop_ws/install/turtlebot3_msgs/include/turtlebot3_msgs/turtlebot3_msgs/msg/detail/version_info__rosidl_typesupport_fastrtps_cpp.hpp
[4.778s] -- Up-to-date: /home/robotics/desktop_ws/install/turtlebot3_msgs/include/turtlebot3_msgs/turtlebot3_msgs/msg/detail/dds_fastrtps
[4.783s] -- Up-to-date: /home/robotics/desktop_ws/install/turtlebot3_msgs/include/turtlebot3_msgs/turtlebot3_msgs/msg/detail/sensor_state__rosidl_typesupport_fastrtps_cpp.hpp
[4.784s] -- Up-to-date: /home/robotics/desktop_ws/install/turtlebot3_msgs/include/turtlebot3_msgs/turtlebot3_msgs/msg/detail/sound__rosidl_typesupport_fastrtps_cpp.hpp
[4.785s] -- Up-to-date: /home/robotics/desktop_ws/install/turtlebot3_msgs/include/turtlebot3_msgs/turtlebot3_msgs/srv
[4.785s] -- Up-to-date: /home/robotics/desktop_ws/install/turtlebot3_msgs/include/turtlebot3_msgs/turtlebot3_msgs/srv/detail
[4.786s] -- Up-to-date: /home/robotics/desktop_ws/install/turtlebot3_msgs/include/turtlebot3_msgs/turtlebot3_msgs/srv/detail/dds_fastrtps
[4.786s] -- Up-to-date: /home/robotics/desktop_ws/install/turtlebot3_msgs/include/turtlebot3_msgs/turtlebot3_msgs/srv/detail/goal__rosidl_typesupport_fastrtps_cpp.hpp
[4.787s] -- Up-to-date: /home/robotics/desktop_ws/install/turtlebot3_msgs/include/turtlebot3_msgs/turtlebot3_msgs/srv/detail/dqn__rosidl_typesupport_fastrtps_cpp.hpp
[4.788s] -- Up-to-date: /home/robotics/desktop_ws/install/turtlebot3_msgs/include/turtlebot3_msgs/turtlebot3_msgs/srv/detail/sound__rosidl_typesupport_fastrtps_cpp.hpp
[4.788s] -- Up-to-date: /home/robotics/desktop_ws/install/turtlebot3_msgs/lib/libturtlebot3_msgs__rosidl_typesupport_fastrtps_cpp.so
[4.789s] -- Up-to-date: /home/robotics/desktop_ws/install/turtlebot3_msgs/include/turtlebot3_msgs/turtlebot3_msgs
[4.789s] -- Up-to-date: /home/robotics/desktop_ws/install/turtlebot3_msgs/include/turtlebot3_msgs/turtlebot3_msgs/action
[4.789s] -- Up-to-date: /home/robotics/desktop_ws/install/turtlebot3_msgs/include/turtlebot3_msgs/turtlebot3_msgs/action/detail
[4.794s] -- Up-to-date: /home/robotics/desktop_ws/install/turtlebot3_msgs/include/turtlebot3_msgs/turtlebot3_msgs/action/detail/patrol__rosidl_typesupport_introspection_c.h
[4.794s] -- Up-to-date: /home/robotics/desktop_ws/install/turtlebot3_msgs/include/turtlebot3_msgs/turtlebot3_msgs/action/detail/patrol__type_support.c
[4.795s] -- Up-to-date: /home/robotics/desktop_ws/install/turtlebot3_msgs/include/turtlebot3_msgs/turtlebot3_msgs/msg
[4.795s] -- Up-to-date: /home/robotics/desktop_ws/install/turtlebot3_msgs/include/turtlebot3_msgs/turtlebot3_msgs/msg/detail
[4.796s] -- Up-to-date: /home/robotics/desktop_ws/install/turtlebot3_msgs/include/turtlebot3_msgs/turtlebot3_msgs/msg/detail/sound__type_support.c
[4.798s] -- Up-to-date: /home/robotics/desktop_ws/install/turtlebot3_msgs/include/turtlebot3_msgs/turtlebot3_msgs/msg/detail/version_info__rosidl_typesupport_introspection_c.h
[4.810s] -- Up-to-date: /home/robotics/desktop_ws/install/turtlebot3_msgs/include/turtlebot3_msgs/turtlebot3_msgs/msg/detail/version_info__type_support.c
[4.811s] -- Up-to-date: /home/robotics/desktop_ws/install/turtlebot3_msgs/include/turtlebot3_msgs/turtlebot3_msgs/msg/detail/sensor_state__type_support.c
[4.811s] -- Up-to-date: /home/robotics/desktop_ws/install/turtlebot3_msgs/include/turtlebot3_msgs/turtlebot3_msgs/msg/detail/sensor_state__rosidl_typesupport_introspection_c.h
[4.812s] -- Up-to-date: /home/robotics/desktop_ws/install/turtlebot3_msgs/include/turtlebot3_msgs/turtlebot3_msgs/msg/detail/sound__rosidl_typesupport_introspection_c.h
[4.813s] -- Up-to-date: /home/robotics/desktop_ws/install/turtlebot3_msgs/include/turtlebot3_msgs/turtlebot3_msgs/msg/rosidl_typesupport_introspection_c__visibility_control.h
[4.813s] -- Up-to-date: /home/robotics/desktop_ws/install/turtlebot3_msgs/include/turtlebot3_msgs/turtlebot3_msgs/srv
[4.814s] -- Up-to-date: /home/robotics/desktop_ws/install/turtlebot3_msgs/include/turtlebot3_msgs/turtlebot3_msgs/srv/detail
[4.814s] -- Up-to-date: /home/robotics/desktop_ws/install/turtlebot3_msgs/include/turtlebot3_msgs/turtlebot3_msgs/srv/detail/sound__type_support.c
[4.827s] -- Up-to-date: /home/robotics/desktop_ws/install/turtlebot3_msgs/include/turtlebot3_msgs/turtlebot3_msgs/srv/detail/dqn__type_support.c
[4.830s] -- Up-to-date: /home/robotics/desktop_ws/install/turtlebot3_msgs/include/turtlebot3_msgs/turtlebot3_msgs/srv/detail/dqn__rosidl_typesupport_introspection_c.h
[4.831s] -- Up-to-date: /home/robotics/desktop_ws/install/turtlebot3_msgs/include/turtlebot3_msgs/turtlebot3_msgs/srv/detail/goal__type_support.c
[4.832s] -- Up-to-date: /home/robotics/desktop_ws/install/turtlebot3_msgs/include/turtlebot3_msgs/turtlebot3_msgs/srv/detail/goal__rosidl_typesupport_introspection_c.h
[4.833s] -- Up-to-date: /home/robotics/desktop_ws/install/turtlebot3_msgs/include/turtlebot3_msgs/turtlebot3_msgs/srv/detail/sound__rosidl_typesupport_introspection_c.h
[4.837s] -- Up-to-date: /home/robotics/desktop_ws/install/turtlebot3_msgs/lib/libturtlebot3_msgs__rosidl_typesupport_introspection_c.so
[4.839s] -- Up-to-date: /home/robotics/desktop_ws/install/turtlebot3_msgs/lib/libturtlebot3_msgs__rosidl_typesupport_c.so
[4.839s] -- Up-to-date: /home/robotics/desktop_ws/install/turtlebot3_msgs/include/turtlebot3_msgs/turtlebot3_msgs
[4.840s] -- Up-to-date: /home/robotics/desktop_ws/install/turtlebot3_msgs/include/turtlebot3_msgs/turtlebot3_msgs/action
[4.840s] -- Up-to-date: /home/robotics/desktop_ws/install/turtlebot3_msgs/include/turtlebot3_msgs/turtlebot3_msgs/action/detail
[4.841s] -- Up-to-date: /home/robotics/desktop_ws/install/turtlebot3_msgs/include/turtlebot3_msgs/turtlebot3_msgs/action/detail/patrol__rosidl_typesupport_introspection_cpp.hpp
[4.842s] -- Up-to-date: /home/robotics/desktop_ws/install/turtlebot3_msgs/include/turtlebot3_msgs/turtlebot3_msgs/action/detail/patrol__type_support.cpp
[4.847s] -- Up-to-date: /home/robotics/desktop_ws/install/turtlebot3_msgs/include/turtlebot3_msgs/turtlebot3_msgs/msg
[4.848s] -- Up-to-date: /home/robotics/desktop_ws/install/turtlebot3_msgs/include/turtlebot3_msgs/turtlebot3_msgs/msg/detail
[4.849s] -- Up-to-date: /home/robotics/desktop_ws/install/turtlebot3_msgs/include/turtlebot3_msgs/turtlebot3_msgs/msg/detail/sensor_state__rosidl_typesupport_introspection_cpp.hpp
[4.849s] -- Up-to-date: /home/robotics/desktop_ws/install/turtlebot3_msgs/include/turtlebot3_msgs/turtlebot3_msgs/msg/detail/sound__type_support.cpp
[4.849s] -- Up-to-date: /home/robotics/desktop_ws/install/turtlebot3_msgs/include/turtlebot3_msgs/turtlebot3_msgs/msg/detail/version_info__type_support.cpp
[4.850s] -- Up-to-date: /home/robotics/desktop_ws/install/turtlebot3_msgs/include/turtlebot3_msgs/turtlebot3_msgs/msg/detail/sensor_state__type_support.cpp
[4.851s] -- Up-to-date: /home/robotics/desktop_ws/install/turtlebot3_msgs/include/turtlebot3_msgs/turtlebot3_msgs/msg/detail/sound__rosidl_typesupport_introspection_cpp.hpp
[4.856s] -- Up-to-date: /home/robotics/desktop_ws/install/turtlebot3_msgs/include/turtlebot3_msgs/turtlebot3_msgs/msg/detail/version_info__rosidl_typesupport_introspection_cpp.hpp
[4.857s] -- Up-to-date: /home/robotics/desktop_ws/install/turtlebot3_msgs/include/turtlebot3_msgs/turtlebot3_msgs/srv
[4.863s] -- Up-to-date: /home/robotics/desktop_ws/install/turtlebot3_msgs/include/turtlebot3_msgs/turtlebot3_msgs/srv/detail
[4.865s] -- Up-to-date: /home/robotics/desktop_ws/install/turtlebot3_msgs/include/turtlebot3_msgs/turtlebot3_msgs/srv/detail/goal__rosidl_typesupport_introspection_cpp.hpp
[4.866s] -- Up-to-date: /home/robotics/desktop_ws/install/turtlebot3_msgs/include/turtlebot3_msgs/turtlebot3_msgs/srv/detail/dqn__rosidl_typesupport_introspection_cpp.hpp
[4.880s] -- Up-to-date: /home/robotics/desktop_ws/install/turtlebot3_msgs/include/turtlebot3_msgs/turtlebot3_msgs/srv/detail/sound__type_support.cpp
[4.880s] -- Up-to-date: /home/robotics/desktop_ws/install/turtlebot3_msgs/include/turtlebot3_msgs/turtlebot3_msgs/srv/detail/dqn__type_support.cpp
[4.881s] -- Up-to-date: /home/robotics/desktop_ws/install/turtlebot3_msgs/include/turtlebot3_msgs/turtlebot3_msgs/srv/detail/goal__type_support.cpp
[4.881s] -- Up-to-date: /home/robotics/desktop_ws/install/turtlebot3_msgs/include/turtlebot3_msgs/turtlebot3_msgs/srv/detail/sound__rosidl_typesupport_introspection_cpp.hpp
[4.883s] -- Up-to-date: /home/robotics/desktop_ws/install/turtlebot3_msgs/lib/libturtlebot3_msgs__rosidl_typesupport_introspection_cpp.so
[4.889s] -- Up-to-date: /home/robotics/desktop_ws/install/turtlebot3_msgs/lib/libturtlebot3_msgs__rosidl_typesupport_cpp.so
[4.890s] -- Up-to-date: /home/robotics/desktop_ws/install/turtlebot3_msgs/share/turtlebot3_msgs/environment/pythonpath.sh
[4.903s] -- Up-to-date: /home/robotics/desktop_ws/install/turtlebot3_msgs/share/turtlebot3_msgs/environment/pythonpath.dsv
[4.904s] -- Up-to-date: /home/robotics/desktop_ws/install/turtlebot3_msgs/local/lib/python3.10/dist-packages/turtlebot3_msgs-2.4.0-py3.10.egg-info
[4.905s] -- Installing: /home/robotics/desktop_ws/install/turtlebot3_msgs/local/lib/python3.10/dist-packages/turtlebot3_msgs-2.4.0-py3.10.egg-info/PKG-INFO
[4.906s] -- Installing: /home/robotics/desktop_ws/install/turtlebot3_msgs/local/lib/python3.10/dist-packages/turtlebot3_msgs-2.4.0-py3.10.egg-info/top_level.txt
[4.908s] -- Installing: /home/robotics/desktop_ws/install/turtlebot3_msgs/local/lib/python3.10/dist-packages/turtlebot3_msgs-2.4.0-py3.10.egg-info/SOURCES.txt
[4.909s] -- Installing: /home/robotics/desktop_ws/install/turtlebot3_msgs/local/lib/python3.10/dist-packages/turtlebot3_msgs-2.4.0-py3.10.egg-info/dependency_links.txt
[4.911s] -- Up-to-date: /home/robotics/desktop_ws/install/turtlebot3_msgs/local/lib/python3.10/dist-packages/turtlebot3_msgs
[4.912s] -- Up-to-date: /home/robotics/desktop_ws/install/turtlebot3_msgs/local/lib/python3.10/dist-packages/turtlebot3_msgs/__init__.py
[4.912s] -- Up-to-date: /home/robotics/desktop_ws/install/turtlebot3_msgs/local/lib/python3.10/dist-packages/turtlebot3_msgs/_turtlebot3_msgs_s.ep.rosidl_typesupport_introspection_c.c
[4.913s] -- Up-to-date: /home/robotics/desktop_ws/install/turtlebot3_msgs/local/lib/python3.10/dist-packages/turtlebot3_msgs/turtlebot3_msgs_s__rosidl_typesupport_fastrtps_c.cpython-310-aarch64-linux-gnu.so
[4.913s] -- Up-to-date: /home/robotics/desktop_ws/install/turtlebot3_msgs/local/lib/python3.10/dist-packages/turtlebot3_msgs/_turtlebot3_msgs_s.ep.rosidl_typesupport_c.c
[4.913s] -- Up-to-date: /home/robotics/desktop_ws/install/turtlebot3_msgs/local/lib/python3.10/dist-packages/turtlebot3_msgs/action
[4.914s] -- Up-to-date: /home/robotics/desktop_ws/install/turtlebot3_msgs/local/lib/python3.10/dist-packages/turtlebot3_msgs/action/__init__.py
[4.914s] -- Up-to-date: /home/robotics/desktop_ws/install/turtlebot3_msgs/local/lib/python3.10/dist-packages/turtlebot3_msgs/action/_patrol_s.c
[4.926s] -- Up-to-date: /home/robotics/desktop_ws/install/turtlebot3_msgs/local/lib/python3.10/dist-packages/turtlebot3_msgs/action/_patrol.py
[4.927s] -- Up-to-date: /home/robotics/desktop_ws/install/turtlebot3_msgs/local/lib/python3.10/dist-packages/turtlebot3_msgs/turtlebot3_msgs_s__rosidl_typesupport_introspection_c.cpython-310-aarch64-linux-gnu.so
[4.928s] -- Up-to-date: /home/robotics/desktop_ws/install/turtlebot3_msgs/local/lib/python3.10/dist-packages/turtlebot3_msgs/_turtlebot3_msgs_s.ep.rosidl_typesupport_fastrtps_c.c
[4.929s] -- Up-to-date: /home/robotics/desktop_ws/install/turtlebot3_msgs/local/lib/python3.10/dist-packages/turtlebot3_msgs/msg
[4.929s] -- Up-to-date: /home/robotics/desktop_ws/install/turtlebot3_msgs/local/lib/python3.10/dist-packages/turtlebot3_msgs/msg/__init__.py
[4.930s] -- Up-to-date: /home/robotics/desktop_ws/install/turtlebot3_msgs/local/lib/python3.10/dist-packages/turtlebot3_msgs/msg/_sensor_state.py
[4.931s] -- Up-to-date: /home/robotics/desktop_ws/install/turtlebot3_msgs/local/lib/python3.10/dist-packages/turtlebot3_msgs/msg/_version_info_s.c
[4.931s] -- Up-to-date: /home/robotics/desktop_ws/install/turtlebot3_msgs/local/lib/python3.10/dist-packages/turtlebot3_msgs/msg/_sound_s.c
[4.932s] -- Up-to-date: /home/robotics/desktop_ws/install/turtlebot3_msgs/local/lib/python3.10/dist-packages/turtlebot3_msgs/msg/_version_info.py
[4.933s] -- Up-to-date: /home/robotics/desktop_ws/install/turtlebot3_msgs/local/lib/python3.10/dist-packages/turtlebot3_msgs/msg/_sound.py
[4.933s] -- Up-to-date: /home/robotics/desktop_ws/install/turtlebot3_msgs/local/lib/python3.10/dist-packages/turtlebot3_msgs/msg/_sensor_state_s.c
[4.933s] -- Up-to-date: /home/robotics/desktop_ws/install/turtlebot3_msgs/local/lib/python3.10/dist-packages/turtlebot3_msgs/turtlebot3_msgs_s__rosidl_typesupport_c.cpython-310-aarch64-linux-gnu.so
[4.934s] -- Up-to-date: /home/robotics/desktop_ws/install/turtlebot3_msgs/local/lib/python3.10/dist-packages/turtlebot3_msgs/libturtlebot3_msgs__rosidl_generator_py.so
[4.934s] -- Up-to-date: /home/robotics/desktop_ws/install/turtlebot3_msgs/local/lib/python3.10/dist-packages/turtlebot3_msgs/srv
[4.935s] -- Up-to-date: /home/robotics/desktop_ws/install/turtlebot3_msgs/local/lib/python3.10/dist-packages/turtlebot3_msgs/srv/_goal.py
[4.935s] -- Up-to-date: /home/robotics/desktop_ws/install/turtlebot3_msgs/local/lib/python3.10/dist-packages/turtlebot3_msgs/srv/__init__.py
[4.936s] -- Up-to-date: /home/robotics/desktop_ws/install/turtlebot3_msgs/local/lib/python3.10/dist-packages/turtlebot3_msgs/srv/_sound_s.c
[4.936s] -- Up-to-date: /home/robotics/desktop_ws/install/turtlebot3_msgs/local/lib/python3.10/dist-packages/turtlebot3_msgs/srv/_dqn.py
[4.937s] -- Up-to-date: /home/robotics/desktop_ws/install/turtlebot3_msgs/local/lib/python3.10/dist-packages/turtlebot3_msgs/srv/_goal_s.c
[4.937s] -- Up-to-date: /home/robotics/desktop_ws/install/turtlebot3_msgs/local/lib/python3.10/dist-packages/turtlebot3_msgs/srv/_sound.py
[4.938s] -- Up-to-date: /home/robotics/desktop_ws/install/turtlebot3_msgs/local/lib/python3.10/dist-packages/turtlebot3_msgs/srv/_dqn_s.c
[5.394s] Listing '/home/robotics/desktop_ws/install/turtlebot3_msgs/local/lib/python3.10/dist-packages/turtlebot3_msgs'...
[5.396s] Listing '/home/robotics/desktop_ws/install/turtlebot3_msgs/local/lib/python3.10/dist-packages/turtlebot3_msgs/action'...
[5.397s] Listing '/home/robotics/desktop_ws/install/turtlebot3_msgs/local/lib/python3.10/dist-packages/turtlebot3_msgs/msg'...
[5.398s] Listing '/home/robotics/desktop_ws/install/turtlebot3_msgs/local/lib/python3.10/dist-packages/turtlebot3_msgs/srv'...
[5.454s] -- Up-to-date: /home/robotics/desktop_ws/install/turtlebot3_msgs/local/lib/python3.10/dist-packages/turtlebot3_msgs/turtlebot3_msgs_s__rosidl_typesupport_fastrtps_c.cpython-310-aarch64-linux-gnu.so
[5.460s] -- Up-to-date: /home/robotics/desktop_ws/install/turtlebot3_msgs/local/lib/python3.10/dist-packages/turtlebot3_msgs/turtlebot3_msgs_s__rosidl_typesupport_introspection_c.cpython-310-aarch64-linux-gnu.so
[5.467s] -- Up-to-date: /home/robotics/desktop_ws/install/turtlebot3_msgs/local/lib/python3.10/dist-packages/turtlebot3_msgs/turtlebot3_msgs_s__rosidl_typesupport_c.cpython-310-aarch64-linux-gnu.so
[5.477s] -- Up-to-date: /home/robotics/desktop_ws/install/turtlebot3_msgs/lib/libturtlebot3_msgs__rosidl_generator_py.so
[5.480s] -- Up-to-date: /home/robotics/desktop_ws/install/turtlebot3_msgs/share/turtlebot3_msgs/msg/SensorState.idl
[5.481s] -- Up-to-date: /home/robotics/desktop_ws/install/turtlebot3_msgs/share/turtlebot3_msgs/msg/Sound.idl
[5.481s] -- Up-to-date: /home/robotics/desktop_ws/install/turtlebot3_msgs/share/turtlebot3_msgs/msg/VersionInfo.idl
[5.485s] -- Up-to-date: /home/robotics/desktop_ws/install/turtlebot3_msgs/share/turtlebot3_msgs/srv/Sound.idl
[5.493s] -- Up-to-date: /home/robotics/desktop_ws/install/turtlebot3_msgs/share/turtlebot3_msgs/srv/Dqn.idl
[5.495s] -- Up-to-date: /home/robotics/desktop_ws/install/turtlebot3_msgs/share/turtlebot3_msgs/srv/Goal.idl
[5.495s] -- Up-to-date: /home/robotics/desktop_ws/install/turtlebot3_msgs/share/turtlebot3_msgs/action/Patrol.idl
[5.497s] -- Up-to-date: /home/robotics/desktop_ws/install/turtlebot3_msgs/share/turtlebot3_msgs/msg/SensorState.msg
[5.500s] -- Up-to-date: /home/robotics/desktop_ws/install/turtlebot3_msgs/share/turtlebot3_msgs/msg/Sound.msg
[5.503s] -- Up-to-date: /home/robotics/desktop_ws/install/turtlebot3_msgs/share/turtlebot3_msgs/msg/VersionInfo.msg
[5.504s] -- Up-to-date: /home/robotics/desktop_ws/install/turtlebot3_msgs/share/turtlebot3_msgs/srv/Sound.srv
[5.504s] -- Up-to-date: /home/robotics/desktop_ws/install/turtlebot3_msgs/share/turtlebot3_msgs/srv/Sound_Request.msg
[5.505s] -- Up-to-date: /home/robotics/desktop_ws/install/turtlebot3_msgs/share/turtlebot3_msgs/srv/Sound_Response.msg
[5.505s] -- Up-to-date: /home/robotics/desktop_ws/install/turtlebot3_msgs/share/turtlebot3_msgs/srv/Dqn.srv
[5.509s] -- Up-to-date: /home/robotics/desktop_ws/install/turtlebot3_msgs/share/turtlebot3_msgs/srv/Dqn_Request.msg
[5.510s] -- Up-to-date: /home/robotics/desktop_ws/install/turtlebot3_msgs/share/turtlebot3_msgs/srv/Dqn_Response.msg
[5.511s] -- Up-to-date: /home/robotics/desktop_ws/install/turtlebot3_msgs/share/turtlebot3_msgs/srv/Goal.srv
[5.511s] -- Up-to-date: /home/robotics/desktop_ws/install/turtlebot3_msgs/share/turtlebot3_msgs/srv/Goal_Request.msg
[5.512s] -- Up-to-date: /home/robotics/desktop_ws/install/turtlebot3_msgs/share/turtlebot3_msgs/srv/Goal_Response.msg
[5.513s] -- Up-to-date: /home/robotics/desktop_ws/install/turtlebot3_msgs/share/turtlebot3_msgs/action/Patrol.action
[5.513s] -- Up-to-date: /home/robotics/desktop_ws/install/turtlebot3_msgs/share/ament_index/resource_index/package_run_dependencies/turtlebot3_msgs
[5.514s] -- Up-to-date: /home/robotics/desktop_ws/install/turtlebot3_msgs/share/ament_index/resource_index/parent_prefix_path/turtlebot3_msgs
[5.516s] -- Up-to-date: /home/robotics/desktop_ws/install/turtlebot3_msgs/share/turtlebot3_msgs/environment/ament_prefix_path.sh
[5.518s] -- Up-to-date: /home/robotics/desktop_ws/install/turtlebot3_msgs/share/turtlebot3_msgs/environment/ament_prefix_path.dsv
[5.518s] -- Up-to-date: /home/robotics/desktop_ws/install/turtlebot3_msgs/share/turtlebot3_msgs/environment/path.sh
[5.519s] -- Up-to-date: /home/robotics/desktop_ws/install/turtlebot3_msgs/share/turtlebot3_msgs/environment/path.dsv
[5.519s] -- Up-to-date: /home/robotics/desktop_ws/install/turtlebot3_msgs/share/turtlebot3_msgs/local_setup.bash
[5.520s] -- Up-to-date: /home/robotics/desktop_ws/install/turtlebot3_msgs/share/turtlebot3_msgs/local_setup.sh
[5.521s] -- Up-to-date: /home/robotics/desktop_ws/install/turtlebot3_msgs/share/turtlebot3_msgs/local_setup.zsh
[5.521s] -- Up-to-date: /home/robotics/desktop_ws/install/turtlebot3_msgs/share/turtlebot3_msgs/local_setup.dsv
[5.522s] -- Installing: /home/robotics/desktop_ws/install/turtlebot3_msgs/share/turtlebot3_msgs/package.dsv
[5.522s] -- Up-to-date: /home/robotics/desktop_ws/install/turtlebot3_msgs/share/ament_index/resource_index/packages/turtlebot3_msgs
[5.524s] -- Up-to-date: /home/robotics/desktop_ws/install/turtlebot3_msgs/share/turtlebot3_msgs/cmake/export_turtlebot3_msgs__rosidl_generator_cExport.cmake
[5.526s] -- Up-to-date: /home/robotics/desktop_ws/install/turtlebot3_msgs/share/turtlebot3_msgs/cmake/export_turtlebot3_msgs__rosidl_generator_cExport-noconfig.cmake
[5.534s] -- Up-to-date: /home/robotics/desktop_ws/install/turtlebot3_msgs/share/turtlebot3_msgs/cmake/export_turtlebot3_msgs__rosidl_typesupport_fastrtps_cExport.cmake
[5.539s] -- Up-to-date: /home/robotics/desktop_ws/install/turtlebot3_msgs/share/turtlebot3_msgs/cmake/export_turtlebot3_msgs__rosidl_typesupport_fastrtps_cExport-noconfig.cmake
[5.541s] -- Up-to-date: /home/robotics/desktop_ws/install/turtlebot3_msgs/share/turtlebot3_msgs/cmake/export_turtlebot3_msgs__rosidl_generator_cppExport.cmake
[5.546s] -- Up-to-date: /home/robotics/desktop_ws/install/turtlebot3_msgs/share/turtlebot3_msgs/cmake/export_turtlebot3_msgs__rosidl_typesupport_fastrtps_cppExport.cmake
[5.547s] -- Up-to-date: /home/robotics/desktop_ws/install/turtlebot3_msgs/share/turtlebot3_msgs/cmake/export_turtlebot3_msgs__rosidl_typesupport_fastrtps_cppExport-noconfig.cmake
[5.553s] -- Up-to-date: /home/robotics/desktop_ws/install/turtlebot3_msgs/share/turtlebot3_msgs/cmake/turtlebot3_msgs__rosidl_typesupport_introspection_cExport.cmake
[5.557s] -- Up-to-date: /home/robotics/desktop_ws/install/turtlebot3_msgs/share/turtlebot3_msgs/cmake/turtlebot3_msgs__rosidl_typesupport_introspection_cExport-noconfig.cmake
[5.560s] -- Up-to-date: /home/robotics/desktop_ws/install/turtlebot3_msgs/share/turtlebot3_msgs/cmake/turtlebot3_msgs__rosidl_typesupport_cExport.cmake
[5.561s] -- Up-to-date: /home/robotics/desktop_ws/install/turtlebot3_msgs/share/turtlebot3_msgs/cmake/turtlebot3_msgs__rosidl_typesupport_cExport-noconfig.cmake
[5.566s] -- Up-to-date: /home/robotics/desktop_ws/install/turtlebot3_msgs/share/turtlebot3_msgs/cmake/turtlebot3_msgs__rosidl_typesupport_introspection_cppExport.cmake
[5.567s] -- Up-to-date: /home/robotics/desktop_ws/install/turtlebot3_msgs/share/turtlebot3_msgs/cmake/turtlebot3_msgs__rosidl_typesupport_introspection_cppExport-noconfig.cmake
[5.573s] -- Up-to-date: /home/robotics/desktop_ws/install/turtlebot3_msgs/share/turtlebot3_msgs/cmake/turtlebot3_msgs__rosidl_typesupport_cppExport.cmake
[5.573s] -- Up-to-date: /home/robotics/desktop_ws/install/turtlebot3_msgs/share/turtlebot3_msgs/cmake/turtlebot3_msgs__rosidl_typesupport_cppExport-noconfig.cmake
[5.581s] -- Up-to-date: /home/robotics/desktop_ws/install/turtlebot3_msgs/share/turtlebot3_msgs/cmake/export_turtlebot3_msgs__rosidl_generator_pyExport.cmake
[5.587s] -- Up-to-date: /home/robotics/desktop_ws/install/turtlebot3_msgs/share/turtlebot3_msgs/cmake/export_turtlebot3_msgs__rosidl_generator_pyExport-noconfig.cmake
[5.589s] -- Up-to-date: /home/robotics/desktop_ws/install/turtlebot3_msgs/share/turtlebot3_msgs/cmake/rosidl_cmake-extras.cmake
[5.590s] -- Up-to-date: /home/robotics/desktop_ws/install/turtlebot3_msgs/share/turtlebot3_msgs/cmake/ament_cmake_export_dependencies-extras.cmake
[5.591s] -- Up-to-date: /home/robotics/desktop_ws/install/turtlebot3_msgs/share/turtlebot3_msgs/cmake/ament_cmake_export_include_directories-extras.cmake
[5.591s] -- Up-to-date: /home/robotics/desktop_ws/install/turtlebot3_msgs/share/turtlebot3_msgs/cmake/ament_cmake_export_libraries-extras.cmake
[5.592s] -- Up-to-date: /home/robotics/desktop_ws/install/turtlebot3_msgs/share/turtlebot3_msgs/cmake/ament_cmake_export_targets-extras.cmake
[5.592s] -- Up-to-date: /home/robotics/desktop_ws/install/turtlebot3_msgs/share/turtlebot3_msgs/cmake/rosidl_cmake_export_typesupport_targets-extras.cmake
[5.593s] -- Up-to-date: /home/robotics/desktop_ws/install/turtlebot3_msgs/share/turtlebot3_msgs/cmake/rosidl_cmake_export_typesupport_libraries-extras.cmake
[5.593s] -- Up-to-date: /home/robotics/desktop_ws/install/turtlebot3_msgs/share/turtlebot3_msgs/cmake/turtlebot3_msgsConfig.cmake
[5.594s] -- Up-to-date: /home/robotics/desktop_ws/install/turtlebot3_msgs/share/turtlebot3_msgs/cmake/turtlebot3_msgsConfig-version.cmake
[5.594s] -- Up-to-date: /home/robotics/desktop_ws/install/turtlebot3_msgs/share/turtlebot3_msgs/package.xml
[6.964s] Invoked command in '/home/robotics/desktop_ws/build/turtlebot3_msgs' returned '0': CMAKE_PREFIX_PATH=${CMAKE_PREFIX_PATH}:/home/robotics/desktop_ws/install/turtlebot3_teleop:/home/robotics/desktop_ws/install/turtlebot3_example:/home/robotics/desktop_ws/install/test_auto:/home/robotics/desktop_ws/install/multicontrol:/home/robotics/pi_ws/install/turtlebot3_teleop:/home/robotics/pi_ws/install/turtlebot3_example:/home/robotics/pi_ws/install/piSub:/opt/ros/humble /usr/bin/cmake --install /home/robotics/desktop_ws/build/turtlebot3_msgs
