[0.273s] Invoking command in '/home/rats/turtlebot3_ws/build/turtlebot3_fake_node': CMAKE_PREFIX_PATH=/home/rats/turtlebot3_ws/install/turtlebot3_msgs:/home/rats/turtlebot3_ws/install/turtlebot3:/home/rats/turtlebot3_ws/install/turtlebot3_simulations:/home/rats/turtlebot3_ws/install/turtlebot3_bringup:/home/rats/turtlebot3_ws/install/turtlebot3_node:/home/rats/turtlebot3_ws/install/turtlebot3_navigation2:/home/rats/turtlebot3_ws/install/turtlebot3_fake_node:/home/rats/turtlebot3_ws/install/turtlebot3_manipulation_gazebo:/home/rats/turtlebot3_ws/install/turtlebot3_gazebo:/home/rats/turtlebot3_ws/install/turtlebot3_description:/home/rats/turtlebot3_ws/install/turtlebot3_cartographer:/home/rats/turtlebot3_ws/install/dynamixel_sdk_examples:/home/rats/turtlebot3_ws/install/dynamixel_sdk_custom_interfaces:/home/rats/turtlebot3_ws/install/dynamixel_sdk:/home/rats/turtlebot3_ws/install/turtlebot3_teleop:/home/rats/turtlebot3_ws/install/turtlebot3_example:/home/rats/turtlebot3_ws/install/test_auto:/home/rats/turtlebot3_ws/install/multicontrol:/opt/ros/humble LD_LIBRARY_PATH=/home/rats/turtlebot3_ws/install/turtlebot3_msgs/lib:/home/rats/turtlebot3_ws/install/dynamixel_sdk_custom_interfaces/lib:/home/rats/turtlebot3_ws/install/dynamixel_sdk/lib:/usr/lib/x86_64-linux-gnu/gazebo-11/plugins:/opt/ros/humble/opt/rviz_ogre_vendor/lib:/opt/ros/humble/lib/x86_64-linux-gnu:/opt/ros/humble/lib:/usr/lib/x86_64-linux-gnu/gazebo-11/plugins /usr/bin/cmake /home/rats/turtlebot3_ws/src/turtlebot3_simulations/turtlebot3_fake_node -DAMENT_CMAKE_SYMLINK_INSTALL=1 -DCMAKE_INSTALL_PREFIX=/home/rats/turtlebot3_ws/install/turtlebot3_fake_node
[0.284s] -- Found ament_cmake: 1.3.12 (/opt/ros/humble/share/ament_cmake/cmake)
[0.420s] -- Override CMake install command with custom implementation using symlinks instead of copying resources
[0.427s] -- Found geometry_msgs: 4.9.0 (/opt/ros/humble/share/geometry_msgs/cmake)
[0.452s] -- Found rosidl_generator_c: 3.1.7 (/opt/ros/humble/share/rosidl_generator_c/cmake)
[0.455s] -- Found rosidl_adapter: 3.1.7 (/opt/ros/humble/share/rosidl_adapter/cmake)
[0.460s] -- Found rosidl_generator_cpp: 3.1.7 (/opt/ros/humble/share/rosidl_generator_cpp/cmake)
[0.470s] -- Using all available rosidl_typesupport_c: rosidl_typesupport_fastrtps_c;rosidl_typesupport_introspection_c
[0.482s] -- Using all available rosidl_typesupport_cpp: rosidl_typesupport_fastrtps_cpp;rosidl_typesupport_introspection_cpp
[0.517s] -- Found nav_msgs: 4.9.0 (/opt/ros/humble/share/nav_msgs/cmake)
[0.533s] -- Found rclcpp: 16.0.14 (/opt/ros/humble/share/rclcpp/cmake)
[0.561s] -- Found rmw_implementation_cmake: 6.1.2 (/opt/ros/humble/share/rmw_implementation_cmake/cmake)
[0.563s] -- Found rmw_fastrtps_cpp: 6.2.8 (/opt/ros/humble/share/rmw_fastrtps_cpp/cmake)
[0.670s] -- Using RMW implementation 'rmw_fastrtps_cpp' as default
[0.707s] -- Found sensor_msgs: 4.9.0 (/opt/ros/humble/share/sensor_msgs/cmake)
[0.724s] -- Found tf2: 0.25.16 (/opt/ros/humble/share/tf2/cmake)
[0.728s] -- Found tf2_msgs: 0.25.16 (/opt/ros/humble/share/tf2_msgs/cmake)
[0.767s] -- Found turtlebot3_msgs: 2.4.0 (/home/rats/turtlebot3_ws/install/turtlebot3_msgs/share/turtlebot3_msgs/cmake)
[0.858s] -- Configuring done
[0.871s] -- Generating done
[0.876s] -- Build files have been written to: /home/rats/turtlebot3_ws/build/turtlebot3_fake_node
[0.887s] Invoked command in '/home/rats/turtlebot3_ws/build/turtlebot3_fake_node' returned '0': CMAKE_PREFIX_PATH=/home/rats/turtlebot3_ws/install/turtlebot3_msgs:/home/rats/turtlebot3_ws/install/turtlebot3:/home/rats/turtlebot3_ws/install/turtlebot3_simulations:/home/rats/turtlebot3_ws/install/turtlebot3_bringup:/home/rats/turtlebot3_ws/install/turtlebot3_node:/home/rats/turtlebot3_ws/install/turtlebot3_navigation2:/home/rats/turtlebot3_ws/install/turtlebot3_fake_node:/home/rats/turtlebot3_ws/install/turtlebot3_manipulation_gazebo:/home/rats/turtlebot3_ws/install/turtlebot3_gazebo:/home/rats/turtlebot3_ws/install/turtlebot3_description:/home/rats/turtlebot3_ws/install/turtlebot3_cartographer:/home/rats/turtlebot3_ws/install/dynamixel_sdk_examples:/home/rats/turtlebot3_ws/install/dynamixel_sdk_custom_interfaces:/home/rats/turtlebot3_ws/install/dynamixel_sdk:/home/rats/turtlebot3_ws/install/turtlebot3_teleop:/home/rats/turtlebot3_ws/install/turtlebot3_example:/home/rats/turtlebot3_ws/install/test_auto:/home/rats/turtlebot3_ws/install/multicontrol:/opt/ros/humble LD_LIBRARY_PATH=/home/rats/turtlebot3_ws/install/turtlebot3_msgs/lib:/home/rats/turtlebot3_ws/install/dynamixel_sdk_custom_interfaces/lib:/home/rats/turtlebot3_ws/install/dynamixel_sdk/lib:/usr/lib/x86_64-linux-gnu/gazebo-11/plugins:/opt/ros/humble/opt/rviz_ogre_vendor/lib:/opt/ros/humble/lib/x86_64-linux-gnu:/opt/ros/humble/lib:/usr/lib/x86_64-linux-gnu/gazebo-11/plugins /usr/bin/cmake /home/rats/turtlebot3_ws/src/turtlebot3_simulations/turtlebot3_fake_node -DAMENT_CMAKE_SYMLINK_INSTALL=1 -DCMAKE_INSTALL_PREFIX=/home/rats/turtlebot3_ws/install/turtlebot3_fake_node
[0.889s] Invoking command in '/home/rats/turtlebot3_ws/build/turtlebot3_fake_node': CMAKE_PREFIX_PATH=/home/rats/turtlebot3_ws/install/turtlebot3_msgs:/home/rats/turtlebot3_ws/install/turtlebot3:/home/rats/turtlebot3_ws/install/turtlebot3_simulations:/home/rats/turtlebot3_ws/install/turtlebot3_bringup:/home/rats/turtlebot3_ws/install/turtlebot3_node:/home/rats/turtlebot3_ws/install/turtlebot3_navigation2:/home/rats/turtlebot3_ws/install/turtlebot3_fake_node:/home/rats/turtlebot3_ws/install/turtlebot3_manipulation_gazebo:/home/rats/turtlebot3_ws/install/turtlebot3_gazebo:/home/rats/turtlebot3_ws/install/turtlebot3_description:/home/rats/turtlebot3_ws/install/turtlebot3_cartographer:/home/rats/turtlebot3_ws/install/dynamixel_sdk_examples:/home/rats/turtlebot3_ws/install/dynamixel_sdk_custom_interfaces:/home/rats/turtlebot3_ws/install/dynamixel_sdk:/home/rats/turtlebot3_ws/install/turtlebot3_teleop:/home/rats/turtlebot3_ws/install/turtlebot3_example:/home/rats/turtlebot3_ws/install/test_auto:/home/rats/turtlebot3_ws/install/multicontrol:/opt/ros/humble LD_LIBRARY_PATH=/home/rats/turtlebot3_ws/install/turtlebot3_msgs/lib:/home/rats/turtlebot3_ws/install/dynamixel_sdk_custom_interfaces/lib:/home/rats/turtlebot3_ws/install/dynamixel_sdk/lib:/usr/lib/x86_64-linux-gnu/gazebo-11/plugins:/opt/ros/humble/opt/rviz_ogre_vendor/lib:/opt/ros/humble/lib/x86_64-linux-gnu:/opt/ros/humble/lib:/usr/lib/x86_64-linux-gnu/gazebo-11/plugins /usr/bin/cmake --build /home/rats/turtlebot3_ws/build/turtlebot3_fake_node -- -j12 -l12
[0.929s] [35m[1mConsolidate compiler generated dependencies of target turtlebot3_fake_node[0m
[0.948s] [100%] Built target turtlebot3_fake_node
[0.958s] Invoked command in '/home/rats/turtlebot3_ws/build/turtlebot3_fake_node' returned '0': CMAKE_PREFIX_PATH=/home/rats/turtlebot3_ws/install/turtlebot3_msgs:/home/rats/turtlebot3_ws/install/turtlebot3:/home/rats/turtlebot3_ws/install/turtlebot3_simulations:/home/rats/turtlebot3_ws/install/turtlebot3_bringup:/home/rats/turtlebot3_ws/install/turtlebot3_node:/home/rats/turtlebot3_ws/install/turtlebot3_navigation2:/home/rats/turtlebot3_ws/install/turtlebot3_fake_node:/home/rats/turtlebot3_ws/install/turtlebot3_manipulation_gazebo:/home/rats/turtlebot3_ws/install/turtlebot3_gazebo:/home/rats/turtlebot3_ws/install/turtlebot3_description:/home/rats/turtlebot3_ws/install/turtlebot3_cartographer:/home/rats/turtlebot3_ws/install/dynamixel_sdk_examples:/home/rats/turtlebot3_ws/install/dynamixel_sdk_custom_interfaces:/home/rats/turtlebot3_ws/install/dynamixel_sdk:/home/rats/turtlebot3_ws/install/turtlebot3_teleop:/home/rats/turtlebot3_ws/install/turtlebot3_example:/home/rats/turtlebot3_ws/install/test_auto:/home/rats/turtlebot3_ws/install/multicontrol:/opt/ros/humble LD_LIBRARY_PATH=/home/rats/turtlebot3_ws/install/turtlebot3_msgs/lib:/home/rats/turtlebot3_ws/install/dynamixel_sdk_custom_interfaces/lib:/home/rats/turtlebot3_ws/install/dynamixel_sdk/lib:/usr/lib/x86_64-linux-gnu/gazebo-11/plugins:/opt/ros/humble/opt/rviz_ogre_vendor/lib:/opt/ros/humble/lib/x86_64-linux-gnu:/opt/ros/humble/lib:/usr/lib/x86_64-linux-gnu/gazebo-11/plugins /usr/bin/cmake --build /home/rats/turtlebot3_ws/build/turtlebot3_fake_node -- -j12 -l12
[0.959s] Invoking command in '/home/rats/turtlebot3_ws/build/turtlebot3_fake_node': CMAKE_PREFIX_PATH=/home/rats/turtlebot3_ws/install/turtlebot3_msgs:/home/rats/turtlebot3_ws/install/turtlebot3:/home/rats/turtlebot3_ws/install/turtlebot3_simulations:/home/rats/turtlebot3_ws/install/turtlebot3_bringup:/home/rats/turtlebot3_ws/install/turtlebot3_node:/home/rats/turtlebot3_ws/install/turtlebot3_navigation2:/home/rats/turtlebot3_ws/install/turtlebot3_fake_node:/home/rats/turtlebot3_ws/install/turtlebot3_manipulation_gazebo:/home/rats/turtlebot3_ws/install/turtlebot3_gazebo:/home/rats/turtlebot3_ws/install/turtlebot3_description:/home/rats/turtlebot3_ws/install/turtlebot3_cartographer:/home/rats/turtlebot3_ws/install/dynamixel_sdk_examples:/home/rats/turtlebot3_ws/install/dynamixel_sdk_custom_interfaces:/home/rats/turtlebot3_ws/install/dynamixel_sdk:/home/rats/turtlebot3_ws/install/turtlebot3_teleop:/home/rats/turtlebot3_ws/install/turtlebot3_example:/home/rats/turtlebot3_ws/install/test_auto:/home/rats/turtlebot3_ws/install/multicontrol:/opt/ros/humble LD_LIBRARY_PATH=/home/rats/turtlebot3_ws/install/turtlebot3_msgs/lib:/home/rats/turtlebot3_ws/install/dynamixel_sdk_custom_interfaces/lib:/home/rats/turtlebot3_ws/install/dynamixel_sdk/lib:/usr/lib/x86_64-linux-gnu/gazebo-11/plugins:/opt/ros/humble/opt/rviz_ogre_vendor/lib:/opt/ros/humble/lib/x86_64-linux-gnu:/opt/ros/humble/lib:/usr/lib/x86_64-linux-gnu/gazebo-11/plugins /usr/bin/cmake --install /home/rats/turtlebot3_ws/build/turtlebot3_fake_node
[0.967s] -- Install configuration: ""
[0.968s] -- Execute custom install script
[0.968s] -- Up-to-date symlink: /home/rats/turtlebot3_ws/install/turtlebot3_fake_node/lib/turtlebot3_fake_node/turtlebot3_fake_node
[0.969s] -- Up-to-date symlink: /home/rats/turtlebot3_ws/install/turtlebot3_fake_node/share/turtlebot3_fake_node/launch/rviz2.launch.py
[0.969s] -- Up-to-date symlink: /home/rats/turtlebot3_ws/install/turtlebot3_fake_node/share/turtlebot3_fake_node/launch/turtlebot3_fake_node.launch.py
[0.970s] -- Up-to-date symlink: /home/rats/turtlebot3_ws/install/turtlebot3_fake_node/share/turtlebot3_fake_node/param/burger.yaml
[0.970s] -- Up-to-date symlink: /home/rats/turtlebot3_ws/install/turtlebot3_fake_node/share/turtlebot3_fake_node/param/waffle.yaml
[0.970s] -- Up-to-date symlink: /home/rats/turtlebot3_ws/install/turtlebot3_fake_node/share/turtlebot3_fake_node/param/waffle_pi.yaml
[0.970s] -- Up-to-date symlink: /home/rats/turtlebot3_ws/install/turtlebot3_fake_node/include//turtlebot3_fake_node/turtlebot3_fake_node.hpp
[0.971s] -- Up-to-date symlink: /home/rats/turtlebot3_ws/install/turtlebot3_fake_node/share/ament_index/resource_index/package_run_dependencies/turtlebot3_fake_node
[0.971s] -- Up-to-date symlink: /home/rats/turtlebot3_ws/install/turtlebot3_fake_node/share/ament_index/resource_index/parent_prefix_path/turtlebot3_fake_node
[0.971s] -- Up-to-date symlink: /home/rats/turtlebot3_ws/install/turtlebot3_fake_node/share/turtlebot3_fake_node/environment/ament_prefix_path.sh
[0.971s] -- Up-to-date symlink: /home/rats/turtlebot3_ws/install/turtlebot3_fake_node/share/turtlebot3_fake_node/environment/ament_prefix_path.dsv
[0.972s] -- Up-to-date symlink: /home/rats/turtlebot3_ws/install/turtlebot3_fake_node/share/turtlebot3_fake_node/environment/path.sh
[0.972s] -- Up-to-date symlink: /home/rats/turtlebot3_ws/install/turtlebot3_fake_node/share/turtlebot3_fake_node/environment/path.dsv
[0.972s] -- Up-to-date symlink: /home/rats/turtlebot3_ws/install/turtlebot3_fake_node/share/turtlebot3_fake_node/local_setup.bash
[0.973s] -- Up-to-date symlink: /home/rats/turtlebot3_ws/install/turtlebot3_fake_node/share/turtlebot3_fake_node/local_setup.sh
[0.973s] -- Up-to-date symlink: /home/rats/turtlebot3_ws/install/turtlebot3_fake_node/share/turtlebot3_fake_node/local_setup.zsh
[0.973s] -- Up-to-date symlink: /home/rats/turtlebot3_ws/install/turtlebot3_fake_node/share/turtlebot3_fake_node/local_setup.dsv
[0.973s] -- Symlinking: /home/rats/turtlebot3_ws/install/turtlebot3_fake_node/share/turtlebot3_fake_node/package.dsv
[0.984s] -- Up-to-date symlink: /home/rats/turtlebot3_ws/install/turtlebot3_fake_node/share/ament_index/resource_index/packages/turtlebot3_fake_node
[0.985s] -- Up-to-date symlink: /home/rats/turtlebot3_ws/install/turtlebot3_fake_node/share/turtlebot3_fake_node/cmake/ament_cmake_export_include_directories-extras.cmake
[0.986s] -- Up-to-date symlink: /home/rats/turtlebot3_ws/install/turtlebot3_fake_node/share/turtlebot3_fake_node/cmake/ament_cmake_export_dependencies-extras.cmake
[0.987s] -- Up-to-date symlink: /home/rats/turtlebot3_ws/install/turtlebot3_fake_node/share/turtlebot3_fake_node/cmake/turtlebot3_fake_nodeConfig.cmake
[0.988s] -- Up-to-date symlink: /home/rats/turtlebot3_ws/install/turtlebot3_fake_node/share/turtlebot3_fake_node/cmake/turtlebot3_fake_nodeConfig-version.cmake
[0.989s] -- Up-to-date symlink: /home/rats/turtlebot3_ws/install/turtlebot3_fake_node/share/turtlebot3_fake_node/package.xml
[0.991s] Invoked command in '/home/rats/turtlebot3_ws/build/turtlebot3_fake_node' returned '0': CMAKE_PREFIX_PATH=/home/rats/turtlebot3_ws/install/turtlebot3_msgs:/home/rats/turtlebot3_ws/install/turtlebot3:/home/rats/turtlebot3_ws/install/turtlebot3_simulations:/home/rats/turtlebot3_ws/install/turtlebot3_bringup:/home/rats/turtlebot3_ws/install/turtlebot3_node:/home/rats/turtlebot3_ws/install/turtlebot3_navigation2:/home/rats/turtlebot3_ws/install/turtlebot3_fake_node:/home/rats/turtlebot3_ws/install/turtlebot3_manipulation_gazebo:/home/rats/turtlebot3_ws/install/turtlebot3_gazebo:/home/rats/turtlebot3_ws/install/turtlebot3_description:/home/rats/turtlebot3_ws/install/turtlebot3_cartographer:/home/rats/turtlebot3_ws/install/dynamixel_sdk_examples:/home/rats/turtlebot3_ws/install/dynamixel_sdk_custom_interfaces:/home/rats/turtlebot3_ws/install/dynamixel_sdk:/home/rats/turtlebot3_ws/install/turtlebot3_teleop:/home/rats/turtlebot3_ws/install/turtlebot3_example:/home/rats/turtlebot3_ws/install/test_auto:/home/rats/turtlebot3_ws/install/multicontrol:/opt/ros/humble LD_LIBRARY_PATH=/home/rats/turtlebot3_ws/install/turtlebot3_msgs/lib:/home/rats/turtlebot3_ws/install/dynamixel_sdk_custom_interfaces/lib:/home/rats/turtlebot3_ws/install/dynamixel_sdk/lib:/usr/lib/x86_64-linux-gnu/gazebo-11/plugins:/opt/ros/humble/opt/rviz_ogre_vendor/lib:/opt/ros/humble/lib/x86_64-linux-gnu:/opt/ros/humble/lib:/usr/lib/x86_64-linux-gnu/gazebo-11/plugins /usr/bin/cmake --install /home/rats/turtlebot3_ws/build/turtlebot3_fake_node
