[0.070s] Invoking command in '/home/robotics/desktop_ws/build/turtlebot3_node': CMAKE_PREFIX_PATH=/home/robotics/desktop_ws/install/turtlebot3_msgs:/home/robotics/desktop_ws/install/dynamixel_sdk:/home/robotics/pi_ws/install/turtlebot3:/home/robotics/pi_ws/install/turtlebot3_bringup:/home/robotics/pi_ws/install/turtlebot3_node:/home/robotics/pi_ws/install/turtlebot3_description:/home/robotics/pi_ws/install/ld08_driver:/home/robotics/pi_ws/install/coin_d4_driver:/home/robotics/desktop_ws/install/turtlebot3:/home/robotics/desktop_ws/install/turtlebot3_simulations:/home/robotics/desktop_ws/install/turtlebot3_bringup:/home/robotics/desktop_ws/install/turtlebot3_node:/home/robotics/desktop_ws/install/turtlebot3_navigation2:/home/robotics/desktop_ws/install/turtlebot3_fake_node:/home/robotics/desktop_ws/install/turtlebot3_manipulation_gazebo:/home/robotics/desktop_ws/install/turtlebot3_gazebo:/home/robotics/desktop_ws/install/turtlebot3_description:/home/robotics/desktop_ws/install/turtlebot3_cartographer:/home/robotics/desktop_ws/install/dynamixel_sdk_examples:/home/robotics/desktop_ws/install/dynamixel_sdk_custom_interfaces:/home/robotics/pi_ws/install/turtlebot3_teleop:/home/robotics/pi_ws/install/turtlebot3_example:/home/robotics/pi_ws/install/piSub:/home/robotics/desktop_ws/install/turtlebot3_teleop:/home/robotics/desktop_ws/install/turtlebot3_example:/home/robotics/desktop_ws/install/test_auto:/home/robotics/desktop_ws/install/multicontrol:/opt/ros/humble LD_LIBRARY_PATH=/home/robotics/desktop_ws/install/turtlebot3_msgs/lib:/home/robotics/desktop_ws/install/dynamixel_sdk/lib:/home/robotics/pi_ws/install/coin_d4_driver/lib:/home/robotics/desktop_ws/install/dynamixel_sdk_custom_interfaces/lib:/opt/ros/humble/lib/aarch64-linux-gnu:/opt/ros/humble/lib /usr/bin/cmake /home/robotics/desktop_ws/src/turtlebot3/turtlebot3_node -DCMAKE_INSTALL_PREFIX=/home/robotics/desktop_ws/install/turtlebot3_node
[0.393s] -- The C compiler identification is GNU 11.4.0
[0.681s] -- The CXX compiler identification is GNU 11.4.0
[0.714s] -- Detecting C compiler ABI info
[1.074s] -- Detecting C compiler ABI info - done
[1.103s] -- Check for working C compiler: /usr/bin/cc - skipped
[1.105s] -- Detecting C compile features
[1.108s] -- Detecting C compile features - done
[1.124s] -- Detecting CXX compiler ABI info
[1.523s] -- Detecting CXX compiler ABI info - done
[1.553s] -- Check for working CXX compiler: /usr/bin/c++ - skipped
[1.555s] -- Detecting CXX compile features
[1.558s] -- Detecting CXX compile features - done
[1.601s] -- Found ament_cmake: 1.3.12 (/opt/ros/humble/share/ament_cmake/cmake)
[2.561s] -- Found Python3: /usr/bin/python3 (found version "3.10.12") found components: Interpreter 
[3.309s] -- Found dynamixel_sdk: 3.8.4 (/home/robotics/desktop_ws/install/dynamixel_sdk/share/dynamixel_sdk/cmake)
[3.344s] -- Found geometry_msgs: 4.9.0 (/opt/ros/humble/share/geometry_msgs/cmake)
[3.766s] -- Found rosidl_generator_c: 3.1.7 (/opt/ros/humble/share/rosidl_generator_c/cmake)
[3.830s] -- Found rosidl_adapter: 3.1.7 (/opt/ros/humble/share/rosidl_adapter/cmake)
[3.912s] -- Found rosidl_generator_cpp: 3.1.7 (/opt/ros/humble/share/rosidl_generator_cpp/cmake)
[4.016s] -- Using all available rosidl_typesupport_c: rosidl_typesupport_fastrtps_c;rosidl_typesupport_introspection_c
[4.162s] -- Using all available rosidl_typesupport_cpp: rosidl_typesupport_fastrtps_cpp;rosidl_typesupport_introspection_cpp
[4.434s] -- Found message_filters: 4.3.8 (/opt/ros/humble/share/message_filters/cmake)
[4.845s] -- Found rmw_implementation_cmake: 6.1.2 (/opt/ros/humble/share/rmw_implementation_cmake/cmake)
[4.880s] -- Found rmw_fastrtps_cpp: 6.2.8 (/opt/ros/humble/share/rmw_fastrtps_cpp/cmake)
[5.520s] -- Found OpenSSL: /usr/lib/aarch64-linux-gnu/libcrypto.so (found version "3.0.2")  
[5.701s] -- Found FastRTPS: /opt/ros/humble/include  
[5.992s] -- Using RMW implementation 'rmw_fastrtps_cpp' as default
[6.087s] -- Looking for pthread.h
[6.436s] -- Looking for pthread.h - found
[6.438s] -- Performing Test CMAKE_HAVE_LIBC_PTHREAD
[6.782s] -- Performing Test CMAKE_HAVE_LIBC_PTHREAD - Success
[6.786s] -- Found Threads: TRUE  
[7.046s] -- Found nav_msgs: 4.9.0 (/opt/ros/humble/share/nav_msgs/cmake)
[7.170s] -- Found sensor_msgs: 4.9.0 (/opt/ros/humble/share/sensor_msgs/cmake)
[7.292s] -- Found std_srvs: 4.9.0 (/opt/ros/humble/share/std_srvs/cmake)
[7.398s] -- Found tf2: 0.25.16 (/opt/ros/humble/share/tf2/cmake)
[7.507s] -- Found tf2_ros: 0.25.16 (/opt/ros/humble/share/tf2_ros/cmake)
[8.107s] -- Found turtlebot3_msgs: 2.4.0 (/home/robotics/desktop_ws/install/turtlebot3_msgs/share/turtlebot3_msgs/cmake)
[8.556s] -- Configuring done
[8.675s] -- Generating done
[8.703s] -- Build files have been written to: /home/robotics/desktop_ws/build/turtlebot3_node
[8.747s] Invoked command in '/home/robotics/desktop_ws/build/turtlebot3_node' returned '0': CMAKE_PREFIX_PATH=/home/robotics/desktop_ws/install/turtlebot3_msgs:/home/robotics/desktop_ws/install/dynamixel_sdk:/home/robotics/pi_ws/install/turtlebot3:/home/robotics/pi_ws/install/turtlebot3_bringup:/home/robotics/pi_ws/install/turtlebot3_node:/home/robotics/pi_ws/install/turtlebot3_description:/home/robotics/pi_ws/install/ld08_driver:/home/robotics/pi_ws/install/coin_d4_driver:/home/robotics/desktop_ws/install/turtlebot3:/home/robotics/desktop_ws/install/turtlebot3_simulations:/home/robotics/desktop_ws/install/turtlebot3_bringup:/home/robotics/desktop_ws/install/turtlebot3_node:/home/robotics/desktop_ws/install/turtlebot3_navigation2:/home/robotics/desktop_ws/install/turtlebot3_fake_node:/home/robotics/desktop_ws/install/turtlebot3_manipulation_gazebo:/home/robotics/desktop_ws/install/turtlebot3_gazebo:/home/robotics/desktop_ws/install/turtlebot3_description:/home/robotics/desktop_ws/install/turtlebot3_cartographer:/home/robotics/desktop_ws/install/dynamixel_sdk_examples:/home/robotics/desktop_ws/install/dynamixel_sdk_custom_interfaces:/home/robotics/pi_ws/install/turtlebot3_teleop:/home/robotics/pi_ws/install/turtlebot3_example:/home/robotics/pi_ws/install/piSub:/home/robotics/desktop_ws/install/turtlebot3_teleop:/home/robotics/desktop_ws/install/turtlebot3_example:/home/robotics/desktop_ws/install/test_auto:/home/robotics/desktop_ws/install/multicontrol:/opt/ros/humble LD_LIBRARY_PATH=/home/robotics/desktop_ws/install/turtlebot3_msgs/lib:/home/robotics/desktop_ws/install/dynamixel_sdk/lib:/home/robotics/pi_ws/install/coin_d4_driver/lib:/home/robotics/desktop_ws/install/dynamixel_sdk_custom_interfaces/lib:/opt/ros/humble/lib/aarch64-linux-gnu:/opt/ros/humble/lib /usr/bin/cmake /home/robotics/desktop_ws/src/turtlebot3/turtlebot3_node -DCMAKE_INSTALL_PREFIX=/home/robotics/desktop_ws/install/turtlebot3_node
[8.757s] Invoking command in '/home/robotics/desktop_ws/build/turtlebot3_node': CMAKE_PREFIX_PATH=/home/robotics/desktop_ws/install/turtlebot3_msgs:/home/robotics/desktop_ws/install/dynamixel_sdk:/home/robotics/pi_ws/install/turtlebot3:/home/robotics/pi_ws/install/turtlebot3_bringup:/home/robotics/pi_ws/install/turtlebot3_node:/home/robotics/pi_ws/install/turtlebot3_description:/home/robotics/pi_ws/install/ld08_driver:/home/robotics/pi_ws/install/coin_d4_driver:/home/robotics/desktop_ws/install/turtlebot3:/home/robotics/desktop_ws/install/turtlebot3_simulations:/home/robotics/desktop_ws/install/turtlebot3_bringup:/home/robotics/desktop_ws/install/turtlebot3_node:/home/robotics/desktop_ws/install/turtlebot3_navigation2:/home/robotics/desktop_ws/install/turtlebot3_fake_node:/home/robotics/desktop_ws/install/turtlebot3_manipulation_gazebo:/home/robotics/desktop_ws/install/turtlebot3_gazebo:/home/robotics/desktop_ws/install/turtlebot3_description:/home/robotics/desktop_ws/install/turtlebot3_cartographer:/home/robotics/desktop_ws/install/dynamixel_sdk_examples:/home/robotics/desktop_ws/install/dynamixel_sdk_custom_interfaces:/home/robotics/pi_ws/install/turtlebot3_teleop:/home/robotics/pi_ws/install/turtlebot3_example:/home/robotics/pi_ws/install/piSub:/home/robotics/desktop_ws/install/turtlebot3_teleop:/home/robotics/desktop_ws/install/turtlebot3_example:/home/robotics/desktop_ws/install/test_auto:/home/robotics/desktop_ws/install/multicontrol:/opt/ros/humble LD_LIBRARY_PATH=/home/robotics/desktop_ws/install/turtlebot3_msgs/lib:/home/robotics/desktop_ws/install/dynamixel_sdk/lib:/home/robotics/pi_ws/install/coin_d4_driver/lib:/home/robotics/desktop_ws/install/dynamixel_sdk_custom_interfaces/lib:/opt/ros/humble/lib/aarch64-linux-gnu:/opt/ros/humble/lib /usr/bin/cmake --build /home/robotics/desktop_ws/build/turtlebot3_node -- -j4 -l4
[8.991s] [  7%] [32mBuilding CXX object CMakeFiles/turtlebot3_node_lib.dir/src/devices/motor_power.cpp.o[0m
[8.993s] [ 14%] [32mBuilding CXX object CMakeFiles/turtlebot3_node_lib.dir/src/devices/sound.cpp.o[0m
[8.998s] [ 21%] [32mBuilding CXX object CMakeFiles/turtlebot3_node_lib.dir/src/devices/reset.cpp.o[0m
[10.042s] [ 28%] [32mBuilding CXX object CMakeFiles/turtlebot3_node_lib.dir/src/diff_drive_controller.cpp.o[0m
[31.947s] [ 35%] [32mBuilding CXX object CMakeFiles/turtlebot3_node_lib.dir/src/dynamixel_sdk_wrapper.cpp.o[0m
[33.248s] [ 42%] [32mBuilding CXX object CMakeFiles/turtlebot3_node_lib.dir/src/odometry.cpp.o[0m
[33.462s] [ 50%] [32mBuilding CXX object CMakeFiles/turtlebot3_node_lib.dir/src/turtlebot3.cpp.o[0m
[34.783s] [ 57%] [32mBuilding CXX object CMakeFiles/turtlebot3_node_lib.dir/src/sensors/battery_state.cpp.o[0m
[35.386s] [ 64%] [32mBuilding CXX object CMakeFiles/turtlebot3_node_lib.dir/src/sensors/imu.cpp.o[0m
[112.999s] [ 71%] [32mBuilding CXX object CMakeFiles/turtlebot3_node_lib.dir/src/sensors/sensor_state.cpp.o[0m
[129.490s] [ 78%] [32mBuilding CXX object CMakeFiles/turtlebot3_node_lib.dir/src/sensors/joint_state.cpp.o[0m
[146.084s] [ 85%] [32m[1mLinking CXX static library libturtlebot3_node_lib.a[0m
[167.220s] [ 85%] Built target turtlebot3_node_lib
[167.325s] [ 92%] [32mBuilding CXX object CMakeFiles/turtlebot3_ros.dir/src/node_main.cpp.o[0m
[181.805s] [100%] [32m[1mLinking CXX executable turtlebot3_ros[0m
[189.815s] [100%] Built target turtlebot3_ros
[189.856s] Invoked command in '/home/robotics/desktop_ws/build/turtlebot3_node' returned '0': CMAKE_PREFIX_PATH=/home/robotics/desktop_ws/install/turtlebot3_msgs:/home/robotics/desktop_ws/install/dynamixel_sdk:/home/robotics/pi_ws/install/turtlebot3:/home/robotics/pi_ws/install/turtlebot3_bringup:/home/robotics/pi_ws/install/turtlebot3_node:/home/robotics/pi_ws/install/turtlebot3_description:/home/robotics/pi_ws/install/ld08_driver:/home/robotics/pi_ws/install/coin_d4_driver:/home/robotics/desktop_ws/install/turtlebot3:/home/robotics/desktop_ws/install/turtlebot3_simulations:/home/robotics/desktop_ws/install/turtlebot3_bringup:/home/robotics/desktop_ws/install/turtlebot3_node:/home/robotics/desktop_ws/install/turtlebot3_navigation2:/home/robotics/desktop_ws/install/turtlebot3_fake_node:/home/robotics/desktop_ws/install/turtlebot3_manipulation_gazebo:/home/robotics/desktop_ws/install/turtlebot3_gazebo:/home/robotics/desktop_ws/install/turtlebot3_description:/home/robotics/desktop_ws/install/turtlebot3_cartographer:/home/robotics/desktop_ws/install/dynamixel_sdk_examples:/home/robotics/desktop_ws/install/dynamixel_sdk_custom_interfaces:/home/robotics/pi_ws/install/turtlebot3_teleop:/home/robotics/pi_ws/install/turtlebot3_example:/home/robotics/pi_ws/install/piSub:/home/robotics/desktop_ws/install/turtlebot3_teleop:/home/robotics/desktop_ws/install/turtlebot3_example:/home/robotics/desktop_ws/install/test_auto:/home/robotics/desktop_ws/install/multicontrol:/opt/ros/humble LD_LIBRARY_PATH=/home/robotics/desktop_ws/install/turtlebot3_msgs/lib:/home/robotics/desktop_ws/install/dynamixel_sdk/lib:/home/robotics/pi_ws/install/coin_d4_driver/lib:/home/robotics/desktop_ws/install/dynamixel_sdk_custom_interfaces/lib:/opt/ros/humble/lib/aarch64-linux-gnu:/opt/ros/humble/lib /usr/bin/cmake --build /home/robotics/desktop_ws/build/turtlebot3_node -- -j4 -l4
[189.866s] Invoking command in '/home/robotics/desktop_ws/build/turtlebot3_node': CMAKE_PREFIX_PATH=/home/robotics/desktop_ws/install/turtlebot3_msgs:/home/robotics/desktop_ws/install/dynamixel_sdk:/home/robotics/pi_ws/install/turtlebot3:/home/robotics/pi_ws/install/turtlebot3_bringup:/home/robotics/pi_ws/install/turtlebot3_node:/home/robotics/pi_ws/install/turtlebot3_description:/home/robotics/pi_ws/install/ld08_driver:/home/robotics/pi_ws/install/coin_d4_driver:/home/robotics/desktop_ws/install/turtlebot3:/home/robotics/desktop_ws/install/turtlebot3_simulations:/home/robotics/desktop_ws/install/turtlebot3_bringup:/home/robotics/desktop_ws/install/turtlebot3_node:/home/robotics/desktop_ws/install/turtlebot3_navigation2:/home/robotics/desktop_ws/install/turtlebot3_fake_node:/home/robotics/desktop_ws/install/turtlebot3_manipulation_gazebo:/home/robotics/desktop_ws/install/turtlebot3_gazebo:/home/robotics/desktop_ws/install/turtlebot3_description:/home/robotics/desktop_ws/install/turtlebot3_cartographer:/home/robotics/desktop_ws/install/dynamixel_sdk_examples:/home/robotics/desktop_ws/install/dynamixel_sdk_custom_interfaces:/home/robotics/pi_ws/install/turtlebot3_teleop:/home/robotics/pi_ws/install/turtlebot3_example:/home/robotics/pi_ws/install/piSub:/home/robotics/desktop_ws/install/turtlebot3_teleop:/home/robotics/desktop_ws/install/turtlebot3_example:/home/robotics/desktop_ws/install/test_auto:/home/robotics/desktop_ws/install/multicontrol:/opt/ros/humble LD_LIBRARY_PATH=/home/robotics/desktop_ws/install/turtlebot3_msgs/lib:/home/robotics/desktop_ws/install/dynamixel_sdk/lib:/home/robotics/pi_ws/install/coin_d4_driver/lib:/home/robotics/desktop_ws/install/dynamixel_sdk_custom_interfaces/lib:/opt/ros/humble/lib/aarch64-linux-gnu:/opt/ros/humble/lib /usr/bin/cmake --install /home/robotics/desktop_ws/build/turtlebot3_node
[189.896s] -- Install configuration: ""
[189.896s] -- Installing: /home/robotics/desktop_ws/install/turtlebot3_node/share/turtlebot3_node/param
[189.898s] -- Installing: /home/robotics/desktop_ws/install/turtlebot3_node/share/turtlebot3_node/param/waffle_pi.yaml
[189.901s] -- Installing: /home/robotics/desktop_ws/install/turtlebot3_node/share/turtlebot3_node/param/waffle.yaml
[189.903s] -- Installing: /home/robotics/desktop_ws/install/turtlebot3_node/share/turtlebot3_node/param/burger.yaml
[189.905s] -- Installing: /home/robotics/desktop_ws/install/turtlebot3_node/lib/turtlebot3_node/turtlebot3_ros
[190.012s] -- Set runtime path of "/home/robotics/desktop_ws/install/turtlebot3_node/lib/turtlebot3_node/turtlebot3_ros" to ""
[190.013s] -- Installing: /home/robotics/desktop_ws/install/turtlebot3_node/share/ament_index/resource_index/package_run_dependencies/turtlebot3_node
[190.014s] -- Installing: /home/robotics/desktop_ws/install/turtlebot3_node/share/ament_index/resource_index/parent_prefix_path/turtlebot3_node
[190.016s] -- Installing: /home/robotics/desktop_ws/install/turtlebot3_node/share/turtlebot3_node/environment/ament_prefix_path.sh
[190.017s] -- Installing: /home/robotics/desktop_ws/install/turtlebot3_node/share/turtlebot3_node/environment/ament_prefix_path.dsv
[190.018s] -- Installing: /home/robotics/desktop_ws/install/turtlebot3_node/share/turtlebot3_node/environment/path.sh
[190.019s] -- Installing: /home/robotics/desktop_ws/install/turtlebot3_node/share/turtlebot3_node/environment/path.dsv
[190.020s] -- Installing: /home/robotics/desktop_ws/install/turtlebot3_node/share/turtlebot3_node/local_setup.bash
[190.021s] -- Installing: /home/robotics/desktop_ws/install/turtlebot3_node/share/turtlebot3_node/local_setup.sh
[190.023s] -- Installing: /home/robotics/desktop_ws/install/turtlebot3_node/share/turtlebot3_node/local_setup.zsh
[190.024s] -- Installing: /home/robotics/desktop_ws/install/turtlebot3_node/share/turtlebot3_node/local_setup.dsv
[190.025s] -- Installing: /home/robotics/desktop_ws/install/turtlebot3_node/share/turtlebot3_node/package.dsv
[190.026s] -- Installing: /home/robotics/desktop_ws/install/turtlebot3_node/share/ament_index/resource_index/packages/turtlebot3_node
[190.027s] -- Installing: /home/robotics/desktop_ws/install/turtlebot3_node/share/turtlebot3_node/cmake/ament_cmake_export_dependencies-extras.cmake
[190.029s] -- Installing: /home/robotics/desktop_ws/install/turtlebot3_node/share/turtlebot3_node/cmake/ament_cmake_export_include_directories-extras.cmake
[190.030s] -- Installing: /home/robotics/desktop_ws/install/turtlebot3_node/share/turtlebot3_node/cmake/turtlebot3_nodeConfig.cmake
[190.031s] -- Installing: /home/robotics/desktop_ws/install/turtlebot3_node/share/turtlebot3_node/cmake/turtlebot3_nodeConfig-version.cmake
[190.032s] -- Installing: /home/robotics/desktop_ws/install/turtlebot3_node/share/turtlebot3_node/package.xml
[190.039s] Invoked command in '/home/robotics/desktop_ws/build/turtlebot3_node' returned '0': CMAKE_PREFIX_PATH=/home/robotics/desktop_ws/install/turtlebot3_msgs:/home/robotics/desktop_ws/install/dynamixel_sdk:/home/robotics/pi_ws/install/turtlebot3:/home/robotics/pi_ws/install/turtlebot3_bringup:/home/robotics/pi_ws/install/turtlebot3_node:/home/robotics/pi_ws/install/turtlebot3_description:/home/robotics/pi_ws/install/ld08_driver:/home/robotics/pi_ws/install/coin_d4_driver:/home/robotics/desktop_ws/install/turtlebot3:/home/robotics/desktop_ws/install/turtlebot3_simulations:/home/robotics/desktop_ws/install/turtlebot3_bringup:/home/robotics/desktop_ws/install/turtlebot3_node:/home/robotics/desktop_ws/install/turtlebot3_navigation2:/home/robotics/desktop_ws/install/turtlebot3_fake_node:/home/robotics/desktop_ws/install/turtlebot3_manipulation_gazebo:/home/robotics/desktop_ws/install/turtlebot3_gazebo:/home/robotics/desktop_ws/install/turtlebot3_description:/home/robotics/desktop_ws/install/turtlebot3_cartographer:/home/robotics/desktop_ws/install/dynamixel_sdk_examples:/home/robotics/desktop_ws/install/dynamixel_sdk_custom_interfaces:/home/robotics/pi_ws/install/turtlebot3_teleop:/home/robotics/pi_ws/install/turtlebot3_example:/home/robotics/pi_ws/install/piSub:/home/robotics/desktop_ws/install/turtlebot3_teleop:/home/robotics/desktop_ws/install/turtlebot3_example:/home/robotics/desktop_ws/install/test_auto:/home/robotics/desktop_ws/install/multicontrol:/opt/ros/humble LD_LIBRARY_PATH=/home/robotics/desktop_ws/install/turtlebot3_msgs/lib:/home/robotics/desktop_ws/install/dynamixel_sdk/lib:/home/robotics/pi_ws/install/coin_d4_driver/lib:/home/robotics/desktop_ws/install/dynamixel_sdk_custom_interfaces/lib:/opt/ros/humble/lib/aarch64-linux-gnu:/opt/ros/humble/lib /usr/bin/cmake --install /home/robotics/desktop_ws/build/turtlebot3_node
