running egg_info
creating ../../build/multicontrol/multicontrol.egg-info
writing ../../build/multicontrol/multicontrol.egg-info/PKG-INFO
writing dependency_links to ../../build/multicontrol/multicontrol.egg-info/dependency_links.txt
writing entry points to ../../build/multicontrol/multicontrol.egg-info/entry_points.txt
writing requirements to ../../build/multicontrol/multicontrol.egg-info/requires.txt
writing top-level names to ../../build/multicontrol/multicontrol.egg-info/top_level.txt
writing manifest file '../../build/multicontrol/multicontrol.egg-info/SOURCES.txt'
reading manifest file '../../build/multicontrol/multicontrol.egg-info/SOURCES.txt'
adding license file 'LICENSE'
writing manifest file '../../build/multicontrol/multicontrol.egg-info/SOURCES.txt'
running build
running build_py
creating /home/rats/turtlebot3_ws/build/multicontrol/build
creating /home/rats/turtlebot3_ws/build/multicontrol/build/lib
creating /home/rats/turtlebot3_ws/build/multicontrol/build/lib/multicontrol
copying multicontrol/mynode.py -> /home/rats/turtlebot3_ws/build/multicontrol/build/lib/multicontrol
copying multicontrol/__init__.py -> /home/rats/turtlebot3_ws/build/multicontrol/build/lib/multicontrol
running install
running install_lib
creating /home/rats/turtlebot3_ws/install/multicontrol/lib/python3.10/site-packages/multicontrol
copying /home/rats/turtlebot3_ws/build/multicontrol/build/lib/multicontrol/mynode.py -> /home/rats/turtlebot3_ws/install/multicontrol/lib/python3.10/site-packages/multicontrol
copying /home/rats/turtlebot3_ws/build/multicontrol/build/lib/multicontrol/__init__.py -> /home/rats/turtlebot3_ws/install/multicontrol/lib/python3.10/site-packages/multicontrol
byte-compiling /home/rats/turtlebot3_ws/install/multicontrol/lib/python3.10/site-packages/multicontrol/mynode.py to mynode.cpython-310.pyc
byte-compiling /home/rats/turtlebot3_ws/install/multicontrol/lib/python3.10/site-packages/multicontrol/__init__.py to __init__.cpython-310.pyc
running install_data
creating /home/rats/turtlebot3_ws/install/multicontrol/share/ament_index
creating /home/rats/turtlebot3_ws/install/multicontrol/share/ament_index/resource_index
creating /home/rats/turtlebot3_ws/install/multicontrol/share/ament_index/resource_index/packages
copying resource/multicontrol -> /home/rats/turtlebot3_ws/install/multicontrol/share/ament_index/resource_index/packages
copying package.xml -> /home/rats/turtlebot3_ws/install/multicontrol/share/multicontrol
running install_egg_info
Copying ../../build/multicontrol/multicontrol.egg-info to /home/rats/turtlebot3_ws/install/multicontrol/lib/python3.10/site-packages/multicontrol-0.0.0-py3.10.egg-info
running install_scripts
Installing mynode script to /home/rats/turtlebot3_ws/install/multicontrol/lib/multicontrol
writing list of installed files to '/home/rats/turtlebot3_ws/build/multicontrol/install.log'
