[4.148s] Invoking command in '/home/robotics/desktop_ws/src/turtlebot3/turtlebot3_teleop': PYTHONPATH=/home/robotics/desktop_ws/build/turtlebot3_teleop/prefix_override:/usr/lib/python3/dist-packages/colcon_core/task/python/colcon_distutils_commands:/home/robotics/desktop_ws/install/turtlebot3_teleop/lib/python3.10/site-packages:${PYTHONPATH} /usr/bin/python3 -W ignore:setup.py install is deprecated -W ignore:easy_install command is deprecated setup.py egg_info --egg-base ../../../build/turtlebot3_teleop build --build-base /home/robotics/desktop_ws/build/turtlebot3_teleop/build install --record /home/robotics/desktop_ws/build/turtlebot3_teleop/install.log --single-version-externally-managed install_data
[5.470s] running egg_info
[5.472s] writing ../../../build/turtlebot3_teleop/turtlebot3_teleop.egg-info/PKG-INFO
[5.474s] writing dependency_links to ../../../build/turtlebot3_teleop/turtlebot3_teleop.egg-info/dependency_links.txt
[5.475s] writing entry points to ../../../build/turtlebot3_teleop/turtlebot3_teleop.egg-info/entry_points.txt
[5.477s] writing requirements to ../../../build/turtlebot3_teleop/turtlebot3_teleop.egg-info/requires.txt
[5.477s] writing top-level names to ../../../build/turtlebot3_teleop/turtlebot3_teleop.egg-info/top_level.txt
[5.486s] reading manifest file '../../../build/turtlebot3_teleop/turtlebot3_teleop.egg-info/SOURCES.txt'
[5.501s] writing manifest file '../../../build/turtlebot3_teleop/turtlebot3_teleop.egg-info/SOURCES.txt'
[5.502s] running build
[5.502s] running build_py
[5.514s] running install
[5.515s] running install_lib
[5.524s] running install_data
[5.525s] running install_egg_info
[5.534s] removing '/home/robotics/desktop_ws/install/turtlebot3_teleop/lib/python3.10/site-packages/turtlebot3_teleop-2.3.3-py3.10.egg-info' (and everything under it)
[5.536s] Copying ../../../build/turtlebot3_teleop/turtlebot3_teleop.egg-info to /home/robotics/desktop_ws/install/turtlebot3_teleop/lib/python3.10/site-packages/turtlebot3_teleop-2.3.3-py3.10.egg-info
[5.544s] running install_scripts
[5.643s] Installing teleop_keyboard script to /home/robotics/desktop_ws/install/turtlebot3_teleop/lib/turtlebot3_teleop
[5.646s] writing list of installed files to '/home/robotics/desktop_ws/build/turtlebot3_teleop/install.log'
[6.022s] Invoked command in '/home/robotics/desktop_ws/src/turtlebot3/turtlebot3_teleop' returned '0': PYTHONPATH=/home/robotics/desktop_ws/build/turtlebot3_teleop/prefix_override:/usr/lib/python3/dist-packages/colcon_core/task/python/colcon_distutils_commands:/home/robotics/desktop_ws/install/turtlebot3_teleop/lib/python3.10/site-packages:${PYTHONPATH} /usr/bin/python3 -W ignore:setup.py install is deprecated -W ignore:easy_install command is deprecated setup.py egg_info --egg-base ../../../build/turtlebot3_teleop build --build-base /home/robotics/desktop_ws/build/turtlebot3_teleop/build install --record /home/robotics/desktop_ws/build/turtlebot3_teleop/install.log --single-version-externally-managed install_data
