[0.583s] Invoking command in '/home/rats/turtlebot3_ws/build/turtlebot3_fake_node': CMAKE_PREFIX_PATH=/home/rats/turtlebot3_ws/install/turtlebot3_msgs:/home/rats/turtlebot3_ws/install/turtlebot3:/home/rats/turtlebot3_ws/install/turtlebot3_simulations:/home/rats/turtlebot3_ws/install/turtlebot3_bringup:/home/rats/turtlebot3_ws/install/turtlebot3_node:/home/rats/turtlebot3_ws/install/turtlebot3_navigation2:/home/rats/turtlebot3_ws/install/turtlebot3_fake_node:/home/rats/turtlebot3_ws/install/turtlebot3_manipulation_gazebo:/home/rats/turtlebot3_ws/install/turtlebot3_gazebo:/home/rats/turtlebot3_ws/install/turtlebot3_description:/home/rats/turtlebot3_ws/install/turtlebot3_cartographer:/home/rats/turtlebot3_ws/install/dynamixel_sdk_examples:/home/rats/turtlebot3_ws/install/dynamixel_sdk_custom_interfaces:/home/rats/turtlebot3_ws/install/dynamixel_sdk:/home/rats/turtlebot3_ws/install/turtlebot3_teleop:/home/rats/turtlebot3_ws/install/turtlebot3_example:/home/rats/turtlebot3_ws/install/test_auto:/home/rats/turtlebot3_ws/install/multicontrol:/opt/ros/humble LD_LIBRARY_PATH=/home/rats/turtlebot3_ws/install/turtlebot3_msgs/lib:/home/rats/turtlebot3_ws/install/dynamixel_sdk_custom_interfaces/lib:/home/rats/turtlebot3_ws/install/dynamixel_sdk/lib:/usr/lib/x86_64-linux-gnu/gazebo-11/plugins:/opt/ros/humble/opt/rviz_ogre_vendor/lib:/opt/ros/humble/lib/x86_64-linux-gnu:/opt/ros/humble/lib:/usr/lib/x86_64-linux-gnu/gazebo-11/plugins /usr/bin/cmake /home/rats/turtlebot3_ws/src/turtlebot3_simulations/turtlebot3_fake_node -DCMAKE_INSTALL_PREFIX=/home/rats/turtlebot3_ws/install/turtlebot3_fake_node
[0.607s] -- Found ament_cmake: 1.3.12 (/opt/ros/humble/share/ament_cmake/cmake)
[0.874s] -- Override CMake install command with custom implementation using symlinks instead of copying resources
[0.889s] -- Found geometry_msgs: 4.9.0 (/opt/ros/humble/share/geometry_msgs/cmake)
[0.942s] -- Found rosidl_generator_c: 3.1.7 (/opt/ros/humble/share/rosidl_generator_c/cmake)
[0.948s] -- Found rosidl_adapter: 3.1.7 (/opt/ros/humble/share/rosidl_adapter/cmake)
[0.962s] -- Found rosidl_generator_cpp: 3.1.7 (/opt/ros/humble/share/rosidl_generator_cpp/cmake)
[0.985s] -- Using all available rosidl_typesupport_c: rosidl_typesupport_fastrtps_c;rosidl_typesupport_introspection_c
[1.014s] -- Using all available rosidl_typesupport_cpp: rosidl_typesupport_fastrtps_cpp;rosidl_typesupport_introspection_cpp
[1.101s] -- Found nav_msgs: 4.9.0 (/opt/ros/humble/share/nav_msgs/cmake)
[1.141s] -- Found rclcpp: 16.0.14 (/opt/ros/humble/share/rclcpp/cmake)
[1.200s] -- Found rmw_implementation_cmake: 6.1.2 (/opt/ros/humble/share/rmw_implementation_cmake/cmake)
[1.204s] -- Found rmw_fastrtps_cpp: 6.2.8 (/opt/ros/humble/share/rmw_fastrtps_cpp/cmake)
[1.423s] -- Using RMW implementation 'rmw_fastrtps_cpp' as default
[1.519s] -- Found sensor_msgs: 4.9.0 (/opt/ros/humble/share/sensor_msgs/cmake)
[1.559s] -- Found tf2: 0.25.16 (/opt/ros/humble/share/tf2/cmake)
[1.568s] -- Found tf2_msgs: 0.25.16 (/opt/ros/humble/share/tf2_msgs/cmake)
[1.672s] -- Found turtlebot3_msgs: 2.4.0 (/home/rats/turtlebot3_ws/install/turtlebot3_msgs/share/turtlebot3_msgs/cmake)
[2.139s] -- Configuring done
[2.227s] -- Generating done
[2.266s] -- Build files have been written to: /home/rats/turtlebot3_ws/build/turtlebot3_fake_node
[2.302s] Invoked command in '/home/rats/turtlebot3_ws/build/turtlebot3_fake_node' returned '0': CMAKE_PREFIX_PATH=/home/rats/turtlebot3_ws/install/turtlebot3_msgs:/home/rats/turtlebot3_ws/install/turtlebot3:/home/rats/turtlebot3_ws/install/turtlebot3_simulations:/home/rats/turtlebot3_ws/install/turtlebot3_bringup:/home/rats/turtlebot3_ws/install/turtlebot3_node:/home/rats/turtlebot3_ws/install/turtlebot3_navigation2:/home/rats/turtlebot3_ws/install/turtlebot3_fake_node:/home/rats/turtlebot3_ws/install/turtlebot3_manipulation_gazebo:/home/rats/turtlebot3_ws/install/turtlebot3_gazebo:/home/rats/turtlebot3_ws/install/turtlebot3_description:/home/rats/turtlebot3_ws/install/turtlebot3_cartographer:/home/rats/turtlebot3_ws/install/dynamixel_sdk_examples:/home/rats/turtlebot3_ws/install/dynamixel_sdk_custom_interfaces:/home/rats/turtlebot3_ws/install/dynamixel_sdk:/home/rats/turtlebot3_ws/install/turtlebot3_teleop:/home/rats/turtlebot3_ws/install/turtlebot3_example:/home/rats/turtlebot3_ws/install/test_auto:/home/rats/turtlebot3_ws/install/multicontrol:/opt/ros/humble LD_LIBRARY_PATH=/home/rats/turtlebot3_ws/install/turtlebot3_msgs/lib:/home/rats/turtlebot3_ws/install/dynamixel_sdk_custom_interfaces/lib:/home/rats/turtlebot3_ws/install/dynamixel_sdk/lib:/usr/lib/x86_64-linux-gnu/gazebo-11/plugins:/opt/ros/humble/opt/rviz_ogre_vendor/lib:/opt/ros/humble/lib/x86_64-linux-gnu:/opt/ros/humble/lib:/usr/lib/x86_64-linux-gnu/gazebo-11/plugins /usr/bin/cmake /home/rats/turtlebot3_ws/src/turtlebot3_simulations/turtlebot3_fake_node -DCMAKE_INSTALL_PREFIX=/home/rats/turtlebot3_ws/install/turtlebot3_fake_node
[2.311s] Invoking command in '/home/rats/turtlebot3_ws/build/turtlebot3_fake_node': CMAKE_PREFIX_PATH=/home/rats/turtlebot3_ws/install/turtlebot3_msgs:/home/rats/turtlebot3_ws/install/turtlebot3:/home/rats/turtlebot3_ws/install/turtlebot3_simulations:/home/rats/turtlebot3_ws/install/turtlebot3_bringup:/home/rats/turtlebot3_ws/install/turtlebot3_node:/home/rats/turtlebot3_ws/install/turtlebot3_navigation2:/home/rats/turtlebot3_ws/install/turtlebot3_fake_node:/home/rats/turtlebot3_ws/install/turtlebot3_manipulation_gazebo:/home/rats/turtlebot3_ws/install/turtlebot3_gazebo:/home/rats/turtlebot3_ws/install/turtlebot3_description:/home/rats/turtlebot3_ws/install/turtlebot3_cartographer:/home/rats/turtlebot3_ws/install/dynamixel_sdk_examples:/home/rats/turtlebot3_ws/install/dynamixel_sdk_custom_interfaces:/home/rats/turtlebot3_ws/install/dynamixel_sdk:/home/rats/turtlebot3_ws/install/turtlebot3_teleop:/home/rats/turtlebot3_ws/install/turtlebot3_example:/home/rats/turtlebot3_ws/install/test_auto:/home/rats/turtlebot3_ws/install/multicontrol:/opt/ros/humble LD_LIBRARY_PATH=/home/rats/turtlebot3_ws/install/turtlebot3_msgs/lib:/home/rats/turtlebot3_ws/install/dynamixel_sdk_custom_interfaces/lib:/home/rats/turtlebot3_ws/install/dynamixel_sdk/lib:/usr/lib/x86_64-linux-gnu/gazebo-11/plugins:/opt/ros/humble/opt/rviz_ogre_vendor/lib:/opt/ros/humble/lib/x86_64-linux-gnu:/opt/ros/humble/lib:/usr/lib/x86_64-linux-gnu/gazebo-11/plugins /usr/bin/cmake --build /home/rats/turtlebot3_ws/build/turtlebot3_fake_node -- -j12 -l12
[2.447s] [35m[1mConsolidate compiler generated dependencies of target turtlebot3_fake_node[0m
[2.500s] [ 50%] [32mBuilding CXX object CMakeFiles/turtlebot3_fake_node.dir/src/turtlebot3_fake_node.cpp.o[0m
[23.729s] [100%] [32m[1mLinking CXX executable turtlebot3_fake_node[0m
[24.199s] [100%] Built target turtlebot3_fake_node
[24.210s] Invoked command in '/home/rats/turtlebot3_ws/build/turtlebot3_fake_node' returned '0': CMAKE_PREFIX_PATH=/home/rats/turtlebot3_ws/install/turtlebot3_msgs:/home/rats/turtlebot3_ws/install/turtlebot3:/home/rats/turtlebot3_ws/install/turtlebot3_simulations:/home/rats/turtlebot3_ws/install/turtlebot3_bringup:/home/rats/turtlebot3_ws/install/turtlebot3_node:/home/rats/turtlebot3_ws/install/turtlebot3_navigation2:/home/rats/turtlebot3_ws/install/turtlebot3_fake_node:/home/rats/turtlebot3_ws/install/turtlebot3_manipulation_gazebo:/home/rats/turtlebot3_ws/install/turtlebot3_gazebo:/home/rats/turtlebot3_ws/install/turtlebot3_description:/home/rats/turtlebot3_ws/install/turtlebot3_cartographer:/home/rats/turtlebot3_ws/install/dynamixel_sdk_examples:/home/rats/turtlebot3_ws/install/dynamixel_sdk_custom_interfaces:/home/rats/turtlebot3_ws/install/dynamixel_sdk:/home/rats/turtlebot3_ws/install/turtlebot3_teleop:/home/rats/turtlebot3_ws/install/turtlebot3_example:/home/rats/turtlebot3_ws/install/test_auto:/home/rats/turtlebot3_ws/install/multicontrol:/opt/ros/humble LD_LIBRARY_PATH=/home/rats/turtlebot3_ws/install/turtlebot3_msgs/lib:/home/rats/turtlebot3_ws/install/dynamixel_sdk_custom_interfaces/lib:/home/rats/turtlebot3_ws/install/dynamixel_sdk/lib:/usr/lib/x86_64-linux-gnu/gazebo-11/plugins:/opt/ros/humble/opt/rviz_ogre_vendor/lib:/opt/ros/humble/lib/x86_64-linux-gnu:/opt/ros/humble/lib:/usr/lib/x86_64-linux-gnu/gazebo-11/plugins /usr/bin/cmake --build /home/rats/turtlebot3_ws/build/turtlebot3_fake_node -- -j12 -l12
[24.212s] Invoking command in '/home/rats/turtlebot3_ws/build/turtlebot3_fake_node': CMAKE_PREFIX_PATH=/home/rats/turtlebot3_ws/install/turtlebot3_msgs:/home/rats/turtlebot3_ws/install/turtlebot3:/home/rats/turtlebot3_ws/install/turtlebot3_simulations:/home/rats/turtlebot3_ws/install/turtlebot3_bringup:/home/rats/turtlebot3_ws/install/turtlebot3_node:/home/rats/turtlebot3_ws/install/turtlebot3_navigation2:/home/rats/turtlebot3_ws/install/turtlebot3_fake_node:/home/rats/turtlebot3_ws/install/turtlebot3_manipulation_gazebo:/home/rats/turtlebot3_ws/install/turtlebot3_gazebo:/home/rats/turtlebot3_ws/install/turtlebot3_description:/home/rats/turtlebot3_ws/install/turtlebot3_cartographer:/home/rats/turtlebot3_ws/install/dynamixel_sdk_examples:/home/rats/turtlebot3_ws/install/dynamixel_sdk_custom_interfaces:/home/rats/turtlebot3_ws/install/dynamixel_sdk:/home/rats/turtlebot3_ws/install/turtlebot3_teleop:/home/rats/turtlebot3_ws/install/turtlebot3_example:/home/rats/turtlebot3_ws/install/test_auto:/home/rats/turtlebot3_ws/install/multicontrol:/opt/ros/humble LD_LIBRARY_PATH=/home/rats/turtlebot3_ws/install/turtlebot3_msgs/lib:/home/rats/turtlebot3_ws/install/dynamixel_sdk_custom_interfaces/lib:/home/rats/turtlebot3_ws/install/dynamixel_sdk/lib:/usr/lib/x86_64-linux-gnu/gazebo-11/plugins:/opt/ros/humble/opt/rviz_ogre_vendor/lib:/opt/ros/humble/lib/x86_64-linux-gnu:/opt/ros/humble/lib:/usr/lib/x86_64-linux-gnu/gazebo-11/plugins /usr/bin/cmake --install /home/rats/turtlebot3_ws/build/turtlebot3_fake_node
[24.219s] -- Install configuration: ""
[24.219s] -- Execute custom install script
[24.220s] -- Up-to-date symlink: /home/rats/turtlebot3_ws/install/turtlebot3_fake_node/lib/turtlebot3_fake_node/turtlebot3_fake_node
[24.220s] -- Up-to-date symlink: /home/rats/turtlebot3_ws/install/turtlebot3_fake_node/share/turtlebot3_fake_node/launch/rviz2.launch.py
[24.220s] -- Up-to-date symlink: /home/rats/turtlebot3_ws/install/turtlebot3_fake_node/share/turtlebot3_fake_node/launch/turtlebot3_fake_node.launch.py
[24.221s] -- Up-to-date symlink: /home/rats/turtlebot3_ws/install/turtlebot3_fake_node/share/turtlebot3_fake_node/param/burger.yaml
[24.221s] -- Up-to-date symlink: /home/rats/turtlebot3_ws/install/turtlebot3_fake_node/share/turtlebot3_fake_node/param/waffle.yaml
[24.221s] -- Up-to-date symlink: /home/rats/turtlebot3_ws/install/turtlebot3_fake_node/share/turtlebot3_fake_node/param/waffle_pi.yaml
[24.222s] -- Up-to-date symlink: /home/rats/turtlebot3_ws/install/turtlebot3_fake_node/include//turtlebot3_fake_node/turtlebot3_fake_node.hpp
[24.222s] -- Up-to-date symlink: /home/rats/turtlebot3_ws/install/turtlebot3_fake_node/share/ament_index/resource_index/package_run_dependencies/turtlebot3_fake_node
[24.222s] -- Up-to-date symlink: /home/rats/turtlebot3_ws/install/turtlebot3_fake_node/share/ament_index/resource_index/parent_prefix_path/turtlebot3_fake_node
[24.222s] -- Up-to-date symlink: /home/rats/turtlebot3_ws/install/turtlebot3_fake_node/share/turtlebot3_fake_node/environment/ament_prefix_path.sh
[24.223s] -- Up-to-date symlink: /home/rats/turtlebot3_ws/install/turtlebot3_fake_node/share/turtlebot3_fake_node/environment/ament_prefix_path.dsv
[24.223s] -- Up-to-date symlink: /home/rats/turtlebot3_ws/install/turtlebot3_fake_node/share/turtlebot3_fake_node/environment/path.sh
[24.223s] -- Up-to-date symlink: /home/rats/turtlebot3_ws/install/turtlebot3_fake_node/share/turtlebot3_fake_node/environment/path.dsv
[24.223s] -- Up-to-date symlink: /home/rats/turtlebot3_ws/install/turtlebot3_fake_node/share/turtlebot3_fake_node/local_setup.bash
[24.224s] -- Up-to-date symlink: /home/rats/turtlebot3_ws/install/turtlebot3_fake_node/share/turtlebot3_fake_node/local_setup.sh
[24.224s] -- Up-to-date symlink: /home/rats/turtlebot3_ws/install/turtlebot3_fake_node/share/turtlebot3_fake_node/local_setup.zsh
[24.224s] -- Up-to-date symlink: /home/rats/turtlebot3_ws/install/turtlebot3_fake_node/share/turtlebot3_fake_node/local_setup.dsv
[24.224s] -- Symlinking: /home/rats/turtlebot3_ws/install/turtlebot3_fake_node/share/turtlebot3_fake_node/package.dsv
[24.233s] -- Up-to-date symlink: /home/rats/turtlebot3_ws/install/turtlebot3_fake_node/share/ament_index/resource_index/packages/turtlebot3_fake_node
[24.233s] -- Up-to-date symlink: /home/rats/turtlebot3_ws/install/turtlebot3_fake_node/share/turtlebot3_fake_node/cmake/ament_cmake_export_include_directories-extras.cmake
[24.233s] -- Up-to-date symlink: /home/rats/turtlebot3_ws/install/turtlebot3_fake_node/share/turtlebot3_fake_node/cmake/ament_cmake_export_dependencies-extras.cmake
[24.234s] -- Up-to-date symlink: /home/rats/turtlebot3_ws/install/turtlebot3_fake_node/share/turtlebot3_fake_node/cmake/turtlebot3_fake_nodeConfig.cmake
[24.234s] -- Up-to-date symlink: /home/rats/turtlebot3_ws/install/turtlebot3_fake_node/share/turtlebot3_fake_node/cmake/turtlebot3_fake_nodeConfig-version.cmake
[24.234s] -- Up-to-date symlink: /home/rats/turtlebot3_ws/install/turtlebot3_fake_node/share/turtlebot3_fake_node/package.xml
[24.236s] Invoked command in '/home/rats/turtlebot3_ws/build/turtlebot3_fake_node' returned '0': CMAKE_PREFIX_PATH=/home/rats/turtlebot3_ws/install/turtlebot3_msgs:/home/rats/turtlebot3_ws/install/turtlebot3:/home/rats/turtlebot3_ws/install/turtlebot3_simulations:/home/rats/turtlebot3_ws/install/turtlebot3_bringup:/home/rats/turtlebot3_ws/install/turtlebot3_node:/home/rats/turtlebot3_ws/install/turtlebot3_navigation2:/home/rats/turtlebot3_ws/install/turtlebot3_fake_node:/home/rats/turtlebot3_ws/install/turtlebot3_manipulation_gazebo:/home/rats/turtlebot3_ws/install/turtlebot3_gazebo:/home/rats/turtlebot3_ws/install/turtlebot3_description:/home/rats/turtlebot3_ws/install/turtlebot3_cartographer:/home/rats/turtlebot3_ws/install/dynamixel_sdk_examples:/home/rats/turtlebot3_ws/install/dynamixel_sdk_custom_interfaces:/home/rats/turtlebot3_ws/install/dynamixel_sdk:/home/rats/turtlebot3_ws/install/turtlebot3_teleop:/home/rats/turtlebot3_ws/install/turtlebot3_example:/home/rats/turtlebot3_ws/install/test_auto:/home/rats/turtlebot3_ws/install/multicontrol:/opt/ros/humble LD_LIBRARY_PATH=/home/rats/turtlebot3_ws/install/turtlebot3_msgs/lib:/home/rats/turtlebot3_ws/install/dynamixel_sdk_custom_interfaces/lib:/home/rats/turtlebot3_ws/install/dynamixel_sdk/lib:/usr/lib/x86_64-linux-gnu/gazebo-11/plugins:/opt/ros/humble/opt/rviz_ogre_vendor/lib:/opt/ros/humble/lib/x86_64-linux-gnu:/opt/ros/humble/lib:/usr/lib/x86_64-linux-gnu/gazebo-11/plugins /usr/bin/cmake --install /home/rats/turtlebot3_ws/build/turtlebot3_fake_node
