[0.088s] Invoking command in '/home/robotics/desktop_ws/build/turtlebot3_msgs': CMAKE_PREFIX_PATH=${CMAKE_PREFIX_PATH}:/home/robotics/pi_ws/install/turtlebot3_teleop:/home/robotics/pi_ws/install/turtlebot3_example:/home/robotics/pi_ws/install/piSub:/home/robotics/desktop_ws/install/turtlebot3_teleop:/home/robotics/desktop_ws/install/turtlebot3_example:/home/robotics/desktop_ws/install/test_auto:/home/robotics/desktop_ws/install/multicontrol:/opt/ros/humble /usr/bin/cmake /home/robotics/desktop_ws/src/turtlebot3_msgs -DCMAKE_INSTALL_PREFIX=/home/robotics/desktop_ws/install/turtlebot3_msgs
[1.495s] -- The C compiler identification is GNU 11.4.0
[2.582s] -- The CXX compiler identification is GNU 11.4.0
[2.613s] -- Detecting C compiler ABI info
[3.629s] -- Detecting C compiler ABI info - done
[3.656s] -- Check for working C compiler: /usr/bin/cc - skipped
[3.657s] -- Detecting C compile features
[3.659s] -- Detecting C compile features - done
[3.671s] -- Detecting CXX compiler ABI info
[4.288s] -- Detecting CXX compiler ABI info - done
[4.319s] -- Check for working CXX compiler: /usr/bin/c++ - skipped
[4.321s] -- Detecting CXX compile features
[4.327s] -- Detecting CXX compile features - done
[4.350s] -- Found action_msgs: 1.2.2 (/opt/ros/humble/share/action_msgs/cmake)
[6.790s] -- Found Python3: /usr/bin/python3 (found version "3.10.12") found components: Interpreter 
[7.825s] -- Found rosidl_generator_c: 3.1.7 (/opt/ros/humble/share/rosidl_generator_c/cmake)
[7.869s] -- Found rosidl_adapter: 3.1.7 (/opt/ros/humble/share/rosidl_adapter/cmake)
[7.950s] -- Found rosidl_generator_cpp: 3.1.7 (/opt/ros/humble/share/rosidl_generator_cpp/cmake)
[8.065s] -- Using all available rosidl_typesupport_c: rosidl_typesupport_fastrtps_c;rosidl_typesupport_introspection_c
[8.199s] -- Using all available rosidl_typesupport_cpp: rosidl_typesupport_fastrtps_cpp;rosidl_typesupport_introspection_cpp
[8.867s] -- Found rosidl_default_generators: 1.2.0 (/opt/ros/humble/share/rosidl_default_generators/cmake)
[9.179s] -- Found std_msgs: 4.9.0 (/opt/ros/humble/share/std_msgs/cmake)
[11.895s] -- Found geometry_msgs: 4.9.0 (/opt/ros/humble/share/geometry_msgs/cmake)
[16.062s] -- Found ament_cmake_cppcheck: 0.12.14 (/opt/ros/humble/share/ament_cmake_cppcheck/cmake)
[16.133s] -- Found ament_cmake_cpplint: 0.12.14 (/opt/ros/humble/share/ament_cmake_cpplint/cmake)
[16.380s] -- Found ament_cmake_uncrustify: 0.12.14 (/opt/ros/humble/share/ament_cmake_uncrustify/cmake)
[16.504s] -- Found ament_cmake_ros: 0.10.0 (/opt/ros/humble/share/ament_cmake_ros/cmake)
[21.010s] -- Using all available rosidl_typesupport_c: rosidl_typesupport_fastrtps_c;rosidl_typesupport_introspection_c
[22.148s] -- Using all available rosidl_typesupport_cpp: rosidl_typesupport_fastrtps_cpp;rosidl_typesupport_introspection_cpp
[22.276s] -- Found PythonInterp: /usr/bin/python3 (found suitable version "3.10.12", minimum required is "3.6") 
[22.291s] -- Found python_cmake_module: 0.10.0 (/opt/ros/humble/share/python_cmake_module/cmake)
[22.423s] -- Found PythonLibs: /usr/lib/aarch64-linux-gnu/libpython3.10.so (found suitable version "3.10.12", minimum required is "3.5") 
[22.424s] -- Using PYTHON_EXECUTABLE: /usr/bin/python3
[22.424s] -- Using PYTHON_INCLUDE_DIRS: /usr/include/python3.10
[22.424s] -- Using PYTHON_LIBRARIES: /usr/lib/aarch64-linux-gnu/libpython3.10.so
[22.538s] -- Found PythonExtra: .so  
[23.073s] -- Found ament_cmake_flake8: 0.12.14 (/opt/ros/humble/share/ament_cmake_flake8/cmake)
[23.118s] -- Found ament_cmake_pep257: 0.12.14 (/opt/ros/humble/share/ament_cmake_pep257/cmake)
[23.229s] -- Configuring done
[23.636s] -- Generating done
[23.708s] -- Build files have been written to: /home/robotics/desktop_ws/build/turtlebot3_msgs
[25.257s] Invoked command in '/home/robotics/desktop_ws/build/turtlebot3_msgs' returned '0': CMAKE_PREFIX_PATH=${CMAKE_PREFIX_PATH}:/home/robotics/pi_ws/install/turtlebot3_teleop:/home/robotics/pi_ws/install/turtlebot3_example:/home/robotics/pi_ws/install/piSub:/home/robotics/desktop_ws/install/turtlebot3_teleop:/home/robotics/desktop_ws/install/turtlebot3_example:/home/robotics/desktop_ws/install/test_auto:/home/robotics/desktop_ws/install/multicontrol:/opt/ros/humble /usr/bin/cmake /home/robotics/desktop_ws/src/turtlebot3_msgs -DCMAKE_INSTALL_PREFIX=/home/robotics/desktop_ws/install/turtlebot3_msgs
[25.272s] Invoking command in '/home/robotics/desktop_ws/build/turtlebot3_msgs': CMAKE_PREFIX_PATH=${CMAKE_PREFIX_PATH}:/home/robotics/pi_ws/install/turtlebot3_teleop:/home/robotics/pi_ws/install/turtlebot3_example:/home/robotics/pi_ws/install/piSub:/home/robotics/desktop_ws/install/turtlebot3_teleop:/home/robotics/desktop_ws/install/turtlebot3_example:/home/robotics/desktop_ws/install/test_auto:/home/robotics/desktop_ws/install/multicontrol:/opt/ros/humble /usr/bin/cmake --build /home/robotics/desktop_ws/build/turtlebot3_msgs -- -j4 -l4
[25.617s] [  1%] [34m[1mGenerating C code for ROS interfaces[0m
[25.750s] [  2%] [34m[1mGenerating C++ code for ROS interfaces[0m
[25.817s] [  2%] Built target ament_cmake_python_copy_turtlebot3_msgs
[28.523s] running egg_info
[28.536s] creating turtlebot3_msgs.egg-info
[28.547s] writing turtlebot3_msgs.egg-info/PKG-INFO
[28.549s] writing dependency_links to turtlebot3_msgs.egg-info/dependency_links.txt
[28.552s] writing top-level names to turtlebot3_msgs.egg-info/top_level.txt
[28.554s] writing manifest file 'turtlebot3_msgs.egg-info/SOURCES.txt'
[28.588s] reading manifest file 'turtlebot3_msgs.egg-info/SOURCES.txt'
[28.592s] writing manifest file 'turtlebot3_msgs.egg-info/SOURCES.txt'
[29.145s] [  2%] Built target ament_cmake_python_build_turtlebot3_msgs_egg
[39.301s] [  3%] [32mBuilding C object CMakeFiles/turtlebot3_msgs__rosidl_generator_c.dir/rosidl_generator_c/turtlebot3_msgs/msg/detail/sound__functions.c.o[0m
[39.306s] [  5%] [32mBuilding C object CMakeFiles/turtlebot3_msgs__rosidl_generator_c.dir/rosidl_generator_c/turtlebot3_msgs/msg/detail/sensor_state__functions.c.o[0m
[39.327s] [  6%] [32mBuilding C object CMakeFiles/turtlebot3_msgs__rosidl_generator_c.dir/rosidl_generator_c/turtlebot3_msgs/msg/detail/version_info__functions.c.o[0m
[39.935s] [  7%] [32mBuilding C object CMakeFiles/turtlebot3_msgs__rosidl_generator_c.dir/rosidl_generator_c/turtlebot3_msgs/srv/detail/sound__functions.c.o[0m
[40.005s] [  8%] [32mBuilding C object CMakeFiles/turtlebot3_msgs__rosidl_generator_c.dir/rosidl_generator_c/turtlebot3_msgs/srv/detail/dqn__functions.c.o[0m
[40.252s] [ 10%] [32mBuilding C object CMakeFiles/turtlebot3_msgs__rosidl_generator_c.dir/rosidl_generator_c/turtlebot3_msgs/srv/detail/goal__functions.c.o[0m
[40.264s] [ 10%] Built target turtlebot3_msgs__cpp
[40.394s] [ 11%] [34m[1mGenerating C++ type support dispatch for ROS interfaces[0m
[40.949s] [ 12%] [32mBuilding C object CMakeFiles/turtlebot3_msgs__rosidl_generator_c.dir/rosidl_generator_c/turtlebot3_msgs/action/detail/patrol__functions.c.o[0m
[41.078s] [ 13%] [34m[1mGenerating C++ type support for eProsima Fast-RTPS[0m
[43.379s] [ 15%] [32m[1mLinking C shared library libturtlebot3_msgs__rosidl_generator_c.so[0m
[43.734s] [ 15%] Built target turtlebot3_msgs__rosidl_generator_c
[43.796s] [ 16%] [34m[1mGenerating C++ introspection for ROS interfaces[0m
[44.856s] [ 17%] [34m[1mGenerating C type support for eProsima Fast-RTPS[0m
[45.714s] [ 18%] [32mBuilding CXX object CMakeFiles/turtlebot3_msgs__rosidl_typesupport_cpp.dir/rosidl_typesupport_cpp/turtlebot3_msgs/msg/sensor_state__type_support.cpp.o[0m
[47.340s] [ 20%] [32mBuilding CXX object CMakeFiles/turtlebot3_msgs__rosidl_typesupport_fastrtps_cpp.dir/rosidl_typesupport_fastrtps_cpp/turtlebot3_msgs/msg/detail/dds_fastrtps/sensor_state__type_support.cpp.o[0m
[49.395s] [ 21%] [32mBuilding CXX object CMakeFiles/turtlebot3_msgs__rosidl_typesupport_introspection_cpp.dir/rosidl_typesupport_introspection_cpp/turtlebot3_msgs/msg/detail/sensor_state__type_support.cpp.o[0m
[49.573s] [ 22%] [32mBuilding CXX object CMakeFiles/turtlebot3_msgs__rosidl_typesupport_cpp.dir/rosidl_typesupport_cpp/turtlebot3_msgs/msg/sound__type_support.cpp.o[0m
[51.443s] [ 24%] [32mBuilding CXX object CMakeFiles/turtlebot3_msgs__rosidl_typesupport_fastrtps_c.dir/rosidl_typesupport_fastrtps_c/turtlebot3_msgs/msg/detail/sensor_state__type_support_c.cpp.o[0m
[52.038s] [ 25%] [32mBuilding CXX object CMakeFiles/turtlebot3_msgs__rosidl_typesupport_cpp.dir/rosidl_typesupport_cpp/turtlebot3_msgs/msg/version_info__type_support.cpp.o[0m
[52.044s] [ 26%] [32mBuilding CXX object CMakeFiles/turtlebot3_msgs__rosidl_typesupport_fastrtps_cpp.dir/rosidl_typesupport_fastrtps_cpp/turtlebot3_msgs/msg/detail/dds_fastrtps/sound__type_support.cpp.o[0m
[52.068s] [ 27%] [32mBuilding CXX object CMakeFiles/turtlebot3_msgs__rosidl_typesupport_introspection_cpp.dir/rosidl_typesupport_introspection_cpp/turtlebot3_msgs/msg/detail/sound__type_support.cpp.o[0m
[55.092s] [ 29%] [32mBuilding CXX object CMakeFiles/turtlebot3_msgs__rosidl_typesupport_fastrtps_c.dir/rosidl_typesupport_fastrtps_c/turtlebot3_msgs/msg/detail/sound__type_support_c.cpp.o[0m
[55.120s] [ 30%] [32mBuilding CXX object CMakeFiles/turtlebot3_msgs__rosidl_typesupport_introspection_cpp.dir/rosidl_typesupport_introspection_cpp/turtlebot3_msgs/msg/detail/version_info__type_support.cpp.o[0m
[55.126s] [ 31%] [32mBuilding CXX object CMakeFiles/turtlebot3_msgs__rosidl_typesupport_fastrtps_cpp.dir/rosidl_typesupport_fastrtps_cpp/turtlebot3_msgs/msg/detail/dds_fastrtps/version_info__type_support.cpp.o[0m
[55.133s] [ 32%] [32mBuilding CXX object CMakeFiles/turtlebot3_msgs__rosidl_typesupport_cpp.dir/rosidl_typesupport_cpp/turtlebot3_msgs/srv/sound__type_support.cpp.o[0m
[57.532s] [ 34%] [32mBuilding CXX object CMakeFiles/turtlebot3_msgs__rosidl_typesupport_cpp.dir/rosidl_typesupport_cpp/turtlebot3_msgs/srv/dqn__type_support.cpp.o[0m
[57.649s] [ 35%] [32mBuilding CXX object CMakeFiles/turtlebot3_msgs__rosidl_typesupport_fastrtps_c.dir/rosidl_typesupport_fastrtps_c/turtlebot3_msgs/msg/detail/version_info__type_support_c.cpp.o[0m
[57.675s] [ 36%] [32mBuilding CXX object CMakeFiles/turtlebot3_msgs__rosidl_typesupport_introspection_cpp.dir/rosidl_typesupport_introspection_cpp/turtlebot3_msgs/srv/detail/sound__type_support.cpp.o[0m
[57.943s] [ 37%] [32mBuilding CXX object CMakeFiles/turtlebot3_msgs__rosidl_typesupport_fastrtps_cpp.dir/rosidl_typesupport_fastrtps_cpp/turtlebot3_msgs/srv/detail/dds_fastrtps/sound__type_support.cpp.o[0m
[59.473s] [ 39%] [32mBuilding CXX object CMakeFiles/turtlebot3_msgs__rosidl_typesupport_cpp.dir/rosidl_typesupport_cpp/turtlebot3_msgs/srv/goal__type_support.cpp.o[0m
[60.114s] [ 40%] [32mBuilding CXX object CMakeFiles/turtlebot3_msgs__rosidl_typesupport_introspection_cpp.dir/rosidl_typesupport_introspection_cpp/turtlebot3_msgs/srv/detail/dqn__type_support.cpp.o[0m
[60.277s] [ 41%] [32mBuilding CXX object CMakeFiles/turtlebot3_msgs__rosidl_typesupport_fastrtps_c.dir/rosidl_typesupport_fastrtps_c/turtlebot3_msgs/srv/detail/sound__type_support_c.cpp.o[0m
[61.347s] [ 43%] [32mBuilding CXX object CMakeFiles/turtlebot3_msgs__rosidl_typesupport_fastrtps_cpp.dir/rosidl_typesupport_fastrtps_cpp/turtlebot3_msgs/srv/detail/dds_fastrtps/dqn__type_support.cpp.o[0m
[61.404s] [ 44%] [32mBuilding CXX object CMakeFiles/turtlebot3_msgs__rosidl_typesupport_cpp.dir/rosidl_typesupport_cpp/turtlebot3_msgs/action/patrol__type_support.cpp.o[0m
[63.142s] [ 45%] [32mBuilding CXX object CMakeFiles/turtlebot3_msgs__rosidl_typesupport_introspection_cpp.dir/rosidl_typesupport_introspection_cpp/turtlebot3_msgs/srv/detail/goal__type_support.cpp.o[0m
[63.323s] [ 46%] [32mBuilding CXX object CMakeFiles/turtlebot3_msgs__rosidl_typesupport_fastrtps_c.dir/rosidl_typesupport_fastrtps_c/turtlebot3_msgs/srv/detail/dqn__type_support_c.cpp.o[0m
[65.045s] [ 48%] [32mBuilding CXX object CMakeFiles/turtlebot3_msgs__rosidl_typesupport_fastrtps_cpp.dir/rosidl_typesupport_fastrtps_cpp/turtlebot3_msgs/srv/detail/dds_fastrtps/goal__type_support.cpp.o[0m
[65.204s] [ 49%] [32m[1mLinking CXX shared library libturtlebot3_msgs__rosidl_typesupport_cpp.so[0m
[65.640s] [ 49%] Built target turtlebot3_msgs__rosidl_typesupport_cpp
[66.001s] [ 50%] [32mBuilding CXX object CMakeFiles/turtlebot3_msgs__rosidl_typesupport_introspection_cpp.dir/rosidl_typesupport_introspection_cpp/turtlebot3_msgs/action/detail/patrol__type_support.cpp.o[0m
[66.211s] [ 51%] [32mBuilding CXX object CMakeFiles/turtlebot3_msgs__rosidl_typesupport_fastrtps_c.dir/rosidl_typesupport_fastrtps_c/turtlebot3_msgs/srv/detail/goal__type_support_c.cpp.o[0m
[67.872s] [ 53%] [32mBuilding CXX object CMakeFiles/turtlebot3_msgs__rosidl_typesupport_fastrtps_cpp.dir/rosidl_typesupport_fastrtps_cpp/turtlebot3_msgs/action/detail/dds_fastrtps/patrol__type_support.cpp.o[0m
[68.501s] [ 54%] [32mBuilding CXX object CMakeFiles/turtlebot3_msgs__rosidl_typesupport_fastrtps_c.dir/rosidl_typesupport_fastrtps_c/turtlebot3_msgs/action/detail/patrol__type_support_c.cpp.o[0m
[69.829s] [ 55%] [32m[1mLinking CXX shared library libturtlebot3_msgs__rosidl_typesupport_introspection_cpp.so[0m
[70.277s] [ 55%] Built target turtlebot3_msgs__rosidl_typesupport_introspection_cpp
[70.928s] [ 56%] [32m[1mLinking CXX shared library libturtlebot3_msgs__rosidl_typesupport_fastrtps_c.so[0m
[71.250s] [ 58%] [32m[1mLinking CXX shared library libturtlebot3_msgs__rosidl_typesupport_fastrtps_cpp.so[0m
[71.290s] [ 58%] Built target turtlebot3_msgs__rosidl_typesupport_fastrtps_c
[71.604s] [ 58%] Built target turtlebot3_msgs__rosidl_typesupport_fastrtps_cpp
[71.652s] [ 59%] [34m[1mGenerating C type support dispatch for ROS interfaces[0m
[74.749s] [ 60%] [32mBuilding CXX object CMakeFiles/turtlebot3_msgs__rosidl_typesupport_c.dir/rosidl_typesupport_c/turtlebot3_msgs/msg/sensor_state__type_support.cpp.o[0m
[74.911s] [ 62%] [32mBuilding CXX object CMakeFiles/turtlebot3_msgs__rosidl_typesupport_c.dir/rosidl_typesupport_c/turtlebot3_msgs/msg/version_info__type_support.cpp.o[0m
[75.073s] [ 63%] [32mBuilding CXX object CMakeFiles/turtlebot3_msgs__rosidl_typesupport_c.dir/rosidl_typesupport_c/turtlebot3_msgs/srv/sound__type_support.cpp.o[0m
[75.240s] [ 64%] [32mBuilding CXX object CMakeFiles/turtlebot3_msgs__rosidl_typesupport_c.dir/rosidl_typesupport_c/turtlebot3_msgs/srv/dqn__type_support.cpp.o[0m
[75.401s] [ 65%] [32mBuilding CXX object CMakeFiles/turtlebot3_msgs__rosidl_typesupport_c.dir/rosidl_typesupport_c/turtlebot3_msgs/srv/goal__type_support.cpp.o[0m
[75.568s] [ 67%] [32mBuilding CXX object CMakeFiles/turtlebot3_msgs__rosidl_typesupport_c.dir/rosidl_typesupport_c/turtlebot3_msgs/action/patrol__type_support.cpp.o[0m
[75.834s] [ 68%] [32mBuilding CXX object CMakeFiles/turtlebot3_msgs__rosidl_typesupport_c.dir/rosidl_typesupport_c/turtlebot3_msgs/msg/sound__type_support.cpp.o[0m
[75.993s] [ 69%] [32m[1mLinking CXX shared library libturtlebot3_msgs__rosidl_typesupport_c.so[0m
[76.193s] [ 69%] Built target turtlebot3_msgs__rosidl_typesupport_c
[76.243s] [ 70%] [34m[1mGenerating C introspection for ROS interfaces[0m
[80.468s] [ 72%] [32mBuilding C object CMakeFiles/turtlebot3_msgs__rosidl_typesupport_introspection_c.dir/rosidl_typesupport_introspection_c/turtlebot3_msgs/msg/detail/sensor_state__type_support.c.o[0m
[80.683s] [ 73%] [32mBuilding C object CMakeFiles/turtlebot3_msgs__rosidl_typesupport_introspection_c.dir/rosidl_typesupport_introspection_c/turtlebot3_msgs/srv/detail/sound__type_support.c.o[0m
[80.892s] [ 74%] [32mBuilding C object CMakeFiles/turtlebot3_msgs__rosidl_typesupport_introspection_c.dir/rosidl_typesupport_introspection_c/turtlebot3_msgs/srv/detail/dqn__type_support.c.o[0m
[81.117s] [ 75%] [32mBuilding C object CMakeFiles/turtlebot3_msgs__rosidl_typesupport_introspection_c.dir/rosidl_typesupport_introspection_c/turtlebot3_msgs/srv/detail/goal__type_support.c.o[0m
[81.320s] [ 77%] [32mBuilding C object CMakeFiles/turtlebot3_msgs__rosidl_typesupport_introspection_c.dir/rosidl_typesupport_introspection_c/turtlebot3_msgs/action/detail/patrol__type_support.c.o[0m
[81.606s] [ 78%] [32mBuilding C object CMakeFiles/turtlebot3_msgs__rosidl_typesupport_introspection_c.dir/rosidl_typesupport_introspection_c/turtlebot3_msgs/msg/detail/version_info__type_support.c.o[0m
[81.801s] [ 79%] [32mBuilding C object CMakeFiles/turtlebot3_msgs__rosidl_typesupport_introspection_c.dir/rosidl_typesupport_introspection_c/turtlebot3_msgs/msg/detail/sound__type_support.c.o[0m
[81.989s] [ 81%] [32m[1mLinking C shared library libturtlebot3_msgs__rosidl_typesupport_introspection_c.so[0m
[82.168s] [ 81%] Built target turtlebot3_msgs__rosidl_typesupport_introspection_c
[82.259s] [ 81%] Built target turtlebot3_msgs
[82.353s] [ 82%] [34m[1mGenerating Python code for ROS interfaces[0m
[91.001s] [ 82%] Built target turtlebot3_msgs__py
[91.096s] [ 83%] [32mBuilding C object CMakeFiles/turtlebot3_msgs__rosidl_generator_py.dir/rosidl_generator_py/turtlebot3_msgs/msg/_sensor_state_s.c.o[0m
[91.100s] [ 84%] [32mBuilding C object CMakeFiles/turtlebot3_msgs__rosidl_generator_py.dir/rosidl_generator_py/turtlebot3_msgs/msg/_sound_s.c.o[0m
[91.652s] [ 86%] [32mBuilding C object CMakeFiles/turtlebot3_msgs__rosidl_generator_py.dir/rosidl_generator_py/turtlebot3_msgs/srv/_sound_s.c.o[0m
[91.699s] [ 87%] [32mBuilding C object CMakeFiles/turtlebot3_msgs__rosidl_generator_py.dir/rosidl_generator_py/turtlebot3_msgs/srv/_dqn_s.c.o[0m
[92.236s] [ 88%] [32mBuilding C object CMakeFiles/turtlebot3_msgs__rosidl_generator_py.dir/rosidl_generator_py/turtlebot3_msgs/srv/_goal_s.c.o[0m
[92.318s] [ 89%] [32mBuilding C object CMakeFiles/turtlebot3_msgs__rosidl_generator_py.dir/rosidl_generator_py/turtlebot3_msgs/action/_patrol_s.c.o[0m
[92.811s] [ 91%] [32mBuilding C object CMakeFiles/turtlebot3_msgs__rosidl_generator_py.dir/rosidl_generator_py/turtlebot3_msgs/msg/_version_info_s.c.o[0m
[93.362s] [ 92%] [32m[1mLinking C shared library rosidl_generator_py/turtlebot3_msgs/libturtlebot3_msgs__rosidl_generator_py.so[0m
[93.606s] [ 92%] Built target turtlebot3_msgs__rosidl_generator_py
[93.716s] [ 93%] [32mBuilding C object CMakeFiles/turtlebot3_msgs__rosidl_typesupport_fastrtps_c__pyext.dir/rosidl_generator_py/turtlebot3_msgs/_turtlebot3_msgs_s.ep.rosidl_typesupport_fastrtps_c.c.o[0m
[93.717s] [ 94%] [32mBuilding C object CMakeFiles/turtlebot3_msgs__rosidl_typesupport_introspection_c__pyext.dir/rosidl_generator_py/turtlebot3_msgs/_turtlebot3_msgs_s.ep.rosidl_typesupport_introspection_c.c.o[0m
[94.526s] [ 97%] [32m[1mLinking C shared library rosidl_generator_py/turtlebot3_msgs/turtlebot3_msgs_s__rosidl_typesupport_introspection_c.cpython-310-aarch64-linux-gnu.so[0m
[94.527s] [ 97%] [32m[1mLinking C shared library rosidl_generator_py/turtlebot3_msgs/turtlebot3_msgs_s__rosidl_typesupport_fastrtps_c.cpython-310-aarch64-linux-gnu.so[0m
[94.833s] [ 97%] Built target turtlebot3_msgs__rosidl_typesupport_fastrtps_c__pyext
[94.835s] [ 97%] Built target turtlebot3_msgs__rosidl_typesupport_introspection_c__pyext
[94.925s] [ 98%] [32mBuilding C object CMakeFiles/turtlebot3_msgs__rosidl_typesupport_c__pyext.dir/rosidl_generator_py/turtlebot3_msgs/_turtlebot3_msgs_s.ep.rosidl_typesupport_c.c.o[0m
[95.734s] [100%] [32m[1mLinking C shared library rosidl_generator_py/turtlebot3_msgs/turtlebot3_msgs_s__rosidl_typesupport_c.cpython-310-aarch64-linux-gnu.so[0m
[96.068s] [100%] Built target turtlebot3_msgs__rosidl_typesupport_c__pyext
[96.134s] Invoked command in '/home/robotics/desktop_ws/build/turtlebot3_msgs' returned '0': CMAKE_PREFIX_PATH=${CMAKE_PREFIX_PATH}:/home/robotics/pi_ws/install/turtlebot3_teleop:/home/robotics/pi_ws/install/turtlebot3_example:/home/robotics/pi_ws/install/piSub:/home/robotics/desktop_ws/install/turtlebot3_teleop:/home/robotics/desktop_ws/install/turtlebot3_example:/home/robotics/desktop_ws/install/test_auto:/home/robotics/desktop_ws/install/multicontrol:/opt/ros/humble /usr/bin/cmake --build /home/robotics/desktop_ws/build/turtlebot3_msgs -- -j4 -l4
[96.143s] Invoking command in '/home/robotics/desktop_ws/build/turtlebot3_msgs': CMAKE_PREFIX_PATH=${CMAKE_PREFIX_PATH}:/home/robotics/pi_ws/install/turtlebot3_teleop:/home/robotics/pi_ws/install/turtlebot3_example:/home/robotics/pi_ws/install/piSub:/home/robotics/desktop_ws/install/turtlebot3_teleop:/home/robotics/desktop_ws/install/turtlebot3_example:/home/robotics/desktop_ws/install/test_auto:/home/robotics/desktop_ws/install/multicontrol:/opt/ros/humble /usr/bin/cmake --install /home/robotics/desktop_ws/build/turtlebot3_msgs
[96.173s] -- Install configuration: ""
[96.174s] -- Installing: /home/robotics/desktop_ws/install/turtlebot3_msgs/share/ament_index/resource_index/rosidl_interfaces/turtlebot3_msgs
[96.176s] -- Installing: /home/robotics/desktop_ws/install/turtlebot3_msgs/include/turtlebot3_msgs/turtlebot3_msgs
[96.177s] -- Installing: /home/robotics/desktop_ws/install/turtlebot3_msgs/include/turtlebot3_msgs/turtlebot3_msgs/action
[96.177s] -- Installing: /home/robotics/desktop_ws/install/turtlebot3_msgs/include/turtlebot3_msgs/turtlebot3_msgs/action/patrol.h
[96.178s] -- Installing: /home/robotics/desktop_ws/install/turtlebot3_msgs/include/turtlebot3_msgs/turtlebot3_msgs/action/detail
[96.179s] -- Installing: /home/robotics/desktop_ws/install/turtlebot3_msgs/include/turtlebot3_msgs/turtlebot3_msgs/action/detail/patrol__functions.h
[96.181s] -- Installing: /home/robotics/desktop_ws/install/turtlebot3_msgs/include/turtlebot3_msgs/turtlebot3_msgs/action/detail/patrol__struct.h
[96.183s] -- Installing: /home/robotics/desktop_ws/install/turtlebot3_msgs/include/turtlebot3_msgs/turtlebot3_msgs/action/detail/patrol__type_support.h
[96.184s] -- Installing: /home/robotics/desktop_ws/install/turtlebot3_msgs/include/turtlebot3_msgs/turtlebot3_msgs/action/detail/patrol__functions.c
[96.186s] -- Installing: /home/robotics/desktop_ws/install/turtlebot3_msgs/include/turtlebot3_msgs/turtlebot3_msgs/msg
[96.187s] -- Installing: /home/robotics/desktop_ws/install/turtlebot3_msgs/include/turtlebot3_msgs/turtlebot3_msgs/msg/sound.h
[96.188s] -- Installing: /home/robotics/desktop_ws/install/turtlebot3_msgs/include/turtlebot3_msgs/turtlebot3_msgs/msg/sensor_state.h
[96.189s] -- Installing: /home/robotics/desktop_ws/install/turtlebot3_msgs/include/turtlebot3_msgs/turtlebot3_msgs/msg/version_info.h
[96.191s] -- Installing: /home/robotics/desktop_ws/install/turtlebot3_msgs/include/turtlebot3_msgs/turtlebot3_msgs/msg/rosidl_generator_c__visibility_control.h
[96.192s] -- Installing: /home/robotics/desktop_ws/install/turtlebot3_msgs/include/turtlebot3_msgs/turtlebot3_msgs/msg/detail
[96.193s] -- Installing: /home/robotics/desktop_ws/install/turtlebot3_msgs/include/turtlebot3_msgs/turtlebot3_msgs/msg/detail/version_info__type_support.h
[96.194s] -- Installing: /home/robotics/desktop_ws/install/turtlebot3_msgs/include/turtlebot3_msgs/turtlebot3_msgs/msg/detail/sound__functions.c
[96.195s] -- Installing: /home/robotics/desktop_ws/install/turtlebot3_msgs/include/turtlebot3_msgs/turtlebot3_msgs/msg/detail/sensor_state__struct.h
[96.197s] -- Installing: /home/robotics/desktop_ws/install/turtlebot3_msgs/include/turtlebot3_msgs/turtlebot3_msgs/msg/detail/version_info__functions.h
[96.198s] -- Installing: /home/robotics/desktop_ws/install/turtlebot3_msgs/include/turtlebot3_msgs/turtlebot3_msgs/msg/detail/sound__functions.h
[96.199s] -- Installing: /home/robotics/desktop_ws/install/turtlebot3_msgs/include/turtlebot3_msgs/turtlebot3_msgs/msg/detail/sound__type_support.h
[96.201s] -- Installing: /home/robotics/desktop_ws/install/turtlebot3_msgs/include/turtlebot3_msgs/turtlebot3_msgs/msg/detail/sensor_state__functions.c
[96.202s] -- Installing: /home/robotics/desktop_ws/install/turtlebot3_msgs/include/turtlebot3_msgs/turtlebot3_msgs/msg/detail/sound__struct.h
[96.203s] -- Installing: /home/robotics/desktop_ws/install/turtlebot3_msgs/include/turtlebot3_msgs/turtlebot3_msgs/msg/detail/sensor_state__functions.h
[96.205s] -- Installing: /home/robotics/desktop_ws/install/turtlebot3_msgs/include/turtlebot3_msgs/turtlebot3_msgs/msg/detail/version_info__struct.h
[96.206s] -- Installing: /home/robotics/desktop_ws/install/turtlebot3_msgs/include/turtlebot3_msgs/turtlebot3_msgs/msg/detail/sensor_state__type_support.h
[96.207s] -- Installing: /home/robotics/desktop_ws/install/turtlebot3_msgs/include/turtlebot3_msgs/turtlebot3_msgs/msg/detail/version_info__functions.c
[96.208s] -- Installing: /home/robotics/desktop_ws/install/turtlebot3_msgs/include/turtlebot3_msgs/turtlebot3_msgs/srv
[96.209s] -- Installing: /home/robotics/desktop_ws/install/turtlebot3_msgs/include/turtlebot3_msgs/turtlebot3_msgs/srv/sound.h
[96.210s] -- Installing: /home/robotics/desktop_ws/install/turtlebot3_msgs/include/turtlebot3_msgs/turtlebot3_msgs/srv/dqn.h
[96.212s] -- Installing: /home/robotics/desktop_ws/install/turtlebot3_msgs/include/turtlebot3_msgs/turtlebot3_msgs/srv/goal.h
[96.213s] -- Installing: /home/robotics/desktop_ws/install/turtlebot3_msgs/include/turtlebot3_msgs/turtlebot3_msgs/srv/detail
[96.214s] -- Installing: /home/robotics/desktop_ws/install/turtlebot3_msgs/include/turtlebot3_msgs/turtlebot3_msgs/srv/detail/dqn__functions.c
[96.216s] -- Installing: /home/robotics/desktop_ws/install/turtlebot3_msgs/include/turtlebot3_msgs/turtlebot3_msgs/srv/detail/sound__functions.c
[96.217s] -- Installing: /home/robotics/desktop_ws/install/turtlebot3_msgs/include/turtlebot3_msgs/turtlebot3_msgs/srv/detail/dqn__type_support.h
[96.218s] -- Installing: /home/robotics/desktop_ws/install/turtlebot3_msgs/include/turtlebot3_msgs/turtlebot3_msgs/srv/detail/goal__struct.h
[96.219s] -- Installing: /home/robotics/desktop_ws/install/turtlebot3_msgs/include/turtlebot3_msgs/turtlebot3_msgs/srv/detail/goal__functions.h
[96.221s] -- Installing: /home/robotics/desktop_ws/install/turtlebot3_msgs/include/turtlebot3_msgs/turtlebot3_msgs/srv/detail/sound__functions.h
[96.222s] -- Installing: /home/robotics/desktop_ws/install/turtlebot3_msgs/include/turtlebot3_msgs/turtlebot3_msgs/srv/detail/dqn__functions.h
[96.223s] -- Installing: /home/robotics/desktop_ws/install/turtlebot3_msgs/include/turtlebot3_msgs/turtlebot3_msgs/srv/detail/sound__type_support.h
[96.225s] -- Installing: /home/robotics/desktop_ws/install/turtlebot3_msgs/include/turtlebot3_msgs/turtlebot3_msgs/srv/detail/goal__functions.c
[96.226s] -- Installing: /home/robotics/desktop_ws/install/turtlebot3_msgs/include/turtlebot3_msgs/turtlebot3_msgs/srv/detail/dqn__struct.h
[96.227s] -- Installing: /home/robotics/desktop_ws/install/turtlebot3_msgs/include/turtlebot3_msgs/turtlebot3_msgs/srv/detail/sound__struct.h
[96.229s] -- Installing: /home/robotics/desktop_ws/install/turtlebot3_msgs/include/turtlebot3_msgs/turtlebot3_msgs/srv/detail/goal__type_support.h
[96.230s] -- Installing: /home/robotics/desktop_ws/install/turtlebot3_msgs/share/turtlebot3_msgs/environment/library_path.sh
[96.232s] -- Installing: /home/robotics/desktop_ws/install/turtlebot3_msgs/share/turtlebot3_msgs/environment/library_path.dsv
[96.234s] -- Installing: /home/robotics/desktop_ws/install/turtlebot3_msgs/lib/libturtlebot3_msgs__rosidl_generator_c.so
[96.237s] -- Set runtime path of "/home/robotics/desktop_ws/install/turtlebot3_msgs/lib/libturtlebot3_msgs__rosidl_generator_c.so" to ""
[96.238s] -- Up-to-date: /home/robotics/desktop_ws/install/turtlebot3_msgs/include/turtlebot3_msgs/turtlebot3_msgs
[96.238s] -- Up-to-date: /home/robotics/desktop_ws/install/turtlebot3_msgs/include/turtlebot3_msgs/turtlebot3_msgs/action
[96.239s] -- Up-to-date: /home/robotics/desktop_ws/install/turtlebot3_msgs/include/turtlebot3_msgs/turtlebot3_msgs/action/detail
[96.239s] -- Installing: /home/robotics/desktop_ws/install/turtlebot3_msgs/include/turtlebot3_msgs/turtlebot3_msgs/action/detail/patrol__rosidl_typesupport_fastrtps_c.h
[96.240s] -- Up-to-date: /home/robotics/desktop_ws/install/turtlebot3_msgs/include/turtlebot3_msgs/turtlebot3_msgs/msg
[96.241s] -- Installing: /home/robotics/desktop_ws/install/turtlebot3_msgs/include/turtlebot3_msgs/turtlebot3_msgs/msg/rosidl_typesupport_fastrtps_c__visibility_control.h
[96.242s] -- Up-to-date: /home/robotics/desktop_ws/install/turtlebot3_msgs/include/turtlebot3_msgs/turtlebot3_msgs/msg/detail
[96.243s] -- Installing: /home/robotics/desktop_ws/install/turtlebot3_msgs/include/turtlebot3_msgs/turtlebot3_msgs/msg/detail/sensor_state__rosidl_typesupport_fastrtps_c.h
[96.244s] -- Installing: /home/robotics/desktop_ws/install/turtlebot3_msgs/include/turtlebot3_msgs/turtlebot3_msgs/msg/detail/sound__rosidl_typesupport_fastrtps_c.h
[96.246s] -- Installing: /home/robotics/desktop_ws/install/turtlebot3_msgs/include/turtlebot3_msgs/turtlebot3_msgs/msg/detail/version_info__rosidl_typesupport_fastrtps_c.h
[96.247s] -- Up-to-date: /home/robotics/desktop_ws/install/turtlebot3_msgs/include/turtlebot3_msgs/turtlebot3_msgs/srv
[96.248s] -- Up-to-date: /home/robotics/desktop_ws/install/turtlebot3_msgs/include/turtlebot3_msgs/turtlebot3_msgs/srv/detail
[96.248s] -- Installing: /home/robotics/desktop_ws/install/turtlebot3_msgs/include/turtlebot3_msgs/turtlebot3_msgs/srv/detail/goal__rosidl_typesupport_fastrtps_c.h
[96.249s] -- Installing: /home/robotics/desktop_ws/install/turtlebot3_msgs/include/turtlebot3_msgs/turtlebot3_msgs/srv/detail/dqn__rosidl_typesupport_fastrtps_c.h
[96.251s] -- Installing: /home/robotics/desktop_ws/install/turtlebot3_msgs/include/turtlebot3_msgs/turtlebot3_msgs/srv/detail/sound__rosidl_typesupport_fastrtps_c.h
[96.252s] -- Installing: /home/robotics/desktop_ws/install/turtlebot3_msgs/lib/libturtlebot3_msgs__rosidl_typesupport_fastrtps_c.so
[96.256s] -- Set runtime path of "/home/robotics/desktop_ws/install/turtlebot3_msgs/lib/libturtlebot3_msgs__rosidl_typesupport_fastrtps_c.so" to ""
[96.257s] -- Up-to-date: /home/robotics/desktop_ws/install/turtlebot3_msgs/include/turtlebot3_msgs/turtlebot3_msgs
[96.257s] -- Up-to-date: /home/robotics/desktop_ws/install/turtlebot3_msgs/include/turtlebot3_msgs/turtlebot3_msgs/action
[96.258s] -- Installing: /home/robotics/desktop_ws/install/turtlebot3_msgs/include/turtlebot3_msgs/turtlebot3_msgs/action/patrol.hpp
[96.259s] -- Up-to-date: /home/robotics/desktop_ws/install/turtlebot3_msgs/include/turtlebot3_msgs/turtlebot3_msgs/action/detail
[96.259s] -- Installing: /home/robotics/desktop_ws/install/turtlebot3_msgs/include/turtlebot3_msgs/turtlebot3_msgs/action/detail/patrol__type_support.hpp
[96.260s] -- Installing: /home/robotics/desktop_ws/install/turtlebot3_msgs/include/turtlebot3_msgs/turtlebot3_msgs/action/detail/patrol__traits.hpp
[96.262s] -- Installing: /home/robotics/desktop_ws/install/turtlebot3_msgs/include/turtlebot3_msgs/turtlebot3_msgs/action/detail/patrol__struct.hpp
[96.264s] -- Installing: /home/robotics/desktop_ws/install/turtlebot3_msgs/include/turtlebot3_msgs/turtlebot3_msgs/action/detail/patrol__builder.hpp
[96.265s] -- Up-to-date: /home/robotics/desktop_ws/install/turtlebot3_msgs/include/turtlebot3_msgs/turtlebot3_msgs/msg
[96.266s] -- Installing: /home/robotics/desktop_ws/install/turtlebot3_msgs/include/turtlebot3_msgs/turtlebot3_msgs/msg/sound.hpp
[96.267s] -- Up-to-date: /home/robotics/desktop_ws/install/turtlebot3_msgs/include/turtlebot3_msgs/turtlebot3_msgs/msg/detail
[96.268s] -- Installing: /home/robotics/desktop_ws/install/turtlebot3_msgs/include/turtlebot3_msgs/turtlebot3_msgs/msg/detail/sound__traits.hpp
[96.269s] -- Installing: /home/robotics/desktop_ws/install/turtlebot3_msgs/include/turtlebot3_msgs/turtlebot3_msgs/msg/detail/sensor_state__traits.hpp
[96.270s] -- Installing: /home/robotics/desktop_ws/install/turtlebot3_msgs/include/turtlebot3_msgs/turtlebot3_msgs/msg/detail/version_info__struct.hpp
[96.272s] -- Installing: /home/robotics/desktop_ws/install/turtlebot3_msgs/include/turtlebot3_msgs/turtlebot3_msgs/msg/detail/sound__type_support.hpp
[96.273s] -- Installing: /home/robotics/desktop_ws/install/turtlebot3_msgs/include/turtlebot3_msgs/turtlebot3_msgs/msg/detail/sound__builder.hpp
[96.274s] -- Installing: /home/robotics/desktop_ws/install/turtlebot3_msgs/include/turtlebot3_msgs/turtlebot3_msgs/msg/detail/sensor_state__type_support.hpp
[96.276s] -- Installing: /home/robotics/desktop_ws/install/turtlebot3_msgs/include/turtlebot3_msgs/turtlebot3_msgs/msg/detail/sensor_state__builder.hpp
[96.277s] -- Installing: /home/robotics/desktop_ws/install/turtlebot3_msgs/include/turtlebot3_msgs/turtlebot3_msgs/msg/detail/sound__struct.hpp
[96.278s] -- Installing: /home/robotics/desktop_ws/install/turtlebot3_msgs/include/turtlebot3_msgs/turtlebot3_msgs/msg/detail/version_info__builder.hpp
[96.280s] -- Installing: /home/robotics/desktop_ws/install/turtlebot3_msgs/include/turtlebot3_msgs/turtlebot3_msgs/msg/detail/version_info__type_support.hpp
[96.281s] -- Installing: /home/robotics/desktop_ws/install/turtlebot3_msgs/include/turtlebot3_msgs/turtlebot3_msgs/msg/detail/version_info__traits.hpp
[96.282s] -- Installing: /home/robotics/desktop_ws/install/turtlebot3_msgs/include/turtlebot3_msgs/turtlebot3_msgs/msg/detail/sensor_state__struct.hpp
[96.284s] -- Installing: /home/robotics/desktop_ws/install/turtlebot3_msgs/include/turtlebot3_msgs/turtlebot3_msgs/msg/rosidl_generator_cpp__visibility_control.hpp
[96.285s] -- Installing: /home/robotics/desktop_ws/install/turtlebot3_msgs/include/turtlebot3_msgs/turtlebot3_msgs/msg/version_info.hpp
[96.286s] -- Installing: /home/robotics/desktop_ws/install/turtlebot3_msgs/include/turtlebot3_msgs/turtlebot3_msgs/msg/sensor_state.hpp
[96.287s] -- Up-to-date: /home/robotics/desktop_ws/install/turtlebot3_msgs/include/turtlebot3_msgs/turtlebot3_msgs/srv
[96.288s] -- Installing: /home/robotics/desktop_ws/install/turtlebot3_msgs/include/turtlebot3_msgs/turtlebot3_msgs/srv/goal.hpp
[96.289s] -- Installing: /home/robotics/desktop_ws/install/turtlebot3_msgs/include/turtlebot3_msgs/turtlebot3_msgs/srv/sound.hpp
[96.290s] -- Installing: /home/robotics/desktop_ws/install/turtlebot3_msgs/include/turtlebot3_msgs/turtlebot3_msgs/srv/dqn.hpp
[96.291s] -- Up-to-date: /home/robotics/desktop_ws/install/turtlebot3_msgs/include/turtlebot3_msgs/turtlebot3_msgs/srv/detail
[96.292s] -- Installing: /home/robotics/desktop_ws/install/turtlebot3_msgs/include/turtlebot3_msgs/turtlebot3_msgs/srv/detail/sound__traits.hpp
[96.293s] -- Installing: /home/robotics/desktop_ws/install/turtlebot3_msgs/include/turtlebot3_msgs/turtlebot3_msgs/srv/detail/goal__builder.hpp
[96.294s] -- Installing: /home/robotics/desktop_ws/install/turtlebot3_msgs/include/turtlebot3_msgs/turtlebot3_msgs/srv/detail/dqn__struct.hpp
[96.295s] -- Installing: /home/robotics/desktop_ws/install/turtlebot3_msgs/include/turtlebot3_msgs/turtlebot3_msgs/srv/detail/goal__struct.hpp
[96.297s] -- Installing: /home/robotics/desktop_ws/install/turtlebot3_msgs/include/turtlebot3_msgs/turtlebot3_msgs/srv/detail/sound__type_support.hpp
[96.298s] -- Installing: /home/robotics/desktop_ws/install/turtlebot3_msgs/include/turtlebot3_msgs/turtlebot3_msgs/srv/detail/goal__type_support.hpp
[96.299s] -- Installing: /home/robotics/desktop_ws/install/turtlebot3_msgs/include/turtlebot3_msgs/turtlebot3_msgs/srv/detail/dqn__traits.hpp
[96.300s] -- Installing: /home/robotics/desktop_ws/install/turtlebot3_msgs/include/turtlebot3_msgs/turtlebot3_msgs/srv/detail/sound__builder.hpp
[96.302s] -- Installing: /home/robotics/desktop_ws/install/turtlebot3_msgs/include/turtlebot3_msgs/turtlebot3_msgs/srv/detail/sound__struct.hpp
[96.303s] -- Installing: /home/robotics/desktop_ws/install/turtlebot3_msgs/include/turtlebot3_msgs/turtlebot3_msgs/srv/detail/dqn__builder.hpp
[96.305s] -- Installing: /home/robotics/desktop_ws/install/turtlebot3_msgs/include/turtlebot3_msgs/turtlebot3_msgs/srv/detail/goal__traits.hpp
[96.306s] -- Installing: /home/robotics/desktop_ws/install/turtlebot3_msgs/include/turtlebot3_msgs/turtlebot3_msgs/srv/detail/dqn__type_support.hpp
[96.307s] -- Up-to-date: /home/robotics/desktop_ws/install/turtlebot3_msgs/include/turtlebot3_msgs/turtlebot3_msgs
[96.308s] -- Up-to-date: /home/robotics/desktop_ws/install/turtlebot3_msgs/include/turtlebot3_msgs/turtlebot3_msgs/action
[96.309s] -- Up-to-date: /home/robotics/desktop_ws/install/turtlebot3_msgs/include/turtlebot3_msgs/turtlebot3_msgs/action/detail
[96.309s] -- Installing: /home/robotics/desktop_ws/install/turtlebot3_msgs/include/turtlebot3_msgs/turtlebot3_msgs/action/detail/dds_fastrtps
[96.310s] -- Installing: /home/robotics/desktop_ws/install/turtlebot3_msgs/include/turtlebot3_msgs/turtlebot3_msgs/action/detail/patrol__rosidl_typesupport_fastrtps_cpp.hpp
[96.311s] -- Up-to-date: /home/robotics/desktop_ws/install/turtlebot3_msgs/include/turtlebot3_msgs/turtlebot3_msgs/msg
[96.312s] -- Installing: /home/robotics/desktop_ws/install/turtlebot3_msgs/include/turtlebot3_msgs/turtlebot3_msgs/msg/rosidl_typesupport_fastrtps_cpp__visibility_control.h
[96.313s] -- Up-to-date: /home/robotics/desktop_ws/install/turtlebot3_msgs/include/turtlebot3_msgs/turtlebot3_msgs/msg/detail
[96.313s] -- Installing: /home/robotics/desktop_ws/install/turtlebot3_msgs/include/turtlebot3_msgs/turtlebot3_msgs/msg/detail/version_info__rosidl_typesupport_fastrtps_cpp.hpp
[96.315s] -- Installing: /home/robotics/desktop_ws/install/turtlebot3_msgs/include/turtlebot3_msgs/turtlebot3_msgs/msg/detail/dds_fastrtps
[96.316s] -- Installing: /home/robotics/desktop_ws/install/turtlebot3_msgs/include/turtlebot3_msgs/turtlebot3_msgs/msg/detail/sensor_state__rosidl_typesupport_fastrtps_cpp.hpp
[96.317s] -- Installing: /home/robotics/desktop_ws/install/turtlebot3_msgs/include/turtlebot3_msgs/turtlebot3_msgs/msg/detail/sound__rosidl_typesupport_fastrtps_cpp.hpp
[96.319s] -- Up-to-date: /home/robotics/desktop_ws/install/turtlebot3_msgs/include/turtlebot3_msgs/turtlebot3_msgs/srv
[96.319s] -- Up-to-date: /home/robotics/desktop_ws/install/turtlebot3_msgs/include/turtlebot3_msgs/turtlebot3_msgs/srv/detail
[96.320s] -- Installing: /home/robotics/desktop_ws/install/turtlebot3_msgs/include/turtlebot3_msgs/turtlebot3_msgs/srv/detail/dds_fastrtps
[96.320s] -- Installing: /home/robotics/desktop_ws/install/turtlebot3_msgs/include/turtlebot3_msgs/turtlebot3_msgs/srv/detail/goal__rosidl_typesupport_fastrtps_cpp.hpp
[96.322s] -- Installing: /home/robotics/desktop_ws/install/turtlebot3_msgs/include/turtlebot3_msgs/turtlebot3_msgs/srv/detail/dqn__rosidl_typesupport_fastrtps_cpp.hpp
[96.323s] -- Installing: /home/robotics/desktop_ws/install/turtlebot3_msgs/include/turtlebot3_msgs/turtlebot3_msgs/srv/detail/sound__rosidl_typesupport_fastrtps_cpp.hpp
[96.325s] -- Installing: /home/robotics/desktop_ws/install/turtlebot3_msgs/lib/libturtlebot3_msgs__rosidl_typesupport_fastrtps_cpp.so
[96.329s] -- Set runtime path of "/home/robotics/desktop_ws/install/turtlebot3_msgs/lib/libturtlebot3_msgs__rosidl_typesupport_fastrtps_cpp.so" to ""
[96.330s] -- Up-to-date: /home/robotics/desktop_ws/install/turtlebot3_msgs/include/turtlebot3_msgs/turtlebot3_msgs
[96.330s] -- Up-to-date: /home/robotics/desktop_ws/install/turtlebot3_msgs/include/turtlebot3_msgs/turtlebot3_msgs/action
[96.331s] -- Up-to-date: /home/robotics/desktop_ws/install/turtlebot3_msgs/include/turtlebot3_msgs/turtlebot3_msgs/action/detail
[96.331s] -- Installing: /home/robotics/desktop_ws/install/turtlebot3_msgs/include/turtlebot3_msgs/turtlebot3_msgs/action/detail/patrol__rosidl_typesupport_introspection_c.h
[96.332s] -- Installing: /home/robotics/desktop_ws/install/turtlebot3_msgs/include/turtlebot3_msgs/turtlebot3_msgs/action/detail/patrol__type_support.c
[96.334s] -- Up-to-date: /home/robotics/desktop_ws/install/turtlebot3_msgs/include/turtlebot3_msgs/turtlebot3_msgs/msg
[96.335s] -- Up-to-date: /home/robotics/desktop_ws/install/turtlebot3_msgs/include/turtlebot3_msgs/turtlebot3_msgs/msg/detail
[96.335s] -- Installing: /home/robotics/desktop_ws/install/turtlebot3_msgs/include/turtlebot3_msgs/turtlebot3_msgs/msg/detail/sound__type_support.c
[96.336s] -- Installing: /home/robotics/desktop_ws/install/turtlebot3_msgs/include/turtlebot3_msgs/turtlebot3_msgs/msg/detail/version_info__rosidl_typesupport_introspection_c.h
[96.338s] -- Installing: /home/robotics/desktop_ws/install/turtlebot3_msgs/include/turtlebot3_msgs/turtlebot3_msgs/msg/detail/version_info__type_support.c
[96.339s] -- Installing: /home/robotics/desktop_ws/install/turtlebot3_msgs/include/turtlebot3_msgs/turtlebot3_msgs/msg/detail/sensor_state__type_support.c
[96.341s] -- Installing: /home/robotics/desktop_ws/install/turtlebot3_msgs/include/turtlebot3_msgs/turtlebot3_msgs/msg/detail/sensor_state__rosidl_typesupport_introspection_c.h
[96.342s] -- Installing: /home/robotics/desktop_ws/install/turtlebot3_msgs/include/turtlebot3_msgs/turtlebot3_msgs/msg/detail/sound__rosidl_typesupport_introspection_c.h
[96.344s] -- Installing: /home/robotics/desktop_ws/install/turtlebot3_msgs/include/turtlebot3_msgs/turtlebot3_msgs/msg/rosidl_typesupport_introspection_c__visibility_control.h
[96.345s] -- Up-to-date: /home/robotics/desktop_ws/install/turtlebot3_msgs/include/turtlebot3_msgs/turtlebot3_msgs/srv
[96.346s] -- Up-to-date: /home/robotics/desktop_ws/install/turtlebot3_msgs/include/turtlebot3_msgs/turtlebot3_msgs/srv/detail
[96.347s] -- Installing: /home/robotics/desktop_ws/install/turtlebot3_msgs/include/turtlebot3_msgs/turtlebot3_msgs/srv/detail/sound__type_support.c
[96.348s] -- Installing: /home/robotics/desktop_ws/install/turtlebot3_msgs/include/turtlebot3_msgs/turtlebot3_msgs/srv/detail/dqn__type_support.c
[96.349s] -- Installing: /home/robotics/desktop_ws/install/turtlebot3_msgs/include/turtlebot3_msgs/turtlebot3_msgs/srv/detail/dqn__rosidl_typesupport_introspection_c.h
[96.351s] -- Installing: /home/robotics/desktop_ws/install/turtlebot3_msgs/include/turtlebot3_msgs/turtlebot3_msgs/srv/detail/goal__type_support.c
[96.352s] -- Installing: /home/robotics/desktop_ws/install/turtlebot3_msgs/include/turtlebot3_msgs/turtlebot3_msgs/srv/detail/goal__rosidl_typesupport_introspection_c.h
[96.354s] -- Installing: /home/robotics/desktop_ws/install/turtlebot3_msgs/include/turtlebot3_msgs/turtlebot3_msgs/srv/detail/sound__rosidl_typesupport_introspection_c.h
[96.356s] -- Installing: /home/robotics/desktop_ws/install/turtlebot3_msgs/lib/libturtlebot3_msgs__rosidl_typesupport_introspection_c.so
[96.358s] -- Set runtime path of "/home/robotics/desktop_ws/install/turtlebot3_msgs/lib/libturtlebot3_msgs__rosidl_typesupport_introspection_c.so" to ""
[96.359s] -- Installing: /home/robotics/desktop_ws/install/turtlebot3_msgs/lib/libturtlebot3_msgs__rosidl_typesupport_c.so
[96.362s] -- Set runtime path of "/home/robotics/desktop_ws/install/turtlebot3_msgs/lib/libturtlebot3_msgs__rosidl_typesupport_c.so" to ""
[96.363s] -- Up-to-date: /home/robotics/desktop_ws/install/turtlebot3_msgs/include/turtlebot3_msgs/turtlebot3_msgs
[96.363s] -- Up-to-date: /home/robotics/desktop_ws/install/turtlebot3_msgs/include/turtlebot3_msgs/turtlebot3_msgs/action
[96.364s] -- Up-to-date: /home/robotics/desktop_ws/install/turtlebot3_msgs/include/turtlebot3_msgs/turtlebot3_msgs/action/detail
[96.364s] -- Installing: /home/robotics/desktop_ws/install/turtlebot3_msgs/include/turtlebot3_msgs/turtlebot3_msgs/action/detail/patrol__rosidl_typesupport_introspection_cpp.hpp
[96.365s] -- Installing: /home/robotics/desktop_ws/install/turtlebot3_msgs/include/turtlebot3_msgs/turtlebot3_msgs/action/detail/patrol__type_support.cpp
[96.367s] -- Up-to-date: /home/robotics/desktop_ws/install/turtlebot3_msgs/include/turtlebot3_msgs/turtlebot3_msgs/msg
[96.368s] -- Up-to-date: /home/robotics/desktop_ws/install/turtlebot3_msgs/include/turtlebot3_msgs/turtlebot3_msgs/msg/detail
[96.368s] -- Installing: /home/robotics/desktop_ws/install/turtlebot3_msgs/include/turtlebot3_msgs/turtlebot3_msgs/msg/detail/sensor_state__rosidl_typesupport_introspection_cpp.hpp
[96.369s] -- Installing: /home/robotics/desktop_ws/install/turtlebot3_msgs/include/turtlebot3_msgs/turtlebot3_msgs/msg/detail/sound__type_support.cpp
[96.371s] -- Installing: /home/robotics/desktop_ws/install/turtlebot3_msgs/include/turtlebot3_msgs/turtlebot3_msgs/msg/detail/version_info__type_support.cpp
[96.372s] -- Installing: /home/robotics/desktop_ws/install/turtlebot3_msgs/include/turtlebot3_msgs/turtlebot3_msgs/msg/detail/sensor_state__type_support.cpp
[96.374s] -- Installing: /home/robotics/desktop_ws/install/turtlebot3_msgs/include/turtlebot3_msgs/turtlebot3_msgs/msg/detail/sound__rosidl_typesupport_introspection_cpp.hpp
[96.375s] -- Installing: /home/robotics/desktop_ws/install/turtlebot3_msgs/include/turtlebot3_msgs/turtlebot3_msgs/msg/detail/version_info__rosidl_typesupport_introspection_cpp.hpp
[96.377s] -- Up-to-date: /home/robotics/desktop_ws/install/turtlebot3_msgs/include/turtlebot3_msgs/turtlebot3_msgs/srv
[96.377s] -- Up-to-date: /home/robotics/desktop_ws/install/turtlebot3_msgs/include/turtlebot3_msgs/turtlebot3_msgs/srv/detail
[96.378s] -- Installing: /home/robotics/desktop_ws/install/turtlebot3_msgs/include/turtlebot3_msgs/turtlebot3_msgs/srv/detail/goal__rosidl_typesupport_introspection_cpp.hpp
[96.379s] -- Installing: /home/robotics/desktop_ws/install/turtlebot3_msgs/include/turtlebot3_msgs/turtlebot3_msgs/srv/detail/dqn__rosidl_typesupport_introspection_cpp.hpp
[96.380s] -- Installing: /home/robotics/desktop_ws/install/turtlebot3_msgs/include/turtlebot3_msgs/turtlebot3_msgs/srv/detail/sound__type_support.cpp
[96.382s] -- Installing: /home/robotics/desktop_ws/install/turtlebot3_msgs/include/turtlebot3_msgs/turtlebot3_msgs/srv/detail/dqn__type_support.cpp
[96.383s] -- Installing: /home/robotics/desktop_ws/install/turtlebot3_msgs/include/turtlebot3_msgs/turtlebot3_msgs/srv/detail/goal__type_support.cpp
[96.385s] -- Installing: /home/robotics/desktop_ws/install/turtlebot3_msgs/include/turtlebot3_msgs/turtlebot3_msgs/srv/detail/sound__rosidl_typesupport_introspection_cpp.hpp
[96.386s] -- Installing: /home/robotics/desktop_ws/install/turtlebot3_msgs/lib/libturtlebot3_msgs__rosidl_typesupport_introspection_cpp.so
[96.390s] -- Set runtime path of "/home/robotics/desktop_ws/install/turtlebot3_msgs/lib/libturtlebot3_msgs__rosidl_typesupport_introspection_cpp.so" to ""
[96.391s] -- Installing: /home/robotics/desktop_ws/install/turtlebot3_msgs/lib/libturtlebot3_msgs__rosidl_typesupport_cpp.so
[96.394s] -- Set runtime path of "/home/robotics/desktop_ws/install/turtlebot3_msgs/lib/libturtlebot3_msgs__rosidl_typesupport_cpp.so" to ""
[96.394s] -- Installing: /home/robotics/desktop_ws/install/turtlebot3_msgs/share/turtlebot3_msgs/environment/pythonpath.sh
[96.395s] -- Installing: /home/robotics/desktop_ws/install/turtlebot3_msgs/share/turtlebot3_msgs/environment/pythonpath.dsv
[96.397s] -- Installing: /home/robotics/desktop_ws/install/turtlebot3_msgs/local/lib/python3.10/dist-packages/turtlebot3_msgs-2.4.0-py3.10.egg-info
[96.398s] -- Installing: /home/robotics/desktop_ws/install/turtlebot3_msgs/local/lib/python3.10/dist-packages/turtlebot3_msgs-2.4.0-py3.10.egg-info/PKG-INFO
[96.399s] -- Installing: /home/robotics/desktop_ws/install/turtlebot3_msgs/local/lib/python3.10/dist-packages/turtlebot3_msgs-2.4.0-py3.10.egg-info/top_level.txt
[96.401s] -- Installing: /home/robotics/desktop_ws/install/turtlebot3_msgs/local/lib/python3.10/dist-packages/turtlebot3_msgs-2.4.0-py3.10.egg-info/SOURCES.txt
[96.402s] -- Installing: /home/robotics/desktop_ws/install/turtlebot3_msgs/local/lib/python3.10/dist-packages/turtlebot3_msgs-2.4.0-py3.10.egg-info/dependency_links.txt
[96.403s] -- Installing: /home/robotics/desktop_ws/install/turtlebot3_msgs/local/lib/python3.10/dist-packages/turtlebot3_msgs
[96.404s] -- Installing: /home/robotics/desktop_ws/install/turtlebot3_msgs/local/lib/python3.10/dist-packages/turtlebot3_msgs/__init__.py
[96.406s] -- Installing: /home/robotics/desktop_ws/install/turtlebot3_msgs/local/lib/python3.10/dist-packages/turtlebot3_msgs/_turtlebot3_msgs_s.ep.rosidl_typesupport_introspection_c.c
[96.408s] -- Installing: /home/robotics/desktop_ws/install/turtlebot3_msgs/local/lib/python3.10/dist-packages/turtlebot3_msgs/turtlebot3_msgs_s__rosidl_typesupport_fastrtps_c.cpython-310-aarch64-linux-gnu.so
[96.410s] -- Installing: /home/robotics/desktop_ws/install/turtlebot3_msgs/local/lib/python3.10/dist-packages/turtlebot3_msgs/_turtlebot3_msgs_s.ep.rosidl_typesupport_c.c
[96.412s] -- Installing: /home/robotics/desktop_ws/install/turtlebot3_msgs/local/lib/python3.10/dist-packages/turtlebot3_msgs/action
[96.412s] -- Installing: /home/robotics/desktop_ws/install/turtlebot3_msgs/local/lib/python3.10/dist-packages/turtlebot3_msgs/action/__init__.py
[96.414s] -- Installing: /home/robotics/desktop_ws/install/turtlebot3_msgs/local/lib/python3.10/dist-packages/turtlebot3_msgs/action/_patrol_s.c
[96.415s] -- Installing: /home/robotics/desktop_ws/install/turtlebot3_msgs/local/lib/python3.10/dist-packages/turtlebot3_msgs/action/_patrol.py
[96.417s] -- Installing: /home/robotics/desktop_ws/install/turtlebot3_msgs/local/lib/python3.10/dist-packages/turtlebot3_msgs/turtlebot3_msgs_s__rosidl_typesupport_introspection_c.cpython-310-aarch64-linux-gnu.so
[96.419s] -- Installing: /home/robotics/desktop_ws/install/turtlebot3_msgs/local/lib/python3.10/dist-packages/turtlebot3_msgs/_turtlebot3_msgs_s.ep.rosidl_typesupport_fastrtps_c.c
[96.421s] -- Installing: /home/robotics/desktop_ws/install/turtlebot3_msgs/local/lib/python3.10/dist-packages/turtlebot3_msgs/msg
[96.422s] -- Installing: /home/robotics/desktop_ws/install/turtlebot3_msgs/local/lib/python3.10/dist-packages/turtlebot3_msgs/msg/__init__.py
[96.423s] -- Installing: /home/robotics/desktop_ws/install/turtlebot3_msgs/local/lib/python3.10/dist-packages/turtlebot3_msgs/msg/_sensor_state.py
[96.425s] -- Installing: /home/robotics/desktop_ws/install/turtlebot3_msgs/local/lib/python3.10/dist-packages/turtlebot3_msgs/msg/_version_info_s.c
[96.426s] -- Installing: /home/robotics/desktop_ws/install/turtlebot3_msgs/local/lib/python3.10/dist-packages/turtlebot3_msgs/msg/_sound_s.c
[96.427s] -- Installing: /home/robotics/desktop_ws/install/turtlebot3_msgs/local/lib/python3.10/dist-packages/turtlebot3_msgs/msg/_version_info.py
[96.429s] -- Installing: /home/robotics/desktop_ws/install/turtlebot3_msgs/local/lib/python3.10/dist-packages/turtlebot3_msgs/msg/_sound.py
[96.430s] -- Installing: /home/robotics/desktop_ws/install/turtlebot3_msgs/local/lib/python3.10/dist-packages/turtlebot3_msgs/msg/_sensor_state_s.c
[96.431s] -- Installing: /home/robotics/desktop_ws/install/turtlebot3_msgs/local/lib/python3.10/dist-packages/turtlebot3_msgs/turtlebot3_msgs_s__rosidl_typesupport_c.cpython-310-aarch64-linux-gnu.so
[96.433s] -- Installing: /home/robotics/desktop_ws/install/turtlebot3_msgs/local/lib/python3.10/dist-packages/turtlebot3_msgs/libturtlebot3_msgs__rosidl_generator_py.so
[96.435s] -- Installing: /home/robotics/desktop_ws/install/turtlebot3_msgs/local/lib/python3.10/dist-packages/turtlebot3_msgs/srv
[96.436s] -- Installing: /home/robotics/desktop_ws/install/turtlebot3_msgs/local/lib/python3.10/dist-packages/turtlebot3_msgs/srv/_goal.py
[96.437s] -- Installing: /home/robotics/desktop_ws/install/turtlebot3_msgs/local/lib/python3.10/dist-packages/turtlebot3_msgs/srv/__init__.py
[96.438s] -- Installing: /home/robotics/desktop_ws/install/turtlebot3_msgs/local/lib/python3.10/dist-packages/turtlebot3_msgs/srv/_sound_s.c
[96.440s] -- Installing: /home/robotics/desktop_ws/install/turtlebot3_msgs/local/lib/python3.10/dist-packages/turtlebot3_msgs/srv/_dqn.py
[96.441s] -- Installing: /home/robotics/desktop_ws/install/turtlebot3_msgs/local/lib/python3.10/dist-packages/turtlebot3_msgs/srv/_goal_s.c
[96.442s] -- Installing: /home/robotics/desktop_ws/install/turtlebot3_msgs/local/lib/python3.10/dist-packages/turtlebot3_msgs/srv/_sound.py
[96.444s] -- Installing: /home/robotics/desktop_ws/install/turtlebot3_msgs/local/lib/python3.10/dist-packages/turtlebot3_msgs/srv/_dqn_s.c
[96.704s] Listing '/home/robotics/desktop_ws/install/turtlebot3_msgs/local/lib/python3.10/dist-packages/turtlebot3_msgs'...
[96.705s] Compiling '/home/robotics/desktop_ws/install/turtlebot3_msgs/local/lib/python3.10/dist-packages/turtlebot3_msgs/__init__.py'...
[96.706s] Listing '/home/robotics/desktop_ws/install/turtlebot3_msgs/local/lib/python3.10/dist-packages/turtlebot3_msgs/action'...
[96.707s] Compiling '/home/robotics/desktop_ws/install/turtlebot3_msgs/local/lib/python3.10/dist-packages/turtlebot3_msgs/action/__init__.py'...
[96.708s] Compiling '/home/robotics/desktop_ws/install/turtlebot3_msgs/local/lib/python3.10/dist-packages/turtlebot3_msgs/action/_patrol.py'...
[96.709s] Listing '/home/robotics/desktop_ws/install/turtlebot3_msgs/local/lib/python3.10/dist-packages/turtlebot3_msgs/msg'...
[96.710s] Compiling '/home/robotics/desktop_ws/install/turtlebot3_msgs/local/lib/python3.10/dist-packages/turtlebot3_msgs/msg/__init__.py'...
[96.711s] Compiling '/home/robotics/desktop_ws/install/turtlebot3_msgs/local/lib/python3.10/dist-packages/turtlebot3_msgs/msg/_sensor_state.py'...
[96.713s] Compiling '/home/robotics/desktop_ws/install/turtlebot3_msgs/local/lib/python3.10/dist-packages/turtlebot3_msgs/msg/_sound.py'...
[96.714s] Compiling '/home/robotics/desktop_ws/install/turtlebot3_msgs/local/lib/python3.10/dist-packages/turtlebot3_msgs/msg/_version_info.py'...
[96.715s] Listing '/home/robotics/desktop_ws/install/turtlebot3_msgs/local/lib/python3.10/dist-packages/turtlebot3_msgs/srv'...
[96.716s] Compiling '/home/robotics/desktop_ws/install/turtlebot3_msgs/local/lib/python3.10/dist-packages/turtlebot3_msgs/srv/__init__.py'...
[96.717s] Compiling '/home/robotics/desktop_ws/install/turtlebot3_msgs/local/lib/python3.10/dist-packages/turtlebot3_msgs/srv/_dqn.py'...
[96.719s] Compiling '/home/robotics/desktop_ws/install/turtlebot3_msgs/local/lib/python3.10/dist-packages/turtlebot3_msgs/srv/_goal.py'...
[96.720s] Compiling '/home/robotics/desktop_ws/install/turtlebot3_msgs/local/lib/python3.10/dist-packages/turtlebot3_msgs/srv/_sound.py'...
[96.734s] -- Installing: /home/robotics/desktop_ws/install/turtlebot3_msgs/local/lib/python3.10/dist-packages/turtlebot3_msgs/turtlebot3_msgs_s__rosidl_typesupport_fastrtps_c.cpython-310-aarch64-linux-gnu.so
[96.737s] -- Set runtime path of "/home/robotics/desktop_ws/install/turtlebot3_msgs/local/lib/python3.10/dist-packages/turtlebot3_msgs/turtlebot3_msgs_s__rosidl_typesupport_fastrtps_c.cpython-310-aarch64-linux-gnu.so" to ""
[96.739s] -- Installing: /home/robotics/desktop_ws/install/turtlebot3_msgs/local/lib/python3.10/dist-packages/turtlebot3_msgs/turtlebot3_msgs_s__rosidl_typesupport_introspection_c.cpython-310-aarch64-linux-gnu.so
[96.743s] -- Set runtime path of "/home/robotics/desktop_ws/install/turtlebot3_msgs/local/lib/python3.10/dist-packages/turtlebot3_msgs/turtlebot3_msgs_s__rosidl_typesupport_introspection_c.cpython-310-aarch64-linux-gnu.so" to ""
[96.744s] -- Installing: /home/robotics/desktop_ws/install/turtlebot3_msgs/local/lib/python3.10/dist-packages/turtlebot3_msgs/turtlebot3_msgs_s__rosidl_typesupport_c.cpython-310-aarch64-linux-gnu.so
[96.748s] -- Set runtime path of "/home/robotics/desktop_ws/install/turtlebot3_msgs/local/lib/python3.10/dist-packages/turtlebot3_msgs/turtlebot3_msgs_s__rosidl_typesupport_c.cpython-310-aarch64-linux-gnu.so" to ""
[96.748s] -- Installing: /home/robotics/desktop_ws/install/turtlebot3_msgs/lib/libturtlebot3_msgs__rosidl_generator_py.so
[96.752s] -- Set runtime path of "/home/robotics/desktop_ws/install/turtlebot3_msgs/lib/libturtlebot3_msgs__rosidl_generator_py.so" to ""
[96.752s] -- Installing: /home/robotics/desktop_ws/install/turtlebot3_msgs/share/turtlebot3_msgs/msg/SensorState.idl
[96.754s] -- Installing: /home/robotics/desktop_ws/install/turtlebot3_msgs/share/turtlebot3_msgs/msg/Sound.idl
[96.755s] -- Installing: /home/robotics/desktop_ws/install/turtlebot3_msgs/share/turtlebot3_msgs/msg/VersionInfo.idl
[96.757s] -- Installing: /home/robotics/desktop_ws/install/turtlebot3_msgs/share/turtlebot3_msgs/srv/Sound.idl
[96.758s] -- Installing: /home/robotics/desktop_ws/install/turtlebot3_msgs/share/turtlebot3_msgs/srv/Dqn.idl
[96.759s] -- Installing: /home/robotics/desktop_ws/install/turtlebot3_msgs/share/turtlebot3_msgs/srv/Goal.idl
[96.761s] -- Installing: /home/robotics/desktop_ws/install/turtlebot3_msgs/share/turtlebot3_msgs/action/Patrol.idl
[96.762s] -- Installing: /home/robotics/desktop_ws/install/turtlebot3_msgs/share/turtlebot3_msgs/msg/SensorState.msg
[96.764s] -- Installing: /home/robotics/desktop_ws/install/turtlebot3_msgs/share/turtlebot3_msgs/msg/Sound.msg
[96.765s] -- Installing: /home/robotics/desktop_ws/install/turtlebot3_msgs/share/turtlebot3_msgs/msg/VersionInfo.msg
[96.767s] -- Installing: /home/robotics/desktop_ws/install/turtlebot3_msgs/share/turtlebot3_msgs/srv/Sound.srv
[96.768s] -- Installing: /home/robotics/desktop_ws/install/turtlebot3_msgs/share/turtlebot3_msgs/srv/Sound_Request.msg
[96.769s] -- Installing: /home/robotics/desktop_ws/install/turtlebot3_msgs/share/turtlebot3_msgs/srv/Sound_Response.msg
[96.771s] -- Installing: /home/robotics/desktop_ws/install/turtlebot3_msgs/share/turtlebot3_msgs/srv/Dqn.srv
[96.772s] -- Installing: /home/robotics/desktop_ws/install/turtlebot3_msgs/share/turtlebot3_msgs/srv/Dqn_Request.msg
[96.773s] -- Installing: /home/robotics/desktop_ws/install/turtlebot3_msgs/share/turtlebot3_msgs/srv/Dqn_Response.msg
[96.775s] -- Installing: /home/robotics/desktop_ws/install/turtlebot3_msgs/share/turtlebot3_msgs/srv/Goal.srv
[96.776s] -- Installing: /home/robotics/desktop_ws/install/turtlebot3_msgs/share/turtlebot3_msgs/srv/Goal_Request.msg
[96.777s] -- Installing: /home/robotics/desktop_ws/install/turtlebot3_msgs/share/turtlebot3_msgs/srv/Goal_Response.msg
[96.779s] -- Installing: /home/robotics/desktop_ws/install/turtlebot3_msgs/share/turtlebot3_msgs/action/Patrol.action
[96.781s] -- Installing: /home/robotics/desktop_ws/install/turtlebot3_msgs/share/ament_index/resource_index/package_run_dependencies/turtlebot3_msgs
[96.782s] -- Installing: /home/robotics/desktop_ws/install/turtlebot3_msgs/share/ament_index/resource_index/parent_prefix_path/turtlebot3_msgs
[96.784s] -- Installing: /home/robotics/desktop_ws/install/turtlebot3_msgs/share/turtlebot3_msgs/environment/ament_prefix_path.sh
[96.785s] -- Installing: /home/robotics/desktop_ws/install/turtlebot3_msgs/share/turtlebot3_msgs/environment/ament_prefix_path.dsv
[96.787s] -- Installing: /home/robotics/desktop_ws/install/turtlebot3_msgs/share/turtlebot3_msgs/environment/path.sh
[96.788s] -- Installing: /home/robotics/desktop_ws/install/turtlebot3_msgs/share/turtlebot3_msgs/environment/path.dsv
[96.790s] -- Installing: /home/robotics/desktop_ws/install/turtlebot3_msgs/share/turtlebot3_msgs/local_setup.bash
[96.791s] -- Installing: /home/robotics/desktop_ws/install/turtlebot3_msgs/share/turtlebot3_msgs/local_setup.sh
[96.792s] -- Installing: /home/robotics/desktop_ws/install/turtlebot3_msgs/share/turtlebot3_msgs/local_setup.zsh
[96.794s] -- Installing: /home/robotics/desktop_ws/install/turtlebot3_msgs/share/turtlebot3_msgs/local_setup.dsv
[96.795s] -- Installing: /home/robotics/desktop_ws/install/turtlebot3_msgs/share/turtlebot3_msgs/package.dsv
[96.797s] -- Installing: /home/robotics/desktop_ws/install/turtlebot3_msgs/share/ament_index/resource_index/packages/turtlebot3_msgs
[96.799s] -- Installing: /home/robotics/desktop_ws/install/turtlebot3_msgs/share/turtlebot3_msgs/cmake/export_turtlebot3_msgs__rosidl_generator_cExport.cmake
[96.800s] -- Installing: /home/robotics/desktop_ws/install/turtlebot3_msgs/share/turtlebot3_msgs/cmake/export_turtlebot3_msgs__rosidl_generator_cExport-noconfig.cmake
[96.802s] -- Installing: /home/robotics/desktop_ws/install/turtlebot3_msgs/share/turtlebot3_msgs/cmake/export_turtlebot3_msgs__rosidl_typesupport_fastrtps_cExport.cmake
[96.804s] -- Installing: /home/robotics/desktop_ws/install/turtlebot3_msgs/share/turtlebot3_msgs/cmake/export_turtlebot3_msgs__rosidl_typesupport_fastrtps_cExport-noconfig.cmake
[96.806s] -- Installing: /home/robotics/desktop_ws/install/turtlebot3_msgs/share/turtlebot3_msgs/cmake/export_turtlebot3_msgs__rosidl_generator_cppExport.cmake
[96.807s] -- Installing: /home/robotics/desktop_ws/install/turtlebot3_msgs/share/turtlebot3_msgs/cmake/export_turtlebot3_msgs__rosidl_typesupport_fastrtps_cppExport.cmake
[96.809s] -- Installing: /home/robotics/desktop_ws/install/turtlebot3_msgs/share/turtlebot3_msgs/cmake/export_turtlebot3_msgs__rosidl_typesupport_fastrtps_cppExport-noconfig.cmake
[96.811s] -- Installing: /home/robotics/desktop_ws/install/turtlebot3_msgs/share/turtlebot3_msgs/cmake/turtlebot3_msgs__rosidl_typesupport_introspection_cExport.cmake
[96.812s] -- Installing: /home/robotics/desktop_ws/install/turtlebot3_msgs/share/turtlebot3_msgs/cmake/turtlebot3_msgs__rosidl_typesupport_introspection_cExport-noconfig.cmake
[96.814s] -- Installing: /home/robotics/desktop_ws/install/turtlebot3_msgs/share/turtlebot3_msgs/cmake/turtlebot3_msgs__rosidl_typesupport_cExport.cmake
[96.816s] -- Installing: /home/robotics/desktop_ws/install/turtlebot3_msgs/share/turtlebot3_msgs/cmake/turtlebot3_msgs__rosidl_typesupport_cExport-noconfig.cmake
[96.817s] -- Installing: /home/robotics/desktop_ws/install/turtlebot3_msgs/share/turtlebot3_msgs/cmake/turtlebot3_msgs__rosidl_typesupport_introspection_cppExport.cmake
[96.819s] -- Installing: /home/robotics/desktop_ws/install/turtlebot3_msgs/share/turtlebot3_msgs/cmake/turtlebot3_msgs__rosidl_typesupport_introspection_cppExport-noconfig.cmake
[96.821s] -- Installing: /home/robotics/desktop_ws/install/turtlebot3_msgs/share/turtlebot3_msgs/cmake/turtlebot3_msgs__rosidl_typesupport_cppExport.cmake
[96.823s] -- Installing: /home/robotics/desktop_ws/install/turtlebot3_msgs/share/turtlebot3_msgs/cmake/turtlebot3_msgs__rosidl_typesupport_cppExport-noconfig.cmake
[96.824s] -- Installing: /home/robotics/desktop_ws/install/turtlebot3_msgs/share/turtlebot3_msgs/cmake/export_turtlebot3_msgs__rosidl_generator_pyExport.cmake
[96.826s] -- Installing: /home/robotics/desktop_ws/install/turtlebot3_msgs/share/turtlebot3_msgs/cmake/export_turtlebot3_msgs__rosidl_generator_pyExport-noconfig.cmake
[96.828s] -- Installing: /home/robotics/desktop_ws/install/turtlebot3_msgs/share/turtlebot3_msgs/cmake/rosidl_cmake-extras.cmake
[96.829s] -- Installing: /home/robotics/desktop_ws/install/turtlebot3_msgs/share/turtlebot3_msgs/cmake/ament_cmake_export_dependencies-extras.cmake
[96.831s] -- Installing: /home/robotics/desktop_ws/install/turtlebot3_msgs/share/turtlebot3_msgs/cmake/ament_cmake_export_include_directories-extras.cmake
[96.832s] -- Installing: /home/robotics/desktop_ws/install/turtlebot3_msgs/share/turtlebot3_msgs/cmake/ament_cmake_export_libraries-extras.cmake
[96.834s] -- Installing: /home/robotics/desktop_ws/install/turtlebot3_msgs/share/turtlebot3_msgs/cmake/ament_cmake_export_targets-extras.cmake
[96.835s] -- Installing: /home/robotics/desktop_ws/install/turtlebot3_msgs/share/turtlebot3_msgs/cmake/rosidl_cmake_export_typesupport_targets-extras.cmake
[96.837s] -- Installing: /home/robotics/desktop_ws/install/turtlebot3_msgs/share/turtlebot3_msgs/cmake/rosidl_cmake_export_typesupport_libraries-extras.cmake
[96.838s] -- Installing: /home/robotics/desktop_ws/install/turtlebot3_msgs/share/turtlebot3_msgs/cmake/turtlebot3_msgsConfig.cmake
[96.840s] -- Installing: /home/robotics/desktop_ws/install/turtlebot3_msgs/share/turtlebot3_msgs/cmake/turtlebot3_msgsConfig-version.cmake
[96.841s] -- Installing: /home/robotics/desktop_ws/install/turtlebot3_msgs/share/turtlebot3_msgs/package.xml
[96.851s] Invoked command in '/home/robotics/desktop_ws/build/turtlebot3_msgs' returned '0': CMAKE_PREFIX_PATH=${CMAKE_PREFIX_PATH}:/home/robotics/pi_ws/install/turtlebot3_teleop:/home/robotics/pi_ws/install/turtlebot3_example:/home/robotics/pi_ws/install/piSub:/home/robotics/desktop_ws/install/turtlebot3_teleop:/home/robotics/desktop_ws/install/turtlebot3_example:/home/robotics/desktop_ws/install/test_auto:/home/robotics/desktop_ws/install/multicontrol:/opt/ros/humble /usr/bin/cmake --install /home/robotics/desktop_ws/build/turtlebot3_msgs
