[0.641s] Invoking command in '/home/rats/turtlebot3_ws/build/turtlebot3_example': CMAKE_PREFIX_PATH=/home/rats/turtlebot3_ws/install/turtlebot3_msgs:/home/rats/turtlebot3_ws/install/turtlebot3:/home/rats/turtlebot3_ws/install/turtlebot3_bringup:/home/rats/turtlebot3_ws/install/turtlebot3_node:/home/rats/turtlebot3_ws/install/turtlebot3_navigation2:/home/rats/turtlebot3_ws/install/turtlebot3_description:/home/rats/turtlebot3_ws/install/turtlebot3_cartographer:/home/rats/turtlebot3_ws/install/dynamixel_sdk_examples:/home/rats/turtlebot3_ws/install/dynamixel_sdk_custom_interfaces:/home/rats/turtlebot3_ws/install/dynamixel_sdk LD_LIBRARY_PATH=/home/rats/turtlebot3_ws/install/turtlebot3_msgs/lib:/home/rats/turtlebot3_ws/install/dynamixel_sdk_custom_interfaces/lib:/home/rats/turtlebot3_ws/install/dynamixel_sdk/lib:/usr/lib/x86_64-linux-gnu/gazebo-11/plugins:/opt/ros/humble/opt/rviz_ogre_vendor/lib:/opt/ros/humble/lib/x86_64-linux-gnu:/opt/ros/humble/lib:/usr/lib/x86_64-linux-gnu/gazebo-11/plugins PYTHONPATH=/home/rats/turtlebot3_ws/build/turtlebot3_example/prefix_override:/usr/lib/python3/dist-packages/colcon_core/task/python/colcon_distutils_commands:/home/rats/turtlebot3_ws/install/turtlebot3_example/lib/python3.10/site-packages:${PYTHONPATH} /usr/bin/python3 -W ignore:setup.py install is deprecated -W ignore:easy_install command is deprecated setup.py develop --editable --build-directory /home/rats/turtlebot3_ws/build/turtlebot3_example/build --no-deps symlink_data --force
[1.093s] running develop
[1.376s] running egg_info
[1.376s] writing turtlebot3_example.egg-info/PKG-INFO
[1.377s] writing dependency_links to turtlebot3_example.egg-info/dependency_links.txt
[1.377s] writing entry points to turtlebot3_example.egg-info/entry_points.txt
[1.377s] writing requirements to turtlebot3_example.egg-info/requires.txt
[1.377s] writing top-level names to turtlebot3_example.egg-info/top_level.txt
[1.380s] reading manifest file 'turtlebot3_example.egg-info/SOURCES.txt'
[1.382s] writing manifest file 'turtlebot3_example.egg-info/SOURCES.txt'
[1.384s] running build_ext
[1.384s] Creating /home/rats/turtlebot3_ws/install/turtlebot3_example/lib/python3.10/site-packages/turtlebot3-example.egg-link (link to .)
[1.385s] Installing turtlebot3_absolute_move script to /home/rats/turtlebot3_ws/install/turtlebot3_example/lib/turtlebot3_example
[1.385s] Installing turtlebot3_interactive_marker script to /home/rats/turtlebot3_ws/install/turtlebot3_example/lib/turtlebot3_example
[1.386s] Installing turtlebot3_obstacle_detection script to /home/rats/turtlebot3_ws/install/turtlebot3_example/lib/turtlebot3_example
[1.386s] Installing turtlebot3_patrol_client script to /home/rats/turtlebot3_ws/install/turtlebot3_example/lib/turtlebot3_example
[1.386s] Installing turtlebot3_patrol_server script to /home/rats/turtlebot3_ws/install/turtlebot3_example/lib/turtlebot3_example
[1.386s] Installing turtlebot3_relative_move script to /home/rats/turtlebot3_ws/install/turtlebot3_example/lib/turtlebot3_example
[1.386s] 
[1.386s] Installed /home/rats/turtlebot3_ws/build/turtlebot3_example
[1.387s] running symlink_data
[1.387s] symbolically linking /home/rats/turtlebot3_ws/build/turtlebot3_example/resource/turtlebot3_example -> /home/rats/turtlebot3_ws/install/turtlebot3_example/share/ament_index/resource_index/packages
[1.387s] symbolically linking /home/rats/turtlebot3_ws/build/turtlebot3_example/package.xml -> /home/rats/turtlebot3_ws/install/turtlebot3_example/share/turtlebot3_example
[1.427s] Invoked command in '/home/rats/turtlebot3_ws/build/turtlebot3_example' returned '0': CMAKE_PREFIX_PATH=/home/rats/turtlebot3_ws/install/turtlebot3_msgs:/home/rats/turtlebot3_ws/install/turtlebot3:/home/rats/turtlebot3_ws/install/turtlebot3_bringup:/home/rats/turtlebot3_ws/install/turtlebot3_node:/home/rats/turtlebot3_ws/install/turtlebot3_navigation2:/home/rats/turtlebot3_ws/install/turtlebot3_description:/home/rats/turtlebot3_ws/install/turtlebot3_cartographer:/home/rats/turtlebot3_ws/install/dynamixel_sdk_examples:/home/rats/turtlebot3_ws/install/dynamixel_sdk_custom_interfaces:/home/rats/turtlebot3_ws/install/dynamixel_sdk LD_LIBRARY_PATH=/home/rats/turtlebot3_ws/install/turtlebot3_msgs/lib:/home/rats/turtlebot3_ws/install/dynamixel_sdk_custom_interfaces/lib:/home/rats/turtlebot3_ws/install/dynamixel_sdk/lib:/usr/lib/x86_64-linux-gnu/gazebo-11/plugins:/opt/ros/humble/opt/rviz_ogre_vendor/lib:/opt/ros/humble/lib/x86_64-linux-gnu:/opt/ros/humble/lib:/usr/lib/x86_64-linux-gnu/gazebo-11/plugins PYTHONPATH=/home/rats/turtlebot3_ws/build/turtlebot3_example/prefix_override:/usr/lib/python3/dist-packages/colcon_core/task/python/colcon_distutils_commands:/home/rats/turtlebot3_ws/install/turtlebot3_example/lib/python3.10/site-packages:${PYTHONPATH} /usr/bin/python3 -W ignore:setup.py install is deprecated -W ignore:easy_install command is deprecated setup.py develop --editable --build-directory /home/rats/turtlebot3_ws/build/turtlebot3_example/build --no-deps symlink_data --force
