[0.120s] Invoking command in '/home/robotics/desktop_ws/build/turtlebot3_bringup': CMAKE_PREFIX_PATH=/home/robotics/desktop_ws/install/turtlebot3_node:/home/robotics/desktop_ws/install/turtlebot3_msgs:/home/robotics/desktop_ws/install/turtlebot3_description:/home/robotics/desktop_ws/install/dynamixel_sdk:/home/robotics/desktop_ws/install/turtlebot3:/home/robotics/desktop_ws/install/turtlebot3_bringup:/home/robotics/desktop_ws/install/turtlebot3_navigation2:/home/robotics/desktop_ws/install/turtlebot3_cartographer:/home/robotics/desktop_ws/install/dynamixel_sdk_examples:/home/robotics/desktop_ws/install/dynamixel_sdk_custom_interfaces:/home/robotics/pi_ws/install/turtlebot3:/home/robotics/pi_ws/install/turtlebot3_bringup:/home/robotics/pi_ws/install/turtlebot3_node:/home/robotics/pi_ws/install/turtlebot3_description:/home/robotics/pi_ws/install/ld08_driver:/home/robotics/pi_ws/install/coin_d4_driver:/home/robotics/desktop_ws/install/turtlebot3_teleop:/home/robotics/desktop_ws/install/turtlebot3_example:/home/robotics/desktop_ws/install/test_auto:/home/robotics/desktop_ws/install/multicontrol:/home/robotics/pi_ws/install/turtlebot3_teleop:/home/robotics/pi_ws/install/turtlebot3_example:/home/robotics/pi_ws/install/piSub:/opt/ros/humble LD_LIBRARY_PATH=/home/robotics/desktop_ws/install/turtlebot3_msgs/lib:/home/robotics/desktop_ws/install/dynamixel_sdk/lib:/home/robotics/desktop_ws/install/dynamixel_sdk_custom_interfaces/lib:/home/robotics/pi_ws/install/coin_d4_driver/lib:/opt/ros/humble/lib/aarch64-linux-gnu:/opt/ros/humble/lib /usr/bin/cmake --build /home/robotics/desktop_ws/build/turtlebot3_bringup -- -j4 -l4
[0.430s] Invoked command in '/home/robotics/desktop_ws/build/turtlebot3_bringup' returned '0': CMAKE_PREFIX_PATH=/home/robotics/desktop_ws/install/turtlebot3_node:/home/robotics/desktop_ws/install/turtlebot3_msgs:/home/robotics/desktop_ws/install/turtlebot3_description:/home/robotics/desktop_ws/install/dynamixel_sdk:/home/robotics/desktop_ws/install/turtlebot3:/home/robotics/desktop_ws/install/turtlebot3_bringup:/home/robotics/desktop_ws/install/turtlebot3_navigation2:/home/robotics/desktop_ws/install/turtlebot3_cartographer:/home/robotics/desktop_ws/install/dynamixel_sdk_examples:/home/robotics/desktop_ws/install/dynamixel_sdk_custom_interfaces:/home/robotics/pi_ws/install/turtlebot3:/home/robotics/pi_ws/install/turtlebot3_bringup:/home/robotics/pi_ws/install/turtlebot3_node:/home/robotics/pi_ws/install/turtlebot3_description:/home/robotics/pi_ws/install/ld08_driver:/home/robotics/pi_ws/install/coin_d4_driver:/home/robotics/desktop_ws/install/turtlebot3_teleop:/home/robotics/desktop_ws/install/turtlebot3_example:/home/robotics/desktop_ws/install/test_auto:/home/robotics/desktop_ws/install/multicontrol:/home/robotics/pi_ws/install/turtlebot3_teleop:/home/robotics/pi_ws/install/turtlebot3_example:/home/robotics/pi_ws/install/piSub:/opt/ros/humble LD_LIBRARY_PATH=/home/robotics/desktop_ws/install/turtlebot3_msgs/lib:/home/robotics/desktop_ws/install/dynamixel_sdk/lib:/home/robotics/desktop_ws/install/dynamixel_sdk_custom_interfaces/lib:/home/robotics/pi_ws/install/coin_d4_driver/lib:/opt/ros/humble/lib/aarch64-linux-gnu:/opt/ros/humble/lib /usr/bin/cmake --build /home/robotics/desktop_ws/build/turtlebot3_bringup -- -j4 -l4
[0.442s] Invoking command in '/home/robotics/desktop_ws/build/turtlebot3_bringup': CMAKE_PREFIX_PATH=/home/robotics/desktop_ws/install/turtlebot3_node:/home/robotics/desktop_ws/install/turtlebot3_msgs:/home/robotics/desktop_ws/install/turtlebot3_description:/home/robotics/desktop_ws/install/dynamixel_sdk:/home/robotics/desktop_ws/install/turtlebot3:/home/robotics/desktop_ws/install/turtlebot3_bringup:/home/robotics/desktop_ws/install/turtlebot3_navigation2:/home/robotics/desktop_ws/install/turtlebot3_cartographer:/home/robotics/desktop_ws/install/dynamixel_sdk_examples:/home/robotics/desktop_ws/install/dynamixel_sdk_custom_interfaces:/home/robotics/pi_ws/install/turtlebot3:/home/robotics/pi_ws/install/turtlebot3_bringup:/home/robotics/pi_ws/install/turtlebot3_node:/home/robotics/pi_ws/install/turtlebot3_description:/home/robotics/pi_ws/install/ld08_driver:/home/robotics/pi_ws/install/coin_d4_driver:/home/robotics/desktop_ws/install/turtlebot3_teleop:/home/robotics/desktop_ws/install/turtlebot3_example:/home/robotics/desktop_ws/install/test_auto:/home/robotics/desktop_ws/install/multicontrol:/home/robotics/pi_ws/install/turtlebot3_teleop:/home/robotics/pi_ws/install/turtlebot3_example:/home/robotics/pi_ws/install/piSub:/opt/ros/humble LD_LIBRARY_PATH=/home/robotics/desktop_ws/install/turtlebot3_msgs/lib:/home/robotics/desktop_ws/install/dynamixel_sdk/lib:/home/robotics/desktop_ws/install/dynamixel_sdk_custom_interfaces/lib:/home/robotics/pi_ws/install/coin_d4_driver/lib:/opt/ros/humble/lib/aarch64-linux-gnu:/opt/ros/humble/lib /usr/bin/cmake --install /home/robotics/desktop_ws/build/turtlebot3_bringup
[0.489s] -- Install configuration: ""
[0.490s] -- Up-to-date: /home/robotics/desktop_ws/install/turtlebot3_bringup/share/turtlebot3_bringup/launch
[0.490s] -- Up-to-date: /home/robotics/desktop_ws/install/turtlebot3_bringup/share/turtlebot3_bringup/launch/turtlebot3_state_publisher.launch.py
[0.491s] -- Up-to-date: /home/robotics/desktop_ws/install/turtlebot3_bringup/share/turtlebot3_bringup/launch/rviz2.launch.py
[0.492s] -- Up-to-date: /home/robotics/desktop_ws/install/turtlebot3_bringup/share/turtlebot3_bringup/launch/robot.launch.py
[0.492s] -- Up-to-date: /home/robotics/desktop_ws/install/turtlebot3_bringup/share/turtlebot3_bringup/launch/camera.launch.py
[0.492s] -- Up-to-date: /home/robotics/desktop_ws/install/turtlebot3_bringup/share/turtlebot3_bringup/param
[0.493s] -- Up-to-date: /home/robotics/desktop_ws/install/turtlebot3_bringup/share/turtlebot3_bringup/param/waffle_pi.yaml
[0.493s] -- Up-to-date: /home/robotics/desktop_ws/install/turtlebot3_bringup/share/turtlebot3_bringup/param/waffle.yaml
[0.494s] -- Up-to-date: /home/robotics/desktop_ws/install/turtlebot3_bringup/share/turtlebot3_bringup/param/burger.yaml
[0.494s] -- Up-to-date: /home/robotics/desktop_ws/install/turtlebot3_bringup/share/turtlebot3_bringup/param/humble
[0.494s] -- Up-to-date: /home/robotics/desktop_ws/install/turtlebot3_bringup/share/turtlebot3_bringup/param/humble/waffle_pi.yaml
[0.495s] -- Up-to-date: /home/robotics/desktop_ws/install/turtlebot3_bringup/share/turtlebot3_bringup/param/humble/waffle.yaml
[0.496s] -- Up-to-date: /home/robotics/desktop_ws/install/turtlebot3_bringup/share/turtlebot3_bringup/param/humble/burger.yaml
[0.496s] -- Up-to-date: /home/robotics/desktop_ws/install/turtlebot3_bringup/share/turtlebot3_bringup/script
[0.497s] -- Up-to-date: /home/robotics/desktop_ws/install/turtlebot3_bringup/share/turtlebot3_bringup/script/create_udev_rules
[0.498s] -- Up-to-date: /home/robotics/desktop_ws/install/turtlebot3_bringup/share/turtlebot3_bringup/script/99-turtlebot3-cdc.rules
[0.498s] -- Up-to-date: /home/robotics/desktop_ws/install/turtlebot3_bringup/share/ament_index/resource_index/package_run_dependencies/turtlebot3_bringup
[0.499s] -- Up-to-date: /home/robotics/desktop_ws/install/turtlebot3_bringup/share/ament_index/resource_index/parent_prefix_path/turtlebot3_bringup
[0.500s] -- Up-to-date: /home/robotics/desktop_ws/install/turtlebot3_bringup/share/turtlebot3_bringup/environment/ament_prefix_path.sh
[0.502s] -- Up-to-date: /home/robotics/desktop_ws/install/turtlebot3_bringup/share/turtlebot3_bringup/environment/ament_prefix_path.dsv
[0.503s] -- Up-to-date: /home/robotics/desktop_ws/install/turtlebot3_bringup/share/turtlebot3_bringup/environment/path.sh
[0.505s] -- Up-to-date: /home/robotics/desktop_ws/install/turtlebot3_bringup/share/turtlebot3_bringup/environment/path.dsv
[0.508s] -- Up-to-date: /home/robotics/desktop_ws/install/turtlebot3_bringup/share/turtlebot3_bringup/local_setup.bash
[0.509s] -- Up-to-date: /home/robotics/desktop_ws/install/turtlebot3_bringup/share/turtlebot3_bringup/local_setup.sh
[0.511s] -- Up-to-date: /home/robotics/desktop_ws/install/turtlebot3_bringup/share/turtlebot3_bringup/local_setup.zsh
[0.512s] -- Up-to-date: /home/robotics/desktop_ws/install/turtlebot3_bringup/share/turtlebot3_bringup/local_setup.dsv
[0.514s] -- Up-to-date: /home/robotics/desktop_ws/install/turtlebot3_bringup/share/turtlebot3_bringup/package.dsv
[0.516s] -- Up-to-date: /home/robotics/desktop_ws/install/turtlebot3_bringup/share/ament_index/resource_index/packages/turtlebot3_bringup
[0.517s] -- Up-to-date: /home/robotics/desktop_ws/install/turtlebot3_bringup/share/turtlebot3_bringup/cmake/turtlebot3_bringupConfig.cmake
[0.520s] -- Up-to-date: /home/robotics/desktop_ws/install/turtlebot3_bringup/share/turtlebot3_bringup/cmake/turtlebot3_bringupConfig-version.cmake
[0.521s] -- Up-to-date: /home/robotics/desktop_ws/install/turtlebot3_bringup/share/turtlebot3_bringup/package.xml
[0.538s] Invoked command in '/home/robotics/desktop_ws/build/turtlebot3_bringup' returned '0': CMAKE_PREFIX_PATH=/home/robotics/desktop_ws/install/turtlebot3_node:/home/robotics/desktop_ws/install/turtlebot3_msgs:/home/robotics/desktop_ws/install/turtlebot3_description:/home/robotics/desktop_ws/install/dynamixel_sdk:/home/robotics/desktop_ws/install/turtlebot3:/home/robotics/desktop_ws/install/turtlebot3_bringup:/home/robotics/desktop_ws/install/turtlebot3_navigation2:/home/robotics/desktop_ws/install/turtlebot3_cartographer:/home/robotics/desktop_ws/install/dynamixel_sdk_examples:/home/robotics/desktop_ws/install/dynamixel_sdk_custom_interfaces:/home/robotics/pi_ws/install/turtlebot3:/home/robotics/pi_ws/install/turtlebot3_bringup:/home/robotics/pi_ws/install/turtlebot3_node:/home/robotics/pi_ws/install/turtlebot3_description:/home/robotics/pi_ws/install/ld08_driver:/home/robotics/pi_ws/install/coin_d4_driver:/home/robotics/desktop_ws/install/turtlebot3_teleop:/home/robotics/desktop_ws/install/turtlebot3_example:/home/robotics/desktop_ws/install/test_auto:/home/robotics/desktop_ws/install/multicontrol:/home/robotics/pi_ws/install/turtlebot3_teleop:/home/robotics/pi_ws/install/turtlebot3_example:/home/robotics/pi_ws/install/piSub:/opt/ros/humble LD_LIBRARY_PATH=/home/robotics/desktop_ws/install/turtlebot3_msgs/lib:/home/robotics/desktop_ws/install/dynamixel_sdk/lib:/home/robotics/desktop_ws/install/dynamixel_sdk_custom_interfaces/lib:/home/robotics/pi_ws/install/coin_d4_driver/lib:/opt/ros/humble/lib/aarch64-linux-gnu:/opt/ros/humble/lib /usr/bin/cmake --install /home/robotics/desktop_ws/build/turtlebot3_bringup
