[1.148s] Invoking command in '/home/rats/turtlebot3_ws/src/turtlebot3/turtlebot3_teleop': PYTHONPATH=/home/rats/turtlebot3_ws/build/turtlebot3_teleop/prefix_override:/usr/lib/python3/dist-packages/colcon_core/task/python/colcon_distutils_commands:/home/rats/turtlebot3_ws/install/turtlebot3_teleop/lib/python3.10/site-packages:${PYTHONPATH} /usr/bin/python3 -W ignore:setup.py install is deprecated -W ignore:easy_install command is deprecated setup.py egg_info --egg-base ../../../build/turtlebot3_teleop build --build-base /home/rats/turtlebot3_ws/build/turtlebot3_teleop/build install --record /home/rats/turtlebot3_ws/build/turtlebot3_teleop/install.log --single-version-externally-managed install_data
[1.432s] running egg_info
[1.433s] writing ../../../build/turtlebot3_teleop/turtlebot3_teleop.egg-info/PKG-INFO
[1.433s] writing dependency_links to ../../../build/turtlebot3_teleop/turtlebot3_teleop.egg-info/dependency_links.txt
[1.433s] writing entry points to ../../../build/turtlebot3_teleop/turtlebot3_teleop.egg-info/entry_points.txt
[1.433s] writing requirements to ../../../build/turtlebot3_teleop/turtlebot3_teleop.egg-info/requires.txt
[1.433s] writing top-level names to ../../../build/turtlebot3_teleop/turtlebot3_teleop.egg-info/top_level.txt
[1.435s] reading manifest file '../../../build/turtlebot3_teleop/turtlebot3_teleop.egg-info/SOURCES.txt'
[1.436s] writing manifest file '../../../build/turtlebot3_teleop/turtlebot3_teleop.egg-info/SOURCES.txt'
[1.436s] running build
[1.436s] running build_py
[1.436s] running install
[1.437s] running install_lib
[1.438s] running install_data
[1.438s] running install_egg_info
[1.440s] removing '/home/rats/turtlebot3_ws/install/turtlebot3_teleop/lib/python3.10/site-packages/turtlebot3_teleop-2.3.3-py3.10.egg-info' (and everything under it)
[1.440s] Copying ../../../build/turtlebot3_teleop/turtlebot3_teleop.egg-info to /home/rats/turtlebot3_ws/install/turtlebot3_teleop/lib/python3.10/site-packages/turtlebot3_teleop-2.3.3-py3.10.egg-info
[1.441s] running install_scripts
[1.460s] Installing teleop_keyboard script to /home/rats/turtlebot3_ws/install/turtlebot3_teleop/lib/turtlebot3_teleop
[1.460s] writing list of installed files to '/home/rats/turtlebot3_ws/build/turtlebot3_teleop/install.log'
[1.480s] Invoked command in '/home/rats/turtlebot3_ws/src/turtlebot3/turtlebot3_teleop' returned '0': PYTHONPATH=/home/rats/turtlebot3_ws/build/turtlebot3_teleop/prefix_override:/usr/lib/python3/dist-packages/colcon_core/task/python/colcon_distutils_commands:/home/rats/turtlebot3_ws/install/turtlebot3_teleop/lib/python3.10/site-packages:${PYTHONPATH} /usr/bin/python3 -W ignore:setup.py install is deprecated -W ignore:easy_install command is deprecated setup.py egg_info --egg-base ../../../build/turtlebot3_teleop build --build-base /home/rats/turtlebot3_ws/build/turtlebot3_teleop/build install --record /home/rats/turtlebot3_ws/build/turtlebot3_teleop/install.log --single-version-externally-managed install_data
