running egg_info
writing ../../../build/turtlebot3_example/turtlebot3_example.egg-info/PKG-INFO
writing dependency_links to ../../../build/turtlebot3_example/turtlebot3_example.egg-info/dependency_links.txt
writing entry points to ../../../build/turtlebot3_example/turtlebot3_example.egg-info/entry_points.txt
writing requirements to ../../../build/turtlebot3_example/turtlebot3_example.egg-info/requires.txt
writing top-level names to ../../../build/turtlebot3_example/turtlebot3_example.egg-info/top_level.txt
reading manifest file '../../../build/turtlebot3_example/turtlebot3_example.egg-info/SOURCES.txt'
writing manifest file '../../../build/turtlebot3_example/turtlebot3_example.egg-info/SOURCES.txt'
running build
running build_py
creating /home/rats/turtlebot3_ws/build/turtlebot3_example/build/lib/turtlebot3_example/turtlebot3_test_auto
copying turtlebot3_example/turtlebot3_test_auto/turtlebot3_test_auto.py -> /home/rats/turtlebot3_ws/build/turtlebot3_example/build/lib/turtlebot3_example/turtlebot3_test_auto
copying turtlebot3_example/turtlebot3_test_auto/__init__.py -> /home/rats/turtlebot3_ws/build/turtlebot3_example/build/lib/turtlebot3_example/turtlebot3_test_auto
running install
running install_lib
creating /home/rats/turtlebot3_ws/install/turtlebot3_example/lib/python3.10/site-packages/turtlebot3_example/turtlebot3_test_auto
copying /home/rats/turtlebot3_ws/build/turtlebot3_example/build/lib/turtlebot3_example/turtlebot3_test_auto/turtlebot3_test_auto.py -> /home/rats/turtlebot3_ws/install/turtlebot3_example/lib/python3.10/site-packages/turtlebot3_example/turtlebot3_test_auto
copying /home/rats/turtlebot3_ws/build/turtlebot3_example/build/lib/turtlebot3_example/turtlebot3_test_auto/__init__.py -> /home/rats/turtlebot3_ws/install/turtlebot3_example/lib/python3.10/site-packages/turtlebot3_example/turtlebot3_test_auto
byte-compiling /home/rats/turtlebot3_ws/install/turtlebot3_example/lib/python3.10/site-packages/turtlebot3_example/turtlebot3_test_auto/turtlebot3_test_auto.py to turtlebot3_test_auto.cpython-310.pyc
byte-compiling /home/rats/turtlebot3_ws/install/turtlebot3_example/lib/python3.10/site-packages/turtlebot3_example/turtlebot3_test_auto/__init__.py to __init__.cpython-310.pyc
running install_data
running install_egg_info
removing '/home/rats/turtlebot3_ws/install/turtlebot3_example/lib/python3.10/site-packages/turtlebot3_example-2.3.3-py3.10.egg-info' (and everything under it)
Copying ../../../build/turtlebot3_example/turtlebot3_example.egg-info to /home/rats/turtlebot3_ws/install/turtlebot3_example/lib/python3.10/site-packages/turtlebot3_example-2.3.3-py3.10.egg-info
running install_scripts
Installing turtlebot3_absolute_move script to /home/rats/turtlebot3_ws/install/turtlebot3_example/lib/turtlebot3_example
Installing turtlebot3_interactive_marker script to /home/rats/turtlebot3_ws/install/turtlebot3_example/lib/turtlebot3_example
Installing turtlebot3_obstacle_detection script to /home/rats/turtlebot3_ws/install/turtlebot3_example/lib/turtlebot3_example
Installing turtlebot3_patrol_client script to /home/rats/turtlebot3_ws/install/turtlebot3_example/lib/turtlebot3_example
Installing turtlebot3_patrol_server script to /home/rats/turtlebot3_ws/install/turtlebot3_example/lib/turtlebot3_example
Installing turtlebot3_relative_move script to /home/rats/turtlebot3_ws/install/turtlebot3_example/lib/turtlebot3_example
writing list of installed files to '/home/rats/turtlebot3_ws/build/turtlebot3_example/install.log'
