[0.074s] Invoking command in '/home/robotics/desktop_ws/build/turtlebot3_bringup': CMAKE_PREFIX_PATH=/home/robotics/desktop_ws/install/turtlebot3_node:/home/robotics/desktop_ws/install/turtlebot3_msgs:/home/robotics/desktop_ws/install/turtlebot3_description:/home/robotics/desktop_ws/install/dynamixel_sdk:/home/robotics/pi_ws/install/turtlebot3:/home/robotics/pi_ws/install/turtlebot3_bringup:/home/robotics/pi_ws/install/turtlebot3_node:/home/robotics/pi_ws/install/turtlebot3_description:/home/robotics/pi_ws/install/ld08_driver:/home/robotics/pi_ws/install/coin_d4_driver:/home/robotics/desktop_ws/install/turtlebot3:/home/robotics/desktop_ws/install/turtlebot3_simulations:/home/robotics/desktop_ws/install/turtlebot3_bringup:/home/robotics/desktop_ws/install/turtlebot3_navigation2:/home/robotics/desktop_ws/install/turtlebot3_fake_node:/home/robotics/desktop_ws/install/turtlebot3_manipulation_gazebo:/home/robotics/desktop_ws/install/turtlebot3_gazebo:/home/robotics/desktop_ws/install/turtlebot3_cartographer:/home/robotics/desktop_ws/install/dynamixel_sdk_examples:/home/robotics/desktop_ws/install/dynamixel_sdk_custom_interfaces:/home/robotics/pi_ws/install/turtlebot3_teleop:/home/robotics/pi_ws/install/turtlebot3_example:/home/robotics/pi_ws/install/piSub:/home/robotics/desktop_ws/install/turtlebot3_teleop:/home/robotics/desktop_ws/install/turtlebot3_example:/home/robotics/desktop_ws/install/test_auto:/home/robotics/desktop_ws/install/multicontrol:/opt/ros/humble LD_LIBRARY_PATH=/home/robotics/desktop_ws/install/turtlebot3_msgs/lib:/home/robotics/desktop_ws/install/dynamixel_sdk/lib:/home/robotics/pi_ws/install/coin_d4_driver/lib:/home/robotics/desktop_ws/install/dynamixel_sdk_custom_interfaces/lib:/opt/ros/humble/lib/aarch64-linux-gnu:/opt/ros/humble/lib /usr/bin/cmake /home/robotics/desktop_ws/src/turtlebot3/turtlebot3_bringup -DCMAKE_INSTALL_PREFIX=/home/robotics/desktop_ws/install/turtlebot3_bringup
[0.348s] -- The C compiler identification is GNU 11.4.0
[0.603s] -- The CXX compiler identification is GNU 11.4.0
[0.634s] -- Detecting C compiler ABI info
[0.960s] -- Detecting C compiler ABI info - done
[0.986s] -- Check for working C compiler: /usr/bin/cc - skipped
[0.987s] -- Detecting C compile features
[0.988s] -- Detecting C compile features - done
[0.999s] -- Detecting CXX compiler ABI info
[1.354s] -- Detecting CXX compiler ABI info - done
[1.382s] -- Check for working CXX compiler: /usr/bin/c++ - skipped
[1.383s] -- Detecting CXX compile features
[1.384s] -- Detecting CXX compile features - done
[1.418s] -- Found ament_cmake: 1.3.12 (/opt/ros/humble/share/ament_cmake/cmake)
[2.201s] -- Found Python3: /usr/bin/python3 (found version "3.10.12") found components: Interpreter 
[3.153s] -- Configuring done
[3.170s] -- Generating done
[3.178s] -- Build files have been written to: /home/robotics/desktop_ws/build/turtlebot3_bringup
[3.190s] Invoked command in '/home/robotics/desktop_ws/build/turtlebot3_bringup' returned '0': CMAKE_PREFIX_PATH=/home/robotics/desktop_ws/install/turtlebot3_node:/home/robotics/desktop_ws/install/turtlebot3_msgs:/home/robotics/desktop_ws/install/turtlebot3_description:/home/robotics/desktop_ws/install/dynamixel_sdk:/home/robotics/pi_ws/install/turtlebot3:/home/robotics/pi_ws/install/turtlebot3_bringup:/home/robotics/pi_ws/install/turtlebot3_node:/home/robotics/pi_ws/install/turtlebot3_description:/home/robotics/pi_ws/install/ld08_driver:/home/robotics/pi_ws/install/coin_d4_driver:/home/robotics/desktop_ws/install/turtlebot3:/home/robotics/desktop_ws/install/turtlebot3_simulations:/home/robotics/desktop_ws/install/turtlebot3_bringup:/home/robotics/desktop_ws/install/turtlebot3_navigation2:/home/robotics/desktop_ws/install/turtlebot3_fake_node:/home/robotics/desktop_ws/install/turtlebot3_manipulation_gazebo:/home/robotics/desktop_ws/install/turtlebot3_gazebo:/home/robotics/desktop_ws/install/turtlebot3_cartographer:/home/robotics/desktop_ws/install/dynamixel_sdk_examples:/home/robotics/desktop_ws/install/dynamixel_sdk_custom_interfaces:/home/robotics/pi_ws/install/turtlebot3_teleop:/home/robotics/pi_ws/install/turtlebot3_example:/home/robotics/pi_ws/install/piSub:/home/robotics/desktop_ws/install/turtlebot3_teleop:/home/robotics/desktop_ws/install/turtlebot3_example:/home/robotics/desktop_ws/install/test_auto:/home/robotics/desktop_ws/install/multicontrol:/opt/ros/humble LD_LIBRARY_PATH=/home/robotics/desktop_ws/install/turtlebot3_msgs/lib:/home/robotics/desktop_ws/install/dynamixel_sdk/lib:/home/robotics/pi_ws/install/coin_d4_driver/lib:/home/robotics/desktop_ws/install/dynamixel_sdk_custom_interfaces/lib:/opt/ros/humble/lib/aarch64-linux-gnu:/opt/ros/humble/lib /usr/bin/cmake /home/robotics/desktop_ws/src/turtlebot3/turtlebot3_bringup -DCMAKE_INSTALL_PREFIX=/home/robotics/desktop_ws/install/turtlebot3_bringup
[3.199s] Invoking command in '/home/robotics/desktop_ws/build/turtlebot3_bringup': CMAKE_PREFIX_PATH=/home/robotics/desktop_ws/install/turtlebot3_node:/home/robotics/desktop_ws/install/turtlebot3_msgs:/home/robotics/desktop_ws/install/turtlebot3_description:/home/robotics/desktop_ws/install/dynamixel_sdk:/home/robotics/pi_ws/install/turtlebot3:/home/robotics/pi_ws/install/turtlebot3_bringup:/home/robotics/pi_ws/install/turtlebot3_node:/home/robotics/pi_ws/install/turtlebot3_description:/home/robotics/pi_ws/install/ld08_driver:/home/robotics/pi_ws/install/coin_d4_driver:/home/robotics/desktop_ws/install/turtlebot3:/home/robotics/desktop_ws/install/turtlebot3_simulations:/home/robotics/desktop_ws/install/turtlebot3_bringup:/home/robotics/desktop_ws/install/turtlebot3_navigation2:/home/robotics/desktop_ws/install/turtlebot3_fake_node:/home/robotics/desktop_ws/install/turtlebot3_manipulation_gazebo:/home/robotics/desktop_ws/install/turtlebot3_gazebo:/home/robotics/desktop_ws/install/turtlebot3_cartographer:/home/robotics/desktop_ws/install/dynamixel_sdk_examples:/home/robotics/desktop_ws/install/dynamixel_sdk_custom_interfaces:/home/robotics/pi_ws/install/turtlebot3_teleop:/home/robotics/pi_ws/install/turtlebot3_example:/home/robotics/pi_ws/install/piSub:/home/robotics/desktop_ws/install/turtlebot3_teleop:/home/robotics/desktop_ws/install/turtlebot3_example:/home/robotics/desktop_ws/install/test_auto:/home/robotics/desktop_ws/install/multicontrol:/opt/ros/humble LD_LIBRARY_PATH=/home/robotics/desktop_ws/install/turtlebot3_msgs/lib:/home/robotics/desktop_ws/install/dynamixel_sdk/lib:/home/robotics/pi_ws/install/coin_d4_driver/lib:/home/robotics/desktop_ws/install/dynamixel_sdk_custom_interfaces/lib:/opt/ros/humble/lib/aarch64-linux-gnu:/opt/ros/humble/lib /usr/bin/cmake --build /home/robotics/desktop_ws/build/turtlebot3_bringup -- -j4 -l4
[3.351s] Invoked command in '/home/robotics/desktop_ws/build/turtlebot3_bringup' returned '0': CMAKE_PREFIX_PATH=/home/robotics/desktop_ws/install/turtlebot3_node:/home/robotics/desktop_ws/install/turtlebot3_msgs:/home/robotics/desktop_ws/install/turtlebot3_description:/home/robotics/desktop_ws/install/dynamixel_sdk:/home/robotics/pi_ws/install/turtlebot3:/home/robotics/pi_ws/install/turtlebot3_bringup:/home/robotics/pi_ws/install/turtlebot3_node:/home/robotics/pi_ws/install/turtlebot3_description:/home/robotics/pi_ws/install/ld08_driver:/home/robotics/pi_ws/install/coin_d4_driver:/home/robotics/desktop_ws/install/turtlebot3:/home/robotics/desktop_ws/install/turtlebot3_simulations:/home/robotics/desktop_ws/install/turtlebot3_bringup:/home/robotics/desktop_ws/install/turtlebot3_navigation2:/home/robotics/desktop_ws/install/turtlebot3_fake_node:/home/robotics/desktop_ws/install/turtlebot3_manipulation_gazebo:/home/robotics/desktop_ws/install/turtlebot3_gazebo:/home/robotics/desktop_ws/install/turtlebot3_cartographer:/home/robotics/desktop_ws/install/dynamixel_sdk_examples:/home/robotics/desktop_ws/install/dynamixel_sdk_custom_interfaces:/home/robotics/pi_ws/install/turtlebot3_teleop:/home/robotics/pi_ws/install/turtlebot3_example:/home/robotics/pi_ws/install/piSub:/home/robotics/desktop_ws/install/turtlebot3_teleop:/home/robotics/desktop_ws/install/turtlebot3_example:/home/robotics/desktop_ws/install/test_auto:/home/robotics/desktop_ws/install/multicontrol:/opt/ros/humble LD_LIBRARY_PATH=/home/robotics/desktop_ws/install/turtlebot3_msgs/lib:/home/robotics/desktop_ws/install/dynamixel_sdk/lib:/home/robotics/pi_ws/install/coin_d4_driver/lib:/home/robotics/desktop_ws/install/dynamixel_sdk_custom_interfaces/lib:/opt/ros/humble/lib/aarch64-linux-gnu:/opt/ros/humble/lib /usr/bin/cmake --build /home/robotics/desktop_ws/build/turtlebot3_bringup -- -j4 -l4
[3.360s] Invoking command in '/home/robotics/desktop_ws/build/turtlebot3_bringup': CMAKE_PREFIX_PATH=/home/robotics/desktop_ws/install/turtlebot3_node:/home/robotics/desktop_ws/install/turtlebot3_msgs:/home/robotics/desktop_ws/install/turtlebot3_description:/home/robotics/desktop_ws/install/dynamixel_sdk:/home/robotics/pi_ws/install/turtlebot3:/home/robotics/pi_ws/install/turtlebot3_bringup:/home/robotics/pi_ws/install/turtlebot3_node:/home/robotics/pi_ws/install/turtlebot3_description:/home/robotics/pi_ws/install/ld08_driver:/home/robotics/pi_ws/install/coin_d4_driver:/home/robotics/desktop_ws/install/turtlebot3:/home/robotics/desktop_ws/install/turtlebot3_simulations:/home/robotics/desktop_ws/install/turtlebot3_bringup:/home/robotics/desktop_ws/install/turtlebot3_navigation2:/home/robotics/desktop_ws/install/turtlebot3_fake_node:/home/robotics/desktop_ws/install/turtlebot3_manipulation_gazebo:/home/robotics/desktop_ws/install/turtlebot3_gazebo:/home/robotics/desktop_ws/install/turtlebot3_cartographer:/home/robotics/desktop_ws/install/dynamixel_sdk_examples:/home/robotics/desktop_ws/install/dynamixel_sdk_custom_interfaces:/home/robotics/pi_ws/install/turtlebot3_teleop:/home/robotics/pi_ws/install/turtlebot3_example:/home/robotics/pi_ws/install/piSub:/home/robotics/desktop_ws/install/turtlebot3_teleop:/home/robotics/desktop_ws/install/turtlebot3_example:/home/robotics/desktop_ws/install/test_auto:/home/robotics/desktop_ws/install/multicontrol:/opt/ros/humble LD_LIBRARY_PATH=/home/robotics/desktop_ws/install/turtlebot3_msgs/lib:/home/robotics/desktop_ws/install/dynamixel_sdk/lib:/home/robotics/pi_ws/install/coin_d4_driver/lib:/home/robotics/desktop_ws/install/dynamixel_sdk_custom_interfaces/lib:/opt/ros/humble/lib/aarch64-linux-gnu:/opt/ros/humble/lib /usr/bin/cmake --install /home/robotics/desktop_ws/build/turtlebot3_bringup
[3.388s] -- Install configuration: ""
[3.388s] -- Installing: /home/robotics/desktop_ws/install/turtlebot3_bringup/share/turtlebot3_bringup/launch
[3.390s] -- Installing: /home/robotics/desktop_ws/install/turtlebot3_bringup/share/turtlebot3_bringup/launch/turtlebot3_state_publisher.launch.py
[3.393s] -- Installing: /home/robotics/desktop_ws/install/turtlebot3_bringup/share/turtlebot3_bringup/launch/rviz2.launch.py
[3.395s] -- Installing: /home/robotics/desktop_ws/install/turtlebot3_bringup/share/turtlebot3_bringup/launch/robot.launch.py
[3.396s] -- Installing: /home/robotics/desktop_ws/install/turtlebot3_bringup/share/turtlebot3_bringup/launch/camera.launch.py
[3.398s] -- Installing: /home/robotics/desktop_ws/install/turtlebot3_bringup/share/turtlebot3_bringup/param
[3.400s] -- Installing: /home/robotics/desktop_ws/install/turtlebot3_bringup/share/turtlebot3_bringup/param/waffle_pi.yaml
[3.403s] -- Installing: /home/robotics/desktop_ws/install/turtlebot3_bringup/share/turtlebot3_bringup/param/waffle.yaml
[3.405s] -- Installing: /home/robotics/desktop_ws/install/turtlebot3_bringup/share/turtlebot3_bringup/param/burger.yaml
[3.406s] -- Installing: /home/robotics/desktop_ws/install/turtlebot3_bringup/share/turtlebot3_bringup/param/humble
[3.409s] -- Installing: /home/robotics/desktop_ws/install/turtlebot3_bringup/share/turtlebot3_bringup/param/humble/waffle_pi.yaml
[3.411s] -- Installing: /home/robotics/desktop_ws/install/turtlebot3_bringup/share/turtlebot3_bringup/param/humble/waffle.yaml
[3.413s] -- Installing: /home/robotics/desktop_ws/install/turtlebot3_bringup/share/turtlebot3_bringup/param/humble/burger.yaml
[3.415s] -- Installing: /home/robotics/desktop_ws/install/turtlebot3_bringup/share/turtlebot3_bringup/script
[3.417s] -- Installing: /home/robotics/desktop_ws/install/turtlebot3_bringup/share/turtlebot3_bringup/script/create_udev_rules
[3.419s] -- Installing: /home/robotics/desktop_ws/install/turtlebot3_bringup/share/turtlebot3_bringup/script/99-turtlebot3-cdc.rules
[3.422s] -- Installing: /home/robotics/desktop_ws/install/turtlebot3_bringup/share/ament_index/resource_index/package_run_dependencies/turtlebot3_bringup
[3.424s] -- Installing: /home/robotics/desktop_ws/install/turtlebot3_bringup/share/ament_index/resource_index/parent_prefix_path/turtlebot3_bringup
[3.426s] -- Installing: /home/robotics/desktop_ws/install/turtlebot3_bringup/share/turtlebot3_bringup/environment/ament_prefix_path.sh
[3.428s] -- Installing: /home/robotics/desktop_ws/install/turtlebot3_bringup/share/turtlebot3_bringup/environment/ament_prefix_path.dsv
[3.429s] -- Installing: /home/robotics/desktop_ws/install/turtlebot3_bringup/share/turtlebot3_bringup/environment/path.sh
[3.431s] -- Installing: /home/robotics/desktop_ws/install/turtlebot3_bringup/share/turtlebot3_bringup/environment/path.dsv
[3.432s] -- Installing: /home/robotics/desktop_ws/install/turtlebot3_bringup/share/turtlebot3_bringup/local_setup.bash
[3.433s] -- Installing: /home/robotics/desktop_ws/install/turtlebot3_bringup/share/turtlebot3_bringup/local_setup.sh
[3.434s] -- Installing: /home/robotics/desktop_ws/install/turtlebot3_bringup/share/turtlebot3_bringup/local_setup.zsh
[3.436s] -- Installing: /home/robotics/desktop_ws/install/turtlebot3_bringup/share/turtlebot3_bringup/local_setup.dsv
[3.437s] -- Installing: /home/robotics/desktop_ws/install/turtlebot3_bringup/share/turtlebot3_bringup/package.dsv
[3.438s] -- Installing: /home/robotics/desktop_ws/install/turtlebot3_bringup/share/ament_index/resource_index/packages/turtlebot3_bringup
[3.440s] -- Installing: /home/robotics/desktop_ws/install/turtlebot3_bringup/share/turtlebot3_bringup/cmake/turtlebot3_bringupConfig.cmake
[3.441s] -- Installing: /home/robotics/desktop_ws/install/turtlebot3_bringup/share/turtlebot3_bringup/cmake/turtlebot3_bringupConfig-version.cmake
[3.442s] -- Installing: /home/robotics/desktop_ws/install/turtlebot3_bringup/share/turtlebot3_bringup/package.xml
[3.449s] Invoked command in '/home/robotics/desktop_ws/build/turtlebot3_bringup' returned '0': CMAKE_PREFIX_PATH=/home/robotics/desktop_ws/install/turtlebot3_node:/home/robotics/desktop_ws/install/turtlebot3_msgs:/home/robotics/desktop_ws/install/turtlebot3_description:/home/robotics/desktop_ws/install/dynamixel_sdk:/home/robotics/pi_ws/install/turtlebot3:/home/robotics/pi_ws/install/turtlebot3_bringup:/home/robotics/pi_ws/install/turtlebot3_node:/home/robotics/pi_ws/install/turtlebot3_description:/home/robotics/pi_ws/install/ld08_driver:/home/robotics/pi_ws/install/coin_d4_driver:/home/robotics/desktop_ws/install/turtlebot3:/home/robotics/desktop_ws/install/turtlebot3_simulations:/home/robotics/desktop_ws/install/turtlebot3_bringup:/home/robotics/desktop_ws/install/turtlebot3_navigation2:/home/robotics/desktop_ws/install/turtlebot3_fake_node:/home/robotics/desktop_ws/install/turtlebot3_manipulation_gazebo:/home/robotics/desktop_ws/install/turtlebot3_gazebo:/home/robotics/desktop_ws/install/turtlebot3_cartographer:/home/robotics/desktop_ws/install/dynamixel_sdk_examples:/home/robotics/desktop_ws/install/dynamixel_sdk_custom_interfaces:/home/robotics/pi_ws/install/turtlebot3_teleop:/home/robotics/pi_ws/install/turtlebot3_example:/home/robotics/pi_ws/install/piSub:/home/robotics/desktop_ws/install/turtlebot3_teleop:/home/robotics/desktop_ws/install/turtlebot3_example:/home/robotics/desktop_ws/install/test_auto:/home/robotics/desktop_ws/install/multicontrol:/opt/ros/humble LD_LIBRARY_PATH=/home/robotics/desktop_ws/install/turtlebot3_msgs/lib:/home/robotics/desktop_ws/install/dynamixel_sdk/lib:/home/robotics/pi_ws/install/coin_d4_driver/lib:/home/robotics/desktop_ws/install/dynamixel_sdk_custom_interfaces/lib:/opt/ros/humble/lib/aarch64-linux-gnu:/opt/ros/humble/lib /usr/bin/cmake --install /home/robotics/desktop_ws/build/turtlebot3_bringup
