[0.122s] Invoking command in '/home/robotics/desktop_ws/build/dynamixel_sdk': CMAKE_PREFIX_PATH=${CMAKE_PREFIX_PATH}:/home/robotics/pi_ws/install/turtlebot3_teleop:/home/robotics/pi_ws/install/turtlebot3_example:/home/robotics/pi_ws/install/piSub:/home/robotics/desktop_ws/install/turtlebot3_teleop:/home/robotics/desktop_ws/install/turtlebot3_example:/home/robotics/desktop_ws/install/test_auto:/home/robotics/desktop_ws/install/multicontrol:/opt/ros/humble /usr/bin/cmake /home/robotics/desktop_ws/src/DynamixelSDK/ros/dynamixel_sdk -DCMAKE_INSTALL_PREFIX=/home/robotics/desktop_ws/install/dynamixel_sdk
[1.545s] -- The C compiler identification is GNU 11.4.0
[2.437s] -- The CXX compiler identification is GNU 11.4.0
[2.657s] -- Detecting C compiler ABI info
[3.424s] -- Detecting C compiler ABI info - done
[3.453s] -- Check for working C compiler: /usr/bin/cc - skipped
[3.468s] -- Detecting C compile features
[3.473s] -- Detecting C compile features - done
[3.492s] -- Detecting CXX compiler ABI info
[4.151s] -- Detecting CXX compiler ABI info - done
[4.185s] -- Check for working CXX compiler: /usr/bin/c++ - skipped
[4.188s] -- Detecting CXX compile features
[4.191s] -- Detecting CXX compile features - done
[4.257s] -- Found ament_cmake: 1.3.12 (/opt/ros/humble/share/ament_cmake/cmake)
[6.840s] -- Found Python3: /usr/bin/python3 (found version "3.10.12") found components: Interpreter 
[8.430s] -- Configuring done
[8.481s] -- Generating done
[8.495s] -- Build files have been written to: /home/robotics/desktop_ws/build/dynamixel_sdk
[8.512s] Invoked command in '/home/robotics/desktop_ws/build/dynamixel_sdk' returned '0': CMAKE_PREFIX_PATH=${CMAKE_PREFIX_PATH}:/home/robotics/pi_ws/install/turtlebot3_teleop:/home/robotics/pi_ws/install/turtlebot3_example:/home/robotics/pi_ws/install/piSub:/home/robotics/desktop_ws/install/turtlebot3_teleop:/home/robotics/desktop_ws/install/turtlebot3_example:/home/robotics/desktop_ws/install/test_auto:/home/robotics/desktop_ws/install/multicontrol:/opt/ros/humble /usr/bin/cmake /home/robotics/desktop_ws/src/DynamixelSDK/ros/dynamixel_sdk -DCMAKE_INSTALL_PREFIX=/home/robotics/desktop_ws/install/dynamixel_sdk
[8.520s] Invoking command in '/home/robotics/desktop_ws/build/dynamixel_sdk': CMAKE_PREFIX_PATH=${CMAKE_PREFIX_PATH}:/home/robotics/pi_ws/install/turtlebot3_teleop:/home/robotics/pi_ws/install/turtlebot3_example:/home/robotics/pi_ws/install/piSub:/home/robotics/desktop_ws/install/turtlebot3_teleop:/home/robotics/desktop_ws/install/turtlebot3_example:/home/robotics/desktop_ws/install/test_auto:/home/robotics/desktop_ws/install/multicontrol:/opt/ros/humble /usr/bin/cmake --build /home/robotics/desktop_ws/build/dynamixel_sdk -- -j4 -l4
[8.778s] [  7%] [32mBuilding CXX object CMakeFiles/dynamixel_sdk.dir/src/dynamixel_sdk/protocol1_packet_handler.cpp.o[0m
[8.798s] [ 15%] [32mBuilding CXX object CMakeFiles/dynamixel_sdk.dir/src/dynamixel_sdk/packet_handler.cpp.o[0m
[8.827s] [ 23%] [32mBuilding CXX object CMakeFiles/dynamixel_sdk.dir/src/dynamixel_sdk/protocol2_packet_handler.cpp.o[0m
[8.916s] [ 23%] Built target ament_cmake_python_copy_dynamixel_sdk
[10.567s] running egg_info
[10.569s] creating dynamixel_sdk.egg-info
[10.570s] writing dynamixel_sdk.egg-info/PKG-INFO
[10.571s] writing dependency_links to dynamixel_sdk.egg-info/dependency_links.txt
[10.572s] writing top-level names to dynamixel_sdk.egg-info/top_level.txt
[10.573s] writing manifest file 'dynamixel_sdk.egg-info/SOURCES.txt'
[10.874s] reading manifest file 'dynamixel_sdk.egg-info/SOURCES.txt'
[10.876s] writing manifest file 'dynamixel_sdk.egg-info/SOURCES.txt'
[11.003s] [ 23%] Built target ament_cmake_python_build_dynamixel_sdk_egg
[11.039s] [ 30%] [32mBuilding CXX object CMakeFiles/dynamixel_sdk.dir/src/dynamixel_sdk/group_sync_read.cpp.o[0m
[13.662s] [ 38%] [32mBuilding CXX object CMakeFiles/dynamixel_sdk.dir/src/dynamixel_sdk/group_sync_write.cpp.o[0m
[14.317s] [ 46%] [32mBuilding CXX object CMakeFiles/dynamixel_sdk.dir/src/dynamixel_sdk/group_bulk_read.cpp.o[0m
[14.952s] [ 53%] [32mBuilding CXX object CMakeFiles/dynamixel_sdk.dir/src/dynamixel_sdk/group_bulk_write.cpp.o[0m
[16.677s] [ 61%] [32mBuilding CXX object CMakeFiles/dynamixel_sdk.dir/src/dynamixel_sdk/group_fast_bulk_read.cpp.o[0m
[17.234s] [ 69%] [32mBuilding CXX object CMakeFiles/dynamixel_sdk.dir/src/dynamixel_sdk/group_fast_sync_read.cpp.o[0m
[19.451s] [ 76%] [32mBuilding CXX object CMakeFiles/dynamixel_sdk.dir/src/dynamixel_sdk/group_handler.cpp.o[0m
[20.094s] [ 84%] [32mBuilding CXX object CMakeFiles/dynamixel_sdk.dir/src/dynamixel_sdk/port_handler.cpp.o[0m
[20.321s] [ 92%] [32mBuilding CXX object CMakeFiles/dynamixel_sdk.dir/src/dynamixel_sdk/port_handler_linux.cpp.o[0m
[21.242s] [100%] [32m[1mLinking CXX shared library libdynamixel_sdk.so[0m
[22.090s] [100%] Built target dynamixel_sdk
[22.573s] Invoked command in '/home/robotics/desktop_ws/build/dynamixel_sdk' returned '0': CMAKE_PREFIX_PATH=${CMAKE_PREFIX_PATH}:/home/robotics/pi_ws/install/turtlebot3_teleop:/home/robotics/pi_ws/install/turtlebot3_example:/home/robotics/pi_ws/install/piSub:/home/robotics/desktop_ws/install/turtlebot3_teleop:/home/robotics/desktop_ws/install/turtlebot3_example:/home/robotics/desktop_ws/install/test_auto:/home/robotics/desktop_ws/install/multicontrol:/opt/ros/humble /usr/bin/cmake --build /home/robotics/desktop_ws/build/dynamixel_sdk -- -j4 -l4
[22.585s] Invoking command in '/home/robotics/desktop_ws/build/dynamixel_sdk': CMAKE_PREFIX_PATH=${CMAKE_PREFIX_PATH}:/home/robotics/pi_ws/install/turtlebot3_teleop:/home/robotics/pi_ws/install/turtlebot3_example:/home/robotics/pi_ws/install/piSub:/home/robotics/desktop_ws/install/turtlebot3_teleop:/home/robotics/desktop_ws/install/turtlebot3_example:/home/robotics/desktop_ws/install/test_auto:/home/robotics/desktop_ws/install/multicontrol:/opt/ros/humble /usr/bin/cmake --install /home/robotics/desktop_ws/build/dynamixel_sdk
[22.623s] -- Install configuration: ""
[22.624s] -- Installing: /home/robotics/desktop_ws/install/dynamixel_sdk/include/
[22.625s] -- Installing: /home/robotics/desktop_ws/install/dynamixel_sdk/include//dynamixel_sdk
[22.625s] -- Installing: /home/robotics/desktop_ws/install/dynamixel_sdk/include//dynamixel_sdk/packet_handler.h
[22.626s] -- Installing: /home/robotics/desktop_ws/install/dynamixel_sdk/include//dynamixel_sdk/group_sync_write.h
[22.626s] -- Installing: /home/robotics/desktop_ws/install/dynamixel_sdk/include//dynamixel_sdk/protocol1_packet_handler.h
[22.627s] -- Installing: /home/robotics/desktop_ws/install/dynamixel_sdk/include//dynamixel_sdk/group_sync_read.h
[22.628s] -- Installing: /home/robotics/desktop_ws/install/dynamixel_sdk/include//dynamixel_sdk/port_handler_mac.h
[22.748s] -- Installing: /home/robotics/desktop_ws/install/dynamixel_sdk/include//dynamixel_sdk/port_handler_arduino.h
[22.749s] -- Installing: /home/robotics/desktop_ws/install/dynamixel_sdk/include//dynamixel_sdk/group_bulk_read.h
[22.751s] -- Installing: /home/robotics/desktop_ws/install/dynamixel_sdk/include//dynamixel_sdk/port_handler.h
[22.755s] -- Installing: /home/robotics/desktop_ws/install/dynamixel_sdk/include//dynamixel_sdk/protocol2_packet_handler.h
[22.766s] -- Installing: /home/robotics/desktop_ws/install/dynamixel_sdk/include//dynamixel_sdk/group_fast_bulk_read.h
[22.768s] -- Installing: /home/robotics/desktop_ws/install/dynamixel_sdk/include//dynamixel_sdk/group_handler.h
[22.770s] -- Installing: /home/robotics/desktop_ws/install/dynamixel_sdk/include//dynamixel_sdk/port_handler_windows.h
[22.778s] -- Installing: /home/robotics/desktop_ws/install/dynamixel_sdk/include//dynamixel_sdk/port_handler_linux.h
[22.780s] -- Installing: /home/robotics/desktop_ws/install/dynamixel_sdk/include//dynamixel_sdk/dynamixel_sdk.h
[22.785s] -- Installing: /home/robotics/desktop_ws/install/dynamixel_sdk/include//dynamixel_sdk/group_bulk_write.h
[22.787s] -- Installing: /home/robotics/desktop_ws/install/dynamixel_sdk/include//dynamixel_sdk/group_fast_sync_read.h
[22.794s] -- Installing: /home/robotics/desktop_ws/install/dynamixel_sdk/lib/libdynamixel_sdk.so
[22.804s] -- Installing: /home/robotics/desktop_ws/install/dynamixel_sdk/share/dynamixel_sdk/environment/pythonpath.sh
[22.817s] -- Installing: /home/robotics/desktop_ws/install/dynamixel_sdk/share/dynamixel_sdk/environment/pythonpath.dsv
[22.819s] -- Installing: /home/robotics/desktop_ws/install/dynamixel_sdk/local/lib/python3.10/dist-packages/dynamixel_sdk-3.8.4-py3.10.egg-info
[22.821s] -- Installing: /home/robotics/desktop_ws/install/dynamixel_sdk/local/lib/python3.10/dist-packages/dynamixel_sdk-3.8.4-py3.10.egg-info/PKG-INFO
[22.823s] -- Installing: /home/robotics/desktop_ws/install/dynamixel_sdk/local/lib/python3.10/dist-packages/dynamixel_sdk-3.8.4-py3.10.egg-info/top_level.txt
[22.826s] -- Installing: /home/robotics/desktop_ws/install/dynamixel_sdk/local/lib/python3.10/dist-packages/dynamixel_sdk-3.8.4-py3.10.egg-info/SOURCES.txt
[22.826s] -- Installing: /home/robotics/desktop_ws/install/dynamixel_sdk/local/lib/python3.10/dist-packages/dynamixel_sdk-3.8.4-py3.10.egg-info/dependency_links.txt
[22.828s] -- Installing: /home/robotics/desktop_ws/install/dynamixel_sdk/local/lib/python3.10/dist-packages/dynamixel_sdk
[22.829s] -- Installing: /home/robotics/desktop_ws/install/dynamixel_sdk/local/lib/python3.10/dist-packages/dynamixel_sdk/group_bulk_read.py
[22.830s] -- Installing: /home/robotics/desktop_ws/install/dynamixel_sdk/local/lib/python3.10/dist-packages/dynamixel_sdk/port_handler_linux.cpp
[22.844s] -- Installing: /home/robotics/desktop_ws/install/dynamixel_sdk/local/lib/python3.10/dist-packages/dynamixel_sdk/group_bulk_write.py
[22.845s] -- Installing: /home/robotics/desktop_ws/install/dynamixel_sdk/local/lib/python3.10/dist-packages/dynamixel_sdk/group_sync_read.py
[22.847s] -- Installing: /home/robotics/desktop_ws/install/dynamixel_sdk/local/lib/python3.10/dist-packages/dynamixel_sdk/__init__.py
[22.848s] -- Installing: /home/robotics/desktop_ws/install/dynamixel_sdk/local/lib/python3.10/dist-packages/dynamixel_sdk/protocol1_packet_handler.cpp
[22.851s] -- Installing: /home/robotics/desktop_ws/install/dynamixel_sdk/local/lib/python3.10/dist-packages/dynamixel_sdk/group_bulk_write.cpp
[22.853s] -- Installing: /home/robotics/desktop_ws/install/dynamixel_sdk/local/lib/python3.10/dist-packages/dynamixel_sdk/packet_handler.cpp
[22.854s] -- Installing: /home/robotics/desktop_ws/install/dynamixel_sdk/local/lib/python3.10/dist-packages/dynamixel_sdk/port_handler_arduino.cpp
[22.868s] -- Installing: /home/robotics/desktop_ws/install/dynamixel_sdk/local/lib/python3.10/dist-packages/dynamixel_sdk/group_sync_write.py
[22.869s] -- Installing: /home/robotics/desktop_ws/install/dynamixel_sdk/local/lib/python3.10/dist-packages/dynamixel_sdk/packet_handler.py
[22.876s] -- Installing: /home/robotics/desktop_ws/install/dynamixel_sdk/local/lib/python3.10/dist-packages/dynamixel_sdk/protocol2_packet_handler.cpp
[22.876s] -- Installing: /home/robotics/desktop_ws/install/dynamixel_sdk/local/lib/python3.10/dist-packages/dynamixel_sdk/port_handler.cpp
[22.877s] -- Installing: /home/robotics/desktop_ws/install/dynamixel_sdk/local/lib/python3.10/dist-packages/dynamixel_sdk/group_bulk_read.cpp
[22.878s] -- Installing: /home/robotics/desktop_ws/install/dynamixel_sdk/local/lib/python3.10/dist-packages/dynamixel_sdk/group_handler.cpp
[22.878s] -- Installing: /home/robotics/desktop_ws/install/dynamixel_sdk/local/lib/python3.10/dist-packages/dynamixel_sdk/port_handler_mac.cpp
[22.879s] -- Installing: /home/robotics/desktop_ws/install/dynamixel_sdk/local/lib/python3.10/dist-packages/dynamixel_sdk/protocol1_packet_handler.py
[22.879s] -- Installing: /home/robotics/desktop_ws/install/dynamixel_sdk/local/lib/python3.10/dist-packages/dynamixel_sdk/port_handler.py
[22.892s] -- Installing: /home/robotics/desktop_ws/install/dynamixel_sdk/local/lib/python3.10/dist-packages/dynamixel_sdk/group_sync_write.cpp
[22.893s] -- Installing: /home/robotics/desktop_ws/install/dynamixel_sdk/local/lib/python3.10/dist-packages/dynamixel_sdk/robotis_def.py
[22.895s] -- Installing: /home/robotics/desktop_ws/install/dynamixel_sdk/local/lib/python3.10/dist-packages/dynamixel_sdk/group_sync_read.cpp
[22.896s] -- Installing: /home/robotics/desktop_ws/install/dynamixel_sdk/local/lib/python3.10/dist-packages/dynamixel_sdk/protocol2_packet_handler.py
[22.897s] -- Installing: /home/robotics/desktop_ws/install/dynamixel_sdk/local/lib/python3.10/dist-packages/dynamixel_sdk/port_handler_windows.cpp
[22.899s] -- Installing: /home/robotics/desktop_ws/install/dynamixel_sdk/local/lib/python3.10/dist-packages/dynamixel_sdk/group_fast_sync_read.cpp
[22.901s] -- Installing: /home/robotics/desktop_ws/install/dynamixel_sdk/local/lib/python3.10/dist-packages/dynamixel_sdk/group_fast_bulk_read.cpp
[23.284s] Listing '/home/robotics/desktop_ws/install/dynamixel_sdk/local/lib/python3.10/dist-packages/dynamixel_sdk'...
[23.286s] Compiling '/home/robotics/desktop_ws/install/dynamixel_sdk/local/lib/python3.10/dist-packages/dynamixel_sdk/__init__.py'...
[23.288s] Compiling '/home/robotics/desktop_ws/install/dynamixel_sdk/local/lib/python3.10/dist-packages/dynamixel_sdk/group_bulk_read.py'...
[23.289s] Compiling '/home/robotics/desktop_ws/install/dynamixel_sdk/local/lib/python3.10/dist-packages/dynamixel_sdk/group_bulk_write.py'...
[23.290s] Compiling '/home/robotics/desktop_ws/install/dynamixel_sdk/local/lib/python3.10/dist-packages/dynamixel_sdk/group_sync_read.py'...
[23.291s] Compiling '/home/robotics/desktop_ws/install/dynamixel_sdk/local/lib/python3.10/dist-packages/dynamixel_sdk/group_sync_write.py'...
[23.292s] Compiling '/home/robotics/desktop_ws/install/dynamixel_sdk/local/lib/python3.10/dist-packages/dynamixel_sdk/packet_handler.py'...
[23.293s] Compiling '/home/robotics/desktop_ws/install/dynamixel_sdk/local/lib/python3.10/dist-packages/dynamixel_sdk/port_handler.py'...
[23.295s] Compiling '/home/robotics/desktop_ws/install/dynamixel_sdk/local/lib/python3.10/dist-packages/dynamixel_sdk/protocol1_packet_handler.py'...
[23.312s] Compiling '/home/robotics/desktop_ws/install/dynamixel_sdk/local/lib/python3.10/dist-packages/dynamixel_sdk/protocol2_packet_handler.py'...
[23.314s] Compiling '/home/robotics/desktop_ws/install/dynamixel_sdk/local/lib/python3.10/dist-packages/dynamixel_sdk/robotis_def.py'...
[23.324s] -- Installing: /home/robotics/desktop_ws/install/dynamixel_sdk/share/dynamixel_sdk/environment/library_path.sh
[23.326s] -- Installing: /home/robotics/desktop_ws/install/dynamixel_sdk/share/dynamixel_sdk/environment/library_path.dsv
[23.330s] -- Installing: /home/robotics/desktop_ws/install/dynamixel_sdk/share/ament_index/resource_index/package_run_dependencies/dynamixel_sdk
[23.332s] -- Installing: /home/robotics/desktop_ws/install/dynamixel_sdk/share/ament_index/resource_index/parent_prefix_path/dynamixel_sdk
[23.334s] -- Installing: /home/robotics/desktop_ws/install/dynamixel_sdk/share/dynamixel_sdk/environment/ament_prefix_path.sh
[23.336s] -- Installing: /home/robotics/desktop_ws/install/dynamixel_sdk/share/dynamixel_sdk/environment/ament_prefix_path.dsv
[23.337s] -- Installing: /home/robotics/desktop_ws/install/dynamixel_sdk/share/dynamixel_sdk/environment/path.sh
[23.338s] -- Installing: /home/robotics/desktop_ws/install/dynamixel_sdk/share/dynamixel_sdk/environment/path.dsv
[23.340s] -- Installing: /home/robotics/desktop_ws/install/dynamixel_sdk/share/dynamixel_sdk/local_setup.bash
[23.341s] -- Installing: /home/robotics/desktop_ws/install/dynamixel_sdk/share/dynamixel_sdk/local_setup.sh
[23.343s] -- Installing: /home/robotics/desktop_ws/install/dynamixel_sdk/share/dynamixel_sdk/local_setup.zsh
[23.344s] -- Installing: /home/robotics/desktop_ws/install/dynamixel_sdk/share/dynamixel_sdk/local_setup.dsv
[23.346s] -- Installing: /home/robotics/desktop_ws/install/dynamixel_sdk/share/dynamixel_sdk/package.dsv
[23.348s] -- Installing: /home/robotics/desktop_ws/install/dynamixel_sdk/share/ament_index/resource_index/packages/dynamixel_sdk
[23.350s] -- Installing: /home/robotics/desktop_ws/install/dynamixel_sdk/share/dynamixel_sdk/cmake/dynamixel_sdkExport.cmake
[23.352s] -- Installing: /home/robotics/desktop_ws/install/dynamixel_sdk/share/dynamixel_sdk/cmake/dynamixel_sdkExport-noconfig.cmake
[23.353s] -- Installing: /home/robotics/desktop_ws/install/dynamixel_sdk/share/dynamixel_sdk/cmake/ament_cmake_export_targets-extras.cmake
[23.355s] -- Installing: /home/robotics/desktop_ws/install/dynamixel_sdk/share/dynamixel_sdk/cmake/ament_cmake_export_include_directories-extras.cmake
[23.364s] -- Installing: /home/robotics/desktop_ws/install/dynamixel_sdk/share/dynamixel_sdk/cmake/ament_cmake_export_libraries-extras.cmake
[23.364s] -- Installing: /home/robotics/desktop_ws/install/dynamixel_sdk/share/dynamixel_sdk/cmake/dynamixel_sdkConfig.cmake
[23.365s] -- Installing: /home/robotics/desktop_ws/install/dynamixel_sdk/share/dynamixel_sdk/cmake/dynamixel_sdkConfig-version.cmake
[23.371s] -- Installing: /home/robotics/desktop_ws/install/dynamixel_sdk/share/dynamixel_sdk/package.xml
[23.390s] Invoked command in '/home/robotics/desktop_ws/build/dynamixel_sdk' returned '0': CMAKE_PREFIX_PATH=${CMAKE_PREFIX_PATH}:/home/robotics/pi_ws/install/turtlebot3_teleop:/home/robotics/pi_ws/install/turtlebot3_example:/home/robotics/pi_ws/install/piSub:/home/robotics/desktop_ws/install/turtlebot3_teleop:/home/robotics/desktop_ws/install/turtlebot3_example:/home/robotics/desktop_ws/install/test_auto:/home/robotics/desktop_ws/install/multicontrol:/opt/ros/humble /usr/bin/cmake --install /home/robotics/desktop_ws/build/dynamixel_sdk
